#
# A fatal error has been detected by the Java Runtime Environment:
#
#  EXCEPTION_ACCESS_VIOLATION (0xc0000005) at pc=0x0000000071a20670, pid=21752, tid=0x0000000000004480
#
# JRE version: Java(TM) SE Runtime Environment (8.0_101-b13) (build 1.8.0_101-b13)
# Java VM: Java HotSpot(TM) 64-Bit Server VM (25.101-b13 mixed mode windows-amd64 compressed oops)
# Problematic frame:
# C  [jfxwebkit.dll+0xc40670]
#
# Failed to write core dump. Minidumps are not enabled by default on client versions of Windows
#
# If you would like to submit a bug report, please visit:
#   http://bugreport.java.com/bugreport/crash.jsp
# The crash happened outside the Java Virtual Machine in native code.
# See problematic frame for where to report the bug.
#

---------------  T H R E A D  ---------------

Current thread (0x0000000019634800):  JavaThread "JavaFX Application Thread" [_thread_in_native, id=17536, stack(0x000000001a160000,0x000000001a260000)]

siginfo: ExceptionCode=0xc0000005, reading address 0x0000000000000008

Registers:
RAX=0x0000000000000000, RBX=0x000000002c572910, RCX=0x000000002825c470, RDX=0x0000000000000000
RSP=0x000000001a25bdd8, RBP=0x00000000ffffffff, RSI=0x0000000000000000, RDI=0x000000002c482c70
R8 =0x000000002825c470, R9 =0x000000002825c530, R10=0x0000000000000000, R11=0x0000000000000000
R12=0x000000001f82fe00, R13=0x000000001ee0f490, R14=0x0000000000000000, R15=0x000000001f82fda0
RIP=0x0000000071a20670, EFLAGS=0x0000000000010246

Top of Stack: (sp=0x000000001a25bdd8)
0x000000001a25bdd8:   0000000071a060b8 fffffffffffffffe
0x000000001a25bde8:   000000002c572910 000000002c572910
0x000000001a25bdf8:   0000000071b0e499 000000002c6939d0
0x000000001a25be08:   000000001a25be60 000000002825c470
0x000000001a25be18:   fffffffffffffffe 000000001ee0f490
0x000000001a25be28:   00000000ffffffff 0000000000000000
0x000000001a25be38:   000000002c482c70 000000002c572910
0x000000001a25be48:   0000000071a066de 000000002825c470
0x000000001a25be58:   000000001a25be80 0000000000000000
0x000000001a25be68:   0000000000000000 0000000000000000
0x000000001a25be78:   000000001a25bec8 0000000000000000
0x000000001a25be88:   000000001ee0f4a8 fffffffffffffffe
0x000000001a25be98:   000000002c572910 000000002c482c70
0x000000001a25bea8:   000000002db5cff0 000000001a25c9e0
0x000000001a25beb8:   0000000071a115f8 0000000000000000
0x000000001a25bec8:   0000000000000000 000000001a25bfc0 

Instructions: (pc=0x0000000071a20670)
0x0000000071a20650:   48 8b 81 b0 00 00 00 4c 8d 89 c0 00 00 00 4c 8b
0x0000000071a20660:   c1 49 3b c1 74 38 45 33 d2 0f 1f 80 00 00 00 00
0x0000000071a20670:   48 8b 50 08 4c 89 50 10 4c 89 50 20 48 85 d2 74
0x0000000071a20680:   11 48 8b 08 48 89 0a 48 89 51 08 4c 89 50 08 4c 


Register to memory mapping:

RAX=0x0000000000000000 is an unknown value
RBX=0x000000002c572910 is an unknown value
RCX=0x000000002825c470 is an unknown value
RDX=0x0000000000000000 is an unknown value
RSP=0x000000001a25bdd8 is pointing into the stack for thread: 0x0000000019634800
RBP=0x00000000ffffffff is an unallocated location in the heap
RSI=0x0000000000000000 is an unknown value
RDI=0x000000002c482c70 is an unknown value
R8 =0x000000002825c470 is an unknown value
R9 =0x000000002825c530 is an unknown value
R10=0x0000000000000000 is an unknown value
R11=0x0000000000000000 is an unknown value
R12=0x000000001f82fe00 is an unknown value
R13=0x000000001ee0f490 is an unknown value
R14=0x0000000000000000 is an unknown value
R15=0x000000001f82fda0 is an unknown value


Stack: [0x000000001a160000,0x000000001a260000],  sp=0x000000001a25bdd8,  free space=1007k
Native frames: (J=compiled Java code, j=interpreted, Vv=VM code, C=native code)
C  [jfxwebkit.dll+0xc40670]

Java frames: (J=compiled Java code, j=interpreted, Vv=VM code)
j  com.sun.webkit.network.URLLoader.twkDidFinishLoading(J)V+0
j  com.sun.webkit.network.URLLoader.notifyDidFinishLoading()V+44
j  com.sun.webkit.network.URLLoader.lambda$didFinishLoading$98()V+8
j  com.sun.webkit.network.URLLoader$$Lambda$285.run()V+4
j  com.sun.javafx.application.PlatformImpl.lambda$null$173(Ljava/lang/Runnable;)Ljava/lang/Void;+1
j  com.sun.javafx.application.PlatformImpl$$Lambda$50.run()Ljava/lang/Object;+4
v  ~StubRoutines::call_stub
J 1252  java.security.AccessController.doPrivileged(Ljava/security/PrivilegedAction;Ljava/security/AccessControlContext;)Ljava/lang/Object; (0 bytes) @ 0x0000000002c8b766 [0x0000000002c8b700+0x66]
j  com.sun.javafx.application.PlatformImpl.lambda$runLater$174(Ljava/lang/Runnable;Ljava/security/AccessControlContext;)V+7
j  com.sun.javafx.application.PlatformImpl$$Lambda$49.run()V+8
J 3284 C1 com.sun.glass.ui.InvokeLaterDispatcher$Future.run()V (91 bytes) @ 0x0000000002e5c06c [0x0000000002e5bf60+0x10c]
v  ~StubRoutines::call_stub
j  com.sun.glass.ui.win.WinApplication._runLoop(Ljava/lang/Runnable;)V+0
j  com.sun.glass.ui.win.WinApplication.lambda$null$148(ILjava/lang/Runnable;)V+8
j  com.sun.glass.ui.win.WinApplication$$Lambda$38.run()V+12
j  java.lang.Thread.run()V+11
v  ~StubRoutines::call_stub

---------------  P R O C E S S  ---------------

Java Threads: ( => current thread )
  0x000000002264d800 JavaThread "Thread-34" daemon [_thread_blocked, id=17416, stack(0x000000002db70000,0x000000002dc70000)]
  0x000000002264d000 JavaThread "Thread-33" daemon [_thread_blocked, id=21048, stack(0x000000002da30000,0x000000002db30000)]
  0x000000002264c000 JavaThread "Thread-32" daemon [_thread_blocked, id=19080, stack(0x000000002d930000,0x000000002da30000)]
  0x000000002264a800 JavaThread "Thread-31" daemon [_thread_blocked, id=20896, stack(0x000000002d830000,0x000000002d930000)]
  0x000000002264b800 JavaThread "Thread-30" daemon [_thread_blocked, id=19276, stack(0x000000002d730000,0x000000002d830000)]
  0x000000002264a000 JavaThread "Thread-29" daemon [_thread_blocked, id=22192, stack(0x000000002d5f0000,0x000000002d6f0000)]
  0x0000000022650000 JavaThread "Thread-28" daemon [_thread_blocked, id=28068, stack(0x000000002d4f0000,0x000000002d5f0000)]
  0x000000002264f000 JavaThread "Thread-27" daemon [_thread_in_native, id=27108, stack(0x000000002bbc0000,0x000000002bcc0000)]
  0x000000002264e800 JavaThread "Thread-26" daemon [_thread_blocked, id=14692, stack(0x000000002a800000,0x000000002a900000)]
  0x0000000022650800 JavaThread "Thread-25" daemon [_thread_blocked, id=7656, stack(0x000000002a700000,0x000000002a800000)]
  0x0000000022642800 JavaThread "Thread-24" daemon [_thread_blocked, id=15376, stack(0x000000002a600000,0x000000002a700000)]
  0x0000000022649000 JavaThread "Thread-23" daemon [_thread_blocked, id=7248, stack(0x000000002a500000,0x000000002a600000)]
  0x0000000022646000 JavaThread "Thread-22" daemon [_thread_blocked, id=21432, stack(0x000000002a400000,0x000000002a500000)]
  0x0000000022647800 JavaThread "Thread-21" daemon [_thread_blocked, id=8656, stack(0x000000002a300000,0x000000002a400000)]
  0x0000000022643000 JavaThread "Thread-20" daemon [_thread_blocked, id=22736, stack(0x000000002a200000,0x000000002a300000)]
  0x0000000022641800 JavaThread "Thread-19" daemon [_thread_blocked, id=9488, stack(0x000000002a100000,0x000000002a200000)]
  0x0000000022648800 JavaThread "Thread-18" daemon [_thread_blocked, id=25812, stack(0x000000002a000000,0x000000002a100000)]
  0x0000000022645800 JavaThread "Thread-17" daemon [_thread_blocked, id=27564, stack(0x0000000029f00000,0x000000002a000000)]
  0x0000000022644800 JavaThread "Thread-16" daemon [_thread_blocked, id=13528, stack(0x0000000029e00000,0x0000000029f00000)]
  0x0000000022647000 JavaThread "Thread-15" daemon [_thread_blocked, id=6028, stack(0x0000000029d00000,0x0000000029e00000)]
  0x0000000022644000 JavaThread "Thread-14" daemon [_thread_blocked, id=14460, stack(0x0000000029c00000,0x0000000029d00000)]
  0x0000000019203000 JavaThread "Thread-13" daemon [_thread_blocked, id=1116, stack(0x0000000028de0000,0x0000000028ee0000)]
  0x00000000191fd800 JavaThread "Thread-12" daemon [_thread_blocked, id=20376, stack(0x0000000028ce0000,0x0000000028de0000)]
  0x0000000019202000 JavaThread "Thread-11" daemon [_thread_blocked, id=15108, stack(0x0000000028be0000,0x0000000028ce0000)]
  0x0000000019204800 JavaThread "Thread-10" daemon [_thread_blocked, id=13372, stack(0x0000000028ae0000,0x0000000028be0000)]
  0x0000000019203800 JavaThread "Thread-9" daemon [_thread_blocked, id=4808, stack(0x00000000289e0000,0x0000000028ae0000)]
  0x0000000019201800 JavaThread "Thread-8" daemon [_thread_blocked, id=12952, stack(0x00000000288e0000,0x00000000289e0000)]
  0x0000000019200800 JavaThread "Thread-7" daemon [_thread_blocked, id=25548, stack(0x00000000287e0000,0x00000000288e0000)]
  0x00000000191fe800 JavaThread "Thread-6" daemon [_thread_blocked, id=13980, stack(0x00000000286e0000,0x00000000287e0000)]
  0x0000000019200000 JavaThread "Thread-5" daemon [_thread_blocked, id=15940, stack(0x00000000285e0000,0x00000000286e0000)]
  0x00000000191ff000 JavaThread "URL-Loader-20" daemon [_thread_blocked, id=10036, stack(0x0000000027fe0000,0x00000000280e0000)]
  0x00000000191f6000 JavaThread "URL-Loader-19" daemon [_thread_blocked, id=14364, stack(0x0000000027ee0000,0x0000000027fe0000)]
  0x00000000191fd000 JavaThread "URL-Loader-18" daemon [_thread_in_native, id=10744, stack(0x0000000027de0000,0x0000000027ee0000)]
  0x00000000191fb000 JavaThread "URL-Loader-17" daemon [_thread_in_native, id=23352, stack(0x0000000027ce0000,0x0000000027de0000)]
  0x00000000191f9000 JavaThread "URL-Loader-16" daemon [_thread_blocked, id=16556, stack(0x0000000027be0000,0x0000000027ce0000)]
  0x00000000191f5000 JavaThread "URL-Loader-15" daemon [_thread_in_vm, id=8836, stack(0x0000000027ae0000,0x0000000027be0000)]
  0x00000000191fa800 JavaThread "URL-Loader-14" daemon [_thread_blocked, id=26648, stack(0x00000000279e0000,0x0000000027ae0000)]
  0x00000000191f8000 JavaThread "URL-Loader-13" daemon [_thread_in_native, id=232, stack(0x00000000278e0000,0x00000000279e0000)]
  0x00000000191fc000 JavaThread "URL-Loader-12" daemon [_thread_blocked, id=23268, stack(0x00000000277e0000,0x00000000278e0000)]
  0x00000000191f7800 JavaThread "URL-Loader-11" daemon [_thread_in_native, id=26816, stack(0x00000000276e0000,0x00000000277e0000)]
  0x00000000191f6800 JavaThread "URL-Loader-10" daemon [_thread_in_native, id=10620, stack(0x00000000275e0000,0x00000000276e0000)]
  0x00000000191f9800 JavaThread "URL-Loader-9" daemon [_thread_in_native, id=11128, stack(0x00000000274e0000,0x00000000275e0000)]
  0x0000000019d79800 JavaThread "URL-Loader-8" daemon [_thread_in_native, id=9060, stack(0x00000000273e0000,0x00000000274e0000)]
  0x0000000019d78000 JavaThread "URL-Loader-7" daemon [_thread_in_native, id=23164, stack(0x0000000026ae0000,0x0000000026be0000)]
  0x0000000019d7a800 JavaThread "URL-Loader-6" daemon [_thread_in_native, id=26856, stack(0x00000000268e0000,0x00000000269e0000)]
  0x0000000019d7c000 JavaThread "URL-Loader-5" daemon [_thread_blocked, id=22768, stack(0x00000000262e0000,0x00000000263e0000)]
  0x0000000019d7c800 JavaThread "URL-Loader-4" daemon [_thread_in_native, id=7496, stack(0x00000000261e0000,0x00000000262e0000)]
  0x0000000019d77800 JavaThread "URL-Loader-3" daemon [_thread_blocked, id=21380, stack(0x00000000260e0000,0x00000000261e0000)]
  0x0000000019d76800 JavaThread "URL-Loader-2" daemon [_thread_blocked, id=3156, stack(0x0000000025fe0000,0x00000000260e0000)]
  0x0000000019d7b000 JavaThread "Watchdog-Timer-1" daemon [_thread_blocked, id=10364, stack(0x0000000025ee0000,0x0000000025fe0000)]
  0x0000000019d7d800 JavaThread "URL-Loader-1" daemon [_thread_blocked, id=24428, stack(0x0000000024e10000,0x0000000024f10000)]
  0x0000000019d79000 JavaThread "Keep-Alive-Timer" daemon [_thread_blocked, id=9176, stack(0x0000000024c10000,0x0000000024d10000)]
  0x0000000019dce000 JavaThread "FX Access Thread (Visual Debugger)" daemon [_thread_blocked, id=18176, stack(0x0000000023920000,0x0000000023a20000)]
  0x00000000199b1800 JavaThread "Prism Font Disposer" daemon [_thread_blocked, id=24796, stack(0x0000000021a20000,0x0000000021b20000)]
  0x000000001984c000 JavaThread "Disposer" daemon [_thread_blocked, id=20788, stack(0x000000001f830000,0x000000001f930000)]
  0x0000000019743800 JavaThread "Thread-3" daemon [_thread_in_native, id=23020, stack(0x000000001e7f0000,0x000000001e8f0000)]
  0x0000000019663000 JavaThread "JavaFX-Launcher" [_thread_blocked, id=27736, stack(0x000000001e8f0000,0x000000001e9f0000)]
=>0x0000000019634800 JavaThread "JavaFX Application Thread" [_thread_in_native, id=17536, stack(0x000000001a160000,0x000000001a260000)]
  0x0000000019633800 JavaThread "Thread-1" daemon [_thread_blocked, id=14836, stack(0x000000001a060000,0x000000001a160000)]
  0x0000000019607800 JavaThread "QuantumRenderer-0" daemon [_thread_blocked, id=5640, stack(0x0000000019dd0000,0x0000000019ed0000)]
  0x0000000017391800 JavaThread "Service Thread" daemon [_thread_blocked, id=22176, stack(0x00000000193d0000,0x00000000194d0000)]
  0x000000001738e800 JavaThread "C1 CompilerThread2" daemon [_thread_in_native, id=8576, stack(0x0000000018ed0000,0x0000000018fd0000)]
  0x000000001738e000 JavaThread "C2 CompilerThread1" daemon [_thread_blocked, id=4720, stack(0x0000000018dd0000,0x0000000018ed0000)]
  0x0000000017395000 JavaThread "C2 CompilerThread0" daemon [_thread_blocked, id=15040, stack(0x0000000018cd0000,0x0000000018dd0000)]
  0x000000001737b800 JavaThread "JDWP Command Reader" daemon [_thread_in_native, id=15624, stack(0x0000000018bd0000,0x0000000018cd0000)]
  0x0000000017378800 JavaThread "JDWP Event Helper Thread" daemon [_thread_blocked, id=25084, stack(0x0000000018ad0000,0x0000000018bd0000)]
  0x000000001736a000 JavaThread "JDWP Transport Listener: dt_socket" daemon [_thread_blocked, id=8100, stack(0x00000000189d0000,0x0000000018ad0000)]
  0x0000000017360800 JavaThread "Attach Listener" daemon [_thread_blocked, id=25792, stack(0x00000000188d0000,0x00000000189d0000)]
  0x000000001735f000 JavaThread "Signal Dispatcher" daemon [_thread_blocked, id=15504, stack(0x00000000187d0000,0x00000000188d0000)]
  0x000000001734a800 JavaThread "Finalizer" daemon [_thread_blocked, id=18840, stack(0x00000000185e0000,0x00000000186e0000)]
  0x0000000002813800 JavaThread "Reference Handler" daemon [_thread_blocked, id=2820, stack(0x00000000184e0000,0x00000000185e0000)]
  0x0000000002722800 JavaThread "main" [_thread_blocked, id=19600, stack(0x0000000002560000,0x0000000002660000)]

Other Threads:
  0x0000000017328000 VMThread [stack: 0x00000000183e0000,0x00000000184e0000] [id=4224]
  0x0000000019053800 WatcherThread [stack: 0x00000000194d0000,0x00000000195d0000] [id=17272]

VM state:not at safepoint (normal execution)

VM Mutex/Monitor currently owned by a thread: None

Heap:
 PSYoungGen      total 167936K, used 49119K [0x00000000d5e00000, 0x00000000e1080000, 0x0000000100000000)
  eden space 158208K, 26% used [0x00000000d5e00000,0x00000000d86a52f8,0x00000000df880000)
  from space 9728K, 77% used [0x00000000e0700000,0x00000000e0e52cb8,0x00000000e1080000)
  to   space 12288K, 0% used [0x00000000df880000,0x00000000df880000,0x00000000e0480000)
 ParOldGen       total 74752K, used 10973K [0x0000000081a00000, 0x0000000086300000, 0x00000000d5e00000)
  object space 74752K, 14% used [0x0000000081a00000,0x00000000824b7598,0x0000000086300000)
 Metaspace       used 24928K, capacity 26076K, committed 26240K, reserved 1071104K
  class space    used 3407K, capacity 3673K, committed 3712K, reserved 1048576K

Card table byte_map: [0x0000000011be0000,0x0000000011fe0000] byte_map_base: 0x00000000117d3000

Marking Bits: (ParMarkBitMap*) 0x0000000073b8a6d0
 Begin Bits: [0x0000000012690000, 0x0000000014628000)
 End Bits:   [0x0000000014628000, 0x00000000165c0000)

Polling page: 0x00000000003f0000

CodeCache: size=245760Kb used=9448Kb max_used=9448Kb free=236311Kb
 bounds [0x0000000002820000, 0x0000000003170000, 0x0000000011820000]
 total_blobs=3724 nmethods=2954 adapters=689
 compilation: enabled

Compilation events (10 events):
Event: 6.647 Thread 0x000000001738e800 nmethod 3361 0x000000000315be10 code [0x000000000315bfa0, 0x000000000315c318]
Event: 6.648 Thread 0x000000001738e800 3362       1       com.sun.prism.impl.BaseGraphics::getRenderRoot (5 bytes)
Event: 6.648 Thread 0x000000001738e800 nmethod 3362 0x000000000315bb50 code [0x000000000315bca0, 0x000000000315bdb0]
Event: 6.648 Thread 0x000000001738e800 3363       1       com.sun.prism.impl.BaseContext::getAssociatedScreen (5 bytes)
Event: 6.648 Thread 0x000000001738e800 nmethod 3363 0x000000000315b890 code [0x000000000315b9e0, 0x000000000315baf0]
Event: 6.648 Thread 0x000000001738e800 3364       1       com.sun.javafx.geom.transform.AffineBase::getMxt (5 bytes)
Event: 6.648 Thread 0x000000001738e800 nmethod 3364 0x000000000315b5d0 code [0x000000000315b720, 0x000000000315b830]
Event: 6.649 Thread 0x000000001738e800 3365       3       com.sun.javafx.geom.Path2D$Iterator::isDone (20 bytes)
Event: 6.649 Thread 0x000000001738e800 nmethod 3365 0x000000000315b210 code [0x000000000315b360, 0x000000000315b510]
Event: 6.649 Thread 0x000000001738e800 3366       3       com.sun.javafx.geom.Path2D::curveTo (150 bytes)

GC Heap History (10 events):
Event: 3.576 GC heap before
{Heap before GC invocations=5 (full 1):
 PSYoungGen      total 38400K, used 36035K [0x00000000d5e00000, 0x00000000d9500000, 0x0000000100000000)
  eden space 33280K, 99% used [0x00000000d5e00000,0x00000000d7e7b1c8,0x00000000d7e80000)
  from space 5120K, 54% used [0x00000000d7e80000,0x00000000d8135d48,0x00000000d8380000)
  to   space 5120K, 0% used [0x00000000d9000000,0x00000000d9000000,0x00000000d9500000)
 ParOldGen       total 74752K, used 9668K [0x0000000081a00000, 0x0000000086300000, 0x00000000d5e00000)
  object space 74752K, 12% used [0x0000000081a00000,0x00000000823712e0,0x0000000086300000)
 Metaspace       used 22624K, capacity 23610K, committed 23936K, reserved 1069056K
  class space    used 3157K, capacity 3408K, committed 3456K, reserved 1048576K
Event: 3.579 GC heap after
Heap after GC invocations=5 (full 1):
 PSYoungGen      total 51200K, used 1503K [0x00000000d5e00000, 0x00000000da280000, 0x0000000100000000)
  eden space 46080K, 0% used [0x00000000d5e00000,0x00000000d5e00000,0x00000000d8b00000)
  from space 5120K, 29% used [0x00000000d9000000,0x00000000d9177f88,0x00000000d9500000)
  to   space 5120K, 0% used [0x00000000d8b00000,0x00000000d8b00000,0x00000000d9000000)
 ParOldGen       total 74752K, used 9676K [0x0000000081a00000, 0x0000000086300000, 0x00000000d5e00000)
  object space 74752K, 12% used [0x0000000081a00000,0x00000000823732e0,0x0000000086300000)
 Metaspace       used 22624K, capacity 23610K, committed 23936K, reserved 1069056K
  class space    used 3157K, capacity 3408K, committed 3456K, reserved 1048576K
}
Event: 3.593 GC heap before
{Heap before GC invocations=6 (full 1):
 PSYoungGen      total 51200K, used 47498K [0x00000000d5e00000, 0x00000000da280000, 0x0000000100000000)
  eden space 46080K, 99% used [0x00000000d5e00000,0x00000000d8aeabe8,0x00000000d8b00000)
  from space 5120K, 29% used [0x00000000d9000000,0x00000000d9177f88,0x00000000d9500000)
  to   space 5120K, 0% used [0x00000000d8b00000,0x00000000d8b00000,0x00000000d9000000)
 ParOldGen       total 74752K, used 9676K [0x0000000081a00000, 0x0000000086300000, 0x00000000d5e00000)
  object space 74752K, 12% used [0x0000000081a00000,0x00000000823732e0,0x0000000086300000)
 Metaspace       used 22624K, capacity 23610K, committed 23936K, reserved 1069056K
  class space    used 3157K, capacity 3408K, committed 3456K, reserved 1048576K
Event: 3.595 GC heap after
Heap after GC invocations=6 (full 1):
 PSYoungGen      total 51200K, used 1565K [0x00000000d5e00000, 0x00000000dca80000, 0x0000000100000000)
  eden space 46080K, 0% used [0x00000000d5e00000,0x00000000d5e00000,0x00000000d8b00000)
  from space 5120K, 30% used [0x00000000d8b00000,0x00000000d8c876c0,0x00000000d9000000)
  to   space 12800K, 0% used [0x00000000dbe00000,0x00000000dbe00000,0x00000000dca80000)
 ParOldGen       total 74752K, used 9676K [0x0000000081a00000, 0x0000000086300000, 0x00000000d5e00000)
  object space 74752K, 12% used [0x0000000081a00000,0x00000000823732e0,0x0000000086300000)
 Metaspace       used 22624K, capacity 23610K, committed 23936K, reserved 1069056K
  class space    used 3157K, capacity 3408K, committed 3456K, reserved 1048576K
}
Event: 3.606 GC heap before
{Heap before GC invocations=7 (full 1):
 PSYoungGen      total 51200K, used 47517K [0x00000000d5e00000, 0x00000000dca80000, 0x0000000100000000)
  eden space 46080K, 99% used [0x00000000d5e00000,0x00000000d8ae0028,0x00000000d8b00000)
  from space 5120K, 30% used [0x00000000d8b00000,0x00000000d8c876c0,0x00000000d9000000)
  to   space 12800K, 0% used [0x00000000dbe00000,0x00000000dbe00000,0x00000000dca80000)
 ParOldGen       total 74752K, used 9676K [0x0000000081a00000, 0x0000000086300000, 0x00000000d5e00000)
  object space 74752K, 12% used [0x0000000081a00000,0x00000000823732e0,0x0000000086300000)
 Metaspace       used 22624K, capacity 23610K, committed 23936K, reserved 1069056K
  class space    used 3157K, capacity 3408K, committed 3456K, reserved 1048576K
Event: 3.608 GC heap after
Heap after GC invocations=7 (full 1):
 PSYoungGen      total 98816K, used 1544K [0x00000000d5e00000, 0x00000000dcb00000, 0x0000000100000000)
  eden space 86016K, 0% used [0x00000000d5e00000,0x00000000d5e00000,0x00000000db200000)
  from space 12800K, 12% used [0x00000000dbe00000,0x00000000dbf82270,0x00000000dca80000)
  to   space 12288K, 0% used [0x00000000db200000,0x00000000db200000,0x00000000dbe00000)
 ParOldGen       total 74752K, used 9676K [0x0000000081a00000, 0x0000000086300000, 0x00000000d5e00000)
  object space 74752K, 12% used [0x0000000081a00000,0x00000000823732e0,0x0000000086300000)
 Metaspace       used 22624K, capacity 23610K, committed 23936K, reserved 1069056K
  class space    used 3157K, capacity 3408K, committed 3456K, reserved 1048576K
}
Event: 3.638 GC heap before
{Heap before GC invocations=8 (full 1):
 PSYoungGen      total 98816K, used 87502K [0x00000000d5e00000, 0x00000000dcb00000, 0x0000000100000000)
  eden space 86016K, 99% used [0x00000000d5e00000,0x00000000db1f1980,0x00000000db200000)
  from space 12800K, 12% used [0x00000000dbe00000,0x00000000dbf82270,0x00000000dca80000)
  to   space 12288K, 0% used [0x00000000db200000,0x00000000db200000,0x00000000dbe00000)
 ParOldGen       total 74752K, used 9676K [0x0000000081a00000, 0x0000000086300000, 0x00000000d5e00000)
  object space 74752K, 12% used [0x0000000081a00000,0x00000000823732e0,0x0000000086300000)
 Metaspace       used 22625K, capacity 23610K, committed 23936K, reserved 1069056K
  class space    used 3157K, capacity 3408K, committed 3456K, reserved 1048576K
Event: 3.640 GC heap after
Heap after GC invocations=8 (full 1):
 PSYoungGen      total 98304K, used 1597K [0x00000000d5e00000, 0x00000000e1280000, 0x0000000100000000)
  eden space 86016K, 0% used [0x00000000d5e00000,0x00000000d5e00000,0x00000000db200000)
  from space 12288K, 12% used [0x00000000db200000,0x00000000db38f508,0x00000000dbe00000)
  to   space 11776K, 0% used [0x00000000e0700000,0x00000000e0700000,0x00000000e1280000)
 ParOldGen       total 74752K, used 9676K [0x0000000081a00000, 0x0000000086300000, 0x00000000d5e00000)
  object space 74752K, 12% used [0x0000000081a00000,0x00000000823732e0,0x0000000086300000)
 Metaspace       used 22625K, capacity 23610K, committed 23936K, reserved 1069056K
  class space    used 3157K, capacity 3408K, committed 3456K, reserved 1048576K
}
Event: 6.043 GC heap before
{Heap before GC invocations=9 (full 1):
 PSYoungGen      total 98304K, used 87613K [0x00000000d5e00000, 0x00000000e1280000, 0x0000000100000000)
  eden space 86016K, 100% used [0x00000000d5e00000,0x00000000db200000,0x00000000db200000)
  from space 12288K, 12% used [0x00000000db200000,0x00000000db38f508,0x00000000dbe00000)
  to   space 11776K, 0% used [0x00000000e0700000,0x00000000e0700000,0x00000000e1280000)
 ParOldGen       total 74752K, used 9676K [0x0000000081a00000, 0x0000000086300000, 0x00000000d5e00000)
  object space 74752K, 12% used [0x0000000081a00000,0x00000000823732e0,0x0000000086300000)
 Metaspace       used 24275K, capacity 25330K, committed 25472K, reserved 1071104K
  class space    used 3343K, capacity 3598K, committed 3712K, reserved 1048576K
Event: 6.051 GC heap after
Heap after GC invocations=9 (full 1):
 PSYoungGen      total 167936K, used 7499K [0x00000000d5e00000, 0x00000000e1080000, 0x0000000100000000)
  eden space 158208K, 0% used [0x00000000d5e00000,0x00000000d5e00000,0x00000000df880000)
  from space 9728K, 77% used [0x00000000e0700000,0x00000000e0e52cb8,0x00000000e1080000)
  to   space 12288K, 0% used [0x00000000df880000,0x00000000df880000,0x00000000e0480000)
 ParOldGen       total 74752K, used 10973K [0x0000000081a00000, 0x0000000086300000, 0x00000000d5e00000)
  object space 74752K, 14% used [0x0000000081a00000,0x00000000824b7598,0x0000000086300000)
 Metaspace       used 24275K, capacity 25330K, committed 25472K, reserved 1071104K
  class space    used 3343K, capacity 3598K, committed 3712K, reserved 1048576K
}

Deoptimization events (10 events):
Event: 5.939 Thread 0x0000000019634800 Uncommon trap: reason=bimorphic action=maybe_recompile pc=0x0000000002dc7658 method=java.util.HashMap.putVal(ILjava/lang/Object;Ljava/lang/Object;ZZ)Ljava/lang/Object; @ 203
Event: 5.939 Thread 0x0000000019634800 Uncommon trap: reason=bimorphic action=maybe_recompile pc=0x0000000002dc7658 method=java.util.HashMap.putVal(ILjava/lang/Object;Ljava/lang/Object;ZZ)Ljava/lang/Object; @ 203
Event: 5.939 Thread 0x0000000019634800 Uncommon trap: reason=bimorphic action=maybe_recompile pc=0x0000000002dc7658 method=java.util.HashMap.putVal(ILjava/lang/Object;Ljava/lang/Object;ZZ)Ljava/lang/Object; @ 203
Event: 5.952 Thread 0x0000000019634800 Uncommon trap: reason=bimorphic action=maybe_recompile pc=0x0000000002dc7658 method=java.util.HashMap.putVal(ILjava/lang/Object;Ljava/lang/Object;ZZ)Ljava/lang/Object; @ 203
Event: 5.952 Thread 0x0000000019634800 Uncommon trap: reason=bimorphic action=maybe_recompile pc=0x00000000030264c0 method=java.util.HashMap.putVal(ILjava/lang/Object;Ljava/lang/Object;ZZ)Ljava/lang/Object; @ 203
Event: 6.157 Thread 0x0000000019634800 Uncommon trap: reason=class_check action=maybe_recompile pc=0x0000000002935470 method=java.util.ArrayList.indexOf(Ljava/lang/Object;)I @ 51
Event: 6.157 Thread 0x0000000019634800 Uncommon trap: reason=class_check action=maybe_recompile pc=0x0000000002935470 method=java.util.ArrayList.indexOf(Ljava/lang/Object;)I @ 51
Event: 6.158 Thread 0x0000000019634800 Uncommon trap: reason=class_check action=maybe_recompile pc=0x0000000002935470 method=java.util.ArrayList.indexOf(Ljava/lang/Object;)I @ 51
Event: 6.158 Thread 0x0000000019634800 Uncommon trap: reason=class_check action=maybe_recompile pc=0x0000000002935470 method=java.util.ArrayList.indexOf(Ljava/lang/Object;)I @ 51
Event: 6.321 Thread 0x00000000191f7800 Uncommon trap: reason=unstable_if action=reinterpret pc=0x0000000002b1d07c method=java.lang.String.indexOf([CII[CIII)I @ 27

Internal exceptions (10 events):
Event: 5.767 Thread 0x0000000019634800 Exception <a 'java/lang/ClassNotFoundException': sun/net/www/protocol/about/Handler> (0x00000000d8f43c68) thrown at [C:\re\workspace\8-2-build-windows-amd64-cygwin\jdk8u101\7261\hotspot\src\share\vm\classfile\systemDictionary.cpp, line 210]
Event: 5.768 Thread 0x0000000019634800 Exception <a 'java/lang/ClassNotFoundException': sun/net/www/protocol/about/Handler> (0x00000000d8f466d8) thrown at [C:\re\workspace\8-2-build-windows-amd64-cygwin\jdk8u101\7261\hotspot\src\share\vm\classfile\systemDictionary.cpp, line 210]
Event: 5.774 Thread 0x0000000019634800 Exception <a 'java/lang/ClassNotFoundException': sun/net/www/protocol/about/Handler> (0x00000000d8f4c0d8) thrown at [C:\re\workspace\8-2-build-windows-amd64-cygwin\jdk8u101\7261\hotspot\src\share\vm\classfile\systemDictionary.cpp, line 210]
Event: 6.080 Thread 0x0000000019634800 Exception <a 'java/io/FileNotFoundException'> (0x00000000d614b150) thrown at [C:\re\workspace\8-2-build-windows-amd64-cygwin\jdk8u101\7261\hotspot\src\share\vm\prims\jni.cpp, line 709]
Event: 6.080 Thread 0x0000000019634800 Exception <a 'java/io/FileNotFoundException'> (0x00000000d614c270) thrown at [C:\re\workspace\8-2-build-windows-amd64-cygwin\jdk8u101\7261\hotspot\src\share\vm\prims\jni.cpp, line 709]
Event: 6.084 Thread 0x0000000019634800 Exception <a 'java/io/FileNotFoundException'> (0x00000000d6151bc0) thrown at [C:\re\workspace\8-2-build-windows-amd64-cygwin\jdk8u101\7261\hotspot\src\share\vm\prims\jni.cpp, line 709]
Event: 6.084 Thread 0x0000000019634800 Exception <a 'java/io/FileNotFoundException'> (0x00000000d6152c50) thrown at [C:\re\workspace\8-2-build-windows-amd64-cygwin\jdk8u101\7261\hotspot\src\share\vm\prims\jni.cpp, line 709]
Event: 6.174 Thread 0x0000000019634800 Exception <a 'java/lang/ClassNotFoundException': sun/net/www/protocol/about/Handler> (0x00000000d6e150c8) thrown at [C:\re\workspace\8-2-build-windows-amd64-cygwin\jdk8u101\7261\hotspot\src\share\vm\classfile\systemDictionary.cpp, line 210]
Event: 6.439 Thread 0x000000002264f000 Exception <a 'sun/nio/fs/WindowsException'> (0x00000000d81577c0) thrown at [C:\re\workspace\8-2-build-windows-amd64-cygwin\jdk8u101\7261\hotspot\src\share\vm\prims\jni.cpp, line 709]
Event: 6.631 Thread 0x0000000019634800 Exception <a 'java/lang/ClassNotFoundException': sun/net/www/protocol/about/Handler> (0x00000000d851ed08) thrown at [C:\re\workspace\8-2-build-windows-amd64-cygwin\jdk8u101\7261\hotspot\src\share\vm\classfile\systemDictionary.cpp, line 210]

Events (10 events):
Event: 6.631 Thread 0x0000000019634800 DEOPT PACKING pc=0x0000000002a5c241 sp=0x000000001a25b9c0
Event: 6.631 Thread 0x0000000019634800 DEOPT UNPACKING pc=0x000000000286787f sp=0x000000001a25b720 mode 1
Event: 6.631 Thread 0x0000000019634800 DEOPT PACKING pc=0x0000000002ce8134 sp=0x000000001a25bb10
Event: 6.631 Thread 0x0000000019634800 DEOPT UNPACKING pc=0x000000000286787f sp=0x000000001a25b888 mode 1
Event: 6.631 Thread 0x0000000019634800 DEOPT PACKING pc=0x00000000029b73dc sp=0x000000001a25bbc0
Event: 6.631 Thread 0x0000000019634800 DEOPT UNPACKING pc=0x000000000286787f sp=0x000000001a25b900 mode 1
Event: 6.631 Thread 0x0000000019634800 DEOPT PACKING pc=0x0000000002ab7e94 sp=0x000000001a25bcd0
Event: 6.631 Thread 0x0000000019634800 DEOPT UNPACKING pc=0x000000000286787f sp=0x000000001a25bb00 mode 1
Event: 6.631 Thread 0x0000000019634800 DEOPT PACKING pc=0x0000000002a1a464 sp=0x000000001a25be80
Event: 6.631 Thread 0x0000000019634800 DEOPT UNPACKING pc=0x000000000286787f sp=0x000000001a25bbd0 mode 1


Dynamic libraries:
0x00007ff7b9b80000 - 0x00007ff7b9bb7000 	C:\Program Files\Java\jdk1.8.0_101\jre\bin\java.exe
0x00007ff9d1960000 - 0x00007ff9d1b3b000 	C:\WINDOWS\SYSTEM32\ntdll.dll
0x00007ff9d0e10000 - 0x00007ff9d0ebe000 	C:\WINDOWS\System32\KERNEL32.DLL
0x00007ff9cdf90000 - 0x00007ff9ce1d9000 	C:\WINDOWS\System32\KERNELBASE.dll
0x00007ff9d0330000 - 0x00007ff9d03d1000 	C:\WINDOWS\System32\ADVAPI32.dll
0x00007ff9d1770000 - 0x00007ff9d180d000 	C:\WINDOWS\System32\msvcrt.dll
0x00007ff9d13e0000 - 0x00007ff9d1439000 	C:\WINDOWS\System32\sechost.dll
0x00007ff9d1590000 - 0x00007ff9d16b5000 	C:\WINDOWS\System32\RPCRT4.dll
0x00007ff9d1810000 - 0x00007ff9d195a000 	C:\WINDOWS\System32\USER32.dll
0x00007ff9ce1e0000 - 0x00007ff9ce1fe000 	C:\WINDOWS\System32\win32u.dll
0x00007ff9ceec0000 - 0x00007ff9ceee7000 	C:\WINDOWS\System32\GDI32.dll
0x00007ff9ce520000 - 0x00007ff9ce6a8000 	C:\WINDOWS\System32\gdi32full.dll
0x00007ff9ce6b0000 - 0x00007ff9ce74a000 	C:\WINDOWS\System32\msvcp_win.dll
0x00007ff9ce3d0000 - 0x00007ff9ce4c6000 	C:\WINDOWS\System32\ucrtbase.dll
0x00007ff9c0450000 - 0x00007ff9c06b7000 	C:\WINDOWS\WinSxS\amd64_microsoft.windows.common-controls_6595b64144ccf1df_6.0.15063.483_none_26002d27e7c744a2\COMCTL32.dll
0x00007ff9d0470000 - 0x00007ff9d0769000 	C:\WINDOWS\System32\combase.dll
0x00007ff9ce750000 - 0x00007ff9ce7ba000 	C:\WINDOWS\System32\bcryptPrimitives.dll
0x00007ff9d0440000 - 0x00007ff9d046d000 	C:\WINDOWS\System32\IMM32.DLL
0x0000000076970000 - 0x0000000076a42000 	C:\Program Files\Java\jdk1.8.0_101\jre\bin\msvcr100.dll
0x0000000073370000 - 0x0000000073c0a000 	C:\Program Files\Java\jdk1.8.0_101\jre\bin\server\jvm.dll
0x00007ff9d07d0000 - 0x00007ff9d07d8000 	C:\WINDOWS\System32\PSAPI.DLL
0x00007ff9c5330000 - 0x00007ff9c533a000 	C:\WINDOWS\SYSTEM32\VERSION.dll
0x00007ff9c5340000 - 0x00007ff9c5363000 	C:\WINDOWS\SYSTEM32\WINMM.dll
0x00007ff9c9dc0000 - 0x00007ff9c9dc9000 	C:\WINDOWS\SYSTEM32\WSOCK32.dll
0x00007ff9d1310000 - 0x00007ff9d137c000 	C:\WINDOWS\System32\WS2_32.dll
0x00007ff9c5300000 - 0x00007ff9c532b000 	C:\WINDOWS\SYSTEM32\winmmbase.dll
0x00007ff9ce4d0000 - 0x00007ff9ce519000 	C:\WINDOWS\System32\cfgmgr32.dll
0x0000000076920000 - 0x000000007692f000 	C:\Program Files\Java\jdk1.8.0_101\jre\bin\verify.dll
0x00000000768f0000 - 0x0000000076919000 	C:\Program Files\Java\jdk1.8.0_101\jre\bin\java.dll
0x0000000074e50000 - 0x0000000074e85000 	C:\Program Files\Java\jdk1.8.0_101\jre\bin\jdwp.dll
0x0000000074e40000 - 0x0000000074e48000 	C:\Program Files\Java\jdk1.8.0_101\jre\bin\npt.dll
0x00000000768d0000 - 0x00000000768e6000 	C:\Program Files\Java\jdk1.8.0_101\jre\bin\zip.dll
0x00007ff9ceef0000 - 0x00007ff9d0327000 	C:\WINDOWS\System32\SHELL32.dll
0x00007ff9d16c0000 - 0x00007ff9d176a000 	C:\WINDOWS\System32\shcore.dll
0x00007ff9ce7c0000 - 0x00007ff9ceeb2000 	C:\WINDOWS\System32\windows.storage.dll
0x00007ff9d0770000 - 0x00007ff9d07c1000 	C:\WINDOWS\System32\shlwapi.dll
0x00007ff9cddd0000 - 0x00007ff9cdde1000 	C:\WINDOWS\System32\kernel.appcore.dll
0x00007ff9cde30000 - 0x00007ff9cde7c000 	C:\WINDOWS\System32\powrprof.dll
0x00007ff9cde10000 - 0x00007ff9cde25000 	C:\WINDOWS\System32\profapi.dll
0x0000000074c10000 - 0x0000000074c19000 	C:\Program Files\Java\jdk1.8.0_101\jre\bin\dt_socket.dll
0x00007ff9cd6e0000 - 0x00007ff9cd73c000 	C:\WINDOWS\system32\mswsock.dll
0x00007ff99d760000 - 0x00007ff99d84f000 	C:\Program Files\Java\jdk1.8.0_101\jre\bin\msvcr120.dll
0x00007ff9a0290000 - 0x00007ff9a0336000 	C:\Program Files\Java\jdk1.8.0_101\jre\bin\msvcp120.dll
0x0000000074be0000 - 0x0000000074c02000 	C:\Program Files\Java\jdk1.8.0_101\jre\bin\prism_d3d.dll
0x00007ff98ac30000 - 0x00007ff98adb9000 	C:\WINDOWS\system32\d3d9.dll
0x00007ff9c3910000 - 0x00007ff9c393a000 	C:\WINDOWS\SYSTEM32\dwmapi.dll
0x00007ff9cc4e0000 - 0x00007ff9cc575000 	C:\WINDOWS\system32\uxtheme.dll
0x00007ff967a00000 - 0x00007ff969f3d000 	C:\WINDOWS\SYSTEM32\igdumdim64.dll
0x00007ff9d1060000 - 0x00007ff9d1120000 	C:\WINDOWS\System32\OLEAUT32.dll
0x00007ff9d1440000 - 0x00007ff9d1585000 	C:\WINDOWS\System32\ole32.dll
0x00007ff9d09d0000 - 0x00007ff9d0e0b000 	C:\WINDOWS\System32\SETUPAPI.dll
0x0000000074b90000 - 0x0000000074bd3000 	C:\Program Files\Java\jdk1.8.0_101\jre\bin\glass.dll
0x00007ff9d0800000 - 0x00007ff9d0908000 	C:\WINDOWS\System32\COMDLG32.dll
0x00007ff9d11a0000 - 0x00007ff9d1306000 	C:\WINDOWS\System32\MSCTF.dll
0x00007ff9bc750000 - 0x00007ff9bc7f1000 	C:\Program Files\Common Files\microsoft shared\ink\tiptsf.dll
0x00007ff9ba370000 - 0x00007ff9bb1e3000 	C:\WINDOWS\SYSTEM32\igc64.dll
0x0000000070de0000 - 0x0000000073370000 	C:\Program Files\Java\jdk1.8.0_101\jre\bin\jfxwebkit.dll
0x00007ff9cd880000 - 0x00007ff9cd897000 	C:\WINDOWS\SYSTEM32\CRYPTSP.dll
0x00007ff9cd300000 - 0x00007ff9cd334000 	C:\WINDOWS\system32\rsaenh.dll
0x00007ff9cd990000 - 0x00007ff9cd9b5000 	C:\WINDOWS\SYSTEM32\bcrypt.dll
0x00007ff9cd8a0000 - 0x00007ff9cd8ab000 	C:\WINDOWS\SYSTEM32\CRYPTBASE.dll
0x0000000074b70000 - 0x0000000074b84000 	C:\Program Files\Java\jdk1.8.0_101\jre\bin\javafx_font.dll
0x00007ff9bcd00000 - 0x00007ff9bcfbf000 	C:\WINDOWS\SYSTEM32\dwrite.dll
0x0000000074b40000 - 0x0000000074b63000 	C:\Program Files\Java\jdk1.8.0_101\jre\bin\javafx_iio.dll
0x00007ff9d0910000 - 0x00007ff9d09ae000 	C:\WINDOWS\System32\clbcatq.dll
0x00007ff9bf7f0000 - 0x00007ff9bf99c000 	C:\WINDOWS\SYSTEM32\WindowsCodecs.dll
0x00007ff9b7330000 - 0x00007ff9b7377000 	C:\WINDOWS\system32\dataexchange.dll
0x00007ff9cafb0000 - 0x00007ff9cb28f000 	C:\WINDOWS\system32\d3d11.dll
0x00007ff9cbd70000 - 0x00007ff9cbe92000 	C:\WINDOWS\system32\dcomp.dll
0x00007ff9ccc40000 - 0x00007ff9ccce4000 	C:\WINDOWS\system32\dxgi.dll
0x00007ff9cc6c0000 - 0x00007ff9cc830000 	C:\WINDOWS\system32\twinapi.appcore.dll
0x00007ff9a9d40000 - 0x00007ff9a9d71000 	C:\Program Files\Common Files\Microsoft Shared\Ink\rtscom.dll
0x00007ff9c8fe0000 - 0x00007ff9c9062000 	C:\WINDOWS\System32\TextInputFramework.dll
0x00007ff9cbc80000 - 0x00007ff9cbd63000 	C:\WINDOWS\System32\CoreMessaging.dll
0x00007ff9c2b40000 - 0x00007ff9c2e12000 	C:\WINDOWS\System32\CoreUIComponents.dll
0x00007ff9ca1f0000 - 0x00007ff9ca329000 	C:\WINDOWS\SYSTEM32\wintypes.dll
0x00007ff9cd130000 - 0x00007ff9cd161000 	C:\WINDOWS\SYSTEM32\ntmarta.dll
0x00007ff9ca1d0000 - 0x00007ff9ca1e5000 	C:\WINDOWS\SYSTEM32\usermgrcli.dll
0x00007ff9b7720000 - 0x00007ff9b78e5000 	C:\Windows\System32\uiautomationcore.dll
0x00007ff9cdc30000 - 0x00007ff9cdcca000 	C:\WINDOWS\SYSTEM32\sxs.dll
0x00007ff9c0af0000 - 0x00007ff9c0b5b000 	C:\WINDOWS\SYSTEM32\OLEACC.dll
0x0000000074b20000 - 0x0000000074b31000 	C:\Program Files\Java\jdk1.8.0_101\jre\bin\prism_common.dll
0x0000000074af0000 - 0x0000000074b14000 	C:\Program Files\Java\jdk1.8.0_101\jre\bin\sunec.dll
0x00007ff9cdcd0000 - 0x00007ff9cdcf9000 	C:\WINDOWS\SYSTEM32\USERENV.dll
0x00000000768b0000 - 0x00000000768ca000 	C:\Program Files\Java\jdk1.8.0_101\jre\bin\net.dll
0x00007ff9cd480000 - 0x00007ff9cd4b7000 	C:\WINDOWS\SYSTEM32\IPHLPAPI.DLL
0x00007ff9d07f0000 - 0x00007ff9d07f8000 	C:\WINDOWS\System32\NSI.dll
0x00007ff9c6af0000 - 0x00007ff9c6b06000 	C:\WINDOWS\SYSTEM32\dhcpcsvc6.DLL
0x00007ff9c6ad0000 - 0x00007ff9c6aea000 	C:\WINDOWS\SYSTEM32\dhcpcsvc.DLL
0x0000000076890000 - 0x00000000768a1000 	C:\Program Files\Java\jdk1.8.0_101\jre\bin\nio.dll
0x0000000074ae0000 - 0x0000000074aeb000 	C:\Program Files\Java\jdk1.8.0_101\jre\bin\sunmscapi.dll
0x00007ff9ce200000 - 0x00007ff9ce3c9000 	C:\WINDOWS\System32\CRYPT32.dll
0x00007ff9cddf0000 - 0x00007ff9cde01000 	C:\WINDOWS\System32\MSASN1.dll
0x00007ff9c8f50000 - 0x00007ff9c8f66000 	C:\WINDOWS\system32\napinsp.dll
0x00007ff9c8f30000 - 0x00007ff9c8f4a000 	C:\WINDOWS\system32\pnrpnsp.dll
0x00007ff9cadd0000 - 0x00007ff9cade8000 	C:\WINDOWS\system32\NLAapi.dll
0x00007ff9cd4c0000 - 0x00007ff9cd564000 	C:\WINDOWS\SYSTEM32\DNSAPI.dll
0x00007ff9c8f20000 - 0x00007ff9c8f2e000 	C:\WINDOWS\System32\winrnr.dll
0x00007ff9c3420000 - 0x00007ff9c342a000 	C:\Windows\System32\rasadhlp.dll
0x00007ff9c6d10000 - 0x00007ff9c6d7b000 	C:\WINDOWS\System32\fwpuclnt.dll
0x00007ff9c9af0000 - 0x00007ff9c9c99000 	C:\WINDOWS\SYSTEM32\dbghelp.dll

VM Arguments:
jvm_args: -Xdebug -Xrunjdwp:transport=dt_socket,server=n,address=62716 -Dglass.disableGrab=true 
java_command: D:\Netbeans\CheeChoo\target/CheeChoo-1.0-SNAPSHOT.jar
java_class_path (initial): D:\Netbeans\CheeChoo\target/CheeChoo-1.0-SNAPSHOT.jar
Launcher Type: SUN_STANDARD

Environment Variables:
JAVA_HOME=C:\Program Files\Java\jdk1.8.0_101
PATH=C:\ProgramData\Oracle\Java\javapath;C:\WINDOWS\system32;C:\WINDOWS;C:\WINDOWS\System32\Wbem;C:\WINDOWS\System32\WindowsPowerShell\v1.0\;C:\Program Files\Microsoft SQL Server\120\Tools\Binn\;C:\Program Files\Microsoft SQL Server\130\Tools\Binn\;C:\Program Files\Microsoft\Web Platform Installer\;C:\Program Files (x86)\Microsoft SQL Server\110\DTS\Binn\;C:\Program Files (x86)\Microsoft SQL Server\120\DTS\Binn\;C:\Program Files (x86)\Microsoft SQL Server\130\DTS\Binn\;C:\Program Files\Microsoft SQL Server\Client SDK\ODBC\130\Tools\Binn\;C:\Program Files (x86)\Microsoft SQL Server\130\Tools\Binn\;C:\Program Files\Microsoft SQL Server\130\DTS\Binn\;C:\Program Files (x86)\Microsoft Emulator Manager\1.0\;C:\Program Files (x86)\Microsoft SQL Server\Client SDK\ODBC\130\Tools\Binn\;C:\Program Files (x86)\Microsoft SQL Server\130\Tools\Binn\ManagementStudio\;C:\Program Files\Intel\WiFi\bin\;C:\Program Files\Common Files\Intel\WirelessCommon\;C:\Program Files (x86)\Heroku\bin;C:\Program Files (x86)\git\cmd;C:\ProgramData\chocolatey\bin;C:\Program Files\Git\cmd;C:\Program Files\MySQL\MySQL Utilities 1.6\;C:\Program Files\Java\jdk1.8.0_101\bin;C:\Program Files\dotnet\;C:\Program Files\nodejs\;C:\Program Files (x86)\Yarn\bin;C:\Anaconda3;C:\Anaconda3\Scripts;C:\Anaconda3\Library\bin;C:\Ruby22-x64\bin;C:\Users\Loh Jing Yen\AppData\Local\Microsoft\WindowsApps;C:\Program Files\Intel\WiFi\bin\;C:\Program Files\Common Files\Intel\WirelessCommon\;C:\Program Files (x86)\Microsoft VS Code\bin;C:\Users\Loh Jing Yen\AppData\Local\Microsoft\WindowsApps;C:\Users\Loh Jing Yen\AppData\Roaming\npm;C:\Users\Loh Jing Yen\AppData\Local\Yarn\bin;C:\Program Files\MongoDB\Server\3.4\bin;C:\tools\neovim\Neovim\bin;
USERNAME=Loh Jing Yen
OS=Windows_NT
PROCESSOR_IDENTIFIER=Intel64 Family 6 Model 78 Stepping 3, GenuineIntel



---------------  S Y S T E M  ---------------

OS: Windows 10.0 , 64 bit Build 15063 (10.0.15063.296)

CPU:total 4 (2 cores per cpu, 2 threads per core) family 6 model 78 stepping 3, cmov, cx8, fxsr, mmx, sse, sse2, sse3, ssse3, sse4.1, sse4.2, popcnt, avx, avx2, aes, clmul, erms, 3dnowpref, lzcnt, ht, tsc, tscinvbit, bmi1, bmi2, adx

Memory: 4k page, physical 8280512k(2158052k free), swap 12736960k(2631596k free)

vm_info: Java HotSpot(TM) 64-Bit Server VM (25.101-b13) for windows-amd64 JRE (1.8.0_101-b13), built on Jun 22 2016 01:21:29 by "java_re" with MS VC++ 10.0 (VS2010)

time: Sat Jul 22 13:55:48 2017
elapsed time: 6 seconds (0d 0h 0m 6s)

