#
# A fatal error has been detected by the Java Runtime Environment:
#
#  EXCEPTION_ACCESS_VIOLATION (0xc0000005) at pc=0x000000006e580670, pid=3476, tid=0x0000000000003bd8
#
# JRE version: Java(TM) SE Runtime Environment (8.0_101-b13) (build 1.8.0_101-b13)
# Java VM: Java HotSpot(TM) 64-Bit Server VM (25.101-b13 mixed mode windows-amd64 compressed oops)
# Problematic frame:
# C  [jfxwebkit.dll+0xc40670]
#
# Failed to write core dump. Minidumps are not enabled by default on client versions of Windows
#
# If you would like to submit a bug report, please visit:
#   http://bugreport.java.com/bugreport/crash.jsp
# The crash happened outside the Java Virtual Machine in native code.
# See problematic frame for where to report the bug.
#

---------------  T H R E A D  ---------------

Current thread (0x0000000019c94000):  JavaThread "JavaFX Application Thread" [_thread_in_native, id=15320, stack(0x000000001a800000,0x000000001a900000)]

siginfo: ExceptionCode=0xc0000005, reading address 0x0000000000000008

Registers:
RAX=0x0000000000000000, RBX=0x000000003177e920, RCX=0x0000000023de1e70, RDX=0x0000000000000000
RSP=0x000000001a8fbb18, RBP=0x00000000ffffffff, RSI=0x0000000000000000, RDI=0x0000000023da1870
R8 =0x0000000023de1e70, R9 =0x0000000023de1f30, R10=0x0000000000000000, R11=0x0000000000000000
R12=0x000000001ffdfe00, R13=0x000000001f4d9640, R14=0x0000000000000000, R15=0x000000001ffdfda0
RIP=0x000000006e580670, EFLAGS=0x0000000000010246

Top of Stack: (sp=0x000000001a8fbb18)
0x000000001a8fbb18:   000000006e5660b8 fffffffffffffffe
0x000000001a8fbb28:   000000003177e920 000000003177e920
0x000000001a8fbb38:   000000006e66e499 0000000032ec4540
0x000000001a8fbb48:   000000001a8fbba0 0000000023de1e70
0x000000001a8fbb58:   fffffffffffffffe 000000001f4d9640
0x000000001a8fbb68:   00000000ffffffff 0000000000000000
0x000000001a8fbb78:   0000000023da1870 000000003177e920
0x000000001a8fbb88:   000000006e5666de 0000000023de1e70
0x000000001a8fbb98:   000000001a8fbbc0 0000000000000000
0x000000001a8fbba8:   0000000000000000 0000000000000000
0x000000001a8fbbb8:   000000001a8fbc08 0000000000000000
0x000000001a8fbbc8:   000000001f4d9658 fffffffffffffffe
0x000000001a8fbbd8:   000000003177e920 0000000023da1870
0x000000001a8fbbe8:   00000000201d5f70 000000001a8fc720
0x000000001a8fbbf8:   000000006e5715f8 0000000000000000
0x000000001a8fbc08:   0000000000000000 000000001a8fbd00 

Instructions: (pc=0x000000006e580670)
0x000000006e580650:   48 8b 81 b0 00 00 00 4c 8d 89 c0 00 00 00 4c 8b
0x000000006e580660:   c1 49 3b c1 74 38 45 33 d2 0f 1f 80 00 00 00 00
0x000000006e580670:   48 8b 50 08 4c 89 50 10 4c 89 50 20 48 85 d2 74
0x000000006e580680:   11 48 8b 08 48 89 0a 48 89 51 08 4c 89 50 08 4c 


Register to memory mapping:

RAX=0x0000000000000000 is an unknown value
RBX=0x000000003177e920 is an unknown value
RCX=0x0000000023de1e70 is an unknown value
RDX=0x0000000000000000 is an unknown value
RSP=0x000000001a8fbb18 is pointing into the stack for thread: 0x0000000019c94000
RBP=0x00000000ffffffff is an unallocated location in the heap
RSI=0x0000000000000000 is an unknown value
RDI=0x0000000023da1870 is an unknown value
R8 =0x0000000023de1e70 is an unknown value
R9 =0x0000000023de1f30 is an unknown value
R10=0x0000000000000000 is an unknown value
R11=0x0000000000000000 is an unknown value
R12=0x000000001ffdfe00 is an unknown value
R13=0x000000001f4d9640 is an unknown value
R14=0x0000000000000000 is an unknown value
R15=0x000000001ffdfda0 is an unknown value


Stack: [0x000000001a800000,0x000000001a900000],  sp=0x000000001a8fbb18,  free space=1006k
Native frames: (J=compiled Java code, j=interpreted, Vv=VM code, C=native code)
C  [jfxwebkit.dll+0xc40670]

Java frames: (J=compiled Java code, j=interpreted, Vv=VM code)
J 2013  com.sun.webkit.Timer.twkFireTimerEvent()V (0 bytes) @ 0x00000000034eb97e [0x00000000034eb940+0x3e]
J 2012 C1 com.sun.webkit.Timer.fireTimerEvent(J)V (65 bytes) @ 0x00000000034fc8c4 [0x00000000034fc460+0x464]
J 2011 C1 com.sun.webkit.Timer.notifyTick()V (29 bytes) @ 0x00000000034fbfb4 [0x00000000034fbd40+0x274]
J 2009 C1 javafx.scene.web.WebEngine$PulseTimer$$Lambda$93.pulse()V (4 bytes) @ 0x00000000034eb16c [0x00000000034eb000+0x16c]
J 4123 C2 com.sun.javafx.tk.Toolkit$$Lambda$266.run()Ljava/lang/Object; (8 bytes) @ 0x000000000379a5cc [0x000000000379a580+0x4c]
v  ~StubRoutines::call_stub
J 1619  java.security.AccessController.doPrivileged(Ljava/security/PrivilegedAction;Ljava/security/AccessControlContext;)Ljava/lang/Object; (0 bytes) @ 0x000000000340b526 [0x000000000340b4c0+0x66]
J 5726 C2 com.sun.javafx.tk.Toolkit.firePulse()V (279 bytes) @ 0x0000000003e9f4f0 [0x0000000003e9e240+0x12b0]
J 6159 C2 com.sun.javafx.tk.quantum.QuantumToolkit$$Lambda$42.run()V (8 bytes) @ 0x0000000003f821c0 [0x0000000003f81de0+0x3e0]
J 5969 C2 com.sun.glass.ui.InvokeLaterDispatcher$Future.run()V (91 bytes) @ 0x00000000034f0068 [0x00000000034f0020+0x48]
v  ~StubRoutines::call_stub
j  com.sun.glass.ui.win.WinApplication._runLoop(Ljava/lang/Runnable;)V+0
j  com.sun.glass.ui.win.WinApplication.lambda$null$148(ILjava/lang/Runnable;)V+8
j  com.sun.glass.ui.win.WinApplication$$Lambda$38.run()V+12
j  java.lang.Thread.run()V+11
v  ~StubRoutines::call_stub

---------------  P R O C E S S  ---------------

Java Threads: ( => current thread )
  0x0000000019e8d800 JavaThread "Thread-101" daemon [_thread_blocked, id=15544, stack(0x000000003f1d0000,0x000000003f2d0000)]
  0x0000000019e90000 JavaThread "Thread-100" daemon [_thread_blocked, id=12536, stack(0x000000003f0d0000,0x000000003f1d0000)]
  0x0000000019e81800 JavaThread "Thread-99" daemon [_thread_blocked, id=7404, stack(0x000000003efd0000,0x000000003f0d0000)]
  0x0000000019e82000 JavaThread "Thread-98" daemon [_thread_blocked, id=8316, stack(0x000000003eed0000,0x000000003efd0000)]
  0x0000000019e83800 JavaThread "Thread-97" daemon [_thread_blocked, id=12612, stack(0x000000003edd0000,0x000000003eed0000)]
  0x0000000019e88800 JavaThread "Thread-96" daemon [_thread_blocked, id=15696, stack(0x000000003ecd0000,0x000000003edd0000)]
  0x0000000019e85000 JavaThread "Thread-95" daemon [_thread_blocked, id=24352, stack(0x000000003ebd0000,0x000000003ecd0000)]
  0x0000000019e86000 JavaThread "Thread-94" daemon [_thread_blocked, id=11084, stack(0x000000003ead0000,0x000000003ebd0000)]
  0x0000000019e83000 JavaThread "URL-Loader-76" daemon [_thread_in_native, id=13660, stack(0x000000003e3d0000,0x000000003e4d0000)]
  0x0000000019e80800 JavaThread "URL-Loader-75" daemon [_thread_blocked, id=18196, stack(0x000000003e1d0000,0x000000003e2d0000)]
  0x0000000019e87800 JavaThread "URL-Loader-74" daemon [_thread_blocked, id=27796, stack(0x000000003e0d0000,0x000000003e1d0000)]
  0x00000000235e9800 JavaThread "URL-Loader-73" daemon [_thread_blocked, id=384, stack(0x000000003dfd0000,0x000000003e0d0000)]
  0x00000000235e9000 JavaThread "URL-Loader-72" daemon [_thread_in_native, id=7780, stack(0x000000003ded0000,0x000000003dfd0000)]
  0x00000000235e6800 JavaThread "URL-Loader-71" daemon [_thread_blocked, id=23612, stack(0x000000003ddd0000,0x000000003ded0000)]
  0x00000000235e6000 JavaThread "URL-Loader-70" daemon [_thread_blocked, id=26720, stack(0x000000003dcd0000,0x000000003ddd0000)]
  0x00000000235e8000 JavaThread "URL-Loader-69" daemon [_thread_blocked, id=16460, stack(0x000000003dbd0000,0x000000003dcd0000)]
  0x00000000235e3000 JavaThread "URL-Loader-68" daemon [_thread_blocked, id=13176, stack(0x000000003dad0000,0x000000003dbd0000)]
  0x00000000235e5000 JavaThread "Keep-Alive-Timer" daemon [_thread_blocked, id=21192, stack(0x000000003d9d0000,0x000000003dad0000)]
  0x00000000235e7800 JavaThread "URL-Loader-67" daemon [_thread_in_native, id=20360, stack(0x000000003d6d0000,0x000000003d7d0000)]
  0x00000000235db800 JavaThread "URL-Loader-66" daemon [_thread_in_native, id=7264, stack(0x000000003d5d0000,0x000000003d6d0000)]
  0x00000000235e2000 JavaThread "URL-Loader-65" daemon [_thread_in_native, id=5048, stack(0x000000003d4d0000,0x000000003d5d0000)]
  0x00000000235e1800 JavaThread "URL-Loader-64" daemon [_thread_in_native, id=9460, stack(0x000000003d3d0000,0x000000003d4d0000)]
  0x00000000235e0800 JavaThread "URL-Loader-63" daemon [_thread_in_native, id=22996, stack(0x000000003d2d0000,0x000000003d3d0000)]
  0x00000000235dc000 JavaThread "URL-Loader-62" daemon [_thread_in_native, id=17144, stack(0x000000003d1d0000,0x000000003d2d0000)]
  0x00000000235e0000 JavaThread "URL-Loader-61" daemon [_thread_in_native, id=6008, stack(0x000000003d0d0000,0x000000003d1d0000)]
  0x00000000235de800 JavaThread "URL-Loader-60" daemon [_thread_in_native, id=19264, stack(0x000000003cfd0000,0x000000003d0d0000)]
  0x00000000235dd800 JavaThread "URL-Loader-59" daemon [_thread_in_native, id=25844, stack(0x000000003ced0000,0x000000003cfd0000)]
  0x00000000235da800 JavaThread "URL-Loader-58" daemon [_thread_blocked, id=3772, stack(0x000000003cdd0000,0x000000003ced0000)]
  0x00000000235dd000 JavaThread "URL-Loader-57" daemon [_thread_blocked, id=22848, stack(0x000000003ccd0000,0x000000003cdd0000)]
  0x00000000235e3800 JavaThread "Thread-5" daemon [_thread_in_native, id=21640, stack(0x0000000032000000,0x0000000032100000)]
  0x00000000235e4800 JavaThread "Watchdog-Timer-1" daemon [_thread_blocked, id=22112, stack(0x0000000031e00000,0x0000000031f00000)]
  0x0000000023671800 JavaThread "FX Access Thread (Visual Debugger)" daemon [_thread_blocked, id=4536, stack(0x0000000024130000,0x0000000024230000)]
  0x000000001a133800 JavaThread "Prism Font Disposer" daemon [_thread_blocked, id=18604, stack(0x0000000022130000,0x0000000022230000)]
  0x0000000019fde000 JavaThread "Disposer" daemon [_thread_blocked, id=18352, stack(0x000000001ffe0000,0x00000000200e0000)]
  0x0000000019d25800 JavaThread "Thread-3" daemon [_thread_in_native, id=7948, stack(0x000000001eea0000,0x000000001efa0000)]
  0x0000000019d1f800 JavaThread "JavaFX-Launcher" [_thread_blocked, id=11924, stack(0x000000001efa0000,0x000000001f0a0000)]
=>0x0000000019c94000 JavaThread "JavaFX Application Thread" [_thread_in_native, id=15320, stack(0x000000001a800000,0x000000001a900000)]
  0x0000000019c9d000 JavaThread "Thread-1" daemon [_thread_blocked, id=16764, stack(0x000000001a700000,0x000000001a800000)]
  0x0000000019ca2000 JavaThread "QuantumRenderer-0" daemon [_thread_blocked, id=7180, stack(0x000000001a440000,0x000000001a540000)]
  0x0000000017a3d800 JavaThread "Service Thread" daemon [_thread_blocked, id=21456, stack(0x0000000019a40000,0x0000000019b40000)]
  0x0000000017a0f000 JavaThread "C1 CompilerThread2" daemon [_thread_blocked, id=27672, stack(0x0000000019540000,0x0000000019640000)]
  0x0000000017a0d000 JavaThread "C2 CompilerThread1" daemon [_thread_blocked, id=14836, stack(0x0000000019440000,0x0000000019540000)]
  0x0000000017a13800 JavaThread "C2 CompilerThread0" daemon [_thread_blocked, id=7752, stack(0x0000000019340000,0x0000000019440000)]
  0x0000000017a04800 JavaThread "JDWP Command Reader" daemon [_thread_in_native, id=27812, stack(0x0000000019240000,0x0000000019340000)]
  0x00000000179f7800 JavaThread "JDWP Event Helper Thread" daemon [_thread_blocked, id=10756, stack(0x0000000019140000,0x0000000019240000)]
  0x00000000179e9000 JavaThread "JDWP Transport Listener: dt_socket" daemon [_thread_blocked, id=21880, stack(0x0000000019040000,0x0000000019140000)]
  0x00000000179df000 JavaThread "Attach Listener" daemon [_thread_blocked, id=23524, stack(0x0000000018f40000,0x0000000019040000)]
  0x00000000179dd800 JavaThread "Signal Dispatcher" daemon [_thread_blocked, id=18320, stack(0x0000000018e40000,0x0000000018f40000)]
  0x00000000179ca800 JavaThread "Finalizer" daemon [_thread_blocked, id=27792, stack(0x0000000018c50000,0x0000000018d50000)]
  0x00000000179a9000 JavaThread "Reference Handler" daemon [_thread_blocked, id=25960, stack(0x0000000018b50000,0x0000000018c50000)]
  0x0000000002da2800 JavaThread "main" [_thread_blocked, id=76, stack(0x0000000002c90000,0x0000000002d90000)]

Other Threads:
  0x00000000179a8000 VMThread [stack: 0x0000000018a50000,0x0000000018b50000] [id=16348]
  0x000000001969f800 WatcherThread [stack: 0x0000000019b40000,0x0000000019c40000] [id=13492]

VM state:not at safepoint (normal execution)

VM Mutex/Monitor currently owned by a thread: None

Heap:
 PSYoungGen      total 223232K, used 20458K [0x00000000d5e00000, 0x00000000eca80000, 0x0000000100000000)
  eden space 209920K, 3% used [0x00000000d5e00000,0x00000000d64fbfe8,0x00000000e2b00000)
  from space 13312K, 99% used [0x00000000e2b00000,0x00000000e37fea58,0x00000000e3800000)
  to   space 20480K, 0% used [0x00000000eb680000,0x00000000eb680000,0x00000000eca80000)
 ParOldGen       total 49152K, used 24032K [0x0000000081a00000, 0x0000000084a00000, 0x00000000d5e00000)
  object space 49152K, 48% used [0x0000000081a00000,0x00000000831780b8,0x0000000084a00000)
 Metaspace       used 28488K, capacity 29784K, committed 29872K, reserved 1075200K
  class space    used 3713K, capacity 3987K, committed 4016K, reserved 1048576K

Card table byte_map: [0x0000000012260000,0x0000000012660000] byte_map_base: 0x0000000011e53000

Marking Bits: (ParMarkBitMap*) 0x000000007385a6d0
 Begin Bits: [0x0000000012d10000, 0x0000000014ca8000)
 End Bits:   [0x0000000014ca8000, 0x0000000016c40000)

Polling page: 0x0000000001270000

CodeCache: size=245760Kb used=18705Kb max_used=18760Kb free=227055Kb
 bounds [0x0000000002ea0000, 0x0000000004120000, 0x0000000011ea0000]
 total_blobs=6355 nmethods=5537 adapters=737
 compilation: enabled

Compilation events (10 events):
Event: 131.682 Thread 0x0000000017a0f000 6564   !   3       javax.crypto.JceSecurityManager::getCryptoPermission (438 bytes)
Event: 131.684 Thread 0x0000000017a0f000 nmethod 6564 0x00000000041128d0 code [0x0000000004112da0, 0x00000000041166c8]
Event: 131.685 Thread 0x0000000017a0f000 6566       3       javafx.scene.Node::isDisabled (19 bytes)
Event: 131.685 Thread 0x0000000017a0f000 nmethod 6566 0x00000000034150d0 code [0x0000000003415240, 0x0000000003415608]
Event: 131.686 Thread 0x0000000017a0f000 6565       3       javafx.scene.Node$3::onChanged (8 bytes)
Event: 131.686 Thread 0x0000000017a0f000 nmethod 6565 0x0000000003570550 code [0x00000000035706c0, 0x00000000035708e8]
Event: 131.690 Thread 0x0000000017a0f000 6567       3       java.lang.Throwable::<init> (39 bytes)
Event: 131.691 Thread 0x0000000017a0f000 nmethod 6567 0x00000000035a9f50 code [0x00000000035aa0c0, 0x00000000035aa3c8]
Event: 131.707 Thread 0x0000000017a13800 nmethod 6546 0x0000000004117f10 code [0x0000000004118240, 0x000000000411ac60]
Event: 131.708 Thread 0x0000000017a13800 6563       4       sun.security.ssl.CipherSuite$KeyExchange::isAvailable (76 bytes)

GC Heap History (10 events):
Event: 22.321 GC heap before
{Heap before GC invocations=8 (full 1):
 PSYoungGen      total 77824K, used 69016K [0x00000000d5e00000, 0x00000000db500000, 0x0000000100000000)
  eden space 66560K, 99% used [0x00000000d5e00000,0x00000000d9ef4370,0x00000000d9f00000)
  from space 11264K, 22% used [0x00000000daa00000,0x00000000dac71fd8,0x00000000db500000)
  to   space 11264K, 0% used [0x00000000d9f00000,0x00000000d9f00000,0x00000000daa00000)
 ParOldGen       total 49152K, used 8672K [0x0000000081a00000, 0x0000000084a00000, 0x00000000d5e00000)
  object space 49152K, 17% used [0x0000000081a00000,0x0000000082278108,0x0000000084a00000)
 Metaspace       used 24367K, capacity 25370K, committed 25648K, reserved 1071104K
  class space    used 3344K, capacity 3554K, committed 3632K, reserved 1048576K
Event: 22.324 GC heap after
Heap after GC invocations=8 (full 1):
 PSYoungGen      total 77824K, used 2566K [0x00000000d5e00000, 0x00000000df480000, 0x0000000100000000)
  eden space 66560K, 0% used [0x00000000d5e00000,0x00000000d5e00000,0x00000000d9f00000)
  from space 11264K, 22% used [0x00000000d9f00000,0x00000000da181950,0x00000000daa00000)
  to   space 10752K, 0% used [0x00000000dea00000,0x00000000dea00000,0x00000000df480000)
 ParOldGen       total 49152K, used 8672K [0x0000000081a00000, 0x0000000084a00000, 0x00000000d5e00000)
  object space 49152K, 17% used [0x0000000081a00000,0x0000000082278108,0x0000000084a00000)
 Metaspace       used 24367K, capacity 25370K, committed 25648K, reserved 1071104K
  class space    used 3344K, capacity 3554K, committed 3632K, reserved 1048576K
}
Event: 22.341 GC heap before
{Heap before GC invocations=9 (full 1):
 PSYoungGen      total 77824K, used 69079K [0x00000000d5e00000, 0x00000000df480000, 0x0000000100000000)
  eden space 66560K, 99% used [0x00000000d5e00000,0x00000000d9ef4408,0x00000000d9f00000)
  from space 11264K, 22% used [0x00000000d9f00000,0x00000000da181950,0x00000000daa00000)
  to   space 10752K, 0% used [0x00000000dea00000,0x00000000dea00000,0x00000000df480000)
 ParOldGen       total 49152K, used 8672K [0x0000000081a00000, 0x0000000084a00000, 0x00000000d5e00000)
  object space 49152K, 17% used [0x0000000081a00000,0x0000000082278108,0x0000000084a00000)
 Metaspace       used 24367K, capacity 25370K, committed 25648K, reserved 1071104K
  class space    used 3344K, capacity 3554K, committed 3632K, reserved 1048576K
Event: 22.343 GC heap after
Heap after GC invocations=9 (full 1):
 PSYoungGen      total 143360K, used 186K [0x00000000d5e00000, 0x00000000df480000, 0x0000000100000000)
  eden space 132608K, 0% used [0x00000000d5e00000,0x00000000d5e00000,0x00000000ddf80000)
  from space 10752K, 1% used [0x00000000dea00000,0x00000000dea2e9a8,0x00000000df480000)
  to   space 10752K, 0% used [0x00000000ddf80000,0x00000000ddf80000,0x00000000dea00000)
 ParOldGen       total 49152K, used 11055K [0x0000000081a00000, 0x0000000084a00000, 0x00000000d5e00000)
  object space 49152K, 22% used [0x0000000081a00000,0x00000000824cbeb0,0x0000000084a00000)
 Metaspace       used 24367K, capacity 25370K, committed 25648K, reserved 1071104K
  class space    used 3344K, capacity 3554K, committed 3632K, reserved 1048576K
}
Event: 40.555 GC heap before
{Heap before GC invocations=10 (full 1):
 PSYoungGen      total 143360K, used 131829K [0x00000000d5e00000, 0x00000000df480000, 0x0000000100000000)
  eden space 132608K, 99% used [0x00000000d5e00000,0x00000000dde8ee48,0x00000000ddf80000)
  from space 10752K, 1% used [0x00000000dea00000,0x00000000dea2e9a8,0x00000000df480000)
  to   space 10752K, 0% used [0x00000000ddf80000,0x00000000ddf80000,0x00000000dea00000)
 ParOldGen       total 49152K, used 11055K [0x0000000081a00000, 0x0000000084a00000, 0x00000000d5e00000)
  object space 49152K, 22% used [0x0000000081a00000,0x00000000824cbeb0,0x0000000084a00000)
 Metaspace       used 25822K, capacity 26924K, committed 27056K, reserved 1073152K
  class space    used 3485K, capacity 3723K, committed 3760K, reserved 1048576K
Event: 40.561 GC heap after
Heap after GC invocations=10 (full 1):
 PSYoungGen      total 143360K, used 7862K [0x00000000d5e00000, 0x00000000e4380000, 0x0000000100000000)
  eden space 132608K, 0% used [0x00000000d5e00000,0x00000000d5e00000,0x00000000ddf80000)
  from space 10752K, 73% used [0x00000000ddf80000,0x00000000de72da10,0x00000000dea00000)
  to   space 11776K, 0% used [0x00000000e3800000,0x00000000e3800000,0x00000000e4380000)
 ParOldGen       total 49152K, used 11063K [0x0000000081a00000, 0x0000000084a00000, 0x00000000d5e00000)
  object space 49152K, 22% used [0x0000000081a00000,0x00000000824cdeb0,0x0000000084a00000)
 Metaspace       used 25822K, capacity 26924K, committed 27056K, reserved 1073152K
  class space    used 3485K, capacity 3723K, committed 3760K, reserved 1048576K
}
Event: 55.271 GC heap before
{Heap before GC invocations=11 (full 1):
 PSYoungGen      total 143360K, used 140470K [0x00000000d5e00000, 0x00000000e4380000, 0x0000000100000000)
  eden space 132608K, 100% used [0x00000000d5e00000,0x00000000ddf80000,0x00000000ddf80000)
  from space 10752K, 73% used [0x00000000ddf80000,0x00000000de72da10,0x00000000dea00000)
  to   space 11776K, 0% used [0x00000000e3800000,0x00000000e3800000,0x00000000e4380000)
 ParOldGen       total 49152K, used 11063K [0x0000000081a00000, 0x0000000084a00000, 0x00000000d5e00000)
  object space 49152K, 22% used [0x0000000081a00000,0x00000000824cdeb0,0x0000000084a00000)
 Metaspace       used 26957K, capacity 28168K, committed 28336K, reserved 1073152K
  class space    used 3637K, capacity 3915K, committed 4016K, reserved 1048576K
Event: 55.277 GC heap after
Heap after GC invocations=11 (full 1):
 PSYoungGen      total 221696K, used 10143K [0x00000000d5e00000, 0x00000000e4600000, 0x0000000100000000)
  eden space 209920K, 0% used [0x00000000d5e00000,0x00000000d5e00000,0x00000000e2b00000)
  from space 11776K, 86% used [0x00000000e3800000,0x00000000e41e7da8,0x00000000e4380000)
  to   space 13312K, 0% used [0x00000000e2b00000,0x00000000e2b00000,0x00000000e3800000)
 ParOldGen       total 49152K, used 11071K [0x0000000081a00000, 0x0000000084a00000, 0x00000000d5e00000)
  object space 49152K, 22% used [0x0000000081a00000,0x00000000824cfeb0,0x0000000084a00000)
 Metaspace       used 26957K, capacity 28168K, committed 28336K, reserved 1073152K
  class space    used 3637K, capacity 3915K, committed 4016K, reserved 1048576K
}
Event: 131.627 GC heap before
{Heap before GC invocations=12 (full 1):
 PSYoungGen      total 221696K, used 220063K [0x00000000d5e00000, 0x00000000e4600000, 0x0000000100000000)
  eden space 209920K, 100% used [0x00000000d5e00000,0x00000000e2b00000,0x00000000e2b00000)
  from space 11776K, 86% used [0x00000000e3800000,0x00000000e41e7da8,0x00000000e4380000)
  to   space 13312K, 0% used [0x00000000e2b00000,0x00000000e2b00000,0x00000000e3800000)
 ParOldGen       total 49152K, used 11071K [0x0000000081a00000, 0x0000000084a00000, 0x00000000d5e00000)
  object space 49152K, 22% used [0x0000000081a00000,0x00000000824cff10,0x0000000084a00000)
 Metaspace       used 28485K, capacity 29784K, committed 29872K, reserved 1075200K
  class space    used 3713K, capacity 3987K, committed 4016K, reserved 1048576K
Event: 131.649 GC heap after
Heap after GC invocations=12 (full 1):
 PSYoungGen      total 223232K, used 13306K [0x00000000d5e00000, 0x00000000eca80000, 0x0000000100000000)
  eden space 209920K, 0% used [0x00000000d5e00000,0x00000000d5e00000,0x00000000e2b00000)
  from space 13312K, 99% used [0x00000000e2b00000,0x00000000e37fea58,0x00000000e3800000)
  to   space 20480K, 0% used [0x00000000eb680000,0x00000000eb680000,0x00000000eca80000)
 ParOldGen       total 49152K, used 24032K [0x0000000081a00000, 0x0000000084a00000, 0x00000000d5e00000)
  object space 49152K, 48% used [0x0000000081a00000,0x00000000831780b8,0x0000000084a00000)
 Metaspace       used 28485K, capacity 29784K, committed 29872K, reserved 1075200K
  class space    used 3713K, capacity 3987K, committed 4016K, reserved 1048576K
}

Deoptimization events (10 events):
Event: 93.773 Thread 0x0000000019ca2000 Uncommon trap: reason=class_check action=maybe_recompile pc=0x0000000003c0b064 method=com.sun.javafx.sg.prism.NGNode.doRender(Lcom/sun/prism/Graphics;)V @ 319
Event: 93.774 Thread 0x0000000019ca2000 Uncommon trap: reason=unstable_if action=reinterpret pc=0x000000000344d6f4 method=com.sun.javafx.geom.transform.AffineBase.updateState2D()V @ 86
Event: 93.774 Thread 0x0000000019ca2000 Uncommon trap: reason=unstable_if action=reinterpret pc=0x0000000003eb43fc method=com.sun.javafx.geom.transform.AffineBase.updateState2D()V @ 86
Event: 93.774 Thread 0x0000000019ca2000 Uncommon trap: reason=unstable_if action=reinterpret pc=0x0000000003c5acc4 method=com.sun.javafx.geom.transform.AffineBase.updateState2D()V @ 86
Event: 119.502 Thread 0x0000000019ca2000 Uncommon trap: reason=unstable_if action=reinterpret pc=0x0000000003e4037c method=java.lang.Math.round(F)I @ 23
Event: 122.473 Thread 0x0000000019c94000 Uncommon trap: reason=unstable_if action=reinterpret pc=0x000000000307ed00 method=java.lang.CharacterData.of(I)Ljava/lang/CharacterData; @ 4
Event: 122.770 Thread 0x0000000019c94000 Uncommon trap: reason=unstable_if action=reinterpret pc=0x0000000003b19010 method=javafx.scene.CssStyleHelper.lookup(Ljavafx/css/Styleable;Ljavafx/css/CssMetaData;Lcom/sun/javafx/css/StyleMap;Ljava/util/Set;Ljavafx/css/Styleable;Lcom/sun/javafx/css/Calcula—Åõf≤^@
Event: 122.788 Thread 0x0000000019ca2000 Uncommon trap: reason=unstable_if action=reinterpret pc=0x0000000004030864 method=com.sun.webkit.graphics.GraphicsDecoder.decode(Lcom/sun/webkit/graphics/WCGraphicsManager;Lcom/sun/webkit/graphics/WCGraphicsContext;Lcom/sun/webkit/graphics/BufferData;)V @ EÍ?ˇr`@
Event: 131.594 Thread 0x00000000235e0000 Uncommon trap: reason=unstable_if action=reinterpret pc=0x0000000003e8d838 method=java.util.concurrent.locks.ReentrantLock$Sync.nonfairTryAcquire(I)Z @ 19
Event: 131.598 Thread 0x0000000019ca2000 Uncommon trap: reason=class_check action=maybe_recompile pc=0x0000000003fbc444 method=com.sun.webkit.graphics.GraphicsDecoder.decode(Lcom/sun/webkit/graphics/WCGraphicsManager;Lcom/sun/webkit/graphics/WCGraphicsContext;Lcom/sun/webkit/graphics/BufferData;)£e¬mwqW@

Internal exceptions (10 events):
Event: 131.184 Thread 0x00000000235dd000 Exception <a 'java/io/FileNotFoundException'> (0x00000000e147f620) thrown at [C:\re\workspace\8-2-build-windows-amd64-cygwin\jdk8u101\7261\hotspot\src\share\vm\prims\jni.cpp, line 709]
Event: 131.185 Thread 0x0000000019c94000 Exception <a 'java/lang/ClassNotFoundException': sun/net/www/protocol/about/Handler> (0x00000000e1aad4e0) thrown at [C:\re\workspace\8-2-build-windows-amd64-cygwin\jdk8u101\7261\hotspot\src\share\vm\classfile\systemDictionary.cpp, line 210]
Event: 131.186 Thread 0x0000000019c94000 Exception <a 'java/lang/ClassNotFoundException': sun/net/www/protocol/about/Handler> (0x00000000e1aaf518) thrown at [C:\re\workspace\8-2-build-windows-amd64-cygwin\jdk8u101\7261\hotspot\src\share\vm\classfile\systemDictionary.cpp, line 210]
Event: 131.189 Thread 0x0000000019c94000 Exception <a 'java/lang/ClassNotFoundException': sun/net/www/protocol/about/Handler> (0x00000000e1ab4028) thrown at [C:\re\workspace\8-2-build-windows-amd64-cygwin\jdk8u101\7261\hotspot\src\share\vm\classfile\systemDictionary.cpp, line 210]
Event: 131.206 Thread 0x0000000019c94000 Exception <a 'java/lang/ClassNotFoundException': sun/net/www/protocol/about/Handler> (0x00000000e1ac1878) thrown at [C:\re\workspace\8-2-build-windows-amd64-cygwin\jdk8u101\7261\hotspot\src\share\vm\classfile\systemDictionary.cpp, line 210]
Event: 131.300 Thread 0x0000000019c94000 Exception <a 'java/io/FileNotFoundException'> (0x00000000e22aa728) thrown at [C:\re\workspace\8-2-build-windows-amd64-cygwin\jdk8u101\7261\hotspot\src\share\vm\prims\jni.cpp, line 709]
Event: 131.300 Thread 0x0000000019c94000 Exception <a 'java/io/FileNotFoundException'> (0x00000000e22ab7d0) thrown at [C:\re\workspace\8-2-build-windows-amd64-cygwin\jdk8u101\7261\hotspot\src\share\vm\prims\jni.cpp, line 709]
Event: 131.300 Thread 0x0000000019c94000 Exception <a 'java/io/FileNotFoundException'> (0x00000000e22ac8b8) thrown at [C:\re\workspace\8-2-build-windows-amd64-cygwin\jdk8u101\7261\hotspot\src\share\vm\prims\jni.cpp, line 709]
Event: 131.300 Thread 0x0000000019c94000 Exception <a 'java/io/FileNotFoundException'> (0x00000000e22ad948) thrown at [C:\re\workspace\8-2-build-windows-amd64-cygwin\jdk8u101\7261\hotspot\src\share\vm\prims\jni.cpp, line 709]
Event: 131.690 Thread 0x0000000019c94000 Exception <a 'java/lang/ClassNotFoundException': sun/net/www/protocol/about/Handler> (0x00000000d5e87b88) thrown at [C:\re\workspace\8-2-build-windows-amd64-cygwin\jdk8u101\7261\hotspot\src\share\vm\classfile\systemDictionary.cpp, line 210]

Events (10 events):
Event: 131.691 Thread 0x0000000019c94000 DEOPT UNPACKING pc=0x0000000002ee787f sp=0x000000001a8fb810 mode 1
Event: 131.691 Thread 0x0000000019c94000 DEOPT PACKING pc=0x0000000004054e2c sp=0x000000001a8fbb90
Event: 131.691 Thread 0x0000000019c94000 DEOPT UNPACKING pc=0x0000000002ee787f sp=0x000000001a8fb920 mode 1
Event: 131.691 Thread 0x0000000017a0f000 flushing nmethod 0x0000000003c56190
Event: 131.691 Thread 0x0000000017a0f000 flushing nmethod 0x0000000003c591d0
Event: 131.708 Thread 0x0000000017a13800 flushing nmethod 0x0000000003c95b50
Event: 131.708 Thread 0x0000000017a13800 flushing nmethod 0x0000000003cace90
Event: 131.708 Thread 0x0000000017a13800 flushing nmethod 0x0000000003ce6450
Event: 131.708 Thread 0x0000000017a13800 flushing nmethod 0x0000000003ce7110
Event: 131.708 Thread 0x0000000017a13800 flushing nmethod 0x0000000003d5dc50


Dynamic libraries:
0x00007ff65ea40000 - 0x00007ff65ea77000 	C:\Program Files\Java\jdk1.8.0_101\jre\bin\java.exe
0x00007ff9d1960000 - 0x00007ff9d1b3b000 	C:\WINDOWS\SYSTEM32\ntdll.dll
0x00007ff9d0e10000 - 0x00007ff9d0ebe000 	C:\WINDOWS\System32\KERNEL32.DLL
0x00007ff9cdf90000 - 0x00007ff9ce1d9000 	C:\WINDOWS\System32\KERNELBASE.dll
0x00007ff9d0330000 - 0x00007ff9d03d1000 	C:\WINDOWS\System32\ADVAPI32.dll
0x00007ff9d1770000 - 0x00007ff9d180d000 	C:\WINDOWS\System32\msvcrt.dll
0x00007ff9d13e0000 - 0x00007ff9d1439000 	C:\WINDOWS\System32\sechost.dll
0x00007ff9d1590000 - 0x00007ff9d16b5000 	C:\WINDOWS\System32\RPCRT4.dll
0x00007ff9d1810000 - 0x00007ff9d195a000 	C:\WINDOWS\System32\USER32.dll
0x00007ff9ce1e0000 - 0x00007ff9ce1fe000 	C:\WINDOWS\System32\win32u.dll
0x00007ff9ceec0000 - 0x00007ff9ceee7000 	C:\WINDOWS\System32\GDI32.dll
0x00007ff9ce520000 - 0x00007ff9ce6a8000 	C:\WINDOWS\System32\gdi32full.dll
0x00007ff9ce6b0000 - 0x00007ff9ce74a000 	C:\WINDOWS\System32\msvcp_win.dll
0x00007ff9ce3d0000 - 0x00007ff9ce4c6000 	C:\WINDOWS\System32\ucrtbase.dll
0x00007ff9c0450000 - 0x00007ff9c06b7000 	C:\WINDOWS\WinSxS\amd64_microsoft.windows.common-controls_6595b64144ccf1df_6.0.15063.483_none_26002d27e7c744a2\COMCTL32.dll
0x00007ff9d0470000 - 0x00007ff9d0769000 	C:\WINDOWS\System32\combase.dll
0x00007ff9ce750000 - 0x00007ff9ce7ba000 	C:\WINDOWS\System32\bcryptPrimitives.dll
0x00007ff9d0440000 - 0x00007ff9d046d000 	C:\WINDOWS\System32\IMM32.DLL
0x0000000076860000 - 0x0000000076932000 	C:\Program Files\Java\jdk1.8.0_101\jre\bin\msvcr100.dll
0x0000000073040000 - 0x00000000738da000 	C:\Program Files\Java\jdk1.8.0_101\jre\bin\server\jvm.dll
0x00007ff9d07d0000 - 0x00007ff9d07d8000 	C:\WINDOWS\System32\PSAPI.DLL
0x00007ff9c5340000 - 0x00007ff9c5363000 	C:\WINDOWS\SYSTEM32\WINMM.dll
0x00007ff9c9dc0000 - 0x00007ff9c9dc9000 	C:\WINDOWS\SYSTEM32\WSOCK32.dll
0x00007ff9c5330000 - 0x00007ff9c533a000 	C:\WINDOWS\SYSTEM32\VERSION.dll
0x00007ff9d1310000 - 0x00007ff9d137c000 	C:\WINDOWS\System32\WS2_32.dll
0x00007ff9c5300000 - 0x00007ff9c532b000 	C:\WINDOWS\SYSTEM32\WINMMBASE.dll
0x00007ff9ce4d0000 - 0x00007ff9ce519000 	C:\WINDOWS\System32\cfgmgr32.dll
0x0000000076810000 - 0x000000007681f000 	C:\Program Files\Java\jdk1.8.0_101\jre\bin\verify.dll
0x00000000767e0000 - 0x0000000076809000 	C:\Program Files\Java\jdk1.8.0_101\jre\bin\java.dll
0x00000000743f0000 - 0x0000000074425000 	C:\Program Files\Java\jdk1.8.0_101\jre\bin\jdwp.dll
0x00000000743e0000 - 0x00000000743e8000 	C:\Program Files\Java\jdk1.8.0_101\jre\bin\npt.dll
0x00000000767c0000 - 0x00000000767d6000 	C:\Program Files\Java\jdk1.8.0_101\jre\bin\zip.dll
0x00007ff9ceef0000 - 0x00007ff9d0327000 	C:\WINDOWS\System32\SHELL32.dll
0x00007ff9d16c0000 - 0x00007ff9d176a000 	C:\WINDOWS\System32\shcore.dll
0x00007ff9ce7c0000 - 0x00007ff9ceeb2000 	C:\WINDOWS\System32\windows.storage.dll
0x00007ff9d0770000 - 0x00007ff9d07c1000 	C:\WINDOWS\System32\shlwapi.dll
0x00007ff9cddd0000 - 0x00007ff9cdde1000 	C:\WINDOWS\System32\kernel.appcore.dll
0x00007ff9cde30000 - 0x00007ff9cde7c000 	C:\WINDOWS\System32\powrprof.dll
0x00007ff9cde10000 - 0x00007ff9cde25000 	C:\WINDOWS\System32\profapi.dll
0x00000000743d0000 - 0x00000000743d9000 	C:\Program Files\Java\jdk1.8.0_101\jre\bin\dt_socket.dll
0x00007ff9cd6e0000 - 0x00007ff9cd73c000 	C:\WINDOWS\system32\mswsock.dll
0x00007ff98d400000 - 0x00007ff98d4ef000 	C:\Program Files\Java\jdk1.8.0_101\jre\bin\msvcr120.dll
0x00007ff9a9880000 - 0x00007ff9a9926000 	C:\Program Files\Java\jdk1.8.0_101\jre\bin\msvcp120.dll
0x00000000743a0000 - 0x00000000743c2000 	C:\Program Files\Java\jdk1.8.0_101\jre\bin\prism_d3d.dll
0x00007ff97cc10000 - 0x00007ff97cd99000 	C:\WINDOWS\system32\d3d9.dll
0x00007ff9c3910000 - 0x00007ff9c393a000 	C:\WINDOWS\SYSTEM32\dwmapi.dll
0x00007ff9cc4e0000 - 0x00007ff9cc575000 	C:\WINDOWS\system32\uxtheme.dll
0x00007ff971470000 - 0x00007ff9739ad000 	C:\WINDOWS\SYSTEM32\igdumdim64.dll
0x00007ff9d1060000 - 0x00007ff9d1120000 	C:\WINDOWS\System32\OLEAUT32.dll
0x00007ff9d1440000 - 0x00007ff9d1585000 	C:\WINDOWS\System32\ole32.dll
0x00007ff9d09d0000 - 0x00007ff9d0e0b000 	C:\WINDOWS\System32\SETUPAPI.dll
0x0000000074350000 - 0x0000000074393000 	C:\Program Files\Java\jdk1.8.0_101\jre\bin\glass.dll
0x00007ff9d0800000 - 0x00007ff9d0908000 	C:\WINDOWS\System32\COMDLG32.dll
0x00007ff9d11a0000 - 0x00007ff9d1306000 	C:\WINDOWS\System32\MSCTF.dll
0x00007ff9bcdc0000 - 0x00007ff9bce61000 	C:\Program Files\Common Files\microsoft shared\ink\tiptsf.dll
0x00007ff9ba370000 - 0x00007ff9bb1e3000 	C:\WINDOWS\SYSTEM32\igc64.dll
0x0000000074330000 - 0x0000000074344000 	C:\Program Files\Java\jdk1.8.0_101\jre\bin\javafx_font.dll
0x00007ff9bc6d0000 - 0x00007ff9bc98f000 	C:\WINDOWS\SYSTEM32\dwrite.dll
0x000000006d940000 - 0x000000006fed0000 	C:\Program Files\Java\jdk1.8.0_101\jre\bin\jfxwebkit.dll
0x00007ff9cd880000 - 0x00007ff9cd897000 	C:\WINDOWS\SYSTEM32\CRYPTSP.dll
0x00007ff9cd300000 - 0x00007ff9cd334000 	C:\WINDOWS\system32\rsaenh.dll
0x00007ff9cd990000 - 0x00007ff9cd9b5000 	C:\WINDOWS\SYSTEM32\bcrypt.dll
0x00007ff9cd8a0000 - 0x00007ff9cd8ab000 	C:\WINDOWS\SYSTEM32\CRYPTBASE.dll
0x0000000074300000 - 0x0000000074323000 	C:\Program Files\Java\jdk1.8.0_101\jre\bin\javafx_iio.dll
0x00007ff9d0910000 - 0x00007ff9d09ae000 	C:\WINDOWS\System32\clbcatq.dll
0x00007ff9bf7f0000 - 0x00007ff9bf99c000 	C:\WINDOWS\SYSTEM32\WindowsCodecs.dll
0x00007ff9b6e20000 - 0x00007ff9b6e67000 	C:\WINDOWS\system32\dataexchange.dll
0x00007ff9cafb0000 - 0x00007ff9cb28f000 	C:\WINDOWS\system32\d3d11.dll
0x00007ff9cbd70000 - 0x00007ff9cbe92000 	C:\WINDOWS\system32\dcomp.dll
0x00007ff9ccc40000 - 0x00007ff9ccce4000 	C:\WINDOWS\system32\dxgi.dll
0x00007ff9cc6c0000 - 0x00007ff9cc830000 	C:\WINDOWS\system32\twinapi.appcore.dll
0x00007ff9bcf80000 - 0x00007ff9bcfb1000 	C:\Program Files\Common Files\Microsoft Shared\Ink\rtscom.dll
0x00007ff9c8fe0000 - 0x00007ff9c9062000 	C:\WINDOWS\System32\TextInputFramework.dll
0x00007ff9c2b40000 - 0x00007ff9c2e12000 	C:\WINDOWS\System32\CoreUIComponents.dll
0x00007ff9cbc80000 - 0x00007ff9cbd63000 	C:\WINDOWS\System32\CoreMessaging.dll
0x00007ff9cd130000 - 0x00007ff9cd161000 	C:\WINDOWS\SYSTEM32\ntmarta.dll
0x00007ff9ca1f0000 - 0x00007ff9ca329000 	C:\WINDOWS\SYSTEM32\wintypes.dll
0x00007ff9ca1d0000 - 0x00007ff9ca1e5000 	C:\WINDOWS\SYSTEM32\usermgrcli.dll
0x00007ff9b7720000 - 0x00007ff9b78e5000 	C:\Windows\System32\uiautomationcore.dll
0x00007ff9cdc30000 - 0x00007ff9cdcca000 	C:\WINDOWS\SYSTEM32\sxs.dll
0x00007ff9c0af0000 - 0x00007ff9c0b5b000 	C:\WINDOWS\SYSTEM32\OLEACC.dll
0x00000000742e0000 - 0x00000000742f1000 	C:\Program Files\Java\jdk1.8.0_101\jre\bin\prism_common.dll
0x00007ff9cb6d0000 - 0x00007ff9cbc74000 	C:\WINDOWS\SYSTEM32\d2d1.dll
0x00007ff9ce200000 - 0x00007ff9ce3c9000 	C:\WINDOWS\System32\CRYPT32.dll
0x00007ff9cddf0000 - 0x00007ff9cde01000 	C:\WINDOWS\System32\MSASN1.dll
0x00007ff990ba0000 - 0x00007ff990e75000 	C:\WINDOWS\SYSTEM32\D3D10Warp.dll
0x00007ff9ca330000 - 0x00007ff9ca4c6000 	C:\WINDOWS\SYSTEM32\PROPSYS.dll
0x00007ff9ca8e0000 - 0x00007ff9ca8eb000 	C:\WINDOWS\SYSTEM32\atlthunk.dll
0x00007ff99d0f0000 - 0x00007ff99d134000 	C:\WINDOWS\SYSTEM32\edputil.dll
0x00007ff99dd40000 - 0x00007ff99e1c2000 	C:\WINDOWS\system32\explorerframe.dll
0x00007ff9b81d0000 - 0x00007ff9b837b000 	C:\WINDOWS\system32\DUI70.dll
0x00007ff9c8e80000 - 0x00007ff9c8f13000 	C:\WINDOWS\system32\DUser.dll
0x00007ff9b5430000 - 0x00007ff9b5487000 	C:\Windows\System32\thumbcache.dll
0x00007ff9c79a0000 - 0x00007ff9c7a17000 	C:\WINDOWS\SYSTEM32\policymanager.dll
0x00007ff9c7910000 - 0x00007ff9c799f000 	C:\WINDOWS\SYSTEM32\msvcp110_win.dll
0x00007ff9b7e70000 - 0x00007ff9b7ff8000 	C:\Windows\System32\Windows.Globalization.dll
0x00007ff9c3350000 - 0x00007ff9c33b9000 	C:\Windows\System32\Bcp47Langs.dll
0x00007ff9c67d0000 - 0x00007ff9c6800000 	C:\WINDOWS\SYSTEM32\globinputhost.dll
0x00007ff98f560000 - 0x00007ff98f601000 	C:\WINDOWS\System32\StructuredQuery.dll
0x00007ff9c29d0000 - 0x00007ff9c29eb000 	C:\WINDOWS\SYSTEM32\MPR.dll
0x00007ff9caee0000 - 0x00007ff9caeeb000 	C:\WINDOWS\System32\drprov.dll
0x00007ff9ccf30000 - 0x00007ff9ccf85000 	C:\WINDOWS\System32\WINSTA.dll
0x00007ff9caec0000 - 0x00007ff9caed6000 	C:\WINDOWS\System32\ntlanman.dll
0x00007ff9ca4d0000 - 0x00007ff9ca4f0000 	C:\WINDOWS\System32\davclnt.dll
0x00007ff9ca8d0000 - 0x00007ff9ca8dc000 	C:\WINDOWS\System32\DAVHLPR.dll
0x00007ff9c8bd0000 - 0x00007ff9c8be6000 	C:\WINDOWS\System32\wkscli.dll
0x00007ff9b4810000 - 0x00007ff9b4822000 	C:\WINDOWS\SYSTEM32\cscapi.dll
0x00007ff9cd570000 - 0x00007ff9cd57d000 	C:\WINDOWS\System32\netutils.dll
0x00007ff9cc3a0000 - 0x00007ff9cc41e000 	C:\WINDOWS\SYSTEM32\apphelp.dll
0x00007ff9c4dd0000 - 0x00007ff9c4e1a000 	C:\Windows\System32\dlnashext.dll
0x00007ff99ab50000 - 0x00007ff99abbd000 	C:\Windows\System32\PlayToDevice.dll
0x00007ff9c8e60000 - 0x00007ff9c8e7e000 	C:\Windows\System32\DevDispItemProvider.dll
0x00007ff9c7ad0000 - 0x00007ff9c7b37000 	C:\WINDOWS\System32\MMDevApi.dll
0x00007ff9cc8f0000 - 0x00007ff9cc918000 	C:\WINDOWS\System32\DEVOBJ.dll
0x00007ff9c98a0000 - 0x00007ff9c993c000 	C:\Windows\System32\PortableDeviceApi.dll
0x00007ff9cdf30000 - 0x00007ff9cdf86000 	C:\WINDOWS\System32\WINTRUST.dll
0x00007ff9b60b0000 - 0x00007ff9b60d5000 	C:\Windows\System32\EhStorAPI.dll
0x00007ff9c9da0000 - 0x00007ff9c9db3000 	C:\Windows\System32\WTSAPI32.dll
0x00007ff996b60000 - 0x00007ff996c2a000 	C:\WINDOWS\system32\Windows.Storage.Search.dll
0x00007ff9d1120000 - 0x00007ff9d1191000 	C:\WINDOWS\System32\coml2.dll
0x00007ff9b7930000 - 0x00007ff9b7e61000 	C:\Windows\System32\OneCoreUAPCommonProxyStub.dll
0x00007ff9c9510000 - 0x00007ff9c9520000 	C:\WINDOWS\SYSTEM32\LINKINFO.dll
0x00007ff9c30b0000 - 0x00007ff9c3132000 	C:\Windows\System32\twinapi.dll
0x00007ff9b48c0000 - 0x00007ff9b48f6000 	C:\Windows\System32\EhStorShell.dll
0x00007ff9a5880000 - 0x00007ff9a58ff000 	C:\Program Files (x86)\Adobe\Adobe Creative Cloud\CoreSyncExtension\CoreSync_x64.dll
0x00007ff9a05e0000 - 0x00007ff9a0861000 	C:\Users\Loh Jing Yen\AppData\Local\Microsoft\OneDrive\17.3.6917.0607\amd64\FileSyncShell64.dll
0x00007ff9bfa50000 - 0x00007ff9bfd7e000 	C:\WINDOWS\SYSTEM32\WININET.dll
0x00007ff9a01f0000 - 0x00007ff9a04ee000 	C:\Program Files (x86)\Microsoft Office\root\VFS\ProgramFilesX64\Microsoft Office\Office16\GROOVEEX.DLL

VM Arguments:
jvm_args: -Xdebug -Xrunjdwp:transport=dt_socket,server=n,address=56724 -Dglass.disableGrab=true 
java_command: D:\Netbeans\CheeChoo\target/CheeChoo-1.0-SNAPSHOT.jar
java_class_path (initial): D:\Netbeans\CheeChoo\target/CheeChoo-1.0-SNAPSHOT.jar
Launcher Type: SUN_STANDARD

Environment Variables:
JAVA_HOME=C:\Program Files\Java\jdk1.8.0_101
PATH=C:\ProgramData\Oracle\Java\javapath;C:\WINDOWS\system32;C:\WINDOWS;C:\WINDOWS\System32\Wbem;C:\WINDOWS\System32\WindowsPowerShell\v1.0\;C:\Program Files\Microsoft SQL Server\120\Tools\Binn\;C:\Program Files\Microsoft SQL Server\130\Tools\Binn\;C:\Program Files\Microsoft\Web Platform Installer\;C:\Program Files (x86)\Microsoft SQL Server\110\DTS\Binn\;C:\Program Files (x86)\Microsoft SQL Server\120\DTS\Binn\;C:\Program Files (x86)\Microsoft SQL Server\130\DTS\Binn\;C:\Program Files\Microsoft SQL Server\Client SDK\ODBC\130\Tools\Binn\;C:\Program Files (x86)\Microsoft SQL Server\130\Tools\Binn\;C:\Program Files\Microsoft SQL Server\130\DTS\Binn\;C:\Program Files (x86)\Microsoft Emulator Manager\1.0\;C:\Program Files (x86)\Microsoft SQL Server\Client SDK\ODBC\130\Tools\Binn\;C:\Program Files (x86)\Microsoft SQL Server\130\Tools\Binn\ManagementStudio\;C:\Program Files\Intel\WiFi\bin\;C:\Program Files\Common Files\Intel\WirelessCommon\;C:\Program Files (x86)\Heroku\bin;C:\Program Files (x86)\git\cmd;C:\ProgramData\chocolatey\bin;C:\Program Files\Git\cmd;C:\Program Files\MySQL\MySQL Utilities 1.6\;C:\Program Files\Java\jdk1.8.0_101\bin;C:\Program Files\dotnet\;C:\Program Files\nodejs\;C:\Program Files (x86)\Yarn\bin;C:\Anaconda3;C:\Anaconda3\Scripts;C:\Anaconda3\Library\bin;C:\Ruby22-x64\bin;C:\Users\Loh Jing Yen\AppData\Local\Microsoft\WindowsApps;C:\Program Files\Intel\WiFi\bin\;C:\Program Files\Common Files\Intel\WirelessCommon\;C:\Program Files (x86)\Microsoft VS Code\bin;C:\Users\Loh Jing Yen\AppData\Local\Microsoft\WindowsApps;C:\Users\Loh Jing Yen\AppData\Roaming\npm;C:\Users\Loh Jing Yen\AppData\Local\Yarn\bin;C:\Program Files\MongoDB\Server\3.4\bin;C:\tools\neovim\Neovim\bin;C:\Users\Loh Jing Yen\AppData\Local\Pandoc\
USERNAME=Loh Jing Yen
OS=Windows_NT
PROCESSOR_IDENTIFIER=Intel64 Family 6 Model 78 Stepping 3, GenuineIntel



---------------  S Y S T E M  ---------------

OS: Windows 10.0 , 64 bit Build 15063 (10.0.15063.296)

CPU:total 4 (2 cores per cpu, 2 threads per core) family 6 model 78 stepping 3, cmov, cx8, fxsr, mmx, sse, sse2, sse3, ssse3, sse4.1, sse4.2, popcnt, avx, avx2, aes, clmul, erms, 3dnowpref, lzcnt, ht, tsc, tscinvbit, bmi1, bmi2, adx

Memory: 4k page, physical 8280512k(969396k free), swap 14154096k(1655552k free)

vm_info: Java HotSpot(TM) 64-Bit Server VM (25.101-b13) for windows-amd64 JRE (1.8.0_101-b13), built on Jun 22 2016 01:21:29 by "java_re" with MS VC++ 10.0 (VS2010)

time: Tue Jul 25 18:44:06 2017
elapsed time: 131 seconds (0d 0h 2m 11s)

