#
# A fatal error has been detected by the Java Runtime Environment:
#
#  EXCEPTION_ACCESS_VIOLATION (0xc0000005) at pc=0x000000006e580670, pid=21368, tid=0x00000000000025a4
#
# JRE version: Java(TM) SE Runtime Environment (8.0_101-b13) (build 1.8.0_101-b13)
# Java VM: Java HotSpot(TM) 64-Bit Server VM (25.101-b13 mixed mode windows-amd64 compressed oops)
# Problematic frame:
# C  [uxtheme.dll+0xc40670]
#
# Failed to write core dump. Minidumps are not enabled by default on client versions of Windows
#
# If you would like to submit a bug report, please visit:
#   http://bugreport.java.com/bugreport/crash.jsp
# The crash happened outside the Java Virtual Machine in native code.
# See problematic frame for where to report the bug.
#

---------------  T H R E A D  ---------------

Current thread (0x00000000197fa800):  JavaThread "JavaFX Application Thread" [_thread_in_native, id=9636, stack(0x000000001a390000,0x000000001a490000)]

siginfo: ExceptionCode=0xc0000005, reading address 0x0000000000000008

Registers:
RAX=0x0000000000000000, RBX=0x00000000351fdfe0, RCX=0x000000001fcb5270, RDX=0x0000000000000000
RSP=0x000000001a48b948, RBP=0x00000000ffffffff, RSI=0x0000000000000000, RDI=0x000000002a602c70
R8 =0x000000001fcb5270, R9 =0x000000001fcb5330, R10=0x0000000000000000, R11=0x0000000000000000
R12=0x000000001fa6fe00, R13=0x000000001ef4ddf0, R14=0x0000000000000000, R15=0x000000001fa6fda0
RIP=0x000000006e580670, EFLAGS=0x0000000000010246

Top of Stack: (sp=0x000000001a48b948)
0x000000001a48b948:   000000006e5660b8 fffffffffffffffe
0x000000001a48b958:   00000000351fdfe0 00000000351fdfe0
0x000000001a48b968:   000000006e66e499 0000000035af55b0
0x000000001a48b978:   000000001a48b9d0 000000001fcb5270
0x000000001a48b988:   fffffffffffffffe 000000001ef4ddf0
0x000000001a48b998:   00000000ffffffff 0000000000000000
0x000000001a48b9a8:   000000002a602c70 00000000351fdfe0
0x000000001a48b9b8:   000000006e5666de 000000001fcb5270
0x000000001a48b9c8:   000000001a48b9f0 0000000000000000
0x000000001a48b9d8:   0000000000000000 0000000000000000
0x000000001a48b9e8:   000000001a48ba38 0000000000000000
0x000000001a48b9f8:   000000001ef4de08 fffffffffffffffe
0x000000001a48ba08:   00000000351fdfe0 000000002a602c70
0x000000001a48ba18:   00000000282d9cb0 000000001a48c550
0x000000001a48ba28:   000000006e5715f8 0000000000000000
0x000000001a48ba38:   0000000000000000 000000001a48bb30 

Instructions: (pc=0x000000006e580670)
0x000000006e580650:   48 8b 81 b0 00 00 00 4c 8d 89 c0 00 00 00 4c 8b
0x000000006e580660:   c1 49 3b c1 74 38 45 33 d2 0f 1f 80 00 00 00 00
0x000000006e580670:   48 8b 50 08 4c 89 50 10 4c 89 50 20 48 85 d2 74
0x000000006e580680:   11 48 8b 08 48 89 0a 48 89 51 08 4c 89 50 08 4c 


Register to memory mapping:

RAX=0x0000000000000000 is an unknown value
RBX=0x00000000351fdfe0 is an unknown value
RCX=0x000000001fcb5270 is an unknown value
RDX=0x0000000000000000 is an unknown value
RSP=0x000000001a48b948 is pointing into the stack for thread: 0x00000000197fa800
RBP=0x00000000ffffffff is an unallocated location in the heap
RSI=0x0000000000000000 is an unknown value
RDI=0x000000002a602c70 is an unknown value
R8 =0x000000001fcb5270 is an unknown value
R9 =0x000000001fcb5330 is an unknown value
R10=0x0000000000000000 is an unknown value
R11=0x0000000000000000 is an unknown value
R12=0x000000001fa6fe00 is an unknown value
R13=0x000000001ef4ddf0 is an unknown value
R14=0x0000000000000000 is an unknown value
R15=0x000000001fa6fda0 is an unknown value


Stack: [0x000000001a390000,0x000000001a490000],  sp=0x000000001a48b948,  free space=1006k
Native frames: (J=compiled Java code, j=interpreted, Vv=VM code, C=native code)
C  [jfxwebkit.dll+0xc40670]

Java frames: (J=compiled Java code, j=interpreted, Vv=VM code)
j  com.sun.webkit.network.URLLoader.twkDidFinishLoading(J)V+0
j  com.sun.webkit.network.URLLoader.notifyDidFinishLoading()V+44
j  com.sun.webkit.network.URLLoader.lambda$didFinishLoading$98()V+8
j  com.sun.webkit.network.URLLoader$$Lambda$309.run()V+4
j  com.sun.javafx.application.PlatformImpl.lambda$null$173(Ljava/lang/Runnable;)Ljava/lang/Void;+1
j  com.sun.javafx.application.PlatformImpl$$Lambda$50.run()Ljava/lang/Object;+4
v  ~StubRoutines::call_stub
J 1612  java.security.AccessController.doPrivileged(Ljava/security/PrivilegedAction;Ljava/security/AccessControlContext;)Ljava/lang/Object; (0 bytes) @ 0x0000000002f8e766 [0x0000000002f8e700+0x66]
J 4739 C1 com.sun.javafx.application.PlatformImpl.lambda$runLater$174(Ljava/lang/Runnable;Ljava/security/AccessControlContext;)V (38 bytes) @ 0x0000000003726c24 [0x0000000003726880+0x3a4]
J 4738 C1 com.sun.javafx.application.PlatformImpl$$Lambda$49.run()V (12 bytes) @ 0x00000000037283cc [0x0000000003728340+0x8c]
J 1993 C1 com.sun.glass.ui.InvokeLaterDispatcher$Future.run()V (91 bytes) @ 0x000000000307c26c [0x000000000307c160+0x10c]
v  ~StubRoutines::call_stub
j  com.sun.glass.ui.win.WinApplication._runLoop(Ljava/lang/Runnable;)V+0
j  com.sun.glass.ui.win.WinApplication.lambda$null$148(ILjava/lang/Runnable;)V+8
j  com.sun.glass.ui.win.WinApplication$$Lambda$38.run()V+12
j  java.lang.Thread.run()V+11
v  ~StubRoutines::call_stub

---------------  P R O C E S S  ---------------

Java Threads: ( => current thread )
  0x00000000192a3800 JavaThread "Thread-10" daemon [_thread_blocked, id=19132, stack(0x00000000368c0000,0x00000000369c0000)]
  0x00000000192a5800 JavaThread "URL-Loader-40" daemon [_thread_in_native, id=7660, stack(0x00000000365c0000,0x00000000366c0000)]
  0x00000000192a1000 JavaThread "URL-Loader-39" daemon [_thread_in_native, id=18572, stack(0x00000000364c0000,0x00000000365c0000)]
  0x0000000022823000 JavaThread "URL-Loader-38" daemon [_thread_in_native, id=16956, stack(0x00000000363c0000,0x00000000364c0000)]
  0x0000000022823800 JavaThread "URL-Loader-37" daemon [_thread_blocked, id=14088, stack(0x00000000362c0000,0x00000000363c0000)]
  0x0000000022820000 JavaThread "URL-Loader-36" daemon [_thread_in_native, id=12180, stack(0x00000000361c0000,0x00000000362c0000)]
  0x000000002281e800 JavaThread "Thread-9" daemon [_thread_in_native, id=16124, stack(0x00000000360c0000,0x00000000361c0000)]
  0x0000000022820800 JavaThread "URL-Loader-35" daemon [_thread_in_native, id=4908, stack(0x0000000034ff0000,0x00000000350f0000)]
  0x000000002281d800 JavaThread "URL-Loader-34" daemon [_thread_in_native, id=23816, stack(0x0000000034ef0000,0x0000000034ff0000)]
  0x0000000022821800 JavaThread "URL-Loader-33" daemon [_thread_in_native, id=25168, stack(0x0000000034df0000,0x0000000034ef0000)]
  0x000000002281f000 JavaThread "URL-Loader-32" daemon [_thread_in_native, id=21732, stack(0x0000000034bf0000,0x0000000034cf0000)]
  0x0000000022822000 JavaThread "URL-Loader-31" daemon [_thread_in_native, id=10904, stack(0x0000000033b20000,0x0000000033c20000)]
  0x0000000022816000 JavaThread "URL-Loader-30" daemon [_thread_in_native, id=12960, stack(0x0000000033a20000,0x0000000033b20000)]
  0x000000002281a000 JavaThread "URL-Loader-29" daemon [_thread_in_native, id=22704, stack(0x0000000033920000,0x0000000033a20000)]
  0x000000002281d000 JavaThread "Keep-Alive-Timer" daemon [_thread_blocked, id=25932, stack(0x0000000033820000,0x0000000033920000)]
  0x000000002281a800 JavaThread "URL-Loader-28" daemon [_thread_in_native, id=9464, stack(0x0000000033520000,0x0000000033620000)]
  0x0000000022815000 JavaThread "URL-Loader-27" daemon [_thread_in_native, id=26208, stack(0x0000000033420000,0x0000000033520000)]
  0x0000000022819000 JavaThread "URL-Loader-26" daemon [_thread_in_native, id=28212, stack(0x0000000033320000,0x0000000033420000)]
  0x0000000022817800 JavaThread "URL-Loader-25" daemon [_thread_in_native, id=25624, stack(0x0000000033220000,0x0000000033320000)]
  0x000000002281c000 JavaThread "URL-Loader-24" daemon [_thread_blocked, id=22884, stack(0x0000000033120000,0x0000000033220000)]
  0x0000000022816800 JavaThread "URL-Loader-23" daemon [_thread_blocked, id=11768, stack(0x0000000033020000,0x0000000033120000)]
  0x000000002281b800 JavaThread "URL-Loader-22" daemon [_thread_in_native, id=17404, stack(0x0000000032f20000,0x0000000033020000)]
  0x0000000022818000 JavaThread "URL-Loader-21" daemon [_thread_blocked, id=9032, stack(0x0000000032e20000,0x0000000032f20000)]
  0x0000000022824800 JavaThread "Keep-Alive-SocketCleaner" daemon [_thread_blocked, id=4704, stack(0x0000000032820000,0x0000000032920000)]
  0x000000001929f000 JavaThread "Watchdog-Timer-1" daemon [_thread_blocked, id=10816, stack(0x0000000030a00000,0x0000000030b00000)]
  0x000000002285a000 JavaThread "FX Access Thread (Visual Debugger)" daemon [_thread_blocked, id=23460, stack(0x0000000023b90000,0x0000000023c90000)]
  0x0000000019beb800 JavaThread "Prism Font Disposer" daemon [_thread_blocked, id=21988, stack(0x0000000021c70000,0x0000000021d70000)]
  0x0000000019abd800 JavaThread "Disposer" daemon [_thread_blocked, id=10084, stack(0x000000001fad0000,0x000000001fbd0000)]
  0x0000000019885000 JavaThread "Thread-3" daemon [_thread_in_native, id=19708, stack(0x000000001e930000,0x000000001ea30000)]
  0x000000001988c800 JavaThread "JavaFX-Launcher" [_thread_blocked, id=7060, stack(0x000000001ea30000,0x000000001eb30000)]
=>0x00000000197fa800 JavaThread "JavaFX Application Thread" [_thread_in_native, id=9636, stack(0x000000001a390000,0x000000001a490000)]
  0x00000000197e7800 JavaThread "Thread-1" daemon [_thread_blocked, id=21968, stack(0x000000001a290000,0x000000001a390000)]
  0x00000000197e1800 JavaThread "QuantumRenderer-0" daemon [_thread_in_native, id=7248, stack(0x0000000019fc0000,0x000000001a0c0000)]
  0x000000001921a800 JavaThread "Service Thread" daemon [_thread_blocked, id=25392, stack(0x00000000195c0000,0x00000000196c0000)]
  0x00000000175b9800 JavaThread "C1 CompilerThread2" daemon [_thread_blocked, id=22324, stack(0x00000000190c0000,0x00000000191c0000)]
  0x00000000175ac000 JavaThread "C2 CompilerThread1" daemon [_thread_blocked, id=22204, stack(0x0000000018fc0000,0x00000000190c0000)]
  0x00000000175b3000 JavaThread "C2 CompilerThread0" daemon [_thread_blocked, id=24052, stack(0x0000000018ec0000,0x0000000018fc0000)]
  0x000000001759a800 JavaThread "JDWP Command Reader" daemon [_thread_in_native, id=6920, stack(0x0000000018dc0000,0x0000000018ec0000)]
  0x0000000017597800 JavaThread "JDWP Event Helper Thread" daemon [_thread_blocked, id=21932, stack(0x0000000018cc0000,0x0000000018dc0000)]
  0x0000000017588800 JavaThread "JDWP Transport Listener: dt_socket" daemon [_thread_blocked, id=17620, stack(0x0000000018bc0000,0x0000000018cc0000)]
  0x000000001757f000 JavaThread "Attach Listener" daemon [_thread_blocked, id=24296, stack(0x0000000018ac0000,0x0000000018bc0000)]
  0x000000001757e000 JavaThread "Signal Dispatcher" daemon [_thread_blocked, id=20168, stack(0x00000000189c0000,0x0000000018ac0000)]
  0x0000000017569000 JavaThread "Finalizer" daemon [_thread_blocked, id=11728, stack(0x00000000187d0000,0x00000000188d0000)]
  0x0000000002a34000 JavaThread "Reference Handler" daemon [_thread_blocked, id=3584, stack(0x00000000186d0000,0x00000000187d0000)]
  0x0000000002942800 JavaThread "main" [_thread_blocked, id=8792, stack(0x0000000002760000,0x0000000002860000)]

Other Threads:
  0x0000000017547800 VMThread [stack: 0x00000000185d0000,0x00000000186d0000] [id=8488]
  0x0000000019234000 WatcherThread [stack: 0x00000000196c0000,0x00000000197c0000] [id=2300]

VM state:not at safepoint (normal execution)

VM Mutex/Monitor currently owned by a thread: None

Heap:
 PSYoungGen      total 222208K, used 69674K [0x00000000d5e00000, 0x00000000e4580000, 0x0000000100000000)
  eden space 210432K, 29% used [0x00000000d5e00000,0x00000000d99c3740,0x00000000e2b80000)
  from space 11776K, 71% used [0x00000000e3800000,0x00000000e4047458,0x00000000e4380000)
  to   space 12800K, 0% used [0x00000000e2b80000,0x00000000e2b80000,0x00000000e3800000)
 ParOldGen       total 49152K, used 11060K [0x0000000081a00000, 0x0000000084a00000, 0x00000000d5e00000)
  object space 49152K, 22% used [0x0000000081a00000,0x00000000824cd2c0,0x0000000084a00000)
 Metaspace       used 27213K, capacity 28400K, committed 28592K, reserved 1073152K
  class space    used 3649K, capacity 3909K, committed 4016K, reserved 1048576K

Card table byte_map: [0x0000000011e00000,0x0000000012200000] byte_map_base: 0x00000000119f3000

Marking Bits: (ParMarkBitMap*) 0x000000007385a6d0
 Begin Bits: [0x00000000128b0000, 0x0000000014848000)
 End Bits:   [0x0000000014848000, 0x00000000167e0000)

Polling page: 0x0000000000df0000

CodeCache: size=245760Kb used=13118Kb max_used=13206Kb free=232641Kb
 bounds [0x0000000002a40000, 0x0000000003740000, 0x0000000011a40000]
 total_blobs=4864 nmethods=4067 adapters=716
 compilation: enabled

Compilation events (10 events):
Event: 69.504 Thread 0x00000000175b9800 nmethod 4760 0x0000000002c5e810 code [0x0000000002c5e960, 0x0000000002c5ea70]
Event: 69.509 Thread 0x00000000175b9800 4761 %     3       com.sun.javafx.sg.prism.EffectUtil::fillGaussian @ 132 (219 bytes)
Event: 69.510 Thread 0x00000000175b9800 nmethod 4761% 0x00000000033f9ad0 code [0x00000000033f9ce0, 0x00000000033fa8d0]
Event: 69.514 Thread 0x00000000175b9800 4762   !   3       java.io.PrintStream::flush (35 bytes)
Event: 69.515 Thread 0x00000000175b9800 nmethod 4762 0x00000000033f9050 code [0x00000000033f9200, 0x00000000033f97d8]
Event: 69.515 Thread 0x00000000175b9800 4763       1       com.sun.javafx.webkit.prism.WCGraphicsPrismContext$ContextState::getCompositeOperation (5 bytes)
Event: 69.515 Thread 0x00000000175b9800 nmethod 4763 0x0000000002c5e290 code [0x0000000002c5e3e0, 0x0000000002c5e4f0]
Event: 69.523 Thread 0x00000000175b3000 4764       4       java.lang.Character::digit (6 bytes)
Event: 69.524 Thread 0x00000000175b9800 4765       3       com.sun.javafx.geom.transform.GeneralTransform3D::ortho (189 bytes)
Event: 69.524 Thread 0x00000000175b3000 nmethod 4764 0x0000000002db3210 code [0x0000000002db3360, 0x0000000002db3498]

GC Heap History (10 events):
Event: 23.002 GC heap before
{Heap before GC invocations=7 (full 1):
 PSYoungGen      total 38400K, used 35692K [0x00000000d5e00000, 0x00000000db600000, 0x0000000100000000)
  eden space 33280K, 99% used [0x00000000d5e00000,0x00000000d7e623a8,0x00000000d7e80000)
  from space 5120K, 49% used [0x00000000d7e80000,0x00000000d80f9030,0x00000000d8380000)
  to   space 11776K, 0% used [0x00000000daa80000,0x00000000daa80000,0x00000000db600000)
 ParOldGen       total 49152K, used 8632K [0x0000000081a00000, 0x0000000084a00000, 0x00000000d5e00000)
  object space 49152K, 17% used [0x0000000081a00000,0x000000008226e290,0x0000000084a00000)
 Metaspace       used 24453K, capacity 25506K, committed 25904K, reserved 1071104K
  class space    used 3343K, capacity 3554K, committed 3632K, reserved 1048576K
Event: 23.006 GC heap after
Heap after GC invocations=7 (full 1):
 PSYoungGen      total 77312K, used 2566K [0x00000000d5e00000, 0x00000000db500000, 0x0000000100000000)
  eden space 66560K, 0% used [0x00000000d5e00000,0x00000000d5e00000,0x00000000d9f00000)
  from space 10752K, 23% used [0x00000000daa80000,0x00000000dad018f0,0x00000000db500000)
  to   space 11264K, 0% used [0x00000000d9f00000,0x00000000d9f00000,0x00000000daa00000)
 ParOldGen       total 49152K, used 8632K [0x0000000081a00000, 0x0000000084a00000, 0x00000000d5e00000)
  object space 49152K, 17% used [0x0000000081a00000,0x000000008226e290,0x0000000084a00000)
 Metaspace       used 24453K, capacity 25506K, committed 25904K, reserved 1071104K
  class space    used 3343K, capacity 3554K, committed 3632K, reserved 1048576K
}
Event: 23.026 GC heap before
{Heap before GC invocations=8 (full 1):
 PSYoungGen      total 77312K, used 69095K [0x00000000d5e00000, 0x00000000db500000, 0x0000000100000000)
  eden space 66560K, 99% used [0x00000000d5e00000,0x00000000d9ef8340,0x00000000d9f00000)
  from space 10752K, 23% used [0x00000000daa80000,0x00000000dad018f0,0x00000000db500000)
  to   space 11264K, 0% used [0x00000000d9f00000,0x00000000d9f00000,0x00000000daa00000)
 ParOldGen       total 49152K, used 8632K [0x0000000081a00000, 0x0000000084a00000, 0x00000000d5e00000)
  object space 49152K, 17% used [0x0000000081a00000,0x000000008226e290,0x0000000084a00000)
 Metaspace       used 24453K, capacity 25506K, committed 25904K, reserved 1071104K
  class space    used 3343K, capacity 3554K, committed 3632K, reserved 1048576K
Event: 23.029 GC heap after
Heap after GC invocations=8 (full 1):
 PSYoungGen      total 77824K, used 2616K [0x00000000d5e00000, 0x00000000df480000, 0x0000000100000000)
  eden space 66560K, 0% used [0x00000000d5e00000,0x00000000d5e00000,0x00000000d9f00000)
  from space 11264K, 23% used [0x00000000d9f00000,0x00000000da18e028,0x00000000daa00000)
  to   space 10752K, 0% used [0x00000000dea00000,0x00000000dea00000,0x00000000df480000)
 ParOldGen       total 49152K, used 8632K [0x0000000081a00000, 0x0000000084a00000, 0x00000000d5e00000)
  object space 49152K, 17% used [0x0000000081a00000,0x000000008226e290,0x0000000084a00000)
 Metaspace       used 24453K, capacity 25506K, committed 25904K, reserved 1071104K
  class space    used 3343K, capacity 3554K, committed 3632K, reserved 1048576K
}
Event: 23.046 GC heap before
{Heap before GC invocations=9 (full 1):
 PSYoungGen      total 77824K, used 69105K [0x00000000d5e00000, 0x00000000df480000, 0x0000000100000000)
  eden space 66560K, 99% used [0x00000000d5e00000,0x00000000d9eee788,0x00000000d9f00000)
  from space 11264K, 23% used [0x00000000d9f00000,0x00000000da18e028,0x00000000daa00000)
  to   space 10752K, 0% used [0x00000000dea00000,0x00000000dea00000,0x00000000df480000)
 ParOldGen       total 49152K, used 8632K [0x0000000081a00000, 0x0000000084a00000, 0x00000000d5e00000)
  object space 49152K, 17% used [0x0000000081a00000,0x000000008226e290,0x0000000084a00000)
 Metaspace       used 24453K, capacity 25506K, committed 25904K, reserved 1071104K
  class space    used 3343K, capacity 3554K, committed 3632K, reserved 1048576K
Event: 23.049 GC heap after
Heap after GC invocations=9 (full 1):
 PSYoungGen      total 143360K, used 218K [0x00000000d5e00000, 0x00000000df480000, 0x0000000100000000)
  eden space 132608K, 0% used [0x00000000d5e00000,0x00000000d5e00000,0x00000000ddf80000)
  from space 10752K, 2% used [0x00000000dea00000,0x00000000dea369a8,0x00000000df480000)
  to   space 10752K, 0% used [0x00000000ddf80000,0x00000000ddf80000,0x00000000dea00000)
 ParOldGen       total 49152K, used 11036K [0x0000000081a00000, 0x0000000084a00000, 0x00000000d5e00000)
  object space 49152K, 22% used [0x0000000081a00000,0x00000000824c72c0,0x0000000084a00000)
 Metaspace       used 24453K, capacity 25506K, committed 25904K, reserved 1071104K
  class space    used 3343K, capacity 3554K, committed 3632K, reserved 1048576K
}
Event: 38.626 GC heap before
{Heap before GC invocations=10 (full 1):
 PSYoungGen      total 143360K, used 132826K [0x00000000d5e00000, 0x00000000df480000, 0x0000000100000000)
  eden space 132608K, 100% used [0x00000000d5e00000,0x00000000ddf80000,0x00000000ddf80000)
  from space 10752K, 2% used [0x00000000dea00000,0x00000000dea369a8,0x00000000df480000)
  to   space 10752K, 0% used [0x00000000ddf80000,0x00000000ddf80000,0x00000000dea00000)
 ParOldGen       total 49152K, used 11036K [0x0000000081a00000, 0x0000000084a00000, 0x00000000d5e00000)
  object space 49152K, 22% used [0x0000000081a00000,0x00000000824c72c0,0x0000000084a00000)
 Metaspace       used 25822K, capacity 26914K, committed 27312K, reserved 1073152K
  class space    used 3482K, capacity 3720K, committed 3760K, reserved 1048576K
Event: 38.633 GC heap after
Heap after GC invocations=10 (full 1):
 PSYoungGen      total 143360K, used 8526K [0x00000000d5e00000, 0x00000000e4380000, 0x0000000100000000)
  eden space 132608K, 0% used [0x00000000d5e00000,0x00000000d5e00000,0x00000000ddf80000)
  from space 10752K, 79% used [0x00000000ddf80000,0x00000000de7d3818,0x00000000dea00000)
  to   space 11776K, 0% used [0x00000000e3800000,0x00000000e3800000,0x00000000e4380000)
 ParOldGen       total 49152K, used 11052K [0x0000000081a00000, 0x0000000084a00000, 0x00000000d5e00000)
  object space 49152K, 22% used [0x0000000081a00000,0x00000000824cb2c0,0x0000000084a00000)
 Metaspace       used 25822K, capacity 26914K, committed 27312K, reserved 1073152K
  class space    used 3482K, capacity 3720K, committed 3760K, reserved 1048576K
}
Event: 47.733 GC heap before
{Heap before GC invocations=11 (full 1):
 PSYoungGen      total 143360K, used 141134K [0x00000000d5e00000, 0x00000000e4380000, 0x0000000100000000)
  eden space 132608K, 100% used [0x00000000d5e00000,0x00000000ddf80000,0x00000000ddf80000)
  from space 10752K, 79% used [0x00000000ddf80000,0x00000000de7d3818,0x00000000dea00000)
  to   space 11776K, 0% used [0x00000000e3800000,0x00000000e3800000,0x00000000e4380000)
 ParOldGen       total 49152K, used 11052K [0x0000000081a00000, 0x0000000084a00000, 0x00000000d5e00000)
  object space 49152K, 22% used [0x0000000081a00000,0x00000000824cb2c0,0x0000000084a00000)
 Metaspace       used 26522K, capacity 27606K, committed 27952K, reserved 1073152K
  class space    used 3574K, capacity 3812K, committed 3888K, reserved 1048576K
Event: 47.737 GC heap after
Heap after GC invocations=11 (full 1):
 PSYoungGen      total 222208K, used 8477K [0x00000000d5e00000, 0x00000000e4580000, 0x0000000100000000)
  eden space 210432K, 0% used [0x00000000d5e00000,0x00000000d5e00000,0x00000000e2b80000)
  from space 11776K, 71% used [0x00000000e3800000,0x00000000e4047458,0x00000000e4380000)
  to   space 12800K, 0% used [0x00000000e2b80000,0x00000000e2b80000,0x00000000e3800000)
 ParOldGen       total 49152K, used 11060K [0x0000000081a00000, 0x0000000084a00000, 0x00000000d5e00000)
  object space 49152K, 22% used [0x0000000081a00000,0x00000000824cd2c0,0x0000000084a00000)
 Metaspace       used 26522K, capacity 27606K, committed 27952K, reserved 1073152K
  class space    used 3574K, capacity 3812K, committed 3888K, reserved 1048576K
}

Deoptimization events (10 events):
Event: 47.801 Thread 0x00000000197fa800 Uncommon trap: reason=bimorphic action=maybe_recompile pc=0x00000000032ffc88 method=java.util.HashMap.putVal(ILjava/lang/Object;Ljava/lang/Object;ZZ)Ljava/lang/Object; @ 203
Event: 47.890 Thread 0x00000000197fa800 Uncommon trap: reason=array_check action=maybe_recompile pc=0x00000000033ac700 method=com.sun.javafx.css.SimpleSelector.applies(Ljavafx/css/Styleable;[Ljava/util/Set;I)Z @ 37
Event: 47.890 Thread 0x00000000197fa800 Uncommon trap: reason=array_check action=maybe_recompile pc=0x00000000033ac700 method=com.sun.javafx.css.SimpleSelector.applies(Ljavafx/css/Styleable;[Ljava/util/Set;I)Z @ 37
Event: 47.890 Thread 0x00000000197fa800 Uncommon trap: reason=array_check action=maybe_recompile pc=0x00000000033ac700 method=com.sun.javafx.css.SimpleSelector.applies(Ljavafx/css/Styleable;[Ljava/util/Set;I)Z @ 37
Event: 47.890 Thread 0x00000000197fa800 Uncommon trap: reason=array_check action=maybe_recompile pc=0x00000000033ac700 method=com.sun.javafx.css.SimpleSelector.applies(Ljavafx/css/Styleable;[Ljava/util/Set;I)Z @ 37
Event: 47.901 Thread 0x00000000197e1800 Uncommon trap: reason=unstable_if action=reinterpret pc=0x00000000030cbe9c method=com.sun.javafx.geom.transform.AffineBase.updateState2D()V @ 51
Event: 47.902 Thread 0x00000000197e1800 Uncommon trap: reason=unstable_if action=reinterpret pc=0x00000000030c9ff0 method=com.sun.javafx.geom.transform.AffineBase.updateState2D()V @ 51
Event: 68.135 Thread 0x0000000022819000 Uncommon trap: reason=unstable_if action=reinterpret pc=0x00000000035a9208 method=java.util.HashMap$HashIterator.<init>(Ljava/util/HashMap;)V @ 45
Event: 69.188 Thread 0x00000000197fa800 Uncommon trap: reason=unstable_if action=reinterpret pc=0x0000000003718d64 method=com.sun.javafx.font.CMap.getControlCodeGlyph(IZ)I @ 98
Event: 69.510 Thread 0x00000000197e1800 Uncommon trap: reason=unstable_if action=reinterpret pc=0x00000000035e5238 method=java.lang.Math.round(F)I @ 23

Internal exceptions (10 events):
Event: 69.029 Thread 0x0000000022821800 Exception <a 'java/io/FileNotFoundException'> (0x00000000d8d69d70) thrown at [C:\re\workspace\8-2-build-windows-amd64-cygwin\jdk8u101\7261\hotspot\src\share\vm\prims\jni.cpp, line 709]
Event: 69.030 Thread 0x00000000197fa800 Exception <a 'java/lang/ClassNotFoundException': sun/net/www/protocol/about/Handler> (0x00000000d8146e08) thrown at [C:\re\workspace\8-2-build-windows-amd64-cygwin\jdk8u101\7261\hotspot\src\share\vm\classfile\systemDictionary.cpp, line 210]
Event: 69.032 Thread 0x00000000197fa800 Exception <a 'java/lang/ClassNotFoundException': sun/net/www/protocol/about/Handler> (0x00000000d8148f68) thrown at [C:\re\workspace\8-2-build-windows-amd64-cygwin\jdk8u101\7261\hotspot\src\share\vm\classfile\systemDictionary.cpp, line 210]
Event: 69.037 Thread 0x00000000197fa800 Exception <a 'java/lang/ClassNotFoundException': sun/net/www/protocol/about/Handler> (0x00000000d814e4a8) thrown at [C:\re\workspace\8-2-build-windows-amd64-cygwin\jdk8u101\7261\hotspot\src\share\vm\classfile\systemDictionary.cpp, line 210]
Event: 69.174 Thread 0x00000000197fa800 Exception <a 'java/io/FileNotFoundException'> (0x00000000d8192970) thrown at [C:\re\workspace\8-2-build-windows-amd64-cygwin\jdk8u101\7261\hotspot\src\share\vm\prims\jni.cpp, line 709]
Event: 69.174 Thread 0x00000000197fa800 Exception <a 'java/io/FileNotFoundException'> (0x00000000d8193a18) thrown at [C:\re\workspace\8-2-build-windows-amd64-cygwin\jdk8u101\7261\hotspot\src\share\vm\prims\jni.cpp, line 709]
Event: 69.174 Thread 0x00000000197fa800 Exception <a 'java/io/FileNotFoundException'> (0x00000000d8194b58) thrown at [C:\re\workspace\8-2-build-windows-amd64-cygwin\jdk8u101\7261\hotspot\src\share\vm\prims\jni.cpp, line 709]
Event: 69.174 Thread 0x00000000197fa800 Exception <a 'java/io/FileNotFoundException'> (0x00000000d8195be8) thrown at [C:\re\workspace\8-2-build-windows-amd64-cygwin\jdk8u101\7261\hotspot\src\share\vm\prims\jni.cpp, line 709]
Event: 69.294 Thread 0x000000002281e800 Exception <a 'sun/nio/fs/WindowsException'> (0x00000000d934b578) thrown at [C:\re\workspace\8-2-build-windows-amd64-cygwin\jdk8u101\7261\hotspot\src\share\vm\prims\jni.cpp, line 709]
Event: 69.498 Thread 0x00000000197fa800 Exception <a 'java/lang/ClassNotFoundException': sun/net/www/protocol/about/Handler> (0x00000000d820eab8) thrown at [C:\re\workspace\8-2-build-windows-amd64-cygwin\jdk8u101\7261\hotspot\src\share\vm\classfile\systemDictionary.cpp, line 210]

Events (10 events):
Event: 69.515 Thread 0x00000000175b9800 flushing nmethod 0x0000000002e0d190
Event: 69.515 Thread 0x00000000175b9800 flushing nmethod 0x0000000002e0d990
Event: 69.515 Thread 0x00000000175b9800 flushing nmethod 0x0000000002e6ca90
Event: 69.515 Thread 0x00000000175b9800 flushing nmethod 0x0000000002e83ad0
Event: 69.516 loading class com/sun/javafx/geom/LineIterator
Event: 69.516 loading class com/sun/javafx/geom/LineIterator done
Event: 69.524 loading class com/sun/prism/shader/Mask_TextureRGB_Loader
Event: 69.524 loading class com/sun/prism/shader/Mask_TextureRGB_Loader done
Event: 69.524 Thread 0x00000000175b3000 flushing nmethod 0x0000000002e90d90
Event: 69.524 Thread 0x00000000175b3000 flushing nmethod 0x0000000002e968d0


Dynamic libraries:
0x00007ff65ea40000 - 0x00007ff65ea77000 	C:\Program Files\Java\jdk1.8.0_101\jre\bin\java.exe
0x00007ff9d1960000 - 0x00007ff9d1b3b000 	C:\WINDOWS\SYSTEM32\ntdll.dll
0x00007ff9d0e10000 - 0x00007ff9d0ebe000 	C:\WINDOWS\System32\KERNEL32.DLL
0x00007ff9cdf90000 - 0x00007ff9ce1d9000 	C:\WINDOWS\System32\KERNELBASE.dll
0x00007ff9d0330000 - 0x00007ff9d03d1000 	C:\WINDOWS\System32\ADVAPI32.dll
0x00007ff9d1770000 - 0x00007ff9d180d000 	C:\WINDOWS\System32\msvcrt.dll
0x00007ff9d13e0000 - 0x00007ff9d1439000 	C:\WINDOWS\System32\sechost.dll
0x00007ff9d1590000 - 0x00007ff9d16b5000 	C:\WINDOWS\System32\RPCRT4.dll
0x00007ff9d1810000 - 0x00007ff9d195a000 	C:\WINDOWS\System32\USER32.dll
0x00007ff9ce1e0000 - 0x00007ff9ce1fe000 	C:\WINDOWS\System32\win32u.dll
0x00007ff9ceec0000 - 0x00007ff9ceee7000 	C:\WINDOWS\System32\GDI32.dll
0x00007ff9ce520000 - 0x00007ff9ce6a8000 	C:\WINDOWS\System32\gdi32full.dll
0x00007ff9ce6b0000 - 0x00007ff9ce74a000 	C:\WINDOWS\System32\msvcp_win.dll
0x00007ff9ce3d0000 - 0x00007ff9ce4c6000 	C:\WINDOWS\System32\ucrtbase.dll
0x00007ff9c0450000 - 0x00007ff9c06b7000 	C:\WINDOWS\WinSxS\amd64_microsoft.windows.common-controls_6595b64144ccf1df_6.0.15063.483_none_26002d27e7c744a2\COMCTL32.dll
0x00007ff9d0470000 - 0x00007ff9d0769000 	C:\WINDOWS\System32\combase.dll
0x00007ff9ce750000 - 0x00007ff9ce7ba000 	C:\WINDOWS\System32\bcryptPrimitives.dll
0x00007ff9d0440000 - 0x00007ff9d046d000 	C:\WINDOWS\System32\IMM32.DLL
0x0000000076860000 - 0x0000000076932000 	C:\Program Files\Java\jdk1.8.0_101\jre\bin\msvcr100.dll
0x0000000073040000 - 0x00000000738da000 	C:\Program Files\Java\jdk1.8.0_101\jre\bin\server\jvm.dll
0x00007ff9d07d0000 - 0x00007ff9d07d8000 	C:\WINDOWS\System32\PSAPI.DLL
0x00007ff9c9dc0000 - 0x00007ff9c9dc9000 	C:\WINDOWS\SYSTEM32\WSOCK32.dll
0x00007ff9c5340000 - 0x00007ff9c5363000 	C:\WINDOWS\SYSTEM32\WINMM.dll
0x00007ff9c5330000 - 0x00007ff9c533a000 	C:\WINDOWS\SYSTEM32\VERSION.dll
0x00007ff9d1310000 - 0x00007ff9d137c000 	C:\WINDOWS\System32\WS2_32.dll
0x00007ff9c5300000 - 0x00007ff9c532b000 	C:\WINDOWS\SYSTEM32\winmmbase.dll
0x00007ff9ce4d0000 - 0x00007ff9ce519000 	C:\WINDOWS\System32\cfgmgr32.dll
0x0000000076810000 - 0x000000007681f000 	C:\Program Files\Java\jdk1.8.0_101\jre\bin\verify.dll
0x00000000767e0000 - 0x0000000076809000 	C:\Program Files\Java\jdk1.8.0_101\jre\bin\java.dll
0x00000000743f0000 - 0x0000000074425000 	C:\Program Files\Java\jdk1.8.0_101\jre\bin\jdwp.dll
0x00000000743e0000 - 0x00000000743e8000 	C:\Program Files\Java\jdk1.8.0_101\jre\bin\npt.dll
0x00000000767c0000 - 0x00000000767d6000 	C:\Program Files\Java\jdk1.8.0_101\jre\bin\zip.dll
0x00007ff9ceef0000 - 0x00007ff9d0327000 	C:\WINDOWS\System32\SHELL32.dll
0x00007ff9d16c0000 - 0x00007ff9d176a000 	C:\WINDOWS\System32\shcore.dll
0x00007ff9ce7c0000 - 0x00007ff9ceeb2000 	C:\WINDOWS\System32\windows.storage.dll
0x00007ff9d0770000 - 0x00007ff9d07c1000 	C:\WINDOWS\System32\shlwapi.dll
0x00007ff9cddd0000 - 0x00007ff9cdde1000 	C:\WINDOWS\System32\kernel.appcore.dll
0x00007ff9cde30000 - 0x00007ff9cde7c000 	C:\WINDOWS\System32\powrprof.dll
0x00007ff9cde10000 - 0x00007ff9cde25000 	C:\WINDOWS\System32\profapi.dll
0x00000000743d0000 - 0x00000000743d9000 	C:\Program Files\Java\jdk1.8.0_101\jre\bin\dt_socket.dll
0x00007ff9cd6e0000 - 0x00007ff9cd73c000 	C:\WINDOWS\system32\mswsock.dll
0x00007ff991ea0000 - 0x00007ff991f8f000 	C:\Program Files\Java\jdk1.8.0_101\jre\bin\msvcr120.dll
0x00007ff9a0cb0000 - 0x00007ff9a0d56000 	C:\Program Files\Java\jdk1.8.0_101\jre\bin\msvcp120.dll
0x00000000743a0000 - 0x00000000743c2000 	C:\Program Files\Java\jdk1.8.0_101\jre\bin\prism_d3d.dll
0x00007ff97cc10000 - 0x00007ff97cd99000 	C:\WINDOWS\system32\d3d9.dll
0x00007ff9c3910000 - 0x00007ff9c393a000 	C:\WINDOWS\SYSTEM32\dwmapi.dll
0x00007ff9cc4e0000 - 0x00007ff9cc575000 	C:\WINDOWS\system32\uxtheme.dll
0x00007ff971470000 - 0x00007ff9739ad000 	C:\WINDOWS\SYSTEM32\igdumdim64.dll
0x00007ff9d1060000 - 0x00007ff9d1120000 	C:\WINDOWS\System32\OLEAUT32.dll
0x00007ff9d1440000 - 0x00007ff9d1585000 	C:\WINDOWS\System32\ole32.dll
0x00007ff9d09d0000 - 0x00007ff9d0e0b000 	C:\WINDOWS\System32\SETUPAPI.dll
0x0000000074350000 - 0x0000000074393000 	C:\Program Files\Java\jdk1.8.0_101\jre\bin\glass.dll
0x00007ff9d0800000 - 0x00007ff9d0908000 	C:\WINDOWS\System32\COMDLG32.dll
0x00007ff9d11a0000 - 0x00007ff9d1306000 	C:\WINDOWS\System32\MSCTF.dll
0x00007ff9bcdc0000 - 0x00007ff9bce61000 	C:\Program Files\Common Files\microsoft shared\ink\tiptsf.dll
0x00007ff9ba370000 - 0x00007ff9bb1e3000 	C:\WINDOWS\SYSTEM32\igc64.dll
0x0000000074330000 - 0x0000000074344000 	C:\Program Files\Java\jdk1.8.0_101\jre\bin\javafx_font.dll
0x00007ff9bc6d0000 - 0x00007ff9bc98f000 	C:\WINDOWS\SYSTEM32\dwrite.dll
0x000000006d940000 - 0x000000006fed0000 	C:\Program Files\Java\jdk1.8.0_101\jre\bin\jfxwebkit.dll
0x00007ff9cd880000 - 0x00007ff9cd897000 	C:\WINDOWS\SYSTEM32\CRYPTSP.dll
0x00007ff9cd300000 - 0x00007ff9cd334000 	C:\WINDOWS\system32\rsaenh.dll
0x00007ff9cd990000 - 0x00007ff9cd9b5000 	C:\WINDOWS\SYSTEM32\bcrypt.dll
0x00007ff9cd8a0000 - 0x00007ff9cd8ab000 	C:\WINDOWS\SYSTEM32\CRYPTBASE.dll
0x0000000074300000 - 0x0000000074323000 	C:\Program Files\Java\jdk1.8.0_101\jre\bin\javafx_iio.dll
0x00007ff9d0910000 - 0x00007ff9d09ae000 	C:\WINDOWS\System32\clbcatq.dll
0x00007ff9bf7f0000 - 0x00007ff9bf99c000 	C:\WINDOWS\SYSTEM32\WindowsCodecs.dll
0x00007ff9b6e20000 - 0x00007ff9b6e67000 	C:\WINDOWS\system32\dataexchange.dll
0x00007ff9cafb0000 - 0x00007ff9cb28f000 	C:\WINDOWS\system32\d3d11.dll
0x00007ff9cbd70000 - 0x00007ff9cbe92000 	C:\WINDOWS\system32\dcomp.dll
0x00007ff9ccc40000 - 0x00007ff9ccce4000 	C:\WINDOWS\system32\dxgi.dll
0x00007ff9cc6c0000 - 0x00007ff9cc830000 	C:\WINDOWS\system32\twinapi.appcore.dll
0x00007ff9bcf80000 - 0x00007ff9bcfb1000 	C:\Program Files\Common Files\Microsoft Shared\Ink\rtscom.dll
0x00007ff9c8fe0000 - 0x00007ff9c9062000 	C:\WINDOWS\System32\TextInputFramework.dll
0x00007ff9c2b40000 - 0x00007ff9c2e12000 	C:\WINDOWS\System32\CoreUIComponents.dll
0x00007ff9cbc80000 - 0x00007ff9cbd63000 	C:\WINDOWS\System32\CoreMessaging.dll
0x00007ff9ca1f0000 - 0x00007ff9ca329000 	C:\WINDOWS\SYSTEM32\wintypes.dll
0x00007ff9cd130000 - 0x00007ff9cd161000 	C:\WINDOWS\SYSTEM32\ntmarta.dll
0x00007ff9ca1d0000 - 0x00007ff9ca1e5000 	C:\WINDOWS\SYSTEM32\usermgrcli.dll
0x00007ff9b7720000 - 0x00007ff9b78e5000 	C:\Windows\System32\uiautomationcore.dll
0x00007ff9cdc30000 - 0x00007ff9cdcca000 	C:\WINDOWS\SYSTEM32\sxs.dll
0x00007ff9c0af0000 - 0x00007ff9c0b5b000 	C:\WINDOWS\SYSTEM32\OLEACC.dll
0x00000000742e0000 - 0x00000000742f1000 	C:\Program Files\Java\jdk1.8.0_101\jre\bin\prism_common.dll
0x00007ff9cb6d0000 - 0x00007ff9cbc74000 	C:\WINDOWS\SYSTEM32\d2d1.dll
0x00007ff9ce200000 - 0x00007ff9ce3c9000 	C:\WINDOWS\System32\CRYPT32.dll
0x00007ff9cddf0000 - 0x00007ff9cde01000 	C:\WINDOWS\System32\MSASN1.dll
0x00007ff990ba0000 - 0x00007ff990e75000 	C:\WINDOWS\SYSTEM32\D3D10Warp.dll
0x00007ff9ca330000 - 0x00007ff9ca4c6000 	C:\WINDOWS\SYSTEM32\PROPSYS.dll
0x00007ff9ca8e0000 - 0x00007ff9ca8eb000 	C:\WINDOWS\SYSTEM32\atlthunk.dll
0x00007ff99d0f0000 - 0x00007ff99d134000 	C:\WINDOWS\SYSTEM32\edputil.dll
0x00007ff99dd40000 - 0x00007ff99e1c2000 	C:\WINDOWS\system32\explorerframe.dll
0x00007ff9b81d0000 - 0x00007ff9b837b000 	C:\WINDOWS\system32\DUI70.dll
0x00007ff9c8e80000 - 0x00007ff9c8f13000 	C:\WINDOWS\system32\DUser.dll
0x00007ff9b5430000 - 0x00007ff9b5487000 	C:\Windows\System32\thumbcache.dll
0x00007ff9c79a0000 - 0x00007ff9c7a17000 	C:\WINDOWS\SYSTEM32\policymanager.dll
0x00007ff9c7910000 - 0x00007ff9c799f000 	C:\WINDOWS\SYSTEM32\msvcp110_win.dll
0x00007ff9b7e70000 - 0x00007ff9b7ff8000 	C:\Windows\System32\Windows.Globalization.dll
0x00007ff9c3350000 - 0x00007ff9c33b9000 	C:\Windows\System32\Bcp47Langs.dll
0x00007ff9c67d0000 - 0x00007ff9c6800000 	C:\WINDOWS\SYSTEM32\globinputhost.dll
0x00007ff98f560000 - 0x00007ff98f601000 	C:\WINDOWS\System32\StructuredQuery.dll
0x00007ff9c29d0000 - 0x00007ff9c29eb000 	C:\WINDOWS\SYSTEM32\MPR.dll
0x00007ff9caee0000 - 0x00007ff9caeeb000 	C:\WINDOWS\System32\drprov.dll
0x00007ff9ccf30000 - 0x00007ff9ccf85000 	C:\WINDOWS\System32\WINSTA.dll
0x00007ff9caec0000 - 0x00007ff9caed6000 	C:\WINDOWS\System32\ntlanman.dll
0x00007ff9ca4d0000 - 0x00007ff9ca4f0000 	C:\WINDOWS\System32\davclnt.dll
0x00007ff9ca8d0000 - 0x00007ff9ca8dc000 	C:\WINDOWS\System32\DAVHLPR.dll
0x00007ff9c8bd0000 - 0x00007ff9c8be6000 	C:\WINDOWS\System32\wkscli.dll
0x00007ff9b4810000 - 0x00007ff9b4822000 	C:\WINDOWS\SYSTEM32\cscapi.dll
0x00007ff9cd570000 - 0x00007ff9cd57d000 	C:\WINDOWS\System32\netutils.dll
0x00007ff9cc3a0000 - 0x00007ff9cc41e000 	C:\WINDOWS\SYSTEM32\apphelp.dll
0x00007ff9c4dd0000 - 0x00007ff9c4e1a000 	C:\Windows\System32\dlnashext.dll
0x00007ff99d830000 - 0x00007ff99d89d000 	C:\Windows\System32\PlayToDevice.dll
0x00007ff9c8e60000 - 0x00007ff9c8e7e000 	C:\Windows\System32\DevDispItemProvider.dll
0x00007ff9c7ad0000 - 0x00007ff9c7b37000 	C:\WINDOWS\System32\MMDevApi.dll
0x00007ff9cc8f0000 - 0x00007ff9cc918000 	C:\WINDOWS\System32\DEVOBJ.dll
0x00007ff9c98a0000 - 0x00007ff9c993c000 	C:\Windows\System32\PortableDeviceApi.dll
0x00007ff9cdf30000 - 0x00007ff9cdf86000 	C:\WINDOWS\System32\WINTRUST.dll
0x00007ff9b60b0000 - 0x00007ff9b60d5000 	C:\Windows\System32\EhStorAPI.dll
0x00007ff9c9da0000 - 0x00007ff9c9db3000 	C:\Windows\System32\WTSAPI32.dll
0x00007ff996b60000 - 0x00007ff996c2a000 	C:\WINDOWS\system32\Windows.Storage.Search.dll
0x00007ff9d1120000 - 0x00007ff9d1191000 	C:\WINDOWS\System32\coml2.dll
0x00007ff9b7930000 - 0x00007ff9b7e61000 	C:\Windows\System32\OneCoreUAPCommonProxyStub.dll
0x00007ff9c9510000 - 0x00007ff9c9520000 	C:\WINDOWS\SYSTEM32\LINKINFO.dll
0x00007ff9c30b0000 - 0x00007ff9c3132000 	C:\Windows\System32\twinapi.dll
0x00007ff9a5880000 - 0x00007ff9a58ff000 	C:\Program Files (x86)\Adobe\Adobe Creative Cloud\CoreSyncExtension\CoreSync_x64.dll
0x00007ff9a05e0000 - 0x00007ff9a0861000 	C:\Users\Loh Jing Yen\AppData\Local\Microsoft\OneDrive\17.3.6917.0607\amd64\FileSyncShell64.dll
0x00007ff9bfa50000 - 0x00007ff9bfd7e000 	C:\WINDOWS\SYSTEM32\WININET.dll
0x00007ff99b870000 - 0x00007ff99b894000 	C:\WINDOWS\system32\mssprxy.dll
0x00007ff9a1700000 - 0x00007ff9a1827000 	C:\WINDOWS\system32\NetworkExplorer.dll

VM Arguments:
jvm_args: -Xdebug -Xrunjdwp:transport=dt_socket,server=n,address=56432 -Dglass.disableGrab=true 
java_command: D:\Netbeans\CheeChoo\target/CheeChoo-1.0-SNAPSHOT.jar
java_class_path (initial): D:\Netbeans\CheeChoo\target/CheeChoo-1.0-SNAPSHOT.jar
Launcher Type: SUN_STANDARD

Environment Variables:
JAVA_HOME=C:\Program Files\Java\jdk1.8.0_101
PATH=C:\ProgramData\Oracle\Java\javapath;C:\WINDOWS\system32;C:\WINDOWS;C:\WINDOWS\System32\Wbem;C:\WINDOWS\System32\WindowsPowerShell\v1.0\;C:\Program Files\Microsoft SQL Server\120\Tools\Binn\;C:\Program Files\Microsoft SQL Server\130\Tools\Binn\;C:\Program Files\Microsoft\Web Platform Installer\;C:\Program Files (x86)\Microsoft SQL Server\110\DTS\Binn\;C:\Program Files (x86)\Microsoft SQL Server\120\DTS\Binn\;C:\Program Files (x86)\Microsoft SQL Server\130\DTS\Binn\;C:\Program Files\Microsoft SQL Server\Client SDK\ODBC\130\Tools\Binn\;C:\Program Files (x86)\Microsoft SQL Server\130\Tools\Binn\;C:\Program Files\Microsoft SQL Server\130\DTS\Binn\;C:\Program Files (x86)\Microsoft Emulator Manager\1.0\;C:\Program Files (x86)\Microsoft SQL Server\Client SDK\ODBC\130\Tools\Binn\;C:\Program Files (x86)\Microsoft SQL Server\130\Tools\Binn\ManagementStudio\;C:\Program Files\Intel\WiFi\bin\;C:\Program Files\Common Files\Intel\WirelessCommon\;C:\Program Files (x86)\Heroku\bin;C:\Program Files (x86)\git\cmd;C:\ProgramData\chocolatey\bin;C:\Program Files\Git\cmd;C:\Program Files\MySQL\MySQL Utilities 1.6\;C:\Program Files\Java\jdk1.8.0_101\bin;C:\Program Files\dotnet\;C:\Program Files\nodejs\;C:\Program Files (x86)\Yarn\bin;C:\Anaconda3;C:\Anaconda3\Scripts;C:\Anaconda3\Library\bin;C:\Ruby22-x64\bin;C:\Users\Loh Jing Yen\AppData\Local\Microsoft\WindowsApps;C:\Program Files\Intel\WiFi\bin\;C:\Program Files\Common Files\Intel\WirelessCommon\;C:\Program Files (x86)\Microsoft VS Code\bin;C:\Users\Loh Jing Yen\AppData\Local\Microsoft\WindowsApps;C:\Users\Loh Jing Yen\AppData\Roaming\npm;C:\Users\Loh Jing Yen\AppData\Local\Yarn\bin;C:\Program Files\MongoDB\Server\3.4\bin;C:\tools\neovim\Neovim\bin;C:\Users\Loh Jing Yen\AppData\Local\Pandoc\
USERNAME=Loh Jing Yen
OS=Windows_NT
PROCESSOR_IDENTIFIER=Intel64 Family 6 Model 78 Stepping 3, GenuineIntel



---------------  S Y S T E M  ---------------

OS: Windows 10.0 , 64 bit Build 15063 (10.0.15063.296)

CPU:total 4 (2 cores per cpu, 2 threads per core) family 6 model 78 stepping 3, cmov, cx8, fxsr, mmx, sse, sse2, sse3, ssse3, sse4.1, sse4.2, popcnt, avx, avx2, aes, clmul, erms, 3dnowpref, lzcnt, ht, tsc, tscinvbit, bmi1, bmi2, adx

Memory: 4k page, physical 8280512k(1268204k free), swap 14154096k(1740132k free)

vm_info: Java HotSpot(TM) 64-Bit Server VM (25.101-b13) for windows-amd64 JRE (1.8.0_101-b13), built on Jun 22 2016 01:21:29 by "java_re" with MS VC++ 10.0 (VS2010)

time: Tue Jul 25 17:38:25 2017
elapsed time: 69 seconds (0d 0h 1m 9s)

