#
# A fatal error has been detected by the Java Runtime Environment:
#
#  EXCEPTION_ACCESS_VIOLATION (0xc0000005) at pc=0x00000000716a0670, pid=13944, tid=0x000000000000587c
#
# JRE version: Java(TM) SE Runtime Environment (8.0_101-b13) (build 1.8.0_101-b13)
# Java VM: Java HotSpot(TM) 64-Bit Server VM (25.101-b13 mixed mode windows-amd64 compressed oops)
# Problematic frame:
# C  [jfxwebkit.dll+0xc40670]
#
# Failed to write core dump. Minidumps are not enabled by default on client versions of Windows
#
# If you would like to submit a bug report, please visit:
#   http://bugreport.java.com/bugreport/crash.jsp
# The crash happened outside the Java Virtual Machine in native code.
# See problematic frame for where to report the bug.
#

---------------  T H R E A D  ---------------

Current thread (0x0000000019e15000):  JavaThread "JavaFX Application Thread" [_thread_in_native, id=22652, stack(0x000000001a8d0000,0x000000001a9d0000)]

siginfo: ExceptionCode=0xc0000005, reading address 0x0000000000000008

Registers:
RAX=0x0000000000000000, RBX=0x000000002b3fb490, RCX=0x000000002a8ec470, RDX=0x0000000000000000
RSP=0x000000001a9cbd58, RBP=0x00000000ffffffff, RSI=0x0000000000000000, RDI=0x0000000030bd3870
R8 =0x000000002a8ec470, R9 =0x000000002a8ec530, R10=0x0000000000000000, R11=0x0000000000000000
R12=0x000000001ff9fe00, R13=0x000000001f592590, R14=0x0000000000000000, R15=0x000000001ff9fda0
RIP=0x00000000716a0670, EFLAGS=0x0000000000010246

Top of Stack: (sp=0x000000001a9cbd58)
0x000000001a9cbd58:   00000000716860b8 fffffffffffffffe
0x000000001a9cbd68:   000000002b3fb490 000000002b3fb490
0x000000001a9cbd78:   000000007178e499 000000002fe2d7a0
0x000000001a9cbd88:   000000001a9cbde0 000000002a8ec470
0x000000001a9cbd98:   fffffffffffffffe 000000001f592590
0x000000001a9cbda8:   00000000ffffffff 0000000000000000
0x000000001a9cbdb8:   0000000030bd3870 000000002b3fb490
0x000000001a9cbdc8:   00000000716866de 000000002a8ec470
0x000000001a9cbdd8:   000000001a9cbe00 0000000000000000
0x000000001a9cbde8:   0000000000000000 0000000000000000
0x000000001a9cbdf8:   000000001a9cbe48 0000000000000000
0x000000001a9cbe08:   000000001f5925a8 fffffffffffffffe
0x000000001a9cbe18:   000000002b3fb490 0000000030bd3870
0x000000001a9cbe28:   000000002fac17f0 000000001a9cc960
0x000000001a9cbe38:   00000000716915f8 0000000000000000
0x000000001a9cbe48:   0000000000000000 000000001a9cbf40 

Instructions: (pc=0x00000000716a0670)
0x00000000716a0650:   48 8b 81 b0 00 00 00 4c 8d 89 c0 00 00 00 4c 8b
0x00000000716a0660:   c1 49 3b c1 74 38 45 33 d2 0f 1f 80 00 00 00 00
0x00000000716a0670:   48 8b 50 08 4c 89 50 10 4c 89 50 20 48 85 d2 74
0x00000000716a0680:   11 48 8b 08 48 89 0a 48 89 51 08 4c 89 50 08 4c 


Register to memory mapping:

RAX=0x0000000000000000 is an unknown value
RBX=0x000000002b3fb490 is an unknown value
RCX=0x000000002a8ec470 is an unknown value
RDX=0x0000000000000000 is an unknown value
RSP=0x000000001a9cbd58 is pointing into the stack for thread: 0x0000000019e15000
RBP=0x00000000ffffffff is an unallocated location in the heap
RSI=0x0000000000000000 is an unknown value
RDI=0x0000000030bd3870 is an unknown value
R8 =0x000000002a8ec470 is an unknown value
R9 =0x000000002a8ec530 is an unknown value
R10=0x0000000000000000 is an unknown value
R11=0x0000000000000000 is an unknown value
R12=0x000000001ff9fe00 is an unknown value
R13=0x000000001f592590 is an unknown value
R14=0x0000000000000000 is an unknown value
R15=0x000000001ff9fda0 is an unknown value


Stack: [0x000000001a8d0000,0x000000001a9d0000],  sp=0x000000001a9cbd58,  free space=1007k
Native frames: (J=compiled Java code, j=interpreted, Vv=VM code, C=native code)
C  [jfxwebkit.dll+0xc40670]

Java frames: (J=compiled Java code, j=interpreted, Vv=VM code)
j  com.sun.webkit.network.URLLoader.twkDidFinishLoading(J)V+0
j  com.sun.webkit.network.URLLoader.notifyDidFinishLoading()V+44
j  com.sun.webkit.network.URLLoader.lambda$didFinishLoading$98()V+8
j  com.sun.webkit.network.URLLoader$$Lambda$285.run()V+4
j  com.sun.javafx.application.PlatformImpl.lambda$null$173(Ljava/lang/Runnable;)Ljava/lang/Void;+1
j  com.sun.javafx.application.PlatformImpl$$Lambda$50.run()Ljava/lang/Object;+4
v  ~StubRoutines::call_stub
J 1227  java.security.AccessController.doPrivileged(Ljava/security/PrivilegedAction;Ljava/security/AccessControlContext;)Ljava/lang/Object; (0 bytes) @ 0x00000000034a2326 [0x00000000034a22c0+0x66]
j  com.sun.javafx.application.PlatformImpl.lambda$runLater$174(Ljava/lang/Runnable;Ljava/security/AccessControlContext;)V+7
j  com.sun.javafx.application.PlatformImpl$$Lambda$49.run()V+8
J 3383 C1 com.sun.glass.ui.InvokeLaterDispatcher$Future.run()V (91 bytes) @ 0x00000000039947ec [0x00000000039946e0+0x10c]
v  ~StubRoutines::call_stub
j  com.sun.glass.ui.win.WinApplication._runLoop(Ljava/lang/Runnable;)V+0
j  com.sun.glass.ui.win.WinApplication.lambda$null$148(ILjava/lang/Runnable;)V+8
j  com.sun.glass.ui.win.WinApplication$$Lambda$38.run()V+12
j  java.lang.Thread.run()V+11
v  ~StubRoutines::call_stub

---------------  P R O C E S S  ---------------

Java Threads: ( => current thread )
  0x0000000019789000 JavaThread "Thread-37" daemon [_thread_in_native, id=2484, stack(0x000000002f340000,0x000000002f440000)]
  0x0000000019784800 JavaThread "Thread-36" daemon [_thread_blocked, id=3972, stack(0x000000002ec70000,0x000000002ed70000)]
  0x0000000019783800 JavaThread "Thread-35" daemon [_thread_blocked, id=22532, stack(0x000000002eb70000,0x000000002ec70000)]
  0x000000001984d000 JavaThread "Thread-34" daemon [_thread_blocked, id=26148, stack(0x000000002ea70000,0x000000002eb70000)]
  0x000000001984c800 JavaThread "Thread-33" daemon [_thread_blocked, id=20272, stack(0x000000002e970000,0x000000002ea70000)]
  0x000000001984b800 JavaThread "Thread-32" daemon [_thread_blocked, id=9840, stack(0x000000002e870000,0x000000002e970000)]
  0x000000001984e000 JavaThread "Thread-31" daemon [_thread_blocked, id=21676, stack(0x000000002e750000,0x000000002e850000)]
  0x000000001984b000 JavaThread "Thread-30" daemon [_thread_blocked, id=15568, stack(0x000000002e650000,0x000000002e750000)]
  0x0000000019843800 JavaThread "Thread-29" daemon [_thread_blocked, id=19204, stack(0x000000002e550000,0x000000002e650000)]
  0x000000001984a000 JavaThread "Thread-28" daemon [_thread_blocked, id=26676, stack(0x000000002e450000,0x000000002e550000)]
  0x0000000019842800 JavaThread "Thread-27" daemon [_thread_blocked, id=21156, stack(0x000000002e350000,0x000000002e450000)]
  0x0000000019849800 JavaThread "Thread-26" daemon [_thread_blocked, id=13716, stack(0x000000002e230000,0x000000002e330000)]
  0x0000000019848800 JavaThread "Thread-25" daemon [_thread_blocked, id=744, stack(0x000000002e130000,0x000000002e230000)]
  0x0000000019845800 JavaThread "Thread-24" daemon [_thread_blocked, id=18924, stack(0x000000002e030000,0x000000002e130000)]
  0x0000000019845000 JavaThread "Thread-23" daemon [_thread_blocked, id=9116, stack(0x000000002ab20000,0x000000002ac20000)]
  0x0000000019841000 JavaThread "Thread-22" daemon [_thread_blocked, id=22876, stack(0x000000002aa00000,0x000000002ab00000)]
  0x0000000019848000 JavaThread "Thread-21" daemon [_thread_blocked, id=6372, stack(0x000000002a900000,0x000000002aa00000)]
  0x0000000019846800 JavaThread "Thread-20" daemon [_thread_blocked, id=12468, stack(0x000000002a7e0000,0x000000002a8e0000)]
  0x0000000019847000 JavaThread "Thread-19" daemon [_thread_blocked, id=76, stack(0x000000002a6e0000,0x000000002a7e0000)]
  0x0000000019844000 JavaThread "Thread-18" daemon [_thread_blocked, id=10444, stack(0x000000002a5e0000,0x000000002a6e0000)]
  0x0000000019840800 JavaThread "Thread-17" daemon [_thread_blocked, id=15348, stack(0x000000002a4e0000,0x000000002a5e0000)]
  0x000000001983f800 JavaThread "Thread-16" daemon [_thread_blocked, id=1364, stack(0x000000002a3e0000,0x000000002a4e0000)]
  0x0000000019842000 JavaThread "Thread-15" daemon [_thread_blocked, id=22704, stack(0x000000002a2e0000,0x000000002a3e0000)]
  0x000000001983f000 JavaThread "Thread-14" daemon [_thread_blocked, id=26336, stack(0x000000002a1e0000,0x000000002a2e0000)]
  0x00000000241b9000 JavaThread "Thread-13" daemon [_thread_blocked, id=14012, stack(0x000000002a0e0000,0x000000002a1e0000)]
  0x00000000241b9800 JavaThread "Thread-12" daemon [_thread_blocked, id=23132, stack(0x0000000029fe0000,0x000000002a0e0000)]
  0x00000000241b7800 JavaThread "Thread-11" daemon [_thread_blocked, id=1300, stack(0x0000000029ee0000,0x0000000029fe0000)]
  0x00000000241b5000 JavaThread "Thread-10" daemon [_thread_blocked, id=17668, stack(0x0000000029de0000,0x0000000029ee0000)]
  0x00000000241b6000 JavaThread "Thread-9" daemon [_thread_blocked, id=14272, stack(0x0000000029ce0000,0x0000000029de0000)]
  0x00000000241b4800 JavaThread "Thread-8" daemon [_thread_blocked, id=26948, stack(0x0000000029be0000,0x0000000029ce0000)]
  0x00000000241b6800 JavaThread "Thread-7" daemon [_thread_blocked, id=15120, stack(0x0000000029ae0000,0x0000000029be0000)]
  0x00000000241b8000 JavaThread "Thread-6" daemon [_thread_blocked, id=17208, stack(0x0000000028c20000,0x0000000028d20000)]
  0x00000000241ba800 JavaThread "Thread-5" daemon [_thread_blocked, id=8732, stack(0x0000000028b20000,0x0000000028c20000)]
  0x00000000241ad000 JavaThread "URL-Loader-20" daemon [_thread_in_native, id=14188, stack(0x0000000028a20000,0x0000000028b20000)]
  0x00000000241b3800 JavaThread "URL-Loader-19" daemon [_thread_blocked, id=22824, stack(0x0000000028920000,0x0000000028a20000)]
  0x00000000241ac000 JavaThread "URL-Loader-18" daemon [_thread_in_native, id=19772, stack(0x0000000028820000,0x0000000028920000)]
  0x00000000241b3000 JavaThread "URL-Loader-17" daemon [_thread_blocked, id=10368, stack(0x0000000028720000,0x0000000028820000)]
  0x00000000241ab800 JavaThread "URL-Loader-16" daemon [_thread_blocked, id=12204, stack(0x00000000284e0000,0x00000000285e0000)]
  0x00000000241b1800 JavaThread "URL-Loader-15" daemon [_thread_in_native, id=18748, stack(0x00000000283e0000,0x00000000284e0000)]
  0x00000000241ad800 JavaThread "URL-Loader-14" daemon [_thread_blocked, id=19856, stack(0x00000000282e0000,0x00000000283e0000)]
  0x00000000241b0000 JavaThread "URL-Loader-13" daemon [_thread_blocked, id=10832, stack(0x00000000281e0000,0x00000000282e0000)]
  0x00000000241b0800 JavaThread "URL-Loader-12" daemon [_thread_blocked, id=25784, stack(0x00000000280e0000,0x00000000281e0000)]
  0x00000000241b2000 JavaThread "URL-Loader-11" daemon [_thread_blocked, id=22980, stack(0x0000000027fe0000,0x00000000280e0000)]
  0x00000000241ae800 JavaThread "URL-Loader-10" daemon [_thread_in_native, id=9056, stack(0x0000000027ee0000,0x0000000027fe0000)]
  0x00000000241af000 JavaThread "URL-Loader-9" daemon [_thread_blocked, id=11484, stack(0x0000000027de0000,0x0000000027ee0000)]
  0x000000001a524800 JavaThread "URL-Loader-8" daemon [_thread_in_Java, id=28668, stack(0x0000000027ce0000,0x0000000027de0000)]
  0x000000001a521800 JavaThread "URL-Loader-7" daemon [_thread_blocked, id=23656, stack(0x00000000273e0000,0x00000000274e0000)]
  0x000000001a527000 JavaThread "URL-Loader-6" daemon [_thread_in_native, id=16536, stack(0x00000000271e0000,0x00000000272e0000)]
  0x000000001a526000 JavaThread "URL-Loader-5" daemon [_thread_blocked, id=24528, stack(0x0000000026be0000,0x0000000026ce0000)]
  0x000000001a524000 JavaThread "URL-Loader-4" daemon [_thread_in_native, id=14304, stack(0x0000000026ae0000,0x0000000026be0000)]
  0x000000001a527800 JavaThread "URL-Loader-3" daemon [_thread_in_native, id=3056, stack(0x00000000269e0000,0x0000000026ae0000)]
  0x000000001a525800 JavaThread "URL-Loader-2" daemon [_thread_in_native, id=7180, stack(0x00000000268e0000,0x00000000269e0000)]
  0x000000001a523000 JavaThread "Watchdog-Timer-1" daemon [_thread_blocked, id=11392, stack(0x00000000267e0000,0x00000000268e0000)]
  0x000000001a521000 JavaThread "URL-Loader-1" daemon [_thread_in_native, id=15584, stack(0x0000000025710000,0x0000000025810000)]
  0x000000001a522800 JavaThread "Keep-Alive-Timer" daemon [_thread_blocked, id=4968, stack(0x0000000025510000,0x0000000025610000)]
  0x000000001a4db000 JavaThread "FX Access Thread (Visual Debugger)" daemon [_thread_blocked, id=21976, stack(0x0000000023240000,0x0000000023340000)]
  0x000000001a085800 JavaThread "Prism Font Disposer" daemon [_thread_blocked, id=26632, stack(0x0000000022310000,0x0000000022410000)]
  0x000000001a057800 JavaThread "Disposer" daemon [_thread_blocked, id=19444, stack(0x000000001ffc0000,0x00000000200c0000)]
  0x0000000019e94800 JavaThread "Thread-3" daemon [_thread_in_native, id=20584, stack(0x000000001ef60000,0x000000001f060000)]
  0x0000000019e24800 JavaThread "JavaFX-Launcher" [_thread_blocked, id=18588, stack(0x000000001f060000,0x000000001f160000)]
=>0x0000000019e15000 JavaThread "JavaFX Application Thread" [_thread_in_native, id=22652, stack(0x000000001a8d0000,0x000000001a9d0000)]
  0x0000000019e14000 JavaThread "Thread-1" daemon [_thread_blocked, id=20484, stack(0x000000001a7d0000,0x000000001a8d0000)]
  0x0000000019e1d000 JavaThread "QuantumRenderer-0" daemon [_thread_blocked, id=1336, stack(0x000000001a5d0000,0x000000001a6d0000)]
  0x0000000019628000 JavaThread "Service Thread" daemon [_thread_blocked, id=7380, stack(0x0000000019bd0000,0x0000000019cd0000)]
  0x0000000017beb000 JavaThread "C1 CompilerThread2" daemon [_thread_blocked, id=4160, stack(0x0000000019ad0000,0x0000000019bd0000)]
  0x0000000017bbb000 JavaThread "C2 CompilerThread1" daemon [_thread_blocked, id=7440, stack(0x00000000199d0000,0x0000000019ad0000)]
  0x0000000017bc2000 JavaThread "C2 CompilerThread0" daemon [_thread_blocked, id=20244, stack(0x00000000194d0000,0x00000000195d0000)]
  0x0000000017baa000 JavaThread "JDWP Command Reader" daemon [_thread_in_native, id=28036, stack(0x00000000193d0000,0x00000000194d0000)]
  0x0000000017ba6800 JavaThread "JDWP Event Helper Thread" daemon [_thread_blocked, id=7376, stack(0x00000000192d0000,0x00000000193d0000)]
  0x0000000017b9a000 JavaThread "JDWP Transport Listener: dt_socket" daemon [_thread_blocked, id=28216, stack(0x00000000191d0000,0x00000000192d0000)]
  0x0000000017b8e800 JavaThread "Attach Listener" daemon [_thread_blocked, id=27216, stack(0x00000000190d0000,0x00000000191d0000)]
  0x0000000017b8d800 JavaThread "Signal Dispatcher" daemon [_thread_blocked, id=3968, stack(0x0000000018fd0000,0x00000000190d0000)]
  0x0000000017b7a000 JavaThread "Finalizer" daemon [_thread_blocked, id=12768, stack(0x0000000018de0000,0x0000000018ee0000)]
  0x0000000003044000 JavaThread "Reference Handler" daemon [_thread_blocked, id=11420, stack(0x0000000018ce0000,0x0000000018de0000)]
  0x0000000002f52800 JavaThread "main" [_thread_blocked, id=5808, stack(0x0000000002e50000,0x0000000002f50000)]

Other Threads:
  0x0000000017b57800 VMThread [stack: 0x0000000018be0000,0x0000000018ce0000] [id=17516]
  0x0000000017bbb800 WatcherThread [stack: 0x0000000019cd0000,0x0000000019dd0000] [id=548]

VM state:not at safepoint (normal execution)

VM Mutex/Monitor currently owned by a thread: None

Heap:
 PSYoungGen      total 167936K, used 53896K [0x00000000d5e00000, 0x00000000e1080000, 0x0000000100000000)
  eden space 157184K, 28% used [0x00000000d5e00000,0x00000000d8a22a68,0x00000000df780000)
  from space 10752K, 80% used [0x00000000e0600000,0x00000000e0e7f670,0x00000000e1080000)
  to   space 12800K, 0% used [0x00000000df780000,0x00000000df780000,0x00000000e0400000)
 ParOldGen       total 74240K, used 11043K [0x0000000081a00000, 0x0000000086280000, 0x00000000d5e00000)
  object space 74240K, 14% used [0x0000000081a00000,0x00000000824c8d38,0x0000000086280000)
 Metaspace       used 24983K, capacity 26140K, committed 26240K, reserved 1071104K
  class space    used 3409K, capacity 3673K, committed 3712K, reserved 1048576K

Card table byte_map: [0x0000000012410000,0x0000000012810000] byte_map_base: 0x0000000012003000

Marking Bits: (ParMarkBitMap*) 0x0000000073b8a6d0
 Begin Bits: [0x0000000012ec0000, 0x0000000014e58000)
 End Bits:   [0x0000000014e58000, 0x0000000016df0000)

Polling page: 0x0000000002be0000

CodeCache: size=245760Kb used=9594Kb max_used=9594Kb free=236165Kb
 bounds [0x0000000003050000, 0x00000000039c0000, 0x0000000012050000]
 total_blobs=3799 nmethods=3029 adapters=689
 compilation: enabled

Compilation events (10 events):
Event: 6.011 Thread 0x0000000017beb000 3431       1       com.sun.javafx.geom.Path2D::getFloatCoordsNoClone (5 bytes)
Event: 6.011 Thread 0x0000000017beb000 nmethod 3431 0x00000000039b5090 code [0x00000000039b51e0, 0x00000000039b52f0]
Event: 6.011 Thread 0x0000000017beb000 3432       1       com.sun.javafx.geom.Path2D::getCommandsNoClone (5 bytes)
Event: 6.011 Thread 0x0000000017beb000 nmethod 3432 0x00000000039b4dd0 code [0x00000000039b4f20, 0x00000000039b5030]
Event: 6.011 Thread 0x0000000017beb000 3433       1       com.sun.javafx.geom.Path2D::getNumCommands (5 bytes)
Event: 6.011 Thread 0x0000000017beb000 nmethod 3433 0x00000000039b4b10 code [0x00000000039b4c60, 0x00000000039b4d70]
Event: 6.018 Thread 0x0000000017beb000 3435       3       com.sun.webkit.graphics.WCRectangle::getMinX (5 bytes)
Event: 6.018 Thread 0x0000000017beb000 nmethod 3435 0x00000000039b46d0 code [0x00000000039b4820, 0x00000000039b4a50]
Event: 6.018 Thread 0x0000000017beb000 3436       3       com.sun.webkit.graphics.WCRectangle::getMinY (5 bytes)
Event: 6.019 Thread 0x0000000017beb000 nmethod 3436 0x00000000039b4290 code [0x00000000039b43e0, 0x00000000039b4610]

GC Heap History (10 events):
Event: 2.938 GC heap before
{Heap before GC invocations=5 (full 1):
 PSYoungGen      total 38400K, used 36035K [0x00000000d5e00000, 0x00000000d9580000, 0x0000000100000000)
  eden space 33280K, 99% used [0x00000000d5e00000,0x00000000d7e7a960,0x00000000d7e80000)
  from space 5120K, 54% used [0x00000000d7e80000,0x00000000d8136650,0x00000000d8380000)
  to   space 5120K, 0% used [0x00000000d9080000,0x00000000d9080000,0x00000000d9580000)
 ParOldGen       total 74240K, used 9658K [0x0000000081a00000, 0x0000000086280000, 0x00000000d5e00000)
  object space 74240K, 13% used [0x0000000081a00000,0x000000008236e8c8,0x0000000086280000)
 Metaspace       used 22595K, capacity 23618K, committed 23936K, reserved 1069056K
  class space    used 3156K, capacity 3408K, committed 3456K, reserved 1048576K
Event: 2.940 GC heap after
Heap after GC invocations=5 (full 1):
 PSYoungGen      total 51712K, used 1503K [0x00000000d5e00000, 0x00000000da100000, 0x0000000100000000)
  eden space 46592K, 0% used [0x00000000d5e00000,0x00000000d5e00000,0x00000000d8b80000)
  from space 5120K, 29% used [0x00000000d9080000,0x00000000d91f7d90,0x00000000d9580000)
  to   space 5120K, 0% used [0x00000000d8b80000,0x00000000d8b80000,0x00000000d9080000)
 ParOldGen       total 74240K, used 9666K [0x0000000081a00000, 0x0000000086280000, 0x00000000d5e00000)
  object space 74240K, 13% used [0x0000000081a00000,0x00000000823708c8,0x0000000086280000)
 Metaspace       used 22595K, capacity 23618K, committed 23936K, reserved 1069056K
  class space    used 3156K, capacity 3408K, committed 3456K, reserved 1048576K
}
Event: 2.955 GC heap before
{Heap before GC invocations=6 (full 1):
 PSYoungGen      total 51712K, used 48003K [0x00000000d5e00000, 0x00000000da100000, 0x0000000100000000)
  eden space 46592K, 99% used [0x00000000d5e00000,0x00000000d8b68ea0,0x00000000d8b80000)
  from space 5120K, 29% used [0x00000000d9080000,0x00000000d91f7d90,0x00000000d9580000)
  to   space 5120K, 0% used [0x00000000d8b80000,0x00000000d8b80000,0x00000000d9080000)
 ParOldGen       total 74240K, used 9666K [0x0000000081a00000, 0x0000000086280000, 0x00000000d5e00000)
  object space 74240K, 13% used [0x0000000081a00000,0x00000000823708c8,0x0000000086280000)
 Metaspace       used 22595K, capacity 23618K, committed 23936K, reserved 1069056K
  class space    used 3156K, capacity 3408K, committed 3456K, reserved 1048576K
Event: 2.957 GC heap after
Heap after GC invocations=6 (full 1):
 PSYoungGen      total 51712K, used 1518K [0x00000000d5e00000, 0x00000000dca80000, 0x0000000100000000)
  eden space 46592K, 0% used [0x00000000d5e00000,0x00000000d5e00000,0x00000000d8b80000)
  from space 5120K, 29% used [0x00000000d8b80000,0x00000000d8cfb818,0x00000000d9080000)
  to   space 12800K, 0% used [0x00000000dbe00000,0x00000000dbe00000,0x00000000dca80000)
 ParOldGen       total 74240K, used 9666K [0x0000000081a00000, 0x0000000086280000, 0x00000000d5e00000)
  object space 74240K, 13% used [0x0000000081a00000,0x00000000823708c8,0x0000000086280000)
 Metaspace       used 22595K, capacity 23618K, committed 23936K, reserved 1069056K
  class space    used 3156K, capacity 3408K, committed 3456K, reserved 1048576K
}
Event: 2.969 GC heap before
{Heap before GC invocations=7 (full 1):
 PSYoungGen      total 51712K, used 48025K [0x00000000d5e00000, 0x00000000dca80000, 0x0000000100000000)
  eden space 46592K, 99% used [0x00000000d5e00000,0x00000000d8b6ad10,0x00000000d8b80000)
  from space 5120K, 29% used [0x00000000d8b80000,0x00000000d8cfb818,0x00000000d9080000)
  to   space 12800K, 0% used [0x00000000dbe00000,0x00000000dbe00000,0x00000000dca80000)
 ParOldGen       total 74240K, used 9666K [0x0000000081a00000, 0x0000000086280000, 0x00000000d5e00000)
  object space 74240K, 13% used [0x0000000081a00000,0x00000000823708c8,0x0000000086280000)
 Metaspace       used 22595K, capacity 23618K, committed 23936K, reserved 1069056K
  class space    used 3156K, capacity 3408K, committed 3456K, reserved 1048576K
Event: 2.971 GC heap after
Heap after GC invocations=7 (full 1):
 PSYoungGen      total 98816K, used 1558K [0x00000000d5e00000, 0x00000000dcb00000, 0x0000000100000000)
  eden space 86016K, 0% used [0x00000000d5e00000,0x00000000d5e00000,0x00000000db200000)
  from space 12800K, 12% used [0x00000000dbe00000,0x00000000dbf85978,0x00000000dca80000)
  to   space 12288K, 0% used [0x00000000db200000,0x00000000db200000,0x00000000dbe00000)
 ParOldGen       total 74240K, used 9666K [0x0000000081a00000, 0x0000000086280000, 0x00000000d5e00000)
  object space 74240K, 13% used [0x0000000081a00000,0x00000000823708c8,0x0000000086280000)
 Metaspace       used 22595K, capacity 23618K, committed 23936K, reserved 1069056K
  class space    used 3156K, capacity 3408K, committed 3456K, reserved 1048576K
}
Event: 3.000 GC heap before
{Heap before GC invocations=8 (full 1):
 PSYoungGen      total 98816K, used 87507K [0x00000000d5e00000, 0x00000000dcb00000, 0x0000000100000000)
  eden space 86016K, 99% used [0x00000000d5e00000,0x00000000db1ef470,0x00000000db200000)
  from space 12800K, 12% used [0x00000000dbe00000,0x00000000dbf85978,0x00000000dca80000)
  to   space 12288K, 0% used [0x00000000db200000,0x00000000db200000,0x00000000dbe00000)
 ParOldGen       total 74240K, used 9666K [0x0000000081a00000, 0x0000000086280000, 0x00000000d5e00000)
  object space 74240K, 13% used [0x0000000081a00000,0x00000000823708c8,0x0000000086280000)
 Metaspace       used 22596K, capacity 23618K, committed 23936K, reserved 1069056K
  class space    used 3156K, capacity 3408K, committed 3456K, reserved 1048576K
Event: 3.002 GC heap after
Heap after GC invocations=8 (full 1):
 PSYoungGen      total 98304K, used 1613K [0x00000000d5e00000, 0x00000000e1180000, 0x0000000100000000)
  eden space 86016K, 0% used [0x00000000d5e00000,0x00000000d5e00000,0x00000000db200000)
  from space 12288K, 13% used [0x00000000db200000,0x00000000db3936a8,0x00000000dbe00000)
  to   space 11776K, 0% used [0x00000000e0600000,0x00000000e0600000,0x00000000e1180000)
 ParOldGen       total 74240K, used 9674K [0x0000000081a00000, 0x0000000086280000, 0x00000000d5e00000)
  object space 74240K, 13% used [0x0000000081a00000,0x00000000823728c8,0x0000000086280000)
 Metaspace       used 22596K, capacity 23618K, committed 23936K, reserved 1069056K
  class space    used 3156K, capacity 3408K, committed 3456K, reserved 1048576K
}
Event: 5.359 GC heap before
{Heap before GC invocations=9 (full 1):
 PSYoungGen      total 98304K, used 87629K [0x00000000d5e00000, 0x00000000e1180000, 0x0000000100000000)
  eden space 86016K, 100% used [0x00000000d5e00000,0x00000000db200000,0x00000000db200000)
  from space 12288K, 13% used [0x00000000db200000,0x00000000db3936a8,0x00000000dbe00000)
  to   space 11776K, 0% used [0x00000000e0600000,0x00000000e0600000,0x00000000e1180000)
 ParOldGen       total 74240K, used 9674K [0x0000000081a00000, 0x0000000086280000, 0x00000000d5e00000)
  object space 74240K, 13% used [0x0000000081a00000,0x00000000823728c8,0x0000000086280000)
 Metaspace       used 24264K, capacity 25330K, committed 25472K, reserved 1071104K
  class space    used 3342K, capacity 3598K, committed 3712K, reserved 1048576K
Event: 5.365 GC heap after
Heap after GC invocations=9 (full 1):
 PSYoungGen      total 167936K, used 8701K [0x00000000d5e00000, 0x00000000e1080000, 0x0000000100000000)
  eden space 157184K, 0% used [0x00000000d5e00000,0x00000000d5e00000,0x00000000df780000)
  from space 10752K, 80% used [0x00000000e0600000,0x00000000e0e7f670,0x00000000e1080000)
  to   space 12800K, 0% used [0x00000000df780000,0x00000000df780000,0x00000000e0400000)
 ParOldGen       total 74240K, used 11043K [0x0000000081a00000, 0x0000000086280000, 0x00000000d5e00000)
  object space 74240K, 14% used [0x0000000081a00000,0x00000000824c8d38,0x0000000086280000)
 Metaspace       used 24264K, capacity 25330K, committed 25472K, reserved 1071104K
  class space    used 3342K, capacity 3598K, committed 3712K, reserved 1048576K
}

Deoptimization events (10 events):
Event: 5.019 Thread 0x000000001a526000 Uncommon trap: reason=unstable_if action=reinterpret pc=0x00000000035f36b8 method=java.io.ByteArrayInputStream.read([BII)I @ 70
Event: 5.076 Thread 0x000000001a526000 Uncommon trap: reason=unstable_if action=reinterpret pc=0x00000000037ee8ec method=com.sun.crypto.provider.GaloisCounterMode.increment32([B)V @ 39
Event: 5.167 Thread 0x000000001a527000 Uncommon trap: reason=class_check action=maybe_recompile pc=0x0000000003842f00 method=java.lang.AbstractStringBuilder.append(Ljava/lang/CharSequence;)Ljava/lang/AbstractStringBuilder; @ 10
Event: 5.209 Thread 0x0000000019e15000 Uncommon trap: reason=bimorphic action=maybe_recompile pc=0x00000000035ce914 method=java.util.HashMap.putVal(ILjava/lang/Object;Ljava/lang/Object;ZZ)Ljava/lang/Object; @ 203
Event: 5.209 Thread 0x0000000019e15000 Uncommon trap: reason=bimorphic action=maybe_recompile pc=0x00000000035ce914 method=java.util.HashMap.putVal(ILjava/lang/Object;Ljava/lang/Object;ZZ)Ljava/lang/Object; @ 203
Event: 5.210 Thread 0x0000000019e15000 Uncommon trap: reason=bimorphic action=maybe_recompile pc=0x00000000035ce914 method=java.util.HashMap.putVal(ILjava/lang/Object;Ljava/lang/Object;ZZ)Ljava/lang/Object; @ 203
Event: 5.212 Thread 0x0000000019e15000 Uncommon trap: reason=bimorphic action=maybe_recompile pc=0x00000000035ce914 method=java.util.HashMap.putVal(ILjava/lang/Object;Ljava/lang/Object;ZZ)Ljava/lang/Object; @ 203
Event: 5.212 Thread 0x0000000019e15000 Uncommon trap: reason=bimorphic action=maybe_recompile pc=0x000000000383c27c method=java.util.HashMap.putVal(ILjava/lang/Object;Ljava/lang/Object;ZZ)Ljava/lang/Object; @ 203
Event: 5.496 Thread 0x0000000019e15000 Uncommon trap: reason=unstable_if action=reinterpret pc=0x000000000352ad6c method=com.sun.javafx.image.impl.ByteBgra$ToByteBgraPreConv.doConvert([BII[BIIII)V @ 31
Event: 5.955 Thread 0x000000001a527000 Uncommon trap: reason=unstable_if action=reinterpret pc=0x000000000334e5fc method=java.lang.String.indexOf([CII[CIII)I @ 27

Internal exceptions (10 events):
Event: 5.178 Thread 0x0000000019e15000 Exception <a 'java/lang/ClassNotFoundException': sun/net/www/protocol/about/Handler> (0x00000000d8df1fe8) thrown at [C:\re\workspace\8-2-build-windows-amd64-cygwin\jdk8u101\7261\hotspot\src\share\vm\classfile\systemDictionary.cpp, line 210]
Event: 5.179 Thread 0x0000000019e15000 Exception <a 'java/lang/ClassNotFoundException': sun/net/www/protocol/about/Handler> (0x00000000d8df4a58) thrown at [C:\re\workspace\8-2-build-windows-amd64-cygwin\jdk8u101\7261\hotspot\src\share\vm\classfile\systemDictionary.cpp, line 210]
Event: 5.283 Thread 0x0000000019e15000 Exception <a 'java/io/FileNotFoundException'> (0x00000000da283960) thrown at [C:\re\workspace\8-2-build-windows-amd64-cygwin\jdk8u101\7261\hotspot\src\share\vm\prims\jni.cpp, line 709]
Event: 5.283 Thread 0x0000000019e15000 Exception <a 'java/io/FileNotFoundException'> (0x00000000da284a80) thrown at [C:\re\workspace\8-2-build-windows-amd64-cygwin\jdk8u101\7261\hotspot\src\share\vm\prims\jni.cpp, line 709]
Event: 5.284 Thread 0x0000000019e15000 Exception <a 'java/io/FileNotFoundException'> (0x00000000da28a4b0) thrown at [C:\re\workspace\8-2-build-windows-amd64-cygwin\jdk8u101\7261\hotspot\src\share\vm\prims\jni.cpp, line 709]
Event: 5.285 Thread 0x0000000019e15000 Exception <a 'java/io/FileNotFoundException'> (0x00000000da28b540) thrown at [C:\re\workspace\8-2-build-windows-amd64-cygwin\jdk8u101\7261\hotspot\src\share\vm\prims\jni.cpp, line 709]
Event: 5.320 Thread 0x0000000019e15000 Exception <a 'java/lang/ClassNotFoundException': sun/net/www/protocol/about/Handler> (0x00000000dacf6d28) thrown at [C:\re\workspace\8-2-build-windows-amd64-cygwin\jdk8u101\7261\hotspot\src\share\vm\classfile\systemDictionary.cpp, line 210]
Event: 5.604 Thread 0x0000000019e15000 Exception <a 'java/lang/ClassNotFoundException': sun/net/www/protocol/about/Handler> (0x00000000d7418790) thrown at [C:\re\workspace\8-2-build-windows-amd64-cygwin\jdk8u101\7261\hotspot\src\share\vm\classfile\systemDictionary.cpp, line 210]
Event: 5.854 Thread 0x0000000019789000 Exception <a 'sun/nio/fs/WindowsException'> (0x00000000d8543748) thrown at [C:\re\workspace\8-2-build-windows-amd64-cygwin\jdk8u101\7261\hotspot\src\share\vm\prims\jni.cpp, line 709]
Event: 6.004 Thread 0x0000000019e15000 Exception <a 'java/lang/ClassNotFoundException': sun/net/www/protocol/about/Handler> (0x00000000d81ebb00) thrown at [C:\re\workspace\8-2-build-windows-amd64-cygwin\jdk8u101\7261\hotspot\src\share\vm\classfile\systemDictionary.cpp, line 210]

Events (10 events):
Event: 6.004 Thread 0x0000000019e15000 DEOPT PACKING pc=0x0000000003286d01 sp=0x000000001a9cb940
Event: 6.004 Thread 0x0000000019e15000 DEOPT UNPACKING pc=0x000000000309787f sp=0x000000001a9cb6a0 mode 1
Event: 6.004 Thread 0x0000000019e15000 DEOPT PACKING pc=0x00000000034f4ef4 sp=0x000000001a9cba90
Event: 6.004 Thread 0x0000000019e15000 DEOPT UNPACKING pc=0x000000000309787f sp=0x000000001a9cb808 mode 1
Event: 6.004 Thread 0x0000000019e15000 DEOPT PACKING pc=0x00000000031e345c sp=0x000000001a9cbb40
Event: 6.004 Thread 0x0000000019e15000 DEOPT UNPACKING pc=0x000000000309787f sp=0x000000001a9cb880 mode 1
Event: 6.004 Thread 0x0000000019e15000 DEOPT PACKING pc=0x00000000032e47d4 sp=0x000000001a9cbc50
Event: 6.004 Thread 0x0000000019e15000 DEOPT UNPACKING pc=0x000000000309787f sp=0x000000001a9cba80 mode 1
Event: 6.004 Thread 0x0000000019e15000 DEOPT PACKING pc=0x0000000003238fe4 sp=0x000000001a9cbe00
Event: 6.004 Thread 0x0000000019e15000 DEOPT UNPACKING pc=0x000000000309787f sp=0x000000001a9cbb50 mode 1


Dynamic libraries:
0x00007ff7b9b80000 - 0x00007ff7b9bb7000 	C:\Program Files\Java\jdk1.8.0_101\jre\bin\java.exe
0x00007ff9d1960000 - 0x00007ff9d1b3b000 	C:\WINDOWS\SYSTEM32\ntdll.dll
0x00007ff9d0e10000 - 0x00007ff9d0ebe000 	C:\WINDOWS\System32\KERNEL32.DLL
0x00007ff9cdf90000 - 0x00007ff9ce1d9000 	C:\WINDOWS\System32\KERNELBASE.dll
0x00007ff9d0330000 - 0x00007ff9d03d1000 	C:\WINDOWS\System32\ADVAPI32.dll
0x00007ff9d1770000 - 0x00007ff9d180d000 	C:\WINDOWS\System32\msvcrt.dll
0x00007ff9d13e0000 - 0x00007ff9d1439000 	C:\WINDOWS\System32\sechost.dll
0x00007ff9d1590000 - 0x00007ff9d16b5000 	C:\WINDOWS\System32\RPCRT4.dll
0x00007ff9d1810000 - 0x00007ff9d195a000 	C:\WINDOWS\System32\USER32.dll
0x00007ff9ce1e0000 - 0x00007ff9ce1fe000 	C:\WINDOWS\System32\win32u.dll
0x00007ff9ceec0000 - 0x00007ff9ceee7000 	C:\WINDOWS\System32\GDI32.dll
0x00007ff9ce520000 - 0x00007ff9ce6a8000 	C:\WINDOWS\System32\gdi32full.dll
0x00007ff9ce6b0000 - 0x00007ff9ce74a000 	C:\WINDOWS\System32\msvcp_win.dll
0x00007ff9ce3d0000 - 0x00007ff9ce4c6000 	C:\WINDOWS\System32\ucrtbase.dll
0x00007ff9c0450000 - 0x00007ff9c06b7000 	C:\WINDOWS\WinSxS\amd64_microsoft.windows.common-controls_6595b64144ccf1df_6.0.15063.483_none_26002d27e7c744a2\COMCTL32.dll
0x00007ff9d0470000 - 0x00007ff9d0769000 	C:\WINDOWS\System32\combase.dll
0x00007ff9ce750000 - 0x00007ff9ce7ba000 	C:\WINDOWS\System32\bcryptPrimitives.dll
0x00007ff9d0440000 - 0x00007ff9d046d000 	C:\WINDOWS\System32\IMM32.DLL
0x0000000076970000 - 0x0000000076a42000 	C:\Program Files\Java\jdk1.8.0_101\jre\bin\msvcr100.dll
0x0000000073370000 - 0x0000000073c0a000 	C:\Program Files\Java\jdk1.8.0_101\jre\bin\server\jvm.dll
0x00007ff9d07d0000 - 0x00007ff9d07d8000 	C:\WINDOWS\System32\PSAPI.DLL
0x00007ff9c5330000 - 0x00007ff9c533a000 	C:\WINDOWS\SYSTEM32\VERSION.dll
0x00007ff9c5340000 - 0x00007ff9c5363000 	C:\WINDOWS\SYSTEM32\WINMM.dll
0x00007ff9c9dc0000 - 0x00007ff9c9dc9000 	C:\WINDOWS\SYSTEM32\WSOCK32.dll
0x00007ff9d1310000 - 0x00007ff9d137c000 	C:\WINDOWS\System32\WS2_32.dll
0x00007ff9c5300000 - 0x00007ff9c532b000 	C:\WINDOWS\SYSTEM32\winmmbase.dll
0x00007ff9ce4d0000 - 0x00007ff9ce519000 	C:\WINDOWS\System32\cfgmgr32.dll
0x0000000076920000 - 0x000000007692f000 	C:\Program Files\Java\jdk1.8.0_101\jre\bin\verify.dll
0x00000000768f0000 - 0x0000000076919000 	C:\Program Files\Java\jdk1.8.0_101\jre\bin\java.dll
0x0000000074e50000 - 0x0000000074e85000 	C:\Program Files\Java\jdk1.8.0_101\jre\bin\jdwp.dll
0x0000000074e40000 - 0x0000000074e48000 	C:\Program Files\Java\jdk1.8.0_101\jre\bin\npt.dll
0x00000000768d0000 - 0x00000000768e6000 	C:\Program Files\Java\jdk1.8.0_101\jre\bin\zip.dll
0x00007ff9ceef0000 - 0x00007ff9d0327000 	C:\WINDOWS\System32\SHELL32.dll
0x00007ff9d16c0000 - 0x00007ff9d176a000 	C:\WINDOWS\System32\shcore.dll
0x00007ff9ce7c0000 - 0x00007ff9ceeb2000 	C:\WINDOWS\System32\windows.storage.dll
0x00007ff9d0770000 - 0x00007ff9d07c1000 	C:\WINDOWS\System32\shlwapi.dll
0x00007ff9cddd0000 - 0x00007ff9cdde1000 	C:\WINDOWS\System32\kernel.appcore.dll
0x00007ff9cde30000 - 0x00007ff9cde7c000 	C:\WINDOWS\System32\powrprof.dll
0x00007ff9cde10000 - 0x00007ff9cde25000 	C:\WINDOWS\System32\profapi.dll
0x0000000074b00000 - 0x0000000074b09000 	C:\Program Files\Java\jdk1.8.0_101\jre\bin\dt_socket.dll
0x00007ff9cd6e0000 - 0x00007ff9cd73c000 	C:\WINDOWS\system32\mswsock.dll
0x00007ff997230000 - 0x00007ff99731f000 	C:\Program Files\Java\jdk1.8.0_101\jre\bin\msvcr120.dll
0x00007ff99f5c0000 - 0x00007ff99f666000 	C:\Program Files\Java\jdk1.8.0_101\jre\bin\msvcp120.dll
0x0000000074ad0000 - 0x0000000074af2000 	C:\Program Files\Java\jdk1.8.0_101\jre\bin\prism_d3d.dll
0x00007ff98ac30000 - 0x00007ff98adb9000 	C:\WINDOWS\system32\d3d9.dll
0x00007ff9c3910000 - 0x00007ff9c393a000 	C:\WINDOWS\SYSTEM32\dwmapi.dll
0x00007ff9cc4e0000 - 0x00007ff9cc575000 	C:\WINDOWS\system32\uxtheme.dll
0x00007ff967a00000 - 0x00007ff969f3d000 	C:\WINDOWS\SYSTEM32\igdumdim64.dll
0x00007ff9d1060000 - 0x00007ff9d1120000 	C:\WINDOWS\System32\OLEAUT32.dll
0x00007ff9d1440000 - 0x00007ff9d1585000 	C:\WINDOWS\System32\ole32.dll
0x00007ff9d09d0000 - 0x00007ff9d0e0b000 	C:\WINDOWS\System32\SETUPAPI.dll
0x0000000072ff0000 - 0x0000000073033000 	C:\Program Files\Java\jdk1.8.0_101\jre\bin\glass.dll
0x00007ff9d0800000 - 0x00007ff9d0908000 	C:\WINDOWS\System32\COMDLG32.dll
0x00007ff9d11a0000 - 0x00007ff9d1306000 	C:\WINDOWS\System32\MSCTF.dll
0x00007ff9bc750000 - 0x00007ff9bc7f1000 	C:\Program Files\Common Files\microsoft shared\ink\tiptsf.dll
0x00007ff9ba370000 - 0x00007ff9bb1e3000 	C:\WINDOWS\SYSTEM32\igc64.dll
0x0000000070a60000 - 0x0000000072ff0000 	C:\Program Files\Java\jdk1.8.0_101\jre\bin\jfxwebkit.dll
0x00007ff9cd880000 - 0x00007ff9cd897000 	C:\WINDOWS\SYSTEM32\CRYPTSP.dll
0x00007ff9cd300000 - 0x00007ff9cd334000 	C:\WINDOWS\system32\rsaenh.dll
0x00007ff9cd990000 - 0x00007ff9cd9b5000 	C:\WINDOWS\SYSTEM32\bcrypt.dll
0x00007ff9cd8a0000 - 0x00007ff9cd8ab000 	C:\WINDOWS\SYSTEM32\CRYPTBASE.dll
0x0000000074ab0000 - 0x0000000074ac4000 	C:\Program Files\Java\jdk1.8.0_101\jre\bin\javafx_font.dll
0x00007ff9bcd00000 - 0x00007ff9bcfbf000 	C:\WINDOWS\SYSTEM32\dwrite.dll
0x0000000070a30000 - 0x0000000070a53000 	C:\Program Files\Java\jdk1.8.0_101\jre\bin\javafx_iio.dll
0x00007ff9d0910000 - 0x00007ff9d09ae000 	C:\WINDOWS\System32\clbcatq.dll
0x00007ff9bf7f0000 - 0x00007ff9bf99c000 	C:\WINDOWS\SYSTEM32\WindowsCodecs.dll
0x00007ff9b7330000 - 0x00007ff9b7377000 	C:\WINDOWS\system32\dataexchange.dll
0x00007ff9cbd70000 - 0x00007ff9cbe92000 	C:\WINDOWS\system32\dcomp.dll
0x00007ff9cafb0000 - 0x00007ff9cb28f000 	C:\WINDOWS\system32\d3d11.dll
0x00007ff9ccc40000 - 0x00007ff9ccce4000 	C:\WINDOWS\system32\dxgi.dll
0x00007ff9cc6c0000 - 0x00007ff9cc830000 	C:\WINDOWS\system32\twinapi.appcore.dll
0x00007ff9a9cf0000 - 0x00007ff9a9d21000 	C:\Program Files\Common Files\Microsoft Shared\Ink\rtscom.dll
0x00007ff9c8fe0000 - 0x00007ff9c9062000 	C:\WINDOWS\System32\TextInputFramework.dll
0x00007ff9c2b40000 - 0x00007ff9c2e12000 	C:\WINDOWS\System32\CoreUIComponents.dll
0x00007ff9cbc80000 - 0x00007ff9cbd63000 	C:\WINDOWS\System32\CoreMessaging.dll
0x00007ff9cd130000 - 0x00007ff9cd161000 	C:\WINDOWS\SYSTEM32\ntmarta.dll
0x00007ff9ca1f0000 - 0x00007ff9ca329000 	C:\WINDOWS\SYSTEM32\wintypes.dll
0x00007ff9ca1d0000 - 0x00007ff9ca1e5000 	C:\WINDOWS\SYSTEM32\usermgrcli.dll
0x00007ff9b7720000 - 0x00007ff9b78e5000 	C:\Windows\System32\uiautomationcore.dll
0x00007ff9cdc30000 - 0x00007ff9cdcca000 	C:\WINDOWS\SYSTEM32\sxs.dll
0x00007ff9c0af0000 - 0x00007ff9c0b5b000 	C:\WINDOWS\SYSTEM32\OLEACC.dll
0x0000000074a90000 - 0x0000000074aa1000 	C:\Program Files\Java\jdk1.8.0_101\jre\bin\prism_common.dll
0x0000000070a00000 - 0x0000000070a24000 	C:\Program Files\Java\jdk1.8.0_101\jre\bin\sunec.dll
0x00007ff9cdcd0000 - 0x00007ff9cdcf9000 	C:\WINDOWS\SYSTEM32\USERENV.dll
0x00000000768b0000 - 0x00000000768ca000 	C:\Program Files\Java\jdk1.8.0_101\jre\bin\net.dll
0x00007ff9cd480000 - 0x00007ff9cd4b7000 	C:\WINDOWS\SYSTEM32\IPHLPAPI.DLL
0x00007ff9d07f0000 - 0x00007ff9d07f8000 	C:\WINDOWS\System32\NSI.dll
0x00007ff9c6af0000 - 0x00007ff9c6b06000 	C:\WINDOWS\SYSTEM32\dhcpcsvc6.DLL
0x00007ff9c6ad0000 - 0x00007ff9c6aea000 	C:\WINDOWS\SYSTEM32\dhcpcsvc.DLL
0x0000000076890000 - 0x00000000768a1000 	C:\Program Files\Java\jdk1.8.0_101\jre\bin\nio.dll
0x00000000709f0000 - 0x00000000709fb000 	C:\Program Files\Java\jdk1.8.0_101\jre\bin\sunmscapi.dll
0x00007ff9ce200000 - 0x00007ff9ce3c9000 	C:\WINDOWS\System32\CRYPT32.dll
0x00007ff9cddf0000 - 0x00007ff9cde01000 	C:\WINDOWS\System32\MSASN1.dll
0x00007ff9c8f50000 - 0x00007ff9c8f66000 	C:\WINDOWS\system32\napinsp.dll
0x00007ff9c8f30000 - 0x00007ff9c8f4a000 	C:\WINDOWS\system32\pnrpnsp.dll
0x00007ff9cadd0000 - 0x00007ff9cade8000 	C:\WINDOWS\system32\NLAapi.dll
0x00007ff9cd4c0000 - 0x00007ff9cd564000 	C:\WINDOWS\SYSTEM32\DNSAPI.dll
0x00007ff9c8f20000 - 0x00007ff9c8f2e000 	C:\WINDOWS\System32\winrnr.dll
0x00007ff9c3420000 - 0x00007ff9c342a000 	C:\Windows\System32\rasadhlp.dll
0x00007ff9c6d10000 - 0x00007ff9c6d7b000 	C:\WINDOWS\System32\fwpuclnt.dll
0x00007ff9c9af0000 - 0x00007ff9c9c99000 	C:\WINDOWS\SYSTEM32\dbghelp.dll

VM Arguments:
jvm_args: -Xdebug -Xrunjdwp:transport=dt_socket,server=n,address=65521 -Dglass.disableGrab=true 
java_command: D:\Netbeans\CheeChoo\target/CheeChoo-1.0-SNAPSHOT.jar
java_class_path (initial): D:\Netbeans\CheeChoo\target/CheeChoo-1.0-SNAPSHOT.jar
Launcher Type: SUN_STANDARD

Environment Variables:
JAVA_HOME=C:\Program Files\Java\jdk1.8.0_101
PATH=C:\ProgramData\Oracle\Java\javapath;C:\WINDOWS\system32;C:\WINDOWS;C:\WINDOWS\System32\Wbem;C:\WINDOWS\System32\WindowsPowerShell\v1.0\;C:\Program Files\Microsoft SQL Server\120\Tools\Binn\;C:\Program Files\Microsoft SQL Server\130\Tools\Binn\;C:\Program Files\Microsoft\Web Platform Installer\;C:\Program Files (x86)\Microsoft SQL Server\110\DTS\Binn\;C:\Program Files (x86)\Microsoft SQL Server\120\DTS\Binn\;C:\Program Files (x86)\Microsoft SQL Server\130\DTS\Binn\;C:\Program Files\Microsoft SQL Server\Client SDK\ODBC\130\Tools\Binn\;C:\Program Files (x86)\Microsoft SQL Server\130\Tools\Binn\;C:\Program Files\Microsoft SQL Server\130\DTS\Binn\;C:\Program Files (x86)\Microsoft Emulator Manager\1.0\;C:\Program Files (x86)\Microsoft SQL Server\Client SDK\ODBC\130\Tools\Binn\;C:\Program Files (x86)\Microsoft SQL Server\130\Tools\Binn\ManagementStudio\;C:\Program Files\Intel\WiFi\bin\;C:\Program Files\Common Files\Intel\WirelessCommon\;C:\Program Files (x86)\Heroku\bin;C:\Program Files (x86)\git\cmd;C:\ProgramData\chocolatey\bin;C:\Program Files\Git\cmd;C:\Program Files\MySQL\MySQL Utilities 1.6\;C:\Program Files\Java\jdk1.8.0_101\bin;C:\Program Files\dotnet\;C:\Program Files\nodejs\;C:\Program Files (x86)\Yarn\bin;C:\Anaconda3;C:\Anaconda3\Scripts;C:\Anaconda3\Library\bin;C:\Ruby22-x64\bin;C:\Users\Loh Jing Yen\AppData\Local\Microsoft\WindowsApps;C:\Program Files\Intel\WiFi\bin\;C:\Program Files\Common Files\Intel\WirelessCommon\;C:\Program Files (x86)\Microsoft VS Code\bin;C:\Users\Loh Jing Yen\AppData\Local\Microsoft\WindowsApps;C:\Users\Loh Jing Yen\AppData\Roaming\npm;C:\Users\Loh Jing Yen\AppData\Local\Yarn\bin;C:\Program Files\MongoDB\Server\3.4\bin;C:\tools\neovim\Neovim\bin;
USERNAME=Loh Jing Yen
OS=Windows_NT
PROCESSOR_IDENTIFIER=Intel64 Family 6 Model 78 Stepping 3, GenuineIntel



---------------  S Y S T E M  ---------------

OS: Windows 10.0 , 64 bit Build 15063 (10.0.15063.296)

CPU:total 4 (2 cores per cpu, 2 threads per core) family 6 model 78 stepping 3, cmov, cx8, fxsr, mmx, sse, sse2, sse3, ssse3, sse4.1, sse4.2, popcnt, avx, avx2, aes, clmul, erms, 3dnowpref, lzcnt, ht, tsc, tscinvbit, bmi1, bmi2, adx

Memory: 4k page, physical 8280512k(1314496k free), swap 13062436k(1692288k free)

vm_info: Java HotSpot(TM) 64-Bit Server VM (25.101-b13) for windows-amd64 JRE (1.8.0_101-b13), built on Jun 22 2016 01:21:29 by "java_re" with MS VC++ 10.0 (VS2010)

time: Sat Jul 22 17:43:53 2017
elapsed time: 6 seconds (0d 0h 0m 6s)

