#
# A fatal error has been detected by the Java Runtime Environment:
#
#  EXCEPTION_ACCESS_VIOLATION (0xc0000005) at pc=0x000000006e580670, pid=11096, tid=0x00000000000064e8
#
# JRE version: Java(TM) SE Runtime Environment (8.0_101-b13) (build 1.8.0_101-b13)
# Java VM: Java HotSpot(TM) 64-Bit Server VM (25.101-b13 mixed mode windows-amd64 compressed oops)
# Problematic frame:
# C  [jfxwebkit.dll+0xc40670]
#
# Failed to write core dump. Minidumps are not enabled by default on client versions of Windows
#
# If you would like to submit a bug report, please visit:
#   http://bugreport.java.com/bugreport/crash.jsp
# The crash happened outside the Java Virtual Machine in native code.
# See problematic frame for where to report the bug.
#

---------------  T H R E A D  ---------------

Current thread (0x000000001a238800):  JavaThread "JavaFX Application Thread" [_thread_in_native, id=25832, stack(0x000000001ad00000,0x000000001ae00000)]

siginfo: ExceptionCode=0xc0000005, reading address 0x0000000000000008

Registers:
RAX=0x0000000000000000, RBX=0x000000002fa32b70, RCX=0x0000000020704470, RDX=0x0000000000000000
RSP=0x000000001adfbb18, RBP=0x00000000ffffffff, RSI=0x0000000000000000, RDI=0x000000002a0a0d70
R8 =0x0000000020704470, R9 =0x0000000020704530, R10=0x0000000000000000, R11=0x0000000000000000
R12=0x00000000204cfe00, R13=0x000000001f9c1720, R14=0x0000000000000000, R15=0x00000000204cfda0
RIP=0x000000006e580670, EFLAGS=0x0000000000010246

Top of Stack: (sp=0x000000001adfbb18)
0x000000001adfbb18:   000000006e5660b8 fffffffffffffffe
0x000000001adfbb28:   000000002fa32b70 000000002fa32b70
0x000000001adfbb38:   000000006e66e499 0000000030e342e0
0x000000001adfbb48:   000000001adfbba0 0000000020704470
0x000000001adfbb58:   fffffffffffffffe 000000001f9c1720
0x000000001adfbb68:   00000000ffffffff 0000000000000000
0x000000001adfbb78:   000000002a0a0d70 000000002fa32b70
0x000000001adfbb88:   000000006e5666de 0000000020704470
0x000000001adfbb98:   000000001adfbbc0 0000000000000000
0x000000001adfbba8:   0000000000000000 0000000000000000
0x000000001adfbbb8:   000000001adfbc08 0000000000000000
0x000000001adfbbc8:   000000001f9c1738 fffffffffffffffe
0x000000001adfbbd8:   000000002fa32b70 000000002a0a0d70
0x000000001adfbbe8:   00000000242ad270 000000001adfc720
0x000000001adfbbf8:   000000006e5715f8 0000000000000000
0x000000001adfbc08:   0000000000000000 000000001adfbd00 

Instructions: (pc=0x000000006e580670)
0x000000006e580650:   48 8b 81 b0 00 00 00 4c 8d 89 c0 00 00 00 4c 8b
0x000000006e580660:   c1 49 3b c1 74 38 45 33 d2 0f 1f 80 00 00 00 00
0x000000006e580670:   48 8b 50 08 4c 89 50 10 4c 89 50 20 48 85 d2 74
0x000000006e580680:   11 48 8b 08 48 89 0a 48 89 51 08 4c 89 50 08 4c 


Register to memory mapping:

RAX=0x0000000000000000 is an unknown value
RBX=0x000000002fa32b70 is an unknown value
RCX=0x0000000020704470 is an unknown value
RDX=0x0000000000000000 is an unknown value
RSP=0x000000001adfbb18 is pointing into the stack for thread: 0x000000001a238800
RBP=0x00000000ffffffff is an unallocated location in the heap
RSI=0x0000000000000000 is an unknown value
RDI=0x000000002a0a0d70 is an unknown value
R8 =0x0000000020704470 is an unknown value
R9 =0x0000000020704530 is an unknown value
R10=0x0000000000000000 is an unknown value
R11=0x0000000000000000 is an unknown value
R12=0x00000000204cfe00 is an unknown value
R13=0x000000001f9c1720 is an unknown value
R14=0x0000000000000000 is an unknown value
R15=0x00000000204cfda0 is an unknown value


Stack: [0x000000001ad00000,0x000000001ae00000],  sp=0x000000001adfbb18,  free space=1006k
Native frames: (J=compiled Java code, j=interpreted, Vv=VM code, C=native code)
C  [jfxwebkit.dll+0xc40670]

Java frames: (J=compiled Java code, j=interpreted, Vv=VM code)
j  com.sun.webkit.network.URLLoader.twkDidFinishLoading(J)V+0
j  com.sun.webkit.network.URLLoader.notifyDidFinishLoading()V+44
j  com.sun.webkit.network.URLLoader.lambda$didFinishLoading$98()V+8
j  com.sun.webkit.network.URLLoader$$Lambda$309.run()V+4
J 5152 C1 com.sun.javafx.application.PlatformImpl$$Lambda$50.run()Ljava/lang/Object; (8 bytes) @ 0x00000000042833d4 [0x0000000004283280+0x154]
v  ~StubRoutines::call_stub
J 1600  java.security.AccessController.doPrivileged(Ljava/security/PrivilegedAction;Ljava/security/AccessControlContext;)Ljava/lang/Object; (0 bytes) @ 0x00000000039b48e6 [0x00000000039b4880+0x66]
J 5149 C1 com.sun.javafx.application.PlatformImpl.lambda$runLater$174(Ljava/lang/Runnable;Ljava/security/AccessControlContext;)V (38 bytes) @ 0x0000000004281fe4 [0x0000000004281c40+0x3a4]
J 5148 C1 com.sun.javafx.application.PlatformImpl$$Lambda$49.run()V (12 bytes) @ 0x000000000427d0cc [0x000000000427d040+0x8c]
J 4861 C2 com.sun.glass.ui.InvokeLaterDispatcher$Future.run()V (91 bytes) @ 0x000000000418f4c4 [0x000000000418ef60+0x564]
v  ~StubRoutines::call_stub
j  com.sun.glass.ui.win.WinApplication._runLoop(Ljava/lang/Runnable;)V+0
j  com.sun.glass.ui.win.WinApplication.lambda$null$148(ILjava/lang/Runnable;)V+8
j  com.sun.glass.ui.win.WinApplication$$Lambda$38.run()V+12
j  java.lang.Thread.run()V+11
v  ~StubRoutines::call_stub

---------------  P R O C E S S  ---------------

Java Threads: ( => current thread )
  0x0000000023270000 JavaThread "Thread-51" daemon [_thread_blocked, id=14200, stack(0x00000000396e0000,0x00000000397e0000)]
  0x0000000023268800 JavaThread "Thread-50" daemon [_thread_blocked, id=16172, stack(0x00000000394e0000,0x00000000395e0000)]
  0x000000002326e800 JavaThread "Thread-49" daemon [_thread_blocked, id=24720, stack(0x00000000393e0000,0x00000000394e0000)]
  0x000000002326f000 JavaThread "Thread-48" daemon [_thread_blocked, id=12036, stack(0x00000000392e0000,0x00000000393e0000)]
  0x000000002326d800 JavaThread "Thread-47" daemon [_thread_blocked, id=12260, stack(0x00000000391e0000,0x00000000392e0000)]
  0x000000002326d000 JavaThread "Thread-46" daemon [_thread_blocked, id=21524, stack(0x00000000390e0000,0x00000000391e0000)]
  0x000000002326c000 JavaThread "Thread-45" daemon [_thread_blocked, id=24556, stack(0x0000000038fe0000,0x00000000390e0000)]
  0x000000002326b800 JavaThread "URL-Loader-40" daemon [_thread_blocked, id=20796, stack(0x0000000038ee0000,0x0000000038fe0000)]
  0x000000002326a000 JavaThread "Thread-44" daemon [_thread_blocked, id=20428, stack(0x0000000038de0000,0x0000000038ee0000)]
  0x000000001a763000 JavaThread "URL-Loader-39" daemon [_thread_blocked, id=22288, stack(0x0000000038ce0000,0x0000000038de0000)]
  0x000000001a762000 JavaThread "URL-Loader-38" daemon [_thread_blocked, id=11708, stack(0x0000000038be0000,0x0000000038ce0000)]
  0x000000001a761800 JavaThread "URL-Loader-37" daemon [_thread_in_native, id=22192, stack(0x0000000038ae0000,0x0000000038be0000)]
  0x000000001a766800 JavaThread "URL-Loader-36" daemon [_thread_in_native, id=2872, stack(0x00000000389e0000,0x0000000038ae0000)]
  0x000000001a766000 JavaThread "URL-Loader-35" daemon [_thread_in_native, id=26252, stack(0x00000000388e0000,0x00000000389e0000)]
  0x000000001a765000 JavaThread "URL-Loader-34" daemon [_thread_in_native, id=13420, stack(0x00000000387e0000,0x00000000388e0000)]
  0x000000001a760800 JavaThread "URL-Loader-33" daemon [_thread_blocked, id=2640, stack(0x00000000386e0000,0x00000000387e0000)]
  0x000000001a764800 JavaThread "URL-Loader-32" daemon [_thread_in_native, id=9576, stack(0x00000000384e0000,0x00000000385e0000)]
  0x000000001a763800 JavaThread "URL-Loader-31" daemon [_thread_in_native, id=28356, stack(0x00000000382e0000,0x00000000383e0000)]
  0x000000001a759000 JavaThread "URL-Loader-30" daemon [_thread_blocked, id=9796, stack(0x00000000381e0000,0x00000000382e0000)]
  0x000000001a75a800 JavaThread "URL-Loader-29" daemon [_thread_in_native, id=14240, stack(0x00000000380e0000,0x00000000381e0000)]
  0x000000001a760000 JavaThread "Keep-Alive-Timer" daemon [_thread_blocked, id=27556, stack(0x0000000037ee0000,0x0000000037fe0000)]
  0x000000001a75d800 JavaThread "URL-Loader-28" daemon [_thread_blocked, id=9956, stack(0x0000000037be0000,0x0000000037ce0000)]
  0x000000001a75d000 JavaThread "URL-Loader-27" daemon [_thread_blocked, id=20452, stack(0x0000000037ae0000,0x0000000037be0000)]
  0x000000001a75f000 JavaThread "URL-Loader-26" daemon [_thread_blocked, id=22920, stack(0x00000000379e0000,0x0000000037ae0000)]
  0x000000001a75b800 JavaThread "URL-Loader-25" daemon [_thread_in_native, id=15252, stack(0x00000000378e0000,0x00000000379e0000)]
  0x000000001a75c000 JavaThread "URL-Loader-24" daemon [_thread_in_native, id=26192, stack(0x00000000377e0000,0x00000000378e0000)]
  0x000000001a757800 JavaThread "URL-Loader-23" daemon [_thread_in_native, id=22404, stack(0x00000000376e0000,0x00000000377e0000)]
  0x000000001a758800 JavaThread "URL-Loader-22" daemon [_thread_blocked, id=11684, stack(0x00000000375e0000,0x00000000376e0000)]
  0x000000001a75a000 JavaThread "URL-Loader-21" daemon [_thread_blocked, id=18896, stack(0x00000000374e0000,0x00000000375e0000)]
  0x000000002326a800 JavaThread "Thread-5" daemon [_thread_in_native, id=8524, stack(0x0000000032cf0000,0x0000000032df0000)]
  0x0000000023270800 JavaThread "Watchdog-Timer-1" daemon [_thread_blocked, id=22488, stack(0x0000000032af0000,0x0000000032bf0000)]
  0x000000001a9fe800 JavaThread "FX Access Thread (Visual Debugger)" daemon [_thread_blocked, id=26884, stack(0x0000000024650000,0x0000000024750000)]
  0x000000001a6e1000 JavaThread "Prism Font Disposer" daemon [_thread_blocked, id=24272, stack(0x0000000022750000,0x0000000022850000)]
  0x000000001a54d000 JavaThread "Disposer" daemon [_thread_blocked, id=16216, stack(0x00000000204f0000,0x00000000205f0000)]
  0x000000001a2cb800 JavaThread "Thread-3" daemon [_thread_in_native, id=27780, stack(0x000000001f390000,0x000000001f490000)]
  0x000000001a2cd800 JavaThread "JavaFX-Launcher" [_thread_blocked, id=3188, stack(0x000000001f490000,0x000000001f590000)]
=>0x000000001a238800 JavaThread "JavaFX Application Thread" [_thread_in_native, id=25832, stack(0x000000001ad00000,0x000000001ae00000)]
  0x000000001a237800 JavaThread "Thread-1" daemon [_thread_blocked, id=24548, stack(0x000000001ac00000,0x000000001ad00000)]
  0x000000001a21b000 JavaThread "QuantumRenderer-0" daemon [_thread_blocked, id=10712, stack(0x000000001aa00000,0x000000001ab00000)]
  0x0000000019c4d800 JavaThread "Service Thread" daemon [_thread_blocked, id=20748, stack(0x000000001a000000,0x000000001a100000)]
  0x0000000017fef800 JavaThread "C1 CompilerThread2" daemon [_thread_blocked, id=6440, stack(0x0000000019b00000,0x0000000019c00000)]
  0x0000000017fed000 JavaThread "C2 CompilerThread1" daemon [_thread_blocked, id=17712, stack(0x0000000019a00000,0x0000000019b00000)]
  0x0000000017ff4000 JavaThread "C2 CompilerThread0" daemon [_thread_blocked, id=5976, stack(0x0000000019900000,0x0000000019a00000)]
  0x0000000017fda000 JavaThread "JDWP Command Reader" daemon [_thread_in_native, id=9404, stack(0x0000000019800000,0x0000000019900000)]
  0x0000000017fd6800 JavaThread "JDWP Event Helper Thread" daemon [_thread_blocked, id=28308, stack(0x0000000019700000,0x0000000019800000)]
  0x0000000017fc8800 JavaThread "JDWP Transport Listener: dt_socket" daemon [_thread_blocked, id=4044, stack(0x0000000019600000,0x0000000019700000)]
  0x0000000017fbf000 JavaThread "Attach Listener" daemon [_thread_blocked, id=7344, stack(0x0000000019500000,0x0000000019600000)]
  0x0000000017fbd800 JavaThread "Signal Dispatcher" daemon [_thread_blocked, id=21376, stack(0x0000000019400000,0x0000000019500000)]
  0x0000000017faa800 JavaThread "Finalizer" daemon [_thread_blocked, id=23884, stack(0x0000000019210000,0x0000000019310000)]
  0x0000000017f89000 JavaThread "Reference Handler" daemon [_thread_blocked, id=12716, stack(0x0000000019110000,0x0000000019210000)]
  0x0000000003382800 JavaThread "main" [_thread_blocked, id=19384, stack(0x0000000003280000,0x0000000003380000)]

Other Threads:
  0x0000000017f88000 VMThread [stack: 0x0000000019010000,0x0000000019110000] [id=11016]
  0x0000000019c60800 WatcherThread [stack: 0x000000001a100000,0x000000001a200000] [id=20408]

VM state:not at safepoint (normal execution)

VM Mutex/Monitor currently owned by a thread: None

Heap:
 PSYoungGen      total 218112K, used 182833K [0x00000000d5e00000, 0x00000000e4000000, 0x0000000100000000)
  eden space 207360K, 84% used [0x00000000d5e00000,0x00000000e086f970,0x00000000e2880000)
  from space 10752K, 77% used [0x00000000e3400000,0x00000000e3c1cae8,0x00000000e3e80000)
  to   space 11776K, 0% used [0x00000000e2880000,0x00000000e2880000,0x00000000e3400000)
 ParOldGen       total 46592K, used 11154K [0x0000000081a00000, 0x0000000084780000, 0x00000000d5e00000)
  object space 46592K, 23% used [0x0000000081a00000,0x00000000824e4908,0x0000000084780000)
 Metaspace       used 27495K, capacity 28706K, committed 28800K, reserved 1075200K
  class space    used 3649K, capacity 3906K, committed 3968K, reserved 1048576K

Card table byte_map: [0x0000000012840000,0x0000000012c40000] byte_map_base: 0x0000000012433000

Marking Bits: (ParMarkBitMap*) 0x000000007385a6d0
 Begin Bits: [0x00000000132f0000, 0x0000000015288000)
 End Bits:   [0x0000000015288000, 0x0000000017220000)

Polling page: 0x0000000001960000

CodeCache: size=245760Kb used=14520Kb max_used=14520Kb free=231239Kb
 bounds [0x0000000003480000, 0x00000000042c0000, 0x0000000012480000]
 total_blobs=5300 nmethods=4506 adapters=713
 compilation: enabled

Compilation events (10 events):
Event: 516.391 Thread 0x0000000017fef800 5296       3       com.sun.prism.impl.GlyphCache$GlyphData::<init> (38 bytes)
Event: 516.391 Thread 0x0000000017fef800 nmethod 5296 0x00000000042b9650 code [0x00000000042b97a0, 0x00000000042b9970]
Event: 516.391 Thread 0x0000000017fef800 5297       1       com.sun.prism.paint.Stop::getColor (5 bytes)
Event: 516.391 Thread 0x0000000017fef800 nmethod 5297 0x00000000042b9390 code [0x00000000042b94e0, 0x00000000042b95f0]
Event: 516.391 Thread 0x0000000017fef800 5298       3       com.sun.javafx.webkit.prism.WCStrokeImpl::getPlatformStroke (123 bytes)
Event: 516.392 Thread 0x0000000017fef800 nmethod 5298 0x00000000042b7e90 code [0x00000000042b80a0, 0x00000000042b8f68]
Event: 516.392 Thread 0x0000000017fef800 5299       1       com.sun.webkit.graphics.WCStroke::getStyle (5 bytes)
Event: 516.392 Thread 0x0000000017fef800 nmethod 5299 0x00000000042b7bd0 code [0x00000000042b7d20, 0x00000000042b7e30]
Event: 516.392 Thread 0x0000000017fef800 5300       3       com.sun.javafx.webkit.prism.WCGraphicsPrismContext::setStrokeStyle (39 bytes)
Event: 516.393 Thread 0x0000000017fef800 nmethod 5300 0x00000000042ba3d0 code [0x00000000042ba5a0, 0x00000000042bafc8]

GC Heap History (10 events):
Event: 15.720 GC heap before
{Heap before GC invocations=7 (full 1):
 PSYoungGen      total 38400K, used 35695K [0x00000000d5e00000, 0x00000000db180000, 0x0000000100000000)
  eden space 33280K, 99% used [0x00000000d5e00000,0x00000000d7e6b878,0x00000000d7e80000)
  from space 5120K, 48% used [0x00000000d7e80000,0x00000000d80f0598,0x00000000d8380000)
  to   space 9728K, 0% used [0x00000000da800000,0x00000000da800000,0x00000000db180000)
 ParOldGen       total 46592K, used 8729K [0x0000000081a00000, 0x0000000084780000, 0x00000000d5e00000)
  object space 46592K, 18% used [0x0000000081a00000,0x00000000822864d8,0x0000000084780000)
 Metaspace       used 24315K, capacity 25366K, committed 25600K, reserved 1071104K
  class space    used 3336K, capacity 3554K, committed 3584K, reserved 1048576K
Event: 15.722 GC heap after
Heap after GC invocations=7 (full 1):
 PSYoungGen      total 74752K, used 2550K [0x00000000d5e00000, 0x00000000db080000, 0x0000000100000000)
  eden space 66048K, 0% used [0x00000000d5e00000,0x00000000d5e00000,0x00000000d9e80000)
  from space 8704K, 29% used [0x00000000da800000,0x00000000daa7d9d8,0x00000000db080000)
  to   space 9216K, 0% used [0x00000000d9e80000,0x00000000d9e80000,0x00000000da780000)
 ParOldGen       total 46592K, used 8729K [0x0000000081a00000, 0x0000000084780000, 0x00000000d5e00000)
  object space 46592K, 18% used [0x0000000081a00000,0x00000000822864d8,0x0000000084780000)
 Metaspace       used 24315K, capacity 25366K, committed 25600K, reserved 1071104K
  class space    used 3336K, capacity 3554K, committed 3584K, reserved 1048576K
}
Event: 15.742 GC heap before
{Heap before GC invocations=8 (full 1):
 PSYoungGen      total 74752K, used 68495K [0x00000000d5e00000, 0x00000000db080000, 0x0000000100000000)
  eden space 66048K, 99% used [0x00000000d5e00000,0x00000000d9e66410,0x00000000d9e80000)
  from space 8704K, 29% used [0x00000000da800000,0x00000000daa7d9d8,0x00000000db080000)
  to   space 9216K, 0% used [0x00000000d9e80000,0x00000000d9e80000,0x00000000da780000)
 ParOldGen       total 46592K, used 8729K [0x0000000081a00000, 0x0000000084780000, 0x00000000d5e00000)
  object space 46592K, 18% used [0x0000000081a00000,0x00000000822864d8,0x0000000084780000)
 Metaspace       used 24315K, capacity 25366K, committed 25600K, reserved 1071104K
  class space    used 3336K, capacity 3554K, committed 3584K, reserved 1048576K
Event: 15.744 GC heap after
Heap after GC invocations=8 (full 1):
 PSYoungGen      total 75264K, used 2584K [0x00000000d5e00000, 0x00000000df000000, 0x0000000100000000)
  eden space 66048K, 0% used [0x00000000d5e00000,0x00000000d5e00000,0x00000000d9e80000)
  from space 9216K, 28% used [0x00000000d9e80000,0x00000000da1061b8,0x00000000da780000)
  to   space 9216K, 0% used [0x00000000de700000,0x00000000de700000,0x00000000df000000)
 ParOldGen       total 46592K, used 8729K [0x0000000081a00000, 0x0000000084780000, 0x00000000d5e00000)
  object space 46592K, 18% used [0x0000000081a00000,0x00000000822864d8,0x0000000084780000)
 Metaspace       used 24315K, capacity 25366K, committed 25600K, reserved 1071104K
  class space    used 3336K, capacity 3554K, committed 3584K, reserved 1048576K
}
Event: 15.760 GC heap before
{Heap before GC invocations=9 (full 1):
 PSYoungGen      total 75264K, used 68452K [0x00000000d5e00000, 0x00000000df000000, 0x0000000100000000)
  eden space 66048K, 99% used [0x00000000d5e00000,0x00000000d9e530a0,0x00000000d9e80000)
  from space 9216K, 28% used [0x00000000d9e80000,0x00000000da1061b8,0x00000000da780000)
  to   space 9216K, 0% used [0x00000000de700000,0x00000000de700000,0x00000000df000000)
 ParOldGen       total 46592K, used 8729K [0x0000000081a00000, 0x0000000084780000, 0x00000000d5e00000)
  object space 46592K, 18% used [0x0000000081a00000,0x00000000822864d8,0x0000000084780000)
 Metaspace       used 24315K, capacity 25366K, committed 25600K, reserved 1071104K
  class space    used 3336K, capacity 3554K, committed 3584K, reserved 1048576K
Event: 15.763 GC heap after
Heap after GC invocations=9 (full 1):
 PSYoungGen      total 140288K, used 186K [0x00000000d5e00000, 0x00000000df000000, 0x0000000100000000)
  eden space 131072K, 0% used [0x00000000d5e00000,0x00000000d5e00000,0x00000000dde00000)
  from space 9216K, 2% used [0x00000000de700000,0x00000000de72e840,0x00000000df000000)
  to   space 9216K, 0% used [0x00000000dde00000,0x00000000dde00000,0x00000000de700000)
 ParOldGen       total 46592K, used 11138K [0x0000000081a00000, 0x0000000084780000, 0x00000000d5e00000)
  object space 46592K, 23% used [0x0000000081a00000,0x00000000824e0908,0x0000000084780000)
 Metaspace       used 24315K, capacity 25366K, committed 25600K, reserved 1071104K
  class space    used 3336K, capacity 3554K, committed 3584K, reserved 1048576K
}
Event: 29.679 GC heap before
{Heap before GC invocations=10 (full 1):
 PSYoungGen      total 140288K, used 131258K [0x00000000d5e00000, 0x00000000df000000, 0x0000000100000000)
  eden space 131072K, 100% used [0x00000000d5e00000,0x00000000dde00000,0x00000000dde00000)
  from space 9216K, 2% used [0x00000000de700000,0x00000000de72e840,0x00000000df000000)
  to   space 9216K, 0% used [0x00000000dde00000,0x00000000dde00000,0x00000000de700000)
 ParOldGen       total 46592K, used 11138K [0x0000000081a00000, 0x0000000084780000, 0x00000000d5e00000)
  object space 46592K, 23% used [0x0000000081a00000,0x00000000824e0908,0x0000000084780000)
 Metaspace       used 25626K, capacity 26664K, committed 27008K, reserved 1073152K
  class space    used 3467K, capacity 3685K, committed 3712K, reserved 1048576K
Event: 29.686 GC heap after
Heap after GC invocations=10 (full 1):
 PSYoungGen      total 140288K, used 8560K [0x00000000d5e00000, 0x00000000e3e80000, 0x0000000100000000)
  eden space 131072K, 0% used [0x00000000d5e00000,0x00000000d5e00000,0x00000000dde00000)
  from space 9216K, 92% used [0x00000000dde00000,0x00000000de65c378,0x00000000de700000)
  to   space 10752K, 0% used [0x00000000e3400000,0x00000000e3400000,0x00000000e3e80000)
 ParOldGen       total 46592K, used 11146K [0x0000000081a00000, 0x0000000084780000, 0x00000000d5e00000)
  object space 46592K, 23% used [0x0000000081a00000,0x00000000824e2908,0x0000000084780000)
 Metaspace       used 25626K, capacity 26664K, committed 27008K, reserved 1073152K
  class space    used 3467K, capacity 3685K, committed 3712K, reserved 1048576K
}
Event: 48.980 GC heap before
{Heap before GC invocations=11 (full 1):
 PSYoungGen      total 140288K, used 139632K [0x00000000d5e00000, 0x00000000e3e80000, 0x0000000100000000)
  eden space 131072K, 100% used [0x00000000d5e00000,0x00000000dde00000,0x00000000dde00000)
  from space 9216K, 92% used [0x00000000dde00000,0x00000000de65c378,0x00000000de700000)
  to   space 10752K, 0% used [0x00000000e3400000,0x00000000e3400000,0x00000000e3e80000)
 ParOldGen       total 46592K, used 11146K [0x0000000081a00000, 0x0000000084780000, 0x00000000d5e00000)
  object space 46592K, 23% used [0x0000000081a00000,0x00000000824e2908,0x0000000084780000)
 Metaspace       used 26401K, capacity 27506K, committed 27648K, reserved 1073152K
  class space    used 3565K, capacity 3802K, committed 3840K, reserved 1048576K
Event: 48.985 GC heap after
Heap after GC invocations=11 (full 1):
 PSYoungGen      total 218112K, used 8306K [0x00000000d5e00000, 0x00000000e4000000, 0x0000000100000000)
  eden space 207360K, 0% used [0x00000000d5e00000,0x00000000d5e00000,0x00000000e2880000)
  from space 10752K, 77% used [0x00000000e3400000,0x00000000e3c1cae8,0x00000000e3e80000)
  to   space 11776K, 0% used [0x00000000e2880000,0x00000000e2880000,0x00000000e3400000)
 ParOldGen       total 46592K, used 11154K [0x0000000081a00000, 0x0000000084780000, 0x00000000d5e00000)
  object space 46592K, 23% used [0x0000000081a00000,0x00000000824e4908,0x0000000084780000)
 Metaspace       used 26401K, capacity 27506K, committed 27648K, reserved 1073152K
  class space    used 3565K, capacity 3802K, committed 3840K, reserved 1048576K
}

Deoptimization events (10 events):
Event: 516.322 Thread 0x000000001a21b000 Uncommon trap: reason=class_check action=maybe_recompile pc=0x0000000004150064 method=com.sun.javafx.sg.prism.NGNode.doRender(Lcom/sun/prism/Graphics;)V @ 319
Event: 516.329 Thread 0x000000001a21b000 Uncommon trap: reason=unstable_if action=reinterpret pc=0x0000000003e21738 method=java.lang.Math.round(F)I @ 23
Event: 516.354 Thread 0x000000001a21b000 Uncommon trap: reason=class_check action=maybe_recompile pc=0x0000000004150064 method=com.sun.javafx.sg.prism.NGNode.doRender(Lcom/sun/prism/Graphics;)V @ 319
Event: 516.360 Thread 0x000000001a21b000 Uncommon trap: reason=class_check action=maybe_recompile pc=0x0000000003f18654 method=com.sun.javafx.font.CompositeStrike.getStrikeSlot(I)Lcom/sun/javafx/font/FontStrike; @ 16
Event: 516.363 Thread 0x000000001a21b000 Uncommon trap: reason=class_check action=maybe_recompile pc=0x0000000004150064 method=com.sun.javafx.sg.prism.NGNode.doRender(Lcom/sun/prism/Graphics;)V @ 319
Event: 516.371 Thread 0x000000001a21b000 Uncommon trap: reason=class_check action=maybe_recompile pc=0x0000000003f18654 method=com.sun.javafx.font.CompositeStrike.getStrikeSlot(I)Lcom/sun/javafx/font/FontStrike; @ 16
Event: 516.371 Thread 0x000000001a21b000 Uncommon trap: reason=class_check action=maybe_recompile pc=0x0000000003f18654 method=com.sun.javafx.font.CompositeStrike.getStrikeSlot(I)Lcom/sun/javafx/font/FontStrike; @ 16
Event: 516.376 Thread 0x000000001a21b000 Uncommon trap: reason=unstable_if action=reinterpret pc=0x00000000041de794 method=com.sun.prism.impl.GlyphCache.render(Lcom/sun/prism/impl/BaseContext;Lcom/sun/javafx/scene/text/GlyphList;FFIILcom/sun/prism/paint/Color;Lcom/sun/prism/paint/Color;Lcom/sun/j
Event: 516.376 Thread 0x000000001a21b000 Uncommon trap: reason=class_check action=maybe_recompile pc=0x0000000003f18654 method=com.sun.javafx.font.CompositeStrike.getStrikeSlot(I)Lcom/sun/javafx/font/FontStrike; @ 16
Event: 516.382 Thread 0x000000001a21b000 Uncommon trap: reason=class_check action=maybe_recompile pc=0x0000000004150064 method=com.sun.javafx.sg.prism.NGNode.doRender(Lcom/sun/prism/Graphics;)V @ 319

Internal exceptions (10 events):
Event: 515.869 Thread 0x000000001a760800 Exception <a 'java/io/FileNotFoundException'> (0x00000000dfd07510) thrown at [C:\re\workspace\8-2-build-windows-amd64-cygwin\jdk8u101\7261\hotspot\src\share\vm\prims\jni.cpp, line 709]
Event: 515.869 Thread 0x000000001a760800 Exception <a 'java/io/FileNotFoundException'> (0x00000000dfd07c68) thrown at [C:\re\workspace\8-2-build-windows-amd64-cygwin\jdk8u101\7261\hotspot\src\share\vm\prims\jni.cpp, line 709]
Event: 515.870 Thread 0x000000001a238800 Exception <a 'java/lang/ClassNotFoundException': sun/net/www/protocol/about/Handler> (0x00000000deaa46d8) thrown at [C:\re\workspace\8-2-build-windows-amd64-cygwin\jdk8u101\7261\hotspot\src\share\vm\classfile\systemDictionary.cpp, line 210]
Event: 515.871 Thread 0x000000001a238800 Exception <a 'java/lang/ClassNotFoundException': sun/net/www/protocol/about/Handler> (0x00000000deaa6838) thrown at [C:\re\workspace\8-2-build-windows-amd64-cygwin\jdk8u101\7261\hotspot\src\share\vm\classfile\systemDictionary.cpp, line 210]
Event: 515.875 Thread 0x000000001a238800 Exception <a 'java/lang/ClassNotFoundException': sun/net/www/protocol/about/Handler> (0x00000000deaabd60) thrown at [C:\re\workspace\8-2-build-windows-amd64-cygwin\jdk8u101\7261\hotspot\src\share\vm\classfile\systemDictionary.cpp, line 210]
Event: 515.997 Thread 0x000000001a238800 Exception <a 'java/io/FileNotFoundException'> (0x00000000deb12768) thrown at [C:\re\workspace\8-2-build-windows-amd64-cygwin\jdk8u101\7261\hotspot\src\share\vm\prims\jni.cpp, line 709]
Event: 515.997 Thread 0x000000001a238800 Exception <a 'java/io/FileNotFoundException'> (0x00000000deb13810) thrown at [C:\re\workspace\8-2-build-windows-amd64-cygwin\jdk8u101\7261\hotspot\src\share\vm\prims\jni.cpp, line 709]
Event: 515.997 Thread 0x000000001a238800 Exception <a 'java/io/FileNotFoundException'> (0x00000000deb14950) thrown at [C:\re\workspace\8-2-build-windows-amd64-cygwin\jdk8u101\7261\hotspot\src\share\vm\prims\jni.cpp, line 709]
Event: 515.997 Thread 0x000000001a238800 Exception <a 'java/io/FileNotFoundException'> (0x00000000deb159e0) thrown at [C:\re\workspace\8-2-build-windows-amd64-cygwin\jdk8u101\7261\hotspot\src\share\vm\prims\jni.cpp, line 709]
Event: 516.358 Thread 0x000000001a238800 Exception <a 'java/lang/ClassNotFoundException': sun/net/www/protocol/about/Handler> (0x00000000e05c4fe0) thrown at [C:\re\workspace\8-2-build-windows-amd64-cygwin\jdk8u101\7261\hotspot\src\share\vm\classfile\systemDictionary.cpp, line 210]

Events (10 events):
Event: 516.382 Executing VM operation: RevokeBias done
Event: 516.382 Thread 0x000000001a21b000 Uncommon trap: trap_request=0xffffffde fr.pc=0x0000000004150064
Event: 516.382 Thread 0x000000001a21b000 DEOPT PACKING pc=0x0000000004150064 sp=0x000000001aafcea0
Event: 516.382 Thread 0x000000001a21b000 DEOPT UNPACKING pc=0x00000000034c582a sp=0x000000001aafcea0 mode 2
Event: 516.383 loading class com/sun/webkit/network/URLLoader
Event: 516.383 loading class com/sun/webkit/network/URLLoader done
Event: 516.384 loading class com/sun/javafx/geom/LineIterator
Event: 516.384 loading class com/sun/javafx/geom/LineIterator done
Event: 516.391 Executing VM operation: RevokeBias
Event: 516.391 Executing VM operation: RevokeBias done


Dynamic libraries:
0x00007ff65ea40000 - 0x00007ff65ea77000 	C:\Program Files\Java\jdk1.8.0_101\jre\bin\java.exe
0x00007ff9d1960000 - 0x00007ff9d1b3b000 	C:\WINDOWS\SYSTEM32\ntdll.dll
0x00007ff9d0e10000 - 0x00007ff9d0ebe000 	C:\WINDOWS\System32\KERNEL32.DLL
0x00007ff9cdf90000 - 0x00007ff9ce1d9000 	C:\WINDOWS\System32\KERNELBASE.dll
0x00007ff9d0330000 - 0x00007ff9d03d1000 	C:\WINDOWS\System32\ADVAPI32.dll
0x00007ff9d1770000 - 0x00007ff9d180d000 	C:\WINDOWS\System32\msvcrt.dll
0x00007ff9d13e0000 - 0x00007ff9d1439000 	C:\WINDOWS\System32\sechost.dll
0x00007ff9d1590000 - 0x00007ff9d16b5000 	C:\WINDOWS\System32\RPCRT4.dll
0x00007ff9d1810000 - 0x00007ff9d195a000 	C:\WINDOWS\System32\USER32.dll
0x00007ff9ce1e0000 - 0x00007ff9ce1fe000 	C:\WINDOWS\System32\win32u.dll
0x00007ff9ceec0000 - 0x00007ff9ceee7000 	C:\WINDOWS\System32\GDI32.dll
0x00007ff9ce520000 - 0x00007ff9ce6a8000 	C:\WINDOWS\System32\gdi32full.dll
0x00007ff9ce6b0000 - 0x00007ff9ce74a000 	C:\WINDOWS\System32\msvcp_win.dll
0x00007ff9ce3d0000 - 0x00007ff9ce4c6000 	C:\WINDOWS\System32\ucrtbase.dll
0x00007ff9c0450000 - 0x00007ff9c06b7000 	C:\WINDOWS\WinSxS\amd64_microsoft.windows.common-controls_6595b64144ccf1df_6.0.15063.483_none_26002d27e7c744a2\COMCTL32.dll
0x00007ff9d0470000 - 0x00007ff9d0769000 	C:\WINDOWS\System32\combase.dll
0x00007ff9ce750000 - 0x00007ff9ce7ba000 	C:\WINDOWS\System32\bcryptPrimitives.dll
0x00007ff9d0440000 - 0x00007ff9d046d000 	C:\WINDOWS\System32\IMM32.DLL
0x0000000076860000 - 0x0000000076932000 	C:\Program Files\Java\jdk1.8.0_101\jre\bin\msvcr100.dll
0x0000000073040000 - 0x00000000738da000 	C:\Program Files\Java\jdk1.8.0_101\jre\bin\server\jvm.dll
0x00007ff9d07d0000 - 0x00007ff9d07d8000 	C:\WINDOWS\System32\PSAPI.DLL
0x00007ff9c9dc0000 - 0x00007ff9c9dc9000 	C:\WINDOWS\SYSTEM32\WSOCK32.dll
0x00007ff9c5330000 - 0x00007ff9c533a000 	C:\WINDOWS\SYSTEM32\VERSION.dll
0x00007ff9c5340000 - 0x00007ff9c5363000 	C:\WINDOWS\SYSTEM32\WINMM.dll
0x00007ff9d1310000 - 0x00007ff9d137c000 	C:\WINDOWS\System32\WS2_32.dll
0x00007ff9c5300000 - 0x00007ff9c532b000 	C:\WINDOWS\SYSTEM32\winmmbase.dll
0x00007ff9ce4d0000 - 0x00007ff9ce519000 	C:\WINDOWS\System32\cfgmgr32.dll
0x0000000076810000 - 0x000000007681f000 	C:\Program Files\Java\jdk1.8.0_101\jre\bin\verify.dll
0x00000000767e0000 - 0x0000000076809000 	C:\Program Files\Java\jdk1.8.0_101\jre\bin\java.dll
0x00000000743f0000 - 0x0000000074425000 	C:\Program Files\Java\jdk1.8.0_101\jre\bin\jdwp.dll
0x00000000743e0000 - 0x00000000743e8000 	C:\Program Files\Java\jdk1.8.0_101\jre\bin\npt.dll
0x00000000767c0000 - 0x00000000767d6000 	C:\Program Files\Java\jdk1.8.0_101\jre\bin\zip.dll
0x00007ff9ceef0000 - 0x00007ff9d0327000 	C:\WINDOWS\System32\SHELL32.dll
0x00007ff9d16c0000 - 0x00007ff9d176a000 	C:\WINDOWS\System32\shcore.dll
0x00007ff9ce7c0000 - 0x00007ff9ceeb2000 	C:\WINDOWS\System32\windows.storage.dll
0x00007ff9d0770000 - 0x00007ff9d07c1000 	C:\WINDOWS\System32\shlwapi.dll
0x00007ff9cddd0000 - 0x00007ff9cdde1000 	C:\WINDOWS\System32\kernel.appcore.dll
0x00007ff9cde30000 - 0x00007ff9cde7c000 	C:\WINDOWS\System32\powrprof.dll
0x00007ff9cde10000 - 0x00007ff9cde25000 	C:\WINDOWS\System32\profapi.dll
0x00000000743d0000 - 0x00000000743d9000 	C:\Program Files\Java\jdk1.8.0_101\jre\bin\dt_socket.dll
0x00007ff9cd6e0000 - 0x00007ff9cd73c000 	C:\WINDOWS\system32\mswsock.dll
0x00007ff991ea0000 - 0x00007ff991f8f000 	C:\Program Files\Java\jdk1.8.0_101\jre\bin\msvcr120.dll
0x00007ff9a9880000 - 0x00007ff9a9926000 	C:\Program Files\Java\jdk1.8.0_101\jre\bin\msvcp120.dll
0x00000000743a0000 - 0x00000000743c2000 	C:\Program Files\Java\jdk1.8.0_101\jre\bin\prism_d3d.dll
0x00007ff97cc10000 - 0x00007ff97cd99000 	C:\WINDOWS\system32\d3d9.dll
0x00007ff9c3910000 - 0x00007ff9c393a000 	C:\WINDOWS\SYSTEM32\dwmapi.dll
0x00007ff9cc4e0000 - 0x00007ff9cc575000 	C:\WINDOWS\system32\uxtheme.dll
0x00007ff971470000 - 0x00007ff9739ad000 	C:\WINDOWS\SYSTEM32\igdumdim64.dll
0x00007ff9d1060000 - 0x00007ff9d1120000 	C:\WINDOWS\System32\OLEAUT32.dll
0x00007ff9d1440000 - 0x00007ff9d1585000 	C:\WINDOWS\System32\ole32.dll
0x00007ff9d09d0000 - 0x00007ff9d0e0b000 	C:\WINDOWS\System32\SETUPAPI.dll
0x0000000074350000 - 0x0000000074393000 	C:\Program Files\Java\jdk1.8.0_101\jre\bin\glass.dll
0x00007ff9d0800000 - 0x00007ff9d0908000 	C:\WINDOWS\System32\COMDLG32.dll
0x00007ff9d11a0000 - 0x00007ff9d1306000 	C:\WINDOWS\System32\MSCTF.dll
0x00007ff9bcdc0000 - 0x00007ff9bce61000 	C:\Program Files\Common Files\microsoft shared\ink\tiptsf.dll
0x00007ff9ba370000 - 0x00007ff9bb1e3000 	C:\WINDOWS\SYSTEM32\igc64.dll
0x0000000074330000 - 0x0000000074344000 	C:\Program Files\Java\jdk1.8.0_101\jre\bin\javafx_font.dll
0x00007ff9bc6d0000 - 0x00007ff9bc98f000 	C:\WINDOWS\SYSTEM32\dwrite.dll
0x000000006d940000 - 0x000000006fed0000 	C:\Program Files\Java\jdk1.8.0_101\jre\bin\jfxwebkit.dll
0x00007ff9cd880000 - 0x00007ff9cd897000 	C:\WINDOWS\SYSTEM32\CRYPTSP.dll
0x00007ff9cd300000 - 0x00007ff9cd334000 	C:\WINDOWS\system32\rsaenh.dll
0x00007ff9cd990000 - 0x00007ff9cd9b5000 	C:\WINDOWS\SYSTEM32\bcrypt.dll
0x00007ff9cd8a0000 - 0x00007ff9cd8ab000 	C:\WINDOWS\SYSTEM32\CRYPTBASE.dll
0x0000000074300000 - 0x0000000074323000 	C:\Program Files\Java\jdk1.8.0_101\jre\bin\javafx_iio.dll
0x00007ff9d0910000 - 0x00007ff9d09ae000 	C:\WINDOWS\System32\clbcatq.dll
0x00007ff9bf7f0000 - 0x00007ff9bf99c000 	C:\WINDOWS\SYSTEM32\WindowsCodecs.dll
0x00007ff9b6e20000 - 0x00007ff9b6e67000 	C:\WINDOWS\system32\dataexchange.dll
0x00007ff9cbd70000 - 0x00007ff9cbe92000 	C:\WINDOWS\system32\dcomp.dll
0x00007ff9cafb0000 - 0x00007ff9cb28f000 	C:\WINDOWS\system32\d3d11.dll
0x00007ff9ccc40000 - 0x00007ff9ccce4000 	C:\WINDOWS\system32\dxgi.dll
0x00007ff9cc6c0000 - 0x00007ff9cc830000 	C:\WINDOWS\system32\twinapi.appcore.dll
0x00007ff9bcf80000 - 0x00007ff9bcfb1000 	C:\Program Files\Common Files\Microsoft Shared\Ink\rtscom.dll
0x00007ff9c8fe0000 - 0x00007ff9c9062000 	C:\WINDOWS\System32\TextInputFramework.dll
0x00007ff9c2b40000 - 0x00007ff9c2e12000 	C:\WINDOWS\System32\CoreUIComponents.dll
0x00007ff9cbc80000 - 0x00007ff9cbd63000 	C:\WINDOWS\System32\CoreMessaging.dll
0x00007ff9cd130000 - 0x00007ff9cd161000 	C:\WINDOWS\SYSTEM32\ntmarta.dll
0x00007ff9ca1f0000 - 0x00007ff9ca329000 	C:\WINDOWS\SYSTEM32\wintypes.dll
0x00007ff9ca1d0000 - 0x00007ff9ca1e5000 	C:\WINDOWS\SYSTEM32\usermgrcli.dll
0x00007ff9b7720000 - 0x00007ff9b78e5000 	C:\Windows\System32\uiautomationcore.dll
0x00007ff9cdc30000 - 0x00007ff9cdcca000 	C:\WINDOWS\SYSTEM32\sxs.dll
0x00007ff9c0af0000 - 0x00007ff9c0b5b000 	C:\WINDOWS\SYSTEM32\OLEACC.dll
0x00000000742e0000 - 0x00000000742f1000 	C:\Program Files\Java\jdk1.8.0_101\jre\bin\prism_common.dll
0x00007ff9cb6d0000 - 0x00007ff9cbc74000 	C:\WINDOWS\SYSTEM32\d2d1.dll
0x00007ff9ce200000 - 0x00007ff9ce3c9000 	C:\WINDOWS\System32\CRYPT32.dll
0x00007ff9cddf0000 - 0x00007ff9cde01000 	C:\WINDOWS\System32\MSASN1.dll
0x00007ff990ba0000 - 0x00007ff990e75000 	C:\WINDOWS\SYSTEM32\D3D10Warp.dll
0x00007ff9ca330000 - 0x00007ff9ca4c6000 	C:\WINDOWS\SYSTEM32\PROPSYS.dll
0x00007ff9ca8e0000 - 0x00007ff9ca8eb000 	C:\WINDOWS\SYSTEM32\atlthunk.dll
0x00007ff99d0f0000 - 0x00007ff99d134000 	C:\WINDOWS\SYSTEM32\edputil.dll
0x00007ff99dd40000 - 0x00007ff99e1c2000 	C:\WINDOWS\system32\explorerframe.dll
0x00007ff9b81d0000 - 0x00007ff9b837b000 	C:\WINDOWS\system32\DUI70.dll
0x00007ff9c8e80000 - 0x00007ff9c8f13000 	C:\WINDOWS\system32\DUser.dll
0x00007ff9b5430000 - 0x00007ff9b5487000 	C:\Windows\System32\thumbcache.dll
0x00007ff9c79a0000 - 0x00007ff9c7a17000 	C:\WINDOWS\SYSTEM32\policymanager.dll
0x00007ff9c7910000 - 0x00007ff9c799f000 	C:\WINDOWS\SYSTEM32\msvcp110_win.dll
0x00007ff9b7e70000 - 0x00007ff9b7ff8000 	C:\Windows\System32\Windows.Globalization.dll
0x00007ff9c3350000 - 0x00007ff9c33b9000 	C:\Windows\System32\Bcp47Langs.dll
0x00007ff9c67d0000 - 0x00007ff9c6800000 	C:\WINDOWS\SYSTEM32\globinputhost.dll
0x00007ff98f560000 - 0x00007ff98f601000 	C:\WINDOWS\System32\StructuredQuery.dll
0x00007ff9c29d0000 - 0x00007ff9c29eb000 	C:\WINDOWS\SYSTEM32\MPR.dll
0x00007ff9caee0000 - 0x00007ff9caeeb000 	C:\WINDOWS\System32\drprov.dll
0x00007ff9ccf30000 - 0x00007ff9ccf85000 	C:\WINDOWS\System32\WINSTA.dll
0x00007ff9caec0000 - 0x00007ff9caed6000 	C:\WINDOWS\System32\ntlanman.dll
0x00007ff9ca4d0000 - 0x00007ff9ca4f0000 	C:\WINDOWS\System32\davclnt.dll
0x00007ff9ca8d0000 - 0x00007ff9ca8dc000 	C:\WINDOWS\System32\DAVHLPR.dll
0x00007ff9c8bd0000 - 0x00007ff9c8be6000 	C:\WINDOWS\System32\wkscli.dll
0x00007ff9b4810000 - 0x00007ff9b4822000 	C:\WINDOWS\SYSTEM32\cscapi.dll
0x00007ff9cd570000 - 0x00007ff9cd57d000 	C:\WINDOWS\System32\netutils.dll
0x00007ff9cc3a0000 - 0x00007ff9cc41e000 	C:\WINDOWS\SYSTEM32\apphelp.dll
0x00007ff9c4dd0000 - 0x00007ff9c4e1a000 	C:\Windows\System32\dlnashext.dll
0x00007ff99ab50000 - 0x00007ff99abbd000 	C:\Windows\System32\PlayToDevice.dll
0x00007ff9c8e60000 - 0x00007ff9c8e7e000 	C:\Windows\System32\DevDispItemProvider.dll
0x00007ff9c7ad0000 - 0x00007ff9c7b37000 	C:\WINDOWS\System32\MMDevApi.dll
0x00007ff9cc8f0000 - 0x00007ff9cc918000 	C:\WINDOWS\System32\DEVOBJ.dll
0x00007ff9c98a0000 - 0x00007ff9c993c000 	C:\Windows\System32\PortableDeviceApi.dll
0x00007ff9cdf30000 - 0x00007ff9cdf86000 	C:\WINDOWS\System32\WINTRUST.dll
0x00007ff9b60b0000 - 0x00007ff9b60d5000 	C:\Windows\System32\EhStorAPI.dll
0x00007ff9c9da0000 - 0x00007ff9c9db3000 	C:\Windows\System32\WTSAPI32.dll
0x00007ff996b60000 - 0x00007ff996c2a000 	C:\WINDOWS\system32\Windows.Storage.Search.dll
0x00007ff9b7930000 - 0x00007ff9b7e61000 	C:\Windows\System32\OneCoreUAPCommonProxyStub.dll
0x00007ff9d1120000 - 0x00007ff9d1191000 	C:\WINDOWS\System32\coml2.dll
0x00007ff9c9510000 - 0x00007ff9c9520000 	C:\WINDOWS\SYSTEM32\LINKINFO.dll
0x00007ff9c30b0000 - 0x00007ff9c3132000 	C:\Windows\System32\twinapi.dll
0x00007ff9b48c0000 - 0x00007ff9b48f6000 	C:\Windows\System32\EhStorShell.dll
0x00007ff9a5880000 - 0x00007ff9a58ff000 	C:\Program Files (x86)\Adobe\Adobe Creative Cloud\CoreSyncExtension\CoreSync_x64.dll
0x00007ff9a05e0000 - 0x00007ff9a0861000 	C:\Users\Loh Jing Yen\AppData\Local\Microsoft\OneDrive\17.3.6917.0607\amd64\FileSyncShell64.dll
0x00007ff9bfa50000 - 0x00007ff9bfd7e000 	C:\WINDOWS\SYSTEM32\WININET.dll
0x00007ff9a01f0000 - 0x00007ff9a04ee000 	C:\Program Files (x86)\Microsoft Office\root\VFS\ProgramFilesX64\Microsoft Office\Office16\GROOVEEX.DLL

VM Arguments:
jvm_args: -Xdebug -Xrunjdwp:transport=dt_socket,server=n,address=56882 -Dglass.disableGrab=true 
java_command: D:\Netbeans\CheeChoo\target/CheeChoo-1.0-SNAPSHOT.jar
java_class_path (initial): D:\Netbeans\CheeChoo\target/CheeChoo-1.0-SNAPSHOT.jar
Launcher Type: SUN_STANDARD

Environment Variables:
JAVA_HOME=C:\Program Files\Java\jdk1.8.0_101
PATH=C:\ProgramData\Oracle\Java\javapath;C:\WINDOWS\system32;C:\WINDOWS;C:\WINDOWS\System32\Wbem;C:\WINDOWS\System32\WindowsPowerShell\v1.0\;C:\Program Files\Microsoft SQL Server\120\Tools\Binn\;C:\Program Files\Microsoft SQL Server\130\Tools\Binn\;C:\Program Files\Microsoft\Web Platform Installer\;C:\Program Files (x86)\Microsoft SQL Server\110\DTS\Binn\;C:\Program Files (x86)\Microsoft SQL Server\120\DTS\Binn\;C:\Program Files (x86)\Microsoft SQL Server\130\DTS\Binn\;C:\Program Files\Microsoft SQL Server\Client SDK\ODBC\130\Tools\Binn\;C:\Program Files (x86)\Microsoft SQL Server\130\Tools\Binn\;C:\Program Files\Microsoft SQL Server\130\DTS\Binn\;C:\Program Files (x86)\Microsoft Emulator Manager\1.0\;C:\Program Files (x86)\Microsoft SQL Server\Client SDK\ODBC\130\Tools\Binn\;C:\Program Files (x86)\Microsoft SQL Server\130\Tools\Binn\ManagementStudio\;C:\Program Files\Intel\WiFi\bin\;C:\Program Files\Common Files\Intel\WirelessCommon\;C:\Program Files (x86)\Heroku\bin;C:\Program Files (x86)\git\cmd;C:\ProgramData\chocolatey\bin;C:\Program Files\Git\cmd;C:\Program Files\MySQL\MySQL Utilities 1.6\;C:\Program Files\Java\jdk1.8.0_101\bin;C:\Program Files\dotnet\;C:\Program Files\nodejs\;C:\Program Files (x86)\Yarn\bin;C:\Anaconda3;C:\Anaconda3\Scripts;C:\Anaconda3\Library\bin;C:\Ruby22-x64\bin;C:\Users\Loh Jing Yen\AppData\Local\Microsoft\WindowsApps;C:\Program Files\Intel\WiFi\bin\;C:\Program Files\Common Files\Intel\WirelessCommon\;C:\Program Files (x86)\Microsoft VS Code\bin;C:\Users\Loh Jing Yen\AppData\Local\Microsoft\WindowsApps;C:\Users\Loh Jing Yen\AppData\Roaming\npm;C:\Users\Loh Jing Yen\AppData\Local\Yarn\bin;C:\Program Files\MongoDB\Server\3.4\bin;C:\tools\neovim\Neovim\bin;C:\Users\Loh Jing Yen\AppData\Local\Pandoc\
USERNAME=Loh Jing Yen
OS=Windows_NT
PROCESSOR_IDENTIFIER=Intel64 Family 6 Model 78 Stepping 3, GenuineIntel



---------------  S Y S T E M  ---------------

OS: Windows 10.0 , 64 bit Build 15063 (10.0.15063.296)

CPU:total 4 (2 cores per cpu, 2 threads per core) family 6 model 78 stepping 3, cmov, cx8, fxsr, mmx, sse, sse2, sse3, ssse3, sse4.1, sse4.2, popcnt, avx, avx2, aes, clmul, erms, 3dnowpref, lzcnt, ht, tsc, tscinvbit, bmi1, bmi2, adx

Memory: 4k page, physical 8280512k(1288368k free), swap 14154096k(2170636k free)

vm_info: Java HotSpot(TM) 64-Bit Server VM (25.101-b13) for windows-amd64 JRE (1.8.0_101-b13), built on Jun 22 2016 01:21:29 by "java_re" with MS VC++ 10.0 (VS2010)

time: Tue Jul 25 18:53:36 2017
elapsed time: 516 seconds (0d 0h 8m 36s)

