#
# A fatal error has been detected by the Java Runtime Environment:
#
#  EXCEPTION_ACCESS_VIOLATION (0xc0000005) at pc=0x000000006e580670, pid=23524, tid=0x0000000000006c90
#
# JRE version: Java(TM) SE Runtime Environment (8.0_101-b13) (build 1.8.0_101-b13)
# Java VM: Java HotSpot(TM) 64-Bit Server VM (25.101-b13 mixed mode windows-amd64 compressed oops)
# Problematic frame:
# C  [jfxwebkit.dll+0xc40670]
#
# Failed to write core dump. Minidumps are not enabled by default on client versions of Windows
#
# If you would like to submit a bug report, please visit:
#   http://bugreport.java.com/bugreport/crash.jsp
# The crash happened outside the Java Virtual Machine in native code.
# See problematic frame for where to report the bug.
#

---------------  T H R E A D  ---------------

Current thread (0x0000000019c22000):  JavaThread "JavaFX Application Thread" [_thread_in_native, id=27792, stack(0x000000001a770000,0x000000001a870000)]

siginfo: ExceptionCode=0xc0000005, reading address 0x0000000000000008

Registers:
RAX=0x0000000000000000, RBX=0x000000002bf83830, RCX=0x000000002986d270, RDX=0x0000000000000000
RSP=0x000000001a86baf8, RBP=0x00000000ffffffff, RSI=0x0000000000000000, RDI=0x0000000020146b70
R8 =0x000000002986d270, R9 =0x000000002986d330, R10=0x0000000000000000, R11=0x0000000000000000
R12=0x000000001ff5fe00, R13=0x000000001f420b00, R14=0x0000000000000000, R15=0x000000001ff5fda0
RIP=0x000000006e580670, EFLAGS=0x0000000000010246

Top of Stack: (sp=0x000000001a86baf8)
0x000000001a86baf8:   000000006e5660b8 fffffffffffffffe
0x000000001a86bb08:   000000002bf83830 000000002bf83830
0x000000001a86bb18:   000000006e66e499 0000000034d3ac90
0x000000001a86bb28:   000000001a86bb80 000000002986d270
0x000000001a86bb38:   fffffffffffffffe 000000001f420b00
0x000000001a86bb48:   00000000ffffffff 0000000000000000
0x000000001a86bb58:   0000000020146b70 000000002bf83830
0x000000001a86bb68:   000000006e5666de 000000002986d270
0x000000001a86bb78:   000000001a86bba0 0000000000000000
0x000000001a86bb88:   0000000000000000 0000000000000000
0x000000001a86bb98:   000000001a86bbe8 0000000000000000
0x000000001a86bba8:   000000001f420b18 fffffffffffffffe
0x000000001a86bbb8:   000000002bf83830 0000000020146b70
0x000000001a86bbc8:   0000000020279b30 000000001a86c700
0x000000001a86bbd8:   000000006e5715f8 0000000000000000
0x000000001a86bbe8:   0000000000000000 000000001a86bce0 

Instructions: (pc=0x000000006e580670)
0x000000006e580650:   48 8b 81 b0 00 00 00 4c 8d 89 c0 00 00 00 4c 8b
0x000000006e580660:   c1 49 3b c1 74 38 45 33 d2 0f 1f 80 00 00 00 00
0x000000006e580670:   48 8b 50 08 4c 89 50 10 4c 89 50 20 48 85 d2 74
0x000000006e580680:   11 48 8b 08 48 89 0a 48 89 51 08 4c 89 50 08 4c 


Register to memory mapping:

RAX=0x0000000000000000 is an unknown value
RBX=0x000000002bf83830 is an unknown value
RCX=0x000000002986d270 is an unknown value
RDX=0x0000000000000000 is an unknown value
RSP=0x000000001a86baf8 is pointing into the stack for thread: 0x0000000019c22000
RBP=0x00000000ffffffff is an unallocated location in the heap
RSI=0x0000000000000000 is an unknown value
RDI=0x0000000020146b70 is an unknown value
R8 =0x000000002986d270 is an unknown value
R9 =0x000000002986d330 is an unknown value
R10=0x0000000000000000 is an unknown value
R11=0x0000000000000000 is an unknown value
R12=0x000000001ff5fe00 is an unknown value
R13=0x000000001f420b00 is an unknown value
R14=0x0000000000000000 is an unknown value
R15=0x000000001ff5fda0 is an unknown value


Stack: [0x000000001a770000,0x000000001a870000],  sp=0x000000001a86baf8,  free space=1006k
Native frames: (J=compiled Java code, j=interpreted, Vv=VM code, C=native code)
C  [msvcr100.dll+0xc40670]

Java frames: (J=compiled Java code, j=interpreted, Vv=VM code)
j  com.sun.webkit.network.URLLoader.twkDidFinishLoading(J)V+0
j  com.sun.webkit.network.URLLoader.notifyDidFinishLoading()V+44
j  com.sun.webkit.network.URLLoader.lambda$didFinishLoading$98()V+8
j  com.sun.webkit.network.URLLoader$$Lambda$310.run()V+4
j  com.sun.javafx.application.PlatformImpl.lambda$null$173(Ljava/lang/Runnable;)Ljava/lang/Void;+1
j  com.sun.javafx.application.PlatformImpl$$Lambda$50.run()Ljava/lang/Object;+4
v  ~StubRoutines::call_stub
J 1715  java.security.AccessController.doPrivileged(Ljava/security/PrivilegedAction;Ljava/security/AccessControlContext;)Ljava/lang/Object; (0 bytes) @ 0x00000000033e2fe6 [0x00000000033e2f80+0x66]
j  com.sun.javafx.application.PlatformImpl.lambda$runLater$174(Ljava/lang/Runnable;Ljava/security/AccessControlContext;)V+7
j  com.sun.javafx.application.PlatformImpl$$Lambda$49.run()V+8
J 1995 C1 com.sun.glass.ui.InvokeLaterDispatcher$Future.run()V (91 bytes) @ 0x00000000034784ec [0x00000000034783e0+0x10c]
v  ~StubRoutines::call_stub
j  com.sun.glass.ui.win.WinApplication._runLoop(Ljava/lang/Runnable;)V+0
j  com.sun.glass.ui.win.WinApplication.lambda$null$148(ILjava/lang/Runnable;)V+8
j  com.sun.glass.ui.win.WinApplication$$Lambda$38.run()V+12
j  java.lang.Thread.run()V+11
v  ~StubRoutines::call_stub

---------------  P R O C E S S  ---------------

Java Threads: ( => current thread )
  0x000000002f20b800 JavaThread "Thread-7" daemon [_thread_blocked, id=20636, stack(0x0000000036440000,0x0000000036540000)]
  0x000000002f20c000 JavaThread "Thread-6" daemon [_thread_blocked, id=25708, stack(0x0000000036340000,0x0000000036440000)]
  0x000000002f20d000 JavaThread "URL-Loader-20" daemon [_thread_in_native, id=27968, stack(0x0000000035f40000,0x0000000036040000)]
  0x000000002f204000 JavaThread "URL-Loader-19" daemon [_thread_in_native, id=17044, stack(0x0000000035e40000,0x0000000035f40000)]
  0x000000002f20a800 JavaThread "URL-Loader-18" daemon [_thread_blocked, id=7448, stack(0x0000000035d40000,0x0000000035e40000)]
  0x000000002f203000 JavaThread "URL-Loader-17" daemon [_thread_in_native, id=14240, stack(0x0000000035c40000,0x0000000035d40000)]
  0x000000002f20a000 JavaThread "Thread-5" daemon [_thread_in_native, id=4688, stack(0x0000000034b70000,0x0000000034c70000)]
  0x000000002f206000 JavaThread "URL-Loader-16" daemon [_thread_blocked, id=7752, stack(0x0000000030a60000,0x0000000030b60000)]
  0x000000002f202800 JavaThread "URL-Loader-15" daemon [_thread_in_native, id=13252, stack(0x0000000030960000,0x0000000030a60000)]
  0x000000002f209000 JavaThread "URL-Loader-14" daemon [_thread_in_native, id=76, stack(0x0000000030860000,0x0000000030960000)]
  0x000000002f205800 JavaThread "URL-Loader-13" daemon [_thread_in_native, id=23356, stack(0x0000000030760000,0x0000000030860000)]
  0x000000002f207800 JavaThread "URL-Loader-12" daemon [_thread_in_native, id=9400, stack(0x0000000030660000,0x0000000030760000)]
  0x000000002f204800 JavaThread "URL-Loader-11" daemon [_thread_blocked, id=18472, stack(0x0000000030560000,0x0000000030660000)]
  0x000000002f207000 JavaThread "URL-Loader-10" daemon [_thread_in_native, id=25152, stack(0x0000000030460000,0x0000000030560000)]
  0x000000002f208800 JavaThread "URL-Loader-9" daemon [_thread_in_native, id=8380, stack(0x0000000030160000,0x0000000030260000)]
  0x0000000019749000 JavaThread "Keep-Alive-Timer" daemon [_thread_blocked, id=8136, stack(0x0000000030060000,0x0000000030160000)]
  0x0000000019746800 JavaThread "URL-Loader-8" daemon [_thread_in_native, id=27556, stack(0x000000002fe60000,0x000000002ff60000)]
  0x000000001974d800 JavaThread "URL-Loader-7" daemon [_thread_in_native, id=22972, stack(0x000000002fd60000,0x000000002fe60000)]
  0x000000001974c800 JavaThread "URL-Loader-6" daemon [_thread_blocked, id=15548, stack(0x000000002fc60000,0x000000002fd60000)]
  0x0000000019747800 JavaThread "URL-Loader-5" daemon [_thread_in_native, id=13832, stack(0x000000002fb60000,0x000000002fc60000)]
  0x000000001974b000 JavaThread "URL-Loader-4" daemon [_thread_in_native, id=17232, stack(0x000000002fa60000,0x000000002fb60000)]
  0x0000000019748000 JavaThread "URL-Loader-3" daemon [_thread_in_native, id=18320, stack(0x000000002f960000,0x000000002fa60000)]
  0x000000001974c000 JavaThread "URL-Loader-2" daemon [_thread_blocked, id=3116, stack(0x000000002d580000,0x000000002d680000)]
  0x0000000019749800 JavaThread "Watchdog-Timer-1" daemon [_thread_blocked, id=15248, stack(0x000000002d480000,0x000000002d580000)]
  0x000000001974a800 JavaThread "URL-Loader-1" daemon [_thread_blocked, id=7036, stack(0x000000002d380000,0x000000002d480000)]
  0x000000001a366000 JavaThread "FX Access Thread (Visual Debugger)" daemon [_thread_blocked, id=12148, stack(0x0000000024080000,0x0000000024180000)]
  0x000000001a004800 JavaThread "Prism Font Disposer" daemon [_thread_blocked, id=18240, stack(0x0000000022170000,0x0000000022270000)]
  0x0000000019ec1800 JavaThread "Disposer" daemon [_thread_blocked, id=24244, stack(0x000000001ffc0000,0x00000000200c0000)]
  0x0000000019ca8800 JavaThread "Thread-3" daemon [_thread_in_native, id=9344, stack(0x000000001ee00000,0x000000001ef00000)]
  0x0000000019c33000 JavaThread "JavaFX-Launcher" [_thread_blocked, id=8012, stack(0x000000001ef00000,0x000000001f000000)]
=>0x0000000019c22000 JavaThread "JavaFX Application Thread" [_thread_in_native, id=27792, stack(0x000000001a770000,0x000000001a870000)]
  0x0000000019c07800 JavaThread "Thread-1" daemon [_thread_blocked, id=22752, stack(0x000000001a670000,0x000000001a770000)]
  0x0000000019bfd800 JavaThread "QuantumRenderer-0" daemon [_thread_in_vm, id=28512, stack(0x000000001a3f0000,0x000000001a4f0000)]
  0x00000000179fe800 JavaThread "Service Thread" daemon [_thread_blocked, id=2472, stack(0x00000000199f0000,0x0000000019af0000)]
  0x0000000019518800 JavaThread "C1 CompilerThread2" daemon [_thread_blocked, id=13492, stack(0x00000000198f0000,0x00000000199f0000)]
  0x00000000179d4800 JavaThread "C2 CompilerThread1" daemon [_thread_blocked, id=27672, stack(0x00000000193f0000,0x00000000194f0000)]
  0x00000000179db000 JavaThread "C2 CompilerThread0" daemon [_thread_in_native, id=21456, stack(0x00000000192f0000,0x00000000193f0000)]
  0x00000000179ba800 JavaThread "JDWP Command Reader" daemon [_thread_in_native, id=21068, stack(0x00000000191f0000,0x00000000192f0000)]
  0x00000000179b7800 JavaThread "JDWP Event Helper Thread" daemon [_thread_blocked, id=23684, stack(0x00000000190f0000,0x00000000191f0000)]
  0x00000000179a8800 JavaThread "JDWP Transport Listener: dt_socket" daemon [_thread_blocked, id=24020, stack(0x0000000018ff0000,0x00000000190f0000)]
  0x000000001799f000 JavaThread "Attach Listener" daemon [_thread_blocked, id=5304, stack(0x0000000018ef0000,0x0000000018ff0000)]
  0x000000001799e000 JavaThread "Signal Dispatcher" daemon [_thread_blocked, id=21708, stack(0x0000000018df0000,0x0000000018ef0000)]
  0x0000000017989000 JavaThread "Finalizer" daemon [_thread_blocked, id=20588, stack(0x0000000018c00000,0x0000000018d00000)]
  0x0000000002e54000 JavaThread "Reference Handler" daemon [_thread_blocked, id=14392, stack(0x0000000018b00000,0x0000000018c00000)]
  0x0000000002d62800 JavaThread "main" [_thread_blocked, id=9208, stack(0x0000000002c20000,0x0000000002d20000)]

Other Threads:
  0x0000000017967800 VMThread [stack: 0x0000000018a00000,0x0000000018b00000] [id=20076]
  0x0000000019568800 WatcherThread [stack: 0x0000000019af0000,0x0000000019bf0000] [id=7180]

VM state:not at safepoint (normal execution)

VM Mutex/Monitor currently owned by a thread:  ([mutex/lock_event])
[0x0000000002d5e660] AdapterHandlerLibrary_lock - owner thread: 0x0000000019bfd800

Heap:
 PSYoungGen      total 219648K, used 56231K [0x00000000d5e00000, 0x00000000e4280000, 0x0000000100000000)
  eden space 207360K, 23% used [0x00000000d5e00000,0x00000000d8ce4be8,0x00000000e2880000)
  from space 12288K, 66% used [0x00000000e3580000,0x00000000e3d85070,0x00000000e4180000)
  to   space 13312K, 0% used [0x00000000e2880000,0x00000000e2880000,0x00000000e3580000)
 ParOldGen       total 49152K, used 11166K [0x0000000081a00000, 0x0000000084a00000, 0x00000000d5e00000)
  object space 49152K, 22% used [0x0000000081a00000,0x00000000824e7a98,0x0000000084a00000)
 Metaspace       used 26955K, capacity 28144K, committed 28288K, reserved 1073152K
  class space    used 3627K, capacity 3891K, committed 3968K, reserved 1048576K

Card table byte_map: [0x0000000012220000,0x0000000012620000] byte_map_base: 0x0000000011e13000

Marking Bits: (ParMarkBitMap*) 0x000000007385a6d0
 Begin Bits: [0x0000000012cd0000, 0x0000000014c68000)
 End Bits:   [0x0000000014c68000, 0x0000000016c00000)

Polling page: 0x0000000002ad0000

CodeCache: size=245760Kb used=12504Kb max_used=12508Kb free=233255Kb
 bounds [0x0000000002e60000, 0x0000000003ab0000, 0x0000000011e60000]
 total_blobs=4669 nmethods=3879 adapters=708
 compilation: enabled

Compilation events (10 events):
Event: 38.442 Thread 0x0000000019518800 4512       1       com.sun.javafx.webkit.prism.WCGraphicsPrismContext$ContextState::getClipNoClone (5 bytes)
Event: 38.442 Thread 0x0000000019518800 nmethod 4512 0x0000000003a91250 code [0x0000000003a913a0, 0x0000000003a914b0]
Event: 38.442 Thread 0x0000000019518800 4513       3       com.sun.prism.GraphicsPipeline::getPipeline (4 bytes)
Event: 38.442 Thread 0x0000000019518800 nmethod 4513 0x0000000003a91510 code [0x0000000003a91660, 0x0000000003a91790]
Event: 38.442 Thread 0x0000000019518800 4511       3       com.sun.prism.impl.ps.BaseShaderGraphics::renderGeneralRoundedPgram (1190 bytes)
Event: 38.446 Thread 0x0000000019518800 nmethod 4511 0x0000000003a91810 code [0x0000000003a91ec0, 0x0000000003a96038]
Event: 38.448 Thread 0x0000000019518800 4514       3       java.lang.Class::newReflectionData (74 bytes)
Event: 38.448 Thread 0x0000000019518800 nmethod 4514 0x0000000003a9b550 code [0x0000000003a9b720, 0x0000000003a9c0d0]
Event: 38.448 Thread 0x0000000019518800 4515       3       com.sun.prism.d3d.D3DShader::setConstant (48 bytes)
Event: 38.449 Thread 0x0000000019518800 nmethod 4515 0x0000000003a9c510 code [0x0000000003a9c720, 0x0000000003a9d0b8]

GC Heap History (10 events):
Event: 13.637 GC heap before
{Heap before GC invocations=7 (full 1):
 PSYoungGen      total 38400K, used 35700K [0x00000000d5e00000, 0x00000000db580000, 0x0000000100000000)
  eden space 33280K, 99% used [0x00000000d5e00000,0x00000000d7e74180,0x00000000d7e80000)
  from space 5120K, 48% used [0x00000000d7e80000,0x00000000d80e8f78,0x00000000d8380000)
  to   space 11776K, 0% used [0x00000000daa00000,0x00000000daa00000,0x00000000db580000)
 ParOldGen       total 49152K, used 8745K [0x0000000081a00000, 0x0000000084a00000, 0x00000000d5e00000)
  object space 49152K, 17% used [0x0000000081a00000,0x000000008228a608,0x0000000084a00000)
 Metaspace       used 24325K, capacity 25368K, committed 25600K, reserved 1071104K
  class space    used 3343K, capacity 3553K, committed 3584K, reserved 1048576K
Event: 13.640 GC heap after
Heap after GC invocations=7 (full 1):
 PSYoungGen      total 76800K, used 2519K [0x00000000d5e00000, 0x00000000db480000, 0x0000000100000000)
  eden space 66048K, 0% used [0x00000000d5e00000,0x00000000d5e00000,0x00000000d9e80000)
  from space 10752K, 23% used [0x00000000daa00000,0x00000000dac75ef0,0x00000000db480000)
  to   space 11264K, 0% used [0x00000000d9e80000,0x00000000d9e80000,0x00000000da980000)
 ParOldGen       total 49152K, used 8745K [0x0000000081a00000, 0x0000000084a00000, 0x00000000d5e00000)
  object space 49152K, 17% used [0x0000000081a00000,0x000000008228a608,0x0000000084a00000)
 Metaspace       used 24325K, capacity 25368K, committed 25600K, reserved 1071104K
  class space    used 3343K, capacity 3553K, committed 3584K, reserved 1048576K
}
Event: 13.660 GC heap before
{Heap before GC invocations=8 (full 1):
 PSYoungGen      total 76800K, used 68526K [0x00000000d5e00000, 0x00000000db480000, 0x0000000100000000)
  eden space 66048K, 99% used [0x00000000d5e00000,0x00000000d9e75ab8,0x00000000d9e80000)
  from space 10752K, 23% used [0x00000000daa00000,0x00000000dac75ef0,0x00000000db480000)
  to   space 11264K, 0% used [0x00000000d9e80000,0x00000000d9e80000,0x00000000da980000)
 ParOldGen       total 49152K, used 8745K [0x0000000081a00000, 0x0000000084a00000, 0x00000000d5e00000)
  object space 49152K, 17% used [0x0000000081a00000,0x000000008228a608,0x0000000084a00000)
 Metaspace       used 24325K, capacity 25368K, committed 25600K, reserved 1071104K
  class space    used 3343K, capacity 3553K, committed 3584K, reserved 1048576K
Event: 13.662 GC heap after
Heap after GC invocations=8 (full 1):
 PSYoungGen      total 77312K, used 2584K [0x00000000d5e00000, 0x00000000df300000, 0x0000000100000000)
  eden space 66048K, 0% used [0x00000000d5e00000,0x00000000d5e00000,0x00000000d9e80000)
  from space 11264K, 22% used [0x00000000d9e80000,0x00000000da106290,0x00000000da980000)
  to   space 10752K, 0% used [0x00000000de880000,0x00000000de880000,0x00000000df300000)
 ParOldGen       total 49152K, used 8753K [0x0000000081a00000, 0x0000000084a00000, 0x00000000d5e00000)
  object space 49152K, 17% used [0x0000000081a00000,0x000000008228c608,0x0000000084a00000)
 Metaspace       used 24325K, capacity 25368K, committed 25600K, reserved 1071104K
  class space    used 3343K, capacity 3553K, committed 3584K, reserved 1048576K
}
Event: 13.678 GC heap before
{Heap before GC invocations=9 (full 1):
 PSYoungGen      total 77312K, used 68510K [0x00000000d5e00000, 0x00000000df300000, 0x0000000100000000)
  eden space 66048K, 99% used [0x00000000d5e00000,0x00000000d9e615a0,0x00000000d9e80000)
  from space 11264K, 22% used [0x00000000d9e80000,0x00000000da106290,0x00000000da980000)
  to   space 10752K, 0% used [0x00000000de880000,0x00000000de880000,0x00000000df300000)
 ParOldGen       total 49152K, used 8753K [0x0000000081a00000, 0x0000000084a00000, 0x00000000d5e00000)
  object space 49152K, 17% used [0x0000000081a00000,0x000000008228c608,0x0000000084a00000)
 Metaspace       used 24325K, capacity 25368K, committed 25600K, reserved 1071104K
  class space    used 3343K, capacity 3553K, committed 3584K, reserved 1048576K
Event: 13.681 GC heap after
Heap after GC invocations=9 (full 1):
 PSYoungGen      total 141824K, used 186K [0x00000000d5e00000, 0x00000000df300000, 0x0000000100000000)
  eden space 131072K, 0% used [0x00000000d5e00000,0x00000000d5e00000,0x00000000dde00000)
  from space 10752K, 1% used [0x00000000de880000,0x00000000de8ae918,0x00000000df300000)
  to   space 10752K, 0% used [0x00000000dde00000,0x00000000dde00000,0x00000000de880000)
 ParOldGen       total 49152K, used 11150K [0x0000000081a00000, 0x0000000084a00000, 0x00000000d5e00000)
  object space 49152K, 22% used [0x0000000081a00000,0x00000000824e3a98,0x0000000084a00000)
 Metaspace       used 24325K, capacity 25368K, committed 25600K, reserved 1071104K
  class space    used 3343K, capacity 3553K, committed 3584K, reserved 1048576K
}
Event: 25.264 GC heap before
{Heap before GC invocations=10 (full 1):
 PSYoungGen      total 141824K, used 131258K [0x00000000d5e00000, 0x00000000df300000, 0x0000000100000000)
  eden space 131072K, 100% used [0x00000000d5e00000,0x00000000dde00000,0x00000000dde00000)
  from space 10752K, 1% used [0x00000000de880000,0x00000000de8ae918,0x00000000df300000)
  to   space 10752K, 0% used [0x00000000dde00000,0x00000000dde00000,0x00000000de880000)
 ParOldGen       total 49152K, used 11150K [0x0000000081a00000, 0x0000000084a00000, 0x00000000d5e00000)
  object space 49152K, 22% used [0x0000000081a00000,0x00000000824e3a98,0x0000000084a00000)
 Metaspace       used 25631K, capacity 26666K, committed 27008K, reserved 1073152K
  class space    used 3475K, capacity 3684K, committed 3712K, reserved 1048576K
Event: 25.270 GC heap after
Heap after GC invocations=10 (full 1):
 PSYoungGen      total 141824K, used 9772K [0x00000000d5e00000, 0x00000000e4180000, 0x0000000100000000)
  eden space 131072K, 0% used [0x00000000d5e00000,0x00000000d5e00000,0x00000000dde00000)
  from space 10752K, 90% used [0x00000000dde00000,0x00000000de78b018,0x00000000de880000)
  to   space 12288K, 0% used [0x00000000e3580000,0x00000000e3580000,0x00000000e4180000)
 ParOldGen       total 49152K, used 11158K [0x0000000081a00000, 0x0000000084a00000, 0x00000000d5e00000)
  object space 49152K, 22% used [0x0000000081a00000,0x00000000824e5a98,0x0000000084a00000)
 Metaspace       used 25631K, capacity 26666K, committed 27008K, reserved 1073152K
  class space    used 3475K, capacity 3684K, committed 3712K, reserved 1048576K
}
Event: 36.407 GC heap before
{Heap before GC invocations=11 (full 1):
 PSYoungGen      total 141824K, used 140844K [0x00000000d5e00000, 0x00000000e4180000, 0x0000000100000000)
  eden space 131072K, 100% used [0x00000000d5e00000,0x00000000dde00000,0x00000000dde00000)
  from space 10752K, 90% used [0x00000000dde00000,0x00000000de78b018,0x00000000de880000)
  to   space 12288K, 0% used [0x00000000e3580000,0x00000000e3580000,0x00000000e4180000)
 ParOldGen       total 49152K, used 11158K [0x0000000081a00000, 0x0000000084a00000, 0x00000000d5e00000)
  object space 49152K, 22% used [0x0000000081a00000,0x00000000824e5a98,0x0000000084a00000)
 Metaspace       used 26110K, capacity 27180K, committed 27392K, reserved 1073152K
  class space    used 3515K, capacity 3759K, committed 3840K, reserved 1048576K
Event: 36.412 GC heap after
Heap after GC invocations=11 (full 1):
 PSYoungGen      total 219648K, used 8212K [0x00000000d5e00000, 0x00000000e4280000, 0x0000000100000000)
  eden space 207360K, 0% used [0x00000000d5e00000,0x00000000d5e00000,0x00000000e2880000)
  from space 12288K, 66% used [0x00000000e3580000,0x00000000e3d85070,0x00000000e4180000)
  to   space 13312K, 0% used [0x00000000e2880000,0x00000000e2880000,0x00000000e3580000)
 ParOldGen       total 49152K, used 11166K [0x0000000081a00000, 0x0000000084a00000, 0x00000000d5e00000)
  object space 49152K, 22% used [0x0000000081a00000,0x00000000824e7a98,0x0000000084a00000)
 Metaspace       used 26110K, capacity 27180K, committed 27392K, reserved 1073152K
  class space    used 3515K, capacity 3759K, committed 3840K, reserved 1048576K
}

Deoptimization events (10 events):
Event: 36.520 Thread 0x0000000019c22000 Uncommon trap: reason=class_check action=maybe_recompile pc=0x00000000036423fc method=java.util.regex.Pattern$Branch.match(Ljava/util/regex/Matcher;ILjava/lang/CharSequence;)Z @ 32
Event: 36.520 Thread 0x0000000019c22000 Uncommon trap: reason=class_check action=maybe_recompile pc=0x00000000038eb788 method=java.util.regex.Pattern$CharProperty.match(Ljava/util/regex/Matcher;ILjava/lang/CharSequence;)Z @ 37
Event: 36.550 Thread 0x0000000019c22000 Uncommon trap: reason=unstable_if action=reinterpret pc=0x00000000030446c0 method=java.lang.CharacterData.of(I)Ljava/lang/CharacterData; @ 4
Event: 36.696 Thread 0x0000000019747800 Uncommon trap: reason=unstable_if action=reinterpret pc=0x000000000300032c method=java.util.HashMap$HashIterator.<init>(Ljava/util/HashMap;)V @ 45
Event: 37.220 Thread 0x000000001974b000 Uncommon trap: reason=unstable_if action=reinterpret pc=0x0000000002f72448 method=java.util.HashMap$HashIterator.<init>(Ljava/util/HashMap;)V @ 45
Event: 37.356 Thread 0x0000000019746800 Uncommon trap: reason=bimorphic action=maybe_recompile pc=0x00000000036c5b08 method=java.util.HashMap.putVal(ILjava/lang/Object;Ljava/lang/Object;ZZ)Ljava/lang/Object; @ 203
Event: 38.076 Thread 0x0000000019c22000 Uncommon trap: reason=bimorphic action=maybe_recompile pc=0x00000000036c5b08 method=java.util.HashMap.putVal(ILjava/lang/Object;Ljava/lang/Object;ZZ)Ljava/lang/Object; @ 203
Event: 38.076 Thread 0x0000000019c22000 Uncommon trap: reason=bimorphic action=maybe_recompile pc=0x00000000036c5b08 method=java.util.HashMap.putVal(ILjava/lang/Object;Ljava/lang/Object;ZZ)Ljava/lang/Object; @ 203
Event: 38.385 Thread 0x0000000019bfd800 Uncommon trap: reason=unstable_if action=reinterpret pc=0x000000000351cf5c method=com.sun.javafx.geom.transform.AffineBase.updateState2D()V @ 51
Event: 38.385 Thread 0x0000000019bfd800 Uncommon trap: reason=unstable_if action=reinterpret pc=0x0000000003518030 method=com.sun.javafx.geom.transform.AffineBase.updateState2D()V @ 51

Internal exceptions (10 events):
Event: 37.919 Thread 0x0000000019c22000 Exception <a 'java/lang/ClassNotFoundException': sun/net/www/protocol/about/Handler> (0x00000000d6226448) thrown at [C:\re\workspace\8-2-build-windows-amd64-cygwin\jdk8u101\7261\hotspot\src\share\vm\classfile\systemDictionary.cpp, line 210]
Event: 37.920 Thread 0x0000000019c22000 Exception <a 'java/lang/ClassNotFoundException': sun/net/www/protocol/about/Handler> (0x00000000d6228488) thrown at [C:\re\workspace\8-2-build-windows-amd64-cygwin\jdk8u101\7261\hotspot\src\share\vm\classfile\systemDictionary.cpp, line 210]
Event: 37.925 Thread 0x0000000019c22000 Exception <a 'java/lang/ClassNotFoundException': sun/net/www/protocol/about/Handler> (0x00000000d622d2c0) thrown at [C:\re\workspace\8-2-build-windows-amd64-cygwin\jdk8u101\7261\hotspot\src\share\vm\classfile\systemDictionary.cpp, line 210]
Event: 37.952 Thread 0x0000000019c22000 Exception <a 'java/lang/ClassNotFoundException': sun/net/www/protocol/about/Handler> (0x00000000d623e678) thrown at [C:\re\workspace\8-2-build-windows-amd64-cygwin\jdk8u101\7261\hotspot\src\share\vm\classfile\systemDictionary.cpp, line 210]
Event: 38.128 Thread 0x0000000019c22000 Exception <a 'java/io/FileNotFoundException'> (0x00000000d63a3c98) thrown at [C:\re\workspace\8-2-build-windows-amd64-cygwin\jdk8u101\7261\hotspot\src\share\vm\prims\jni.cpp, line 709]
Event: 38.128 Thread 0x0000000019c22000 Exception <a 'java/io/FileNotFoundException'> (0x00000000d63a4db8) thrown at [C:\re\workspace\8-2-build-windows-amd64-cygwin\jdk8u101\7261\hotspot\src\share\vm\prims\jni.cpp, line 709]
Event: 38.129 Thread 0x0000000019c22000 Exception <a 'java/io/FileNotFoundException'> (0x00000000d63aa708) thrown at [C:\re\workspace\8-2-build-windows-amd64-cygwin\jdk8u101\7261\hotspot\src\share\vm\prims\jni.cpp, line 709]
Event: 38.129 Thread 0x0000000019c22000 Exception <a 'java/io/FileNotFoundException'> (0x00000000d63ab798) thrown at [C:\re\workspace\8-2-build-windows-amd64-cygwin\jdk8u101\7261\hotspot\src\share\vm\prims\jni.cpp, line 709]
Event: 38.186 Thread 0x000000002f20a000 Exception <a 'sun/nio/fs/WindowsException'> (0x00000000d7f74cf8) thrown at [C:\re\workspace\8-2-build-windows-amd64-cygwin\jdk8u101\7261\hotspot\src\share\vm\prims\jni.cpp, line 709]
Event: 38.423 Thread 0x0000000019c22000 Exception <a 'java/lang/ClassNotFoundException': sun/net/www/protocol/about/Handler> (0x00000000d892ef88) thrown at [C:\re\workspace\8-2-build-windows-amd64-cygwin\jdk8u101\7261\hotspot\src\share\vm\classfile\systemDictionary.cpp, line 210]

Events (10 events):
Event: 38.423 Thread 0x0000000019c22000 DEOPT PACKING pc=0x00000000036701a4 sp=0x000000001a86bba0
Event: 38.423 Thread 0x0000000019c22000 DEOPT UNPACKING pc=0x0000000002ea787f sp=0x000000001a86b8f0 mode 1
Event: 38.442 loading class com/sun/javafx/webkit/prism/RTImage
Event: 38.442 loading class com/sun/javafx/webkit/prism/RTImage done
Event: 38.442 Executing VM operation: RevokeBias
Event: 38.442 Executing VM operation: RevokeBias done
Event: 38.442 Executing VM operation: RevokeBias
Event: 38.442 Executing VM operation: RevokeBias done
Event: 38.447 loading class com/sun/prism/shader/FillPgram_ImagePattern_Loader
Event: 38.447 loading class com/sun/prism/shader/FillPgram_ImagePattern_Loader done


Dynamic libraries:
0x00007ff65ea40000 - 0x00007ff65ea77000 	C:\Program Files\Java\jdk1.8.0_101\jre\bin\java.exe
0x00007ff9d1960000 - 0x00007ff9d1b3b000 	C:\WINDOWS\SYSTEM32\ntdll.dll
0x00007ff9d0e10000 - 0x00007ff9d0ebe000 	C:\WINDOWS\System32\KERNEL32.DLL
0x00007ff9cdf90000 - 0x00007ff9ce1d9000 	C:\WINDOWS\System32\KERNELBASE.dll
0x00007ff9d0330000 - 0x00007ff9d03d1000 	C:\WINDOWS\System32\ADVAPI32.dll
0x00007ff9d1770000 - 0x00007ff9d180d000 	C:\WINDOWS\System32\msvcrt.dll
0x00007ff9d13e0000 - 0x00007ff9d1439000 	C:\WINDOWS\System32\sechost.dll
0x00007ff9d1590000 - 0x00007ff9d16b5000 	C:\WINDOWS\System32\RPCRT4.dll
0x00007ff9d1810000 - 0x00007ff9d195a000 	C:\WINDOWS\System32\USER32.dll
0x00007ff9ce1e0000 - 0x00007ff9ce1fe000 	C:\WINDOWS\System32\win32u.dll
0x00007ff9ceec0000 - 0x00007ff9ceee7000 	C:\WINDOWS\System32\GDI32.dll
0x00007ff9ce520000 - 0x00007ff9ce6a8000 	C:\WINDOWS\System32\gdi32full.dll
0x00007ff9ce6b0000 - 0x00007ff9ce74a000 	C:\WINDOWS\System32\msvcp_win.dll
0x00007ff9ce3d0000 - 0x00007ff9ce4c6000 	C:\WINDOWS\System32\ucrtbase.dll
0x00007ff9c0450000 - 0x00007ff9c06b7000 	C:\WINDOWS\WinSxS\amd64_microsoft.windows.common-controls_6595b64144ccf1df_6.0.15063.483_none_26002d27e7c744a2\COMCTL32.dll
0x00007ff9d0470000 - 0x00007ff9d0769000 	C:\WINDOWS\System32\combase.dll
0x00007ff9ce750000 - 0x00007ff9ce7ba000 	C:\WINDOWS\System32\bcryptPrimitives.dll
0x00007ff9d0440000 - 0x00007ff9d046d000 	C:\WINDOWS\System32\IMM32.DLL
0x0000000076860000 - 0x0000000076932000 	C:\Program Files\Java\jdk1.8.0_101\jre\bin\msvcr100.dll
0x0000000073040000 - 0x00000000738da000 	C:\Program Files\Java\jdk1.8.0_101\jre\bin\server\jvm.dll
0x00007ff9d07d0000 - 0x00007ff9d07d8000 	C:\WINDOWS\System32\PSAPI.DLL
0x00007ff9c9dc0000 - 0x00007ff9c9dc9000 	C:\WINDOWS\SYSTEM32\WSOCK32.dll
0x00007ff9c5340000 - 0x00007ff9c5363000 	C:\WINDOWS\SYSTEM32\WINMM.dll
0x00007ff9c5330000 - 0x00007ff9c533a000 	C:\WINDOWS\SYSTEM32\VERSION.dll
0x00007ff9d1310000 - 0x00007ff9d137c000 	C:\WINDOWS\System32\WS2_32.dll
0x00007ff9c5300000 - 0x00007ff9c532b000 	C:\WINDOWS\SYSTEM32\WINMMBASE.dll
0x00007ff9ce4d0000 - 0x00007ff9ce519000 	C:\WINDOWS\System32\cfgmgr32.dll
0x0000000076810000 - 0x000000007681f000 	C:\Program Files\Java\jdk1.8.0_101\jre\bin\verify.dll
0x00000000767e0000 - 0x0000000076809000 	C:\Program Files\Java\jdk1.8.0_101\jre\bin\java.dll
0x00000000743f0000 - 0x0000000074425000 	C:\Program Files\Java\jdk1.8.0_101\jre\bin\jdwp.dll
0x00000000743e0000 - 0x00000000743e8000 	C:\Program Files\Java\jdk1.8.0_101\jre\bin\npt.dll
0x00000000767c0000 - 0x00000000767d6000 	C:\Program Files\Java\jdk1.8.0_101\jre\bin\zip.dll
0x00007ff9ceef0000 - 0x00007ff9d0327000 	C:\WINDOWS\System32\SHELL32.dll
0x00007ff9d16c0000 - 0x00007ff9d176a000 	C:\WINDOWS\System32\shcore.dll
0x00007ff9ce7c0000 - 0x00007ff9ceeb2000 	C:\WINDOWS\System32\windows.storage.dll
0x00007ff9d0770000 - 0x00007ff9d07c1000 	C:\WINDOWS\System32\shlwapi.dll
0x00007ff9cddd0000 - 0x00007ff9cdde1000 	C:\WINDOWS\System32\kernel.appcore.dll
0x00007ff9cde30000 - 0x00007ff9cde7c000 	C:\WINDOWS\System32\powrprof.dll
0x00007ff9cde10000 - 0x00007ff9cde25000 	C:\WINDOWS\System32\profapi.dll
0x00000000743d0000 - 0x00000000743d9000 	C:\Program Files\Java\jdk1.8.0_101\jre\bin\dt_socket.dll
0x00007ff9cd6e0000 - 0x00007ff9cd73c000 	C:\WINDOWS\system32\mswsock.dll
0x00007ff9910a0000 - 0x00007ff99118f000 	C:\Program Files\Java\jdk1.8.0_101\jre\bin\msvcr120.dll
0x00007ff9a9880000 - 0x00007ff9a9926000 	C:\Program Files\Java\jdk1.8.0_101\jre\bin\msvcp120.dll
0x00000000743a0000 - 0x00000000743c2000 	C:\Program Files\Java\jdk1.8.0_101\jre\bin\prism_d3d.dll
0x00007ff97cc10000 - 0x00007ff97cd99000 	C:\WINDOWS\system32\d3d9.dll
0x00007ff9c3910000 - 0x00007ff9c393a000 	C:\WINDOWS\SYSTEM32\dwmapi.dll
0x00007ff9cc4e0000 - 0x00007ff9cc575000 	C:\WINDOWS\system32\uxtheme.dll
0x00007ff971470000 - 0x00007ff9739ad000 	C:\WINDOWS\SYSTEM32\igdumdim64.dll
0x00007ff9d1060000 - 0x00007ff9d1120000 	C:\WINDOWS\System32\OLEAUT32.dll
0x00007ff9d1440000 - 0x00007ff9d1585000 	C:\WINDOWS\System32\ole32.dll
0x00007ff9d09d0000 - 0x00007ff9d0e0b000 	C:\WINDOWS\System32\SETUPAPI.dll
0x0000000074350000 - 0x0000000074393000 	C:\Program Files\Java\jdk1.8.0_101\jre\bin\glass.dll
0x00007ff9d0800000 - 0x00007ff9d0908000 	C:\WINDOWS\System32\COMDLG32.dll
0x00007ff9d11a0000 - 0x00007ff9d1306000 	C:\WINDOWS\System32\MSCTF.dll
0x00007ff9bcdc0000 - 0x00007ff9bce61000 	C:\Program Files\Common Files\microsoft shared\ink\tiptsf.dll
0x00007ff9ba370000 - 0x00007ff9bb1e3000 	C:\WINDOWS\SYSTEM32\igc64.dll
0x0000000074330000 - 0x0000000074344000 	C:\Program Files\Java\jdk1.8.0_101\jre\bin\javafx_font.dll
0x00007ff9bc6d0000 - 0x00007ff9bc98f000 	C:\WINDOWS\SYSTEM32\dwrite.dll
0x000000006d940000 - 0x000000006fed0000 	C:\Program Files\Java\jdk1.8.0_101\jre\bin\jfxwebkit.dll
0x00007ff9cd880000 - 0x00007ff9cd897000 	C:\WINDOWS\SYSTEM32\CRYPTSP.dll
0x00007ff9cd300000 - 0x00007ff9cd334000 	C:\WINDOWS\system32\rsaenh.dll
0x00007ff9cd990000 - 0x00007ff9cd9b5000 	C:\WINDOWS\SYSTEM32\bcrypt.dll
0x00007ff9cd8a0000 - 0x00007ff9cd8ab000 	C:\WINDOWS\SYSTEM32\CRYPTBASE.dll
0x0000000074300000 - 0x0000000074323000 	C:\Program Files\Java\jdk1.8.0_101\jre\bin\javafx_iio.dll
0x00007ff9d0910000 - 0x00007ff9d09ae000 	C:\WINDOWS\System32\clbcatq.dll
0x00007ff9bf7f0000 - 0x00007ff9bf99c000 	C:\WINDOWS\SYSTEM32\WindowsCodecs.dll
0x00007ff9b6e20000 - 0x00007ff9b6e67000 	C:\WINDOWS\system32\dataexchange.dll
0x00007ff9cafb0000 - 0x00007ff9cb28f000 	C:\WINDOWS\system32\d3d11.dll
0x00007ff9cbd70000 - 0x00007ff9cbe92000 	C:\WINDOWS\system32\dcomp.dll
0x00007ff9ccc40000 - 0x00007ff9ccce4000 	C:\WINDOWS\system32\dxgi.dll
0x00007ff9cc6c0000 - 0x00007ff9cc830000 	C:\WINDOWS\system32\twinapi.appcore.dll
0x00007ff9bcf80000 - 0x00007ff9bcfb1000 	C:\Program Files\Common Files\Microsoft Shared\Ink\rtscom.dll
0x00007ff9c8fe0000 - 0x00007ff9c9062000 	C:\WINDOWS\System32\TextInputFramework.dll
0x00007ff9c2b40000 - 0x00007ff9c2e12000 	C:\WINDOWS\System32\CoreUIComponents.dll
0x00007ff9cbc80000 - 0x00007ff9cbd63000 	C:\WINDOWS\System32\CoreMessaging.dll
0x00007ff9cd130000 - 0x00007ff9cd161000 	C:\WINDOWS\SYSTEM32\ntmarta.dll
0x00007ff9ca1f0000 - 0x00007ff9ca329000 	C:\WINDOWS\SYSTEM32\wintypes.dll
0x00007ff9ca1d0000 - 0x00007ff9ca1e5000 	C:\WINDOWS\SYSTEM32\usermgrcli.dll
0x00007ff9b7720000 - 0x00007ff9b78e5000 	C:\Windows\System32\uiautomationcore.dll
0x00007ff9cdc30000 - 0x00007ff9cdcca000 	C:\WINDOWS\SYSTEM32\sxs.dll
0x00007ff9c0af0000 - 0x00007ff9c0b5b000 	C:\WINDOWS\SYSTEM32\OLEACC.dll
0x00000000742e0000 - 0x00000000742f1000 	C:\Program Files\Java\jdk1.8.0_101\jre\bin\prism_common.dll
0x00007ff9cb6d0000 - 0x00007ff9cbc74000 	C:\WINDOWS\SYSTEM32\d2d1.dll
0x00007ff9ce200000 - 0x00007ff9ce3c9000 	C:\WINDOWS\System32\CRYPT32.dll
0x00007ff9cddf0000 - 0x00007ff9cde01000 	C:\WINDOWS\System32\MSASN1.dll
0x00007ff990ba0000 - 0x00007ff990e75000 	C:\WINDOWS\SYSTEM32\D3D10Warp.dll
0x00007ff9ca330000 - 0x00007ff9ca4c6000 	C:\WINDOWS\SYSTEM32\PROPSYS.dll
0x00007ff9ca8e0000 - 0x00007ff9ca8eb000 	C:\WINDOWS\SYSTEM32\atlthunk.dll
0x00007ff99d0f0000 - 0x00007ff99d134000 	C:\WINDOWS\SYSTEM32\edputil.dll
0x00007ff99dd40000 - 0x00007ff99e1c2000 	C:\WINDOWS\system32\explorerframe.dll
0x00007ff9b81d0000 - 0x00007ff9b837b000 	C:\WINDOWS\system32\DUI70.dll
0x00007ff9c8e80000 - 0x00007ff9c8f13000 	C:\WINDOWS\system32\DUser.dll
0x00007ff9b5430000 - 0x00007ff9b5487000 	C:\Windows\System32\thumbcache.dll
0x00007ff9c79a0000 - 0x00007ff9c7a17000 	C:\WINDOWS\SYSTEM32\policymanager.dll
0x00007ff9c7910000 - 0x00007ff9c799f000 	C:\WINDOWS\SYSTEM32\msvcp110_win.dll
0x00007ff9b7e70000 - 0x00007ff9b7ff8000 	C:\Windows\System32\Windows.Globalization.dll
0x00007ff9c3350000 - 0x00007ff9c33b9000 	C:\Windows\System32\Bcp47Langs.dll
0x00007ff9c67d0000 - 0x00007ff9c6800000 	C:\WINDOWS\SYSTEM32\globinputhost.dll
0x00007ff98f560000 - 0x00007ff98f601000 	C:\WINDOWS\System32\StructuredQuery.dll
0x00007ff9c29d0000 - 0x00007ff9c29eb000 	C:\WINDOWS\SYSTEM32\MPR.dll
0x00007ff9caee0000 - 0x00007ff9caeeb000 	C:\WINDOWS\System32\drprov.dll
0x00007ff9ccf30000 - 0x00007ff9ccf85000 	C:\WINDOWS\System32\WINSTA.dll
0x00007ff9caec0000 - 0x00007ff9caed6000 	C:\WINDOWS\System32\ntlanman.dll
0x00007ff9ca4d0000 - 0x00007ff9ca4f0000 	C:\WINDOWS\System32\davclnt.dll
0x00007ff9ca8d0000 - 0x00007ff9ca8dc000 	C:\WINDOWS\System32\DAVHLPR.dll
0x00007ff9c8bd0000 - 0x00007ff9c8be6000 	C:\WINDOWS\System32\wkscli.dll
0x00007ff9b4810000 - 0x00007ff9b4822000 	C:\WINDOWS\SYSTEM32\cscapi.dll
0x00007ff9cd570000 - 0x00007ff9cd57d000 	C:\WINDOWS\System32\netutils.dll
0x00007ff9cc3a0000 - 0x00007ff9cc41e000 	C:\WINDOWS\SYSTEM32\apphelp.dll
0x00007ff9c4dd0000 - 0x00007ff9c4e1a000 	C:\Windows\System32\dlnashext.dll
0x00007ff9a0cf0000 - 0x00007ff9a0d5d000 	C:\Windows\System32\PlayToDevice.dll
0x00007ff9c8e60000 - 0x00007ff9c8e7e000 	C:\Windows\System32\DevDispItemProvider.dll
0x00007ff9c7ad0000 - 0x00007ff9c7b37000 	C:\WINDOWS\System32\MMDevApi.dll
0x00007ff9cc8f0000 - 0x00007ff9cc918000 	C:\WINDOWS\System32\DEVOBJ.dll
0x00007ff9c98a0000 - 0x00007ff9c993c000 	C:\Windows\System32\PortableDeviceApi.dll
0x00007ff9cdf30000 - 0x00007ff9cdf86000 	C:\WINDOWS\System32\WINTRUST.dll
0x00007ff9bcce0000 - 0x00007ff9bcd05000 	C:\Windows\System32\EhStorAPI.dll
0x00007ff9c9da0000 - 0x00007ff9c9db3000 	C:\Windows\System32\WTSAPI32.dll
0x00007ff996b60000 - 0x00007ff996c2a000 	C:\WINDOWS\system32\Windows.Storage.Search.dll
0x00007ff9d1120000 - 0x00007ff9d1191000 	C:\WINDOWS\System32\coml2.dll
0x00007ff9b7930000 - 0x00007ff9b7e61000 	C:\Windows\System32\OneCoreUAPCommonProxyStub.dll
0x00007ff9c9510000 - 0x00007ff9c9520000 	C:\WINDOWS\SYSTEM32\LINKINFO.dll
0x00007ff9c30b0000 - 0x00007ff9c3132000 	C:\Windows\System32\twinapi.dll
0x00007ff9b48c0000 - 0x00007ff9b48f6000 	C:\Windows\System32\EhStorShell.dll
0x00007ff9a5880000 - 0x00007ff9a58ff000 	C:\Program Files (x86)\Adobe\Adobe Creative Cloud\CoreSyncExtension\CoreSync_x64.dll
0x00007ff9a05e0000 - 0x00007ff9a0861000 	C:\Users\Loh Jing Yen\AppData\Local\Microsoft\OneDrive\17.3.6917.0607\amd64\FileSyncShell64.dll
0x00007ff9bfa50000 - 0x00007ff9bfd7e000 	C:\WINDOWS\SYSTEM32\WININET.dll
0x00007ff9a01f0000 - 0x00007ff9a04ee000 	C:\Program Files (x86)\Microsoft Office\root\VFS\ProgramFilesX64\Microsoft Office\Office16\GROOVEEX.DLL

VM Arguments:
jvm_args: -Xdebug -Xrunjdwp:transport=dt_socket,server=n,address=56111 -Dglass.disableGrab=true 
java_command: D:\Netbeans\CheeChoo\target/CheeChoo-1.0-SNAPSHOT.jar
java_class_path (initial): D:\Netbeans\CheeChoo\target/CheeChoo-1.0-SNAPSHOT.jar
Launcher Type: SUN_STANDARD

Environment Variables:
JAVA_HOME=C:\Program Files\Java\jdk1.8.0_101
PATH=C:\ProgramData\Oracle\Java\javapath;C:\WINDOWS\system32;C:\WINDOWS;C:\WINDOWS\System32\Wbem;C:\WINDOWS\System32\WindowsPowerShell\v1.0\;C:\Program Files\Microsoft SQL Server\120\Tools\Binn\;C:\Program Files\Microsoft SQL Server\130\Tools\Binn\;C:\Program Files\Microsoft\Web Platform Installer\;C:\Program Files (x86)\Microsoft SQL Server\110\DTS\Binn\;C:\Program Files (x86)\Microsoft SQL Server\120\DTS\Binn\;C:\Program Files (x86)\Microsoft SQL Server\130\DTS\Binn\;C:\Program Files\Microsoft SQL Server\Client SDK\ODBC\130\Tools\Binn\;C:\Program Files (x86)\Microsoft SQL Server\130\Tools\Binn\;C:\Program Files\Microsoft SQL Server\130\DTS\Binn\;C:\Program Files (x86)\Microsoft Emulator Manager\1.0\;C:\Program Files (x86)\Microsoft SQL Server\Client SDK\ODBC\130\Tools\Binn\;C:\Program Files (x86)\Microsoft SQL Server\130\Tools\Binn\ManagementStudio\;C:\Program Files\Intel\WiFi\bin\;C:\Program Files\Common Files\Intel\WirelessCommon\;C:\Program Files (x86)\Heroku\bin;C:\Program Files (x86)\git\cmd;C:\ProgramData\chocolatey\bin;C:\Program Files\Git\cmd;C:\Program Files\MySQL\MySQL Utilities 1.6\;C:\Program Files\Java\jdk1.8.0_101\bin;C:\Program Files\dotnet\;C:\Program Files\nodejs\;C:\Program Files (x86)\Yarn\bin;C:\Anaconda3;C:\Anaconda3\Scripts;C:\Anaconda3\Library\bin;C:\Ruby22-x64\bin;C:\Users\Loh Jing Yen\AppData\Local\Microsoft\WindowsApps;C:\Program Files\Intel\WiFi\bin\;C:\Program Files\Common Files\Intel\WirelessCommon\;C:\Program Files (x86)\Microsoft VS Code\bin;C:\Users\Loh Jing Yen\AppData\Local\Microsoft\WindowsApps;C:\Users\Loh Jing Yen\AppData\Roaming\npm;C:\Users\Loh Jing Yen\AppData\Local\Yarn\bin;C:\Program Files\MongoDB\Server\3.4\bin;C:\tools\neovim\Neovim\bin;C:\Users\Loh Jing Yen\AppData\Local\Pandoc\
USERNAME=Loh Jing Yen
OS=Windows_NT
PROCESSOR_IDENTIFIER=Intel64 Family 6 Model 78 Stepping 3, GenuineIntel



---------------  S Y S T E M  ---------------

OS: Windows 10.0 , 64 bit Build 15063 (10.0.15063.296)

CPU:total 4 (2 cores per cpu, 2 threads per core) family 6 model 78 stepping 3, cmov, cx8, fxsr, mmx, sse, sse2, sse3, ssse3, sse4.1, sse4.2, popcnt, avx, avx2, aes, clmul, erms, 3dnowpref, lzcnt, ht, tsc, tscinvbit, bmi1, bmi2, adx

Memory: 4k page, physical 8280512k(1368580k free), swap 13465244k(1500512k free)

vm_info: Java HotSpot(TM) 64-Bit Server VM (25.101-b13) for windows-amd64 JRE (1.8.0_101-b13), built on Jun 22 2016 01:21:29 by "java_re" with MS VC++ 10.0 (VS2010)

time: Tue Jul 25 17:28:34 2017
elapsed time: 38 seconds (0d 0h 0m 38s)

