#
# A fatal error has been detected by the Java Runtime Environment:
#
#  EXCEPTION_ACCESS_VIOLATION (0xc0000005) at pc=0x00000000716a0670, pid=26508, tid=0x0000000000004794
#
# JRE version: Java(TM) SE Runtime Environment (8.0_101-b13) (build 1.8.0_101-b13)
# Java VM: Java HotSpot(TM) 64-Bit Server VM (25.101-b13 mixed mode windows-amd64 compressed oops)
# Problematic frame:
# C  [jfxwebkit.dll+0xc40670]
#
# Failed to write core dump. Minidumps are not enabled by default on client versions of Windows
#
# If you would like to submit a bug report, please visit:
#   http://bugreport.java.com/bugreport/crash.jsp
# The crash happened outside the Java Virtual Machine in native code.
# See problematic frame for where to report the bug.
#

---------------  T H R E A D  ---------------

Current thread (0x0000000019eef000):  JavaThread "JavaFX Application Thread" [_thread_in_native, id=18324, stack(0x000000001aa80000,0x000000001ab80000)]

siginfo: ExceptionCode=0xc0000005, reading address 0x0000000000000008

Registers:
RAX=0x0000000000000000, RBX=0x000000002c007a40, RCX=0x0000000029adc470, RDX=0x0000000000000000
RSP=0x000000001ab7bc68, RBP=0x00000000ffffffff, RSI=0x0000000000000000, RDI=0x0000000030752b70
R8 =0x0000000029adc470, R9 =0x0000000029adc530, R10=0x0000000000000000, R11=0x0000000000000000
R12=0x000000002004fe00, R13=0x000000001f6309c0, R14=0x0000000000000000, R15=0x000000002004fda0
RIP=0x00000000716a0670, EFLAGS=0x0000000000010246

Top of Stack: (sp=0x000000001ab7bc68)
0x000000001ab7bc68:   00000000716860b8 fffffffffffffffe
0x000000001ab7bc78:   000000002c007a40 000000002c007a40
0x000000001ab7bc88:   000000007178e499 0000000027712ac0
0x000000001ab7bc98:   000000001ab7bcf0 0000000029adc470
0x000000001ab7bca8:   fffffffffffffffe 000000001f6309c0
0x000000001ab7bcb8:   00000000ffffffff 0000000000000000
0x000000001ab7bcc8:   0000000030752b70 000000002c007a40
0x000000001ab7bcd8:   00000000716866de 0000000029adc470
0x000000001ab7bce8:   000000001ab7bd10 0000000000000000
0x000000001ab7bcf8:   0000000000000000 0000000000000000
0x000000001ab7bd08:   000000001ab7bd58 0000000000000000
0x000000001ab7bd18:   000000001f6309d8 fffffffffffffffe
0x000000001ab7bd28:   000000002c007a40 0000000030752b70
0x000000001ab7bd38:   0000000030b3d2b0 000000001ab7c870
0x000000001ab7bd48:   00000000716915f8 0000000000000000
0x000000001ab7bd58:   0000000000000000 000000001ab7be50 

Instructions: (pc=0x00000000716a0670)
0x00000000716a0650:   48 8b 81 b0 00 00 00 4c 8d 89 c0 00 00 00 4c 8b
0x00000000716a0660:   c1 49 3b c1 74 38 45 33 d2 0f 1f 80 00 00 00 00
0x00000000716a0670:   48 8b 50 08 4c 89 50 10 4c 89 50 20 48 85 d2 74
0x00000000716a0680:   11 48 8b 08 48 89 0a 48 89 51 08 4c 89 50 08 4c 


Register to memory mapping:

RAX=0x0000000000000000 is an unknown value
RBX=0x000000002c007a40 is an unknown value
RCX=0x0000000029adc470 is an unknown value
RDX=0x0000000000000000 is an unknown value
RSP=0x000000001ab7bc68 is pointing into the stack for thread: 0x0000000019eef000
RBP=0x00000000ffffffff is an unallocated location in the heap
RSI=0x0000000000000000 is an unknown value
RDI=0x0000000030752b70 is an unknown value
R8 =0x0000000029adc470 is an unknown value
R9 =0x0000000029adc530 is an unknown value
R10=0x0000000000000000 is an unknown value
R11=0x0000000000000000 is an unknown value
R12=0x000000002004fe00 is an unknown value
R13=0x000000001f6309c0 is an unknown value
R14=0x0000000000000000 is an unknown value
R15=0x000000002004fda0 is an unknown value


Stack: [0x000000001aa80000,0x000000001ab80000],  sp=0x000000001ab7bc68,  free space=1007k
Native frames: (J=compiled Java code, j=interpreted, Vv=VM code, C=native code)
C  [jfxwebkit.dll+0xc40670]

Java frames: (J=compiled Java code, j=interpreted, Vv=VM code)
j  com.sun.webkit.network.URLLoader.twkDidFinishLoading(J)V+0
j  com.sun.webkit.network.URLLoader.notifyDidFinishLoading()V+44
j  com.sun.webkit.network.URLLoader.lambda$didFinishLoading$98()V+8
j  com.sun.webkit.network.URLLoader$$Lambda$285.run()V+4
j  com.sun.javafx.application.PlatformImpl.lambda$null$173(Ljava/lang/Runnable;)Ljava/lang/Void;+1
j  com.sun.javafx.application.PlatformImpl$$Lambda$50.run()Ljava/lang/Object;+4
v  ~StubRoutines::call_stub
J 1226  java.security.AccessController.doPrivileged(Ljava/security/PrivilegedAction;Ljava/security/AccessControlContext;)Ljava/lang/Object; (0 bytes) @ 0x0000000003553226 [0x00000000035531c0+0x66]
j  com.sun.javafx.application.PlatformImpl.lambda$runLater$174(Ljava/lang/Runnable;Ljava/security/AccessControlContext;)V+7
j  com.sun.javafx.application.PlatformImpl$$Lambda$49.run()V+8
J 3267 C1 com.sun.glass.ui.InvokeLaterDispatcher$Future.run()V (91 bytes) @ 0x0000000003211f2c [0x0000000003211e20+0x10c]
v  ~StubRoutines::call_stub
j  com.sun.glass.ui.win.WinApplication._runLoop(Ljava/lang/Runnable;)V+0
j  com.sun.glass.ui.win.WinApplication.lambda$null$148(ILjava/lang/Runnable;)V+8
j  com.sun.glass.ui.win.WinApplication$$Lambda$38.run()V+12
j  java.lang.Thread.run()V+11
v  ~StubRoutines::call_stub

---------------  P R O C E S S  ---------------

Java Threads: ( => current thread )
  0x0000000024daa000 JavaThread "Thread-37" daemon [_thread_blocked, id=14448, stack(0x0000000030a10000,0x0000000030b10000)]
  0x0000000024da7000 JavaThread "Thread-36" daemon [_thread_blocked, id=20968, stack(0x0000000030910000,0x0000000030a10000)]
  0x0000000024da4000 JavaThread "Thread-35" daemon [_thread_blocked, id=25076, stack(0x0000000030810000,0x0000000030910000)]
  0x000000001a332000 JavaThread "Thread-34" daemon [_thread_in_native, id=13932, stack(0x000000002ecc0000,0x000000002edc0000)]
  0x000000001a330800 JavaThread "Thread-33" daemon [_thread_blocked, id=8212, stack(0x000000002eaa0000,0x000000002eba0000)]
  0x000000001a330000 JavaThread "Thread-32" daemon [_thread_blocked, id=22304, stack(0x000000002e9a0000,0x000000002eaa0000)]
  0x000000001a333800 JavaThread "Thread-31" daemon [_thread_blocked, id=944, stack(0x000000002e8a0000,0x000000002e9a0000)]
  0x000000001a331800 JavaThread "Thread-30" daemon [_thread_blocked, id=4380, stack(0x000000002e7a0000,0x000000002e8a0000)]
  0x000000001a336000 JavaThread "Thread-29" daemon [_thread_blocked, id=16320, stack(0x000000002b6d0000,0x000000002b7d0000)]
  0x000000001a334800 JavaThread "Thread-28" daemon [_thread_blocked, id=23340, stack(0x000000002b5d0000,0x000000002b6d0000)]
  0x000000001a333000 JavaThread "Thread-27" daemon [_thread_blocked, id=1124, stack(0x000000002b4d0000,0x000000002b5d0000)]
  0x000000001a335000 JavaThread "Thread-26" daemon [_thread_blocked, id=27400, stack(0x000000002b3d0000,0x000000002b4d0000)]
  0x000000001a328800 JavaThread "Thread-25" daemon [_thread_blocked, id=18016, stack(0x000000002b2d0000,0x000000002b3d0000)]
  0x000000001a32f000 JavaThread "Thread-24" daemon [_thread_blocked, id=23940, stack(0x000000002b1d0000,0x000000002b2d0000)]
  0x000000001a327800 JavaThread "Thread-23" daemon [_thread_blocked, id=22308, stack(0x000000002b0d0000,0x000000002b1d0000)]
  0x000000001a32e800 JavaThread "Thread-22" daemon [_thread_blocked, id=1236, stack(0x000000002afd0000,0x000000002b0d0000)]
  0x000000001a32d800 JavaThread "Thread-21" daemon [_thread_blocked, id=25460, stack(0x000000002aed0000,0x000000002afd0000)]
  0x000000001a32c000 JavaThread "Thread-20" daemon [_thread_blocked, id=19408, stack(0x000000002add0000,0x000000002aed0000)]
  0x000000001a32b800 JavaThread "Thread-19" daemon [_thread_blocked, id=5960, stack(0x000000002acd0000,0x000000002add0000)]
  0x000000001a327000 JavaThread "Thread-18" daemon [_thread_blocked, id=26256, stack(0x000000002abd0000,0x000000002acd0000)]
  0x000000001a32a800 JavaThread "Thread-17" daemon [_thread_blocked, id=25984, stack(0x000000002aad0000,0x000000002abd0000)]
  0x000000001a32d000 JavaThread "Thread-16" daemon [_thread_blocked, id=13352, stack(0x000000002a9d0000,0x000000002aad0000)]
  0x000000001a32a000 JavaThread "Thread-15" daemon [_thread_blocked, id=4676, stack(0x000000002a8d0000,0x000000002a9d0000)]
  0x000000001a329000 JavaThread "Thread-14" daemon [_thread_blocked, id=20804, stack(0x000000002a7d0000,0x000000002a8d0000)]
  0x000000001a366000 JavaThread "Thread-13" daemon [_thread_blocked, id=14304, stack(0x000000002a6d0000,0x000000002a7d0000)]
  0x000000001a360800 JavaThread "Thread-12" daemon [_thread_blocked, id=16884, stack(0x000000002a5d0000,0x000000002a6d0000)]
  0x000000001a364800 JavaThread "Thread-11" daemon [_thread_blocked, id=20312, stack(0x000000002a3d0000,0x000000002a4d0000)]
  0x000000001a363800 JavaThread "Thread-10" daemon [_thread_blocked, id=5848, stack(0x000000002a2d0000,0x000000002a3d0000)]
  0x000000001a363000 JavaThread "Thread-9" daemon [_thread_blocked, id=20560, stack(0x000000002a1d0000,0x000000002a2d0000)]
  0x000000001a361800 JavaThread "Thread-8" daemon [_thread_blocked, id=11048, stack(0x000000002a0d0000,0x000000002a1d0000)]
  0x000000001a362000 JavaThread "Thread-7" daemon [_thread_blocked, id=20672, stack(0x0000000029fd0000,0x000000002a0d0000)]
  0x000000001a360000 JavaThread "Thread-6" daemon [_thread_blocked, id=28284, stack(0x0000000029ed0000,0x0000000029fd0000)]
  0x000000001a365000 JavaThread "Thread-5" daemon [_thread_blocked, id=28472, stack(0x00000000299d0000,0x0000000029ad0000)]
  0x000000001a358800 JavaThread "URL-Loader-20" daemon [_thread_blocked, id=4692, stack(0x0000000028bb0000,0x0000000028cb0000)]
  0x000000001a35c000 JavaThread "URL-Loader-19" daemon [_thread_blocked, id=8884, stack(0x0000000028ab0000,0x0000000028bb0000)]
  0x000000001a35e800 JavaThread "URL-Loader-18" daemon [_thread_blocked, id=24824, stack(0x00000000289b0000,0x0000000028ab0000)]
  0x000000001a35b800 JavaThread "URL-Loader-17" daemon [_thread_in_native, id=19620, stack(0x00000000288b0000,0x00000000289b0000)]
  0x000000001a35d800 JavaThread "URL-Loader-16" daemon [_thread_in_native, id=27404, stack(0x00000000287b0000,0x00000000288b0000)]
  0x000000001a35d000 JavaThread "URL-Loader-15" daemon [_thread_blocked, id=25316, stack(0x00000000286b0000,0x00000000287b0000)]
  0x000000001a35a000 JavaThread "URL-Loader-14" daemon [_thread_in_native, id=22852, stack(0x00000000285b0000,0x00000000286b0000)]
  0x000000001a35a800 JavaThread "URL-Loader-13" daemon [_thread_blocked, id=4276, stack(0x0000000028470000,0x0000000028570000)]
  0x000000001a35f000 JavaThread "URL-Loader-12" daemon [_thread_in_native, id=11596, stack(0x0000000028370000,0x0000000028470000)]
  0x000000001a357000 JavaThread "URL-Loader-11" daemon [_thread_in_native, id=9512, stack(0x0000000028230000,0x0000000028330000)]
  0x000000001a359000 JavaThread "URL-Loader-10" daemon [_thread_in_native, id=16036, stack(0x0000000027fc0000,0x00000000280c0000)]
  0x000000001a357800 JavaThread "URL-Loader-9" daemon [_thread_in_native, id=24160, stack(0x0000000027ec0000,0x0000000027fc0000)]
  0x000000001a592800 JavaThread "URL-Loader-8" daemon [_thread_in_native, id=23572, stack(0x0000000027dc0000,0x0000000027ec0000)]
  0x000000001a599800 JavaThread "URL-Loader-7" daemon [_thread_blocked, id=12696, stack(0x00000000273c0000,0x00000000274c0000)]
  0x000000001a597000 JavaThread "URL-Loader-6" daemon [_thread_blocked, id=8572, stack(0x00000000271c0000,0x00000000272c0000)]
  0x000000001a596800 JavaThread "URL-Loader-5" daemon [_thread_in_native, id=21812, stack(0x0000000026cc0000,0x0000000026dc0000)]
  0x000000001a593800 JavaThread "URL-Loader-4" daemon [_thread_blocked, id=14932, stack(0x0000000026bc0000,0x0000000026cc0000)]
  0x000000001a594000 JavaThread "URL-Loader-3" daemon [_thread_blocked, id=23080, stack(0x0000000026ac0000,0x0000000026bc0000)]
  0x000000001a598800 JavaThread "URL-Loader-2" daemon [_thread_in_native, id=12880, stack(0x00000000269c0000,0x0000000026ac0000)]
  0x000000001a595800 JavaThread "Watchdog-Timer-1" daemon [_thread_blocked, id=11196, stack(0x00000000268c0000,0x00000000269c0000)]
  0x000000001a598000 JavaThread "URL-Loader-1" daemon [_thread_blocked, id=19560, stack(0x00000000257f0000,0x00000000258f0000)]
  0x000000001a595000 JavaThread "Keep-Alive-Timer" daemon [_thread_blocked, id=736, stack(0x00000000255f0000,0x00000000256f0000)]
  0x000000001a530800 JavaThread "FX Access Thread (Visual Debugger)" daemon [_thread_blocked, id=21664, stack(0x0000000023340000,0x0000000023440000)]
  0x000000001a278000 JavaThread "Prism Font Disposer" daemon [_thread_blocked, id=21620, stack(0x0000000022410000,0x0000000022510000)]
  0x000000001a120800 JavaThread "Disposer" daemon [_thread_blocked, id=12056, stack(0x0000000020090000,0x0000000020190000)]
  0x0000000019fb6000 JavaThread "Thread-3" daemon [_thread_in_native, id=12820, stack(0x000000001f010000,0x000000001f110000)]
  0x0000000019f71800 JavaThread "JavaFX-Launcher" [_thread_blocked, id=21500, stack(0x000000001f110000,0x000000001f210000)]
=>0x0000000019eef000 JavaThread "JavaFX Application Thread" [_thread_in_native, id=18324, stack(0x000000001aa80000,0x000000001ab80000)]
  0x0000000019eee800 JavaThread "Thread-1" daemon [_thread_blocked, id=9528, stack(0x000000001a980000,0x000000001aa80000)]
  0x0000000019ec4800 JavaThread "QuantumRenderer-0" daemon [_thread_blocked, id=5008, stack(0x000000001a690000,0x000000001a790000)]
  0x00000000198de800 JavaThread "Service Thread" daemon [_thread_blocked, id=17048, stack(0x0000000019c90000,0x0000000019d90000)]
  0x0000000017c70000 JavaThread "C1 CompilerThread2" daemon [_thread_blocked, id=25996, stack(0x0000000019790000,0x0000000019890000)]
  0x0000000017c6f000 JavaThread "C2 CompilerThread1" daemon [_thread_blocked, id=11412, stack(0x0000000019690000,0x0000000019790000)]
  0x0000000017c76800 JavaThread "C2 CompilerThread0" daemon [_thread_blocked, id=1128, stack(0x0000000019590000,0x0000000019690000)]
  0x0000000017c5a000 JavaThread "JDWP Command Reader" daemon [_thread_in_native, id=26596, stack(0x0000000019490000,0x0000000019590000)]
  0x0000000017c56800 JavaThread "JDWP Event Helper Thread" daemon [_thread_blocked, id=24040, stack(0x0000000019390000,0x0000000019490000)]
  0x0000000017c48000 JavaThread "JDWP Transport Listener: dt_socket" daemon [_thread_blocked, id=4644, stack(0x0000000019290000,0x0000000019390000)]
  0x0000000017c3e000 JavaThread "Attach Listener" daemon [_thread_blocked, id=16204, stack(0x0000000019190000,0x0000000019290000)]
  0x0000000017c3d000 JavaThread "Signal Dispatcher" daemon [_thread_blocked, id=22532, stack(0x0000000019090000,0x0000000019190000)]
  0x00000000030fd800 JavaThread "Finalizer" daemon [_thread_blocked, id=10312, stack(0x0000000018ea0000,0x0000000018fa0000)]
  0x00000000030f2000 JavaThread "Reference Handler" daemon [_thread_blocked, id=15356, stack(0x0000000018da0000,0x0000000018ea0000)]
  0x0000000003002800 JavaThread "main" [_thread_blocked, id=13896, stack(0x0000000002f00000,0x0000000003000000)]

Other Threads:
  0x0000000017c08000 VMThread [stack: 0x0000000018ca0000,0x0000000018da0000] [id=7556]
  0x00000000198e6800 WatcherThread [stack: 0x0000000019d90000,0x0000000019e90000] [id=12020]

VM state:not at safepoint (normal execution)

VM Mutex/Monitor currently owned by a thread: None

Heap:
 PSYoungGen      total 184320K, used 59515K [0x00000000d5e00000, 0x00000000e2480000, 0x0000000100000000)
  eden space 172544K, 27% used [0x00000000d5e00000,0x00000000d8ca5298,0x00000000e0680000)
  from space 11776K, 99% used [0x00000000e1500000,0x00000000e2079c90,0x00000000e2080000)
  to   space 14848K, 0% used [0x00000000e0680000,0x00000000e0680000,0x00000000e1500000)
 ParOldGen       total 72192K, used 11228K [0x0000000081a00000, 0x0000000086080000, 0x00000000d5e00000)
  object space 72192K, 15% used [0x0000000081a00000,0x00000000824f72b8,0x0000000086080000)
 Metaspace       used 25158K, capacity 26286K, committed 26496K, reserved 1073152K
  class space    used 3411K, capacity 3676K, committed 3712K, reserved 1048576K

Card table byte_map: [0x00000000124c0000,0x00000000128c0000] byte_map_base: 0x00000000120b3000

Marking Bits: (ParMarkBitMap*) 0x0000000073b8a6d0
 Begin Bits: [0x0000000012f70000, 0x0000000014f08000)
 End Bits:   [0x0000000014f08000, 0x0000000016ea0000)

Polling page: 0x0000000000df0000

CodeCache: size=245760Kb used=9973Kb max_used=9973Kb free=235786Kb
 bounds [0x0000000003100000, 0x0000000003ad0000, 0x0000000012100000]
 total_blobs=3921 nmethods=3151 adapters=689
 compilation: enabled

Compilation events (10 events):
Event: 7.343 Thread 0x0000000017c70000 3563       3       java.util.Calendar::aggregateStamp (21 bytes)
Event: 7.344 Thread 0x0000000017c70000 nmethod 3563 0x0000000003aca590 code [0x0000000003aca6e0, 0x0000000003aca8f0]
Event: 7.344 Thread 0x0000000017c70000 3564       3       java.util.regex.Matcher::group (112 bytes)
Event: 7.345 Thread 0x0000000017c70000 nmethod 3564 0x0000000003aca950 code [0x0000000003acaba0, 0x0000000003acb948]
Event: 7.345 Thread 0x0000000017c70000 3565       1       com.sun.webkit.network.Cookie::getPath (5 bytes)
Event: 7.345 Thread 0x0000000017c70000 nmethod 3565 0x0000000003acbf50 code [0x0000000003acc0a0, 0x0000000003acc1b0]
Event: 7.345 Thread 0x0000000017c70000 3566       3       java.util.concurrent.CountDownLatch::getCount (9 bytes)
Event: 7.345 Thread 0x0000000017c70000 nmethod 3566 0x0000000003acc210 code [0x0000000003acc380, 0x0000000003acc650]
Event: 7.345 Thread 0x0000000017c70000 3567       3       java.util.concurrent.CountDownLatch$Sync::getCount (5 bytes)
Event: 7.346 Thread 0x0000000017c70000 nmethod 3567 0x0000000003acc710 code [0x0000000003acc860, 0x0000000003acca50]

GC Heap History (10 events):
Event: 4.270 GC heap before
{Heap before GC invocations=5 (full 1):
 PSYoungGen      total 38400K, used 36030K [0x00000000d5e00000, 0x00000000d9700000, 0x0000000100000000)
  eden space 33280K, 99% used [0x00000000d5e00000,0x00000000d7e7b370,0x00000000d7e80000)
  from space 5120K, 54% used [0x00000000d7e80000,0x00000000d81344b0,0x00000000d8380000)
  to   space 5120K, 0% used [0x00000000d9200000,0x00000000d9200000,0x00000000d9700000)
 ParOldGen       total 72192K, used 9663K [0x0000000081a00000, 0x0000000086080000, 0x00000000d5e00000)
  object space 72192K, 13% used [0x0000000081a00000,0x000000008236fc30,0x0000000086080000)
 Metaspace       used 22636K, capacity 23610K, committed 23936K, reserved 1069056K
  class space    used 3158K, capacity 3408K, committed 3456K, reserved 1048576K
Event: 4.272 GC heap after
Heap after GC invocations=5 (full 1):
 PSYoungGen      total 53248K, used 1550K [0x00000000d5e00000, 0x00000000da380000, 0x0000000100000000)
  eden space 48128K, 0% used [0x00000000d5e00000,0x00000000d5e00000,0x00000000d8d00000)
  from space 5120K, 30% used [0x00000000d9200000,0x00000000d9383af0,0x00000000d9700000)
  to   space 5120K, 0% used [0x00000000d8d00000,0x00000000d8d00000,0x00000000d9200000)
 ParOldGen       total 72192K, used 9671K [0x0000000081a00000, 0x0000000086080000, 0x00000000d5e00000)
  object space 72192K, 13% used [0x0000000081a00000,0x0000000082371c30,0x0000000086080000)
 Metaspace       used 22636K, capacity 23610K, committed 23936K, reserved 1069056K
  class space    used 3158K, capacity 3408K, committed 3456K, reserved 1048576K
}
Event: 4.288 GC heap before
{Heap before GC invocations=6 (full 1):
 PSYoungGen      total 53248K, used 49623K [0x00000000d5e00000, 0x00000000da380000, 0x0000000100000000)
  eden space 48128K, 99% used [0x00000000d5e00000,0x00000000d8cf23b8,0x00000000d8d00000)
  from space 5120K, 30% used [0x00000000d9200000,0x00000000d9383af0,0x00000000d9700000)
  to   space 5120K, 0% used [0x00000000d8d00000,0x00000000d8d00000,0x00000000d9200000)
 ParOldGen       total 72192K, used 9671K [0x0000000081a00000, 0x0000000086080000, 0x00000000d5e00000)
  object space 72192K, 13% used [0x0000000081a00000,0x0000000082371c30,0x0000000086080000)
 Metaspace       used 22636K, capacity 23610K, committed 23936K, reserved 1069056K
  class space    used 3158K, capacity 3408K, committed 3456K, reserved 1048576K
Event: 4.290 GC heap after
Heap after GC invocations=6 (full 1):
 PSYoungGen      total 53248K, used 1519K [0x00000000d5e00000, 0x00000000dd000000, 0x0000000100000000)
  eden space 48128K, 0% used [0x00000000d5e00000,0x00000000d5e00000,0x00000000d8d00000)
  from space 5120K, 29% used [0x00000000d8d00000,0x00000000d8e7be00,0x00000000d9200000)
  to   space 12800K, 0% used [0x00000000dc380000,0x00000000dc380000,0x00000000dd000000)
 ParOldGen       total 72192K, used 9671K [0x0000000081a00000, 0x0000000086080000, 0x00000000d5e00000)
  object space 72192K, 13% used [0x0000000081a00000,0x0000000082371c30,0x0000000086080000)
 Metaspace       used 22636K, capacity 23610K, committed 23936K, reserved 1069056K
  class space    used 3158K, capacity 3408K, committed 3456K, reserved 1048576K
}
Event: 4.303 GC heap before
{Heap before GC invocations=7 (full 1):
 PSYoungGen      total 53248K, used 49551K [0x00000000d5e00000, 0x00000000dd000000, 0x0000000100000000)
  eden space 48128K, 99% used [0x00000000d5e00000,0x00000000d8ce8000,0x00000000d8d00000)
  from space 5120K, 29% used [0x00000000d8d00000,0x00000000d8e7be00,0x00000000d9200000)
  to   space 12800K, 0% used [0x00000000dc380000,0x00000000dc380000,0x00000000dd000000)
 ParOldGen       total 72192K, used 9671K [0x0000000081a00000, 0x0000000086080000, 0x00000000d5e00000)
  object space 72192K, 13% used [0x0000000081a00000,0x0000000082371c30,0x0000000086080000)
 Metaspace       used 22636K, capacity 23610K, committed 23936K, reserved 1069056K
  class space    used 3158K, capacity 3408K, committed 3456K, reserved 1048576K
Event: 4.305 GC heap after
Heap after GC invocations=7 (full 1):
 PSYoungGen      total 104448K, used 1558K [0x00000000d5e00000, 0x00000000dd080000, 0x0000000100000000)
  eden space 91648K, 0% used [0x00000000d5e00000,0x00000000d5e00000,0x00000000db780000)
  from space 12800K, 12% used [0x00000000dc380000,0x00000000dc505b00,0x00000000dd000000)
  to   space 12288K, 0% used [0x00000000db780000,0x00000000db780000,0x00000000dc380000)
 ParOldGen       total 72192K, used 9671K [0x0000000081a00000, 0x0000000086080000, 0x00000000d5e00000)
  object space 72192K, 13% used [0x0000000081a00000,0x0000000082371c30,0x0000000086080000)
 Metaspace       used 22636K, capacity 23610K, committed 23936K, reserved 1069056K
  class space    used 3158K, capacity 3408K, committed 3456K, reserved 1048576K
}
Event: 4.332 GC heap before
{Heap before GC invocations=8 (full 1):
 PSYoungGen      total 104448K, used 93153K [0x00000000d5e00000, 0x00000000dd080000, 0x0000000100000000)
  eden space 91648K, 99% used [0x00000000d5e00000,0x00000000db772bf8,0x00000000db780000)
  from space 12800K, 12% used [0x00000000dc380000,0x00000000dc505b00,0x00000000dd000000)
  to   space 12288K, 0% used [0x00000000db780000,0x00000000db780000,0x00000000dc380000)
 ParOldGen       total 72192K, used 9671K [0x0000000081a00000, 0x0000000086080000, 0x00000000d5e00000)
  object space 72192K, 13% used [0x0000000081a00000,0x0000000082371c30,0x0000000086080000)
 Metaspace       used 22636K, capacity 23610K, committed 23936K, reserved 1069056K
  class space    used 3158K, capacity 3408K, committed 3456K, reserved 1048576K
Event: 4.334 GC heap after
Heap after GC invocations=8 (full 1):
 PSYoungGen      total 103936K, used 1697K [0x00000000d5e00000, 0x00000000e2080000, 0x0000000100000000)
  eden space 91648K, 0% used [0x00000000d5e00000,0x00000000d5e00000,0x00000000db780000)
  from space 12288K, 13% used [0x00000000db780000,0x00000000db9286d0,0x00000000dc380000)
  to   space 11776K, 0% used [0x00000000e1500000,0x00000000e1500000,0x00000000e2080000)
 ParOldGen       total 72192K, used 9671K [0x0000000081a00000, 0x0000000086080000, 0x00000000d5e00000)
  object space 72192K, 13% used [0x0000000081a00000,0x0000000082371c30,0x0000000086080000)
 Metaspace       used 22636K, capacity 23610K, committed 23936K, reserved 1069056K
  class space    used 3158K, capacity 3408K, committed 3456K, reserved 1048576K
}
Event: 6.917 GC heap before
{Heap before GC invocations=9 (full 1):
 PSYoungGen      total 103936K, used 93345K [0x00000000d5e00000, 0x00000000e2080000, 0x0000000100000000)
  eden space 91648K, 100% used [0x00000000d5e00000,0x00000000db780000,0x00000000db780000)
  from space 12288K, 13% used [0x00000000db780000,0x00000000db9286d0,0x00000000dc380000)
  to   space 11776K, 0% used [0x00000000e1500000,0x00000000e1500000,0x00000000e2080000)
 ParOldGen       total 72192K, used 9671K [0x0000000081a00000, 0x0000000086080000, 0x00000000d5e00000)
  object space 72192K, 13% used [0x0000000081a00000,0x0000000082371cb0,0x0000000086080000)
 Metaspace       used 24833K, capacity 25988K, committed 26240K, reserved 1071104K
  class space    used 3401K, capacity 3669K, committed 3712K, reserved 1048576K
Event: 6.926 GC heap after
Heap after GC invocations=9 (full 1):
 PSYoungGen      total 184320K, used 11751K [0x00000000d5e00000, 0x00000000e2480000, 0x0000000100000000)
  eden space 172544K, 0% used [0x00000000d5e00000,0x00000000d5e00000,0x00000000e0680000)
  from space 11776K, 99% used [0x00000000e1500000,0x00000000e2079c90,0x00000000e2080000)
  to   space 14848K, 0% used [0x00000000e0680000,0x00000000e0680000,0x00000000e1500000)
 ParOldGen       total 72192K, used 11228K [0x0000000081a00000, 0x0000000086080000, 0x00000000d5e00000)
  object space 72192K, 15% used [0x0000000081a00000,0x00000000824f72b8,0x0000000086080000)
 Metaspace       used 24833K, capacity 25988K, committed 26240K, reserved 1071104K
  class space    used 3401K, capacity 3669K, committed 3712K, reserved 1048576K
}

Deoptimization events (10 events):
Event: 6.421 Thread 0x000000001a593800 Uncommon trap: reason=unstable_if action=reinterpret pc=0x00000000038b9e08 method=com.sun.crypto.provider.GaloisCounterMode.increment32([B)V @ 39
Event: 6.422 Thread 0x000000001a593800 Uncommon trap: reason=unstable_if action=reinterpret pc=0x00000000038b862c method=com.sun.crypto.provider.GaloisCounterMode.increment32([B)V @ 39
Event: 6.423 Thread 0x000000001a597000 Uncommon trap: reason=class_check action=maybe_recompile pc=0x0000000003903d00 method=java.lang.AbstractStringBuilder.append(Ljava/lang/CharSequence;)Ljava/lang/AbstractStringBuilder; @ 10
Event: 6.527 Thread 0x0000000019eef000 Uncommon trap: reason=bimorphic action=maybe_recompile pc=0x0000000003698394 method=java.util.HashMap.putVal(ILjava/lang/Object;Ljava/lang/Object;ZZ)Ljava/lang/Object; @ 203
Event: 6.527 Thread 0x0000000019eef000 Uncommon trap: reason=bimorphic action=maybe_recompile pc=0x0000000003698394 method=java.util.HashMap.putVal(ILjava/lang/Object;Ljava/lang/Object;ZZ)Ljava/lang/Object; @ 203
Event: 6.527 Thread 0x0000000019eef000 Uncommon trap: reason=bimorphic action=maybe_recompile pc=0x0000000003698394 method=java.util.HashMap.putVal(ILjava/lang/Object;Ljava/lang/Object;ZZ)Ljava/lang/Object; @ 203
Event: 6.529 Thread 0x0000000019eef000 Uncommon trap: reason=bimorphic action=maybe_recompile pc=0x0000000003698394 method=java.util.HashMap.putVal(ILjava/lang/Object;Ljava/lang/Object;ZZ)Ljava/lang/Object; @ 203
Event: 6.529 Thread 0x0000000019eef000 Uncommon trap: reason=bimorphic action=maybe_recompile pc=0x00000000039a5fc8 method=java.util.HashMap.putVal(ILjava/lang/Object;Ljava/lang/Object;ZZ)Ljava/lang/Object; @ 203
Event: 6.935 Thread 0x0000000019eef000 Uncommon trap: reason=unstable_if action=reinterpret pc=0x000000000321c0ec method=com.sun.javafx.image.impl.ByteBgra$ToByteBgraPreConv.doConvert([BII[BIIII)V @ 31
Event: 7.132 Thread 0x000000001a35a000 Uncommon trap: reason=unstable_if action=reinterpret pc=0x00000000033f1f3c method=java.lang.String.indexOf([CII[CIII)I @ 27

Internal exceptions (10 events):
Event: 6.565 Thread 0x0000000019eef000 Exception <a 'java/lang/ClassNotFoundException': sun/net/www/protocol/about/Handler> (0x00000000d9523c80) thrown at [C:\re\workspace\8-2-build-windows-amd64-cygwin\jdk8u101\7261\hotspot\src\share\vm\classfile\systemDictionary.cpp, line 210]
Event: 6.566 Thread 0x0000000019eef000 Exception <a 'java/lang/ClassNotFoundException': sun/net/www/protocol/about/Handler> (0x00000000d95266f0) thrown at [C:\re\workspace\8-2-build-windows-amd64-cygwin\jdk8u101\7261\hotspot\src\share\vm\classfile\systemDictionary.cpp, line 210]
Event: 6.570 Thread 0x0000000019eef000 Exception <a 'java/lang/ClassNotFoundException': sun/net/www/protocol/about/Handler> (0x00000000d952c040) thrown at [C:\re\workspace\8-2-build-windows-amd64-cygwin\jdk8u101\7261\hotspot\src\share\vm\classfile\systemDictionary.cpp, line 210]
Event: 6.595 Thread 0x0000000019eef000 Exception <a 'java/io/FileNotFoundException'> (0x00000000d95709b8) thrown at [C:\re\workspace\8-2-build-windows-amd64-cygwin\jdk8u101\7261\hotspot\src\share\vm\prims\jni.cpp, line 709]
Event: 6.595 Thread 0x0000000019eef000 Exception <a 'java/io/FileNotFoundException'> (0x00000000d9571cc0) thrown at [C:\re\workspace\8-2-build-windows-amd64-cygwin\jdk8u101\7261\hotspot\src\share\vm\prims\jni.cpp, line 709]
Event: 6.596 Thread 0x0000000019eef000 Exception <a 'java/io/FileNotFoundException'> (0x00000000d9577868) thrown at [C:\re\workspace\8-2-build-windows-amd64-cygwin\jdk8u101\7261\hotspot\src\share\vm\prims\jni.cpp, line 709]
Event: 6.596 Thread 0x0000000019eef000 Exception <a 'java/io/FileNotFoundException'> (0x00000000d9578ae0) thrown at [C:\re\workspace\8-2-build-windows-amd64-cygwin\jdk8u101\7261\hotspot\src\share\vm\prims\jni.cpp, line 709]
Event: 6.897 Thread 0x0000000019eef000 Exception <a 'java/lang/ClassNotFoundException': sun/net/www/protocol/about/Handler> (0x00000000db1be9c0) thrown at [C:\re\workspace\8-2-build-windows-amd64-cygwin\jdk8u101\7261\hotspot\src\share\vm\classfile\systemDictionary.cpp, line 210]
Event: 7.166 Thread 0x000000001a332000 Exception <a 'sun/nio/fs/WindowsException'> (0x00000000d83226f0) thrown at [C:\re\workspace\8-2-build-windows-amd64-cygwin\jdk8u101\7261\hotspot\src\share\vm\prims\jni.cpp, line 709]
Event: 7.318 Thread 0x0000000019eef000 Exception <a 'java/lang/ClassNotFoundException': sun/net/www/protocol/about/Handler> (0x00000000d85fc468) thrown at [C:\re\workspace\8-2-build-windows-amd64-cygwin\jdk8u101\7261\hotspot\src\share\vm\classfile\systemDictionary.cpp, line 210]

Events (10 events):
Event: 7.318 Thread 0x0000000019eef000 DEOPT PACKING pc=0x000000000329319c sp=0x000000001ab7ba50
Event: 7.318 Thread 0x0000000019eef000 DEOPT UNPACKING pc=0x000000000314787f sp=0x000000001ab7b790 mode 1
Event: 7.318 Thread 0x0000000019eef000 DEOPT PACKING pc=0x000000000338db94 sp=0x000000001ab7bb60
Event: 7.318 Thread 0x0000000019eef000 DEOPT UNPACKING pc=0x000000000314787f sp=0x000000001ab7b990 mode 1
Event: 7.318 Thread 0x0000000019eef000 DEOPT PACKING pc=0x00000000032f4e64 sp=0x000000001ab7bd10
Event: 7.318 Thread 0x0000000019eef000 DEOPT UNPACKING pc=0x000000000314787f sp=0x000000001ab7ba60 mode 1
Event: 7.331 Executing VM operation: RevokeBias
Event: 7.331 Executing VM operation: RevokeBias done
Event: 7.336 loading class com/sun/webkit/network/CookieJar
Event: 7.337 loading class com/sun/webkit/network/CookieJar done


Dynamic libraries:
0x00007ff7b9b80000 - 0x00007ff7b9bb7000 	C:\Program Files\Java\jdk1.8.0_101\jre\bin\java.exe
0x00007ff9d1960000 - 0x00007ff9d1b3b000 	C:\WINDOWS\SYSTEM32\ntdll.dll
0x00007ff9d0e10000 - 0x00007ff9d0ebe000 	C:\WINDOWS\System32\KERNEL32.DLL
0x00007ff9cdf90000 - 0x00007ff9ce1d9000 	C:\WINDOWS\System32\KERNELBASE.dll
0x00007ff9d0330000 - 0x00007ff9d03d1000 	C:\WINDOWS\System32\ADVAPI32.dll
0x00007ff9d1770000 - 0x00007ff9d180d000 	C:\WINDOWS\System32\msvcrt.dll
0x00007ff9d13e0000 - 0x00007ff9d1439000 	C:\WINDOWS\System32\sechost.dll
0x00007ff9d1590000 - 0x00007ff9d16b5000 	C:\WINDOWS\System32\RPCRT4.dll
0x00007ff9d1810000 - 0x00007ff9d195a000 	C:\WINDOWS\System32\USER32.dll
0x00007ff9ce1e0000 - 0x00007ff9ce1fe000 	C:\WINDOWS\System32\win32u.dll
0x00007ff9ceec0000 - 0x00007ff9ceee7000 	C:\WINDOWS\System32\GDI32.dll
0x00007ff9ce520000 - 0x00007ff9ce6a8000 	C:\WINDOWS\System32\gdi32full.dll
0x00007ff9ce6b0000 - 0x00007ff9ce74a000 	C:\WINDOWS\System32\msvcp_win.dll
0x00007ff9ce3d0000 - 0x00007ff9ce4c6000 	C:\WINDOWS\System32\ucrtbase.dll
0x00007ff9c0450000 - 0x00007ff9c06b7000 	C:\WINDOWS\WinSxS\amd64_microsoft.windows.common-controls_6595b64144ccf1df_6.0.15063.483_none_26002d27e7c744a2\COMCTL32.dll
0x00007ff9d0470000 - 0x00007ff9d0769000 	C:\WINDOWS\System32\combase.dll
0x00007ff9ce750000 - 0x00007ff9ce7ba000 	C:\WINDOWS\System32\bcryptPrimitives.dll
0x00007ff9d0440000 - 0x00007ff9d046d000 	C:\WINDOWS\System32\IMM32.DLL
0x0000000076970000 - 0x0000000076a42000 	C:\Program Files\Java\jdk1.8.0_101\jre\bin\msvcr100.dll
0x0000000073370000 - 0x0000000073c0a000 	C:\Program Files\Java\jdk1.8.0_101\jre\bin\server\jvm.dll
0x00007ff9d07d0000 - 0x00007ff9d07d8000 	C:\WINDOWS\System32\PSAPI.DLL
0x00007ff9c9dc0000 - 0x00007ff9c9dc9000 	C:\WINDOWS\SYSTEM32\WSOCK32.dll
0x00007ff9c5340000 - 0x00007ff9c5363000 	C:\WINDOWS\SYSTEM32\WINMM.dll
0x00007ff9c5330000 - 0x00007ff9c533a000 	C:\WINDOWS\SYSTEM32\VERSION.dll
0x00007ff9d1310000 - 0x00007ff9d137c000 	C:\WINDOWS\System32\WS2_32.dll
0x00007ff9c5300000 - 0x00007ff9c532b000 	C:\WINDOWS\SYSTEM32\winmmbase.dll
0x00007ff9ce4d0000 - 0x00007ff9ce519000 	C:\WINDOWS\System32\cfgmgr32.dll
0x0000000076920000 - 0x000000007692f000 	C:\Program Files\Java\jdk1.8.0_101\jre\bin\verify.dll
0x00000000768f0000 - 0x0000000076919000 	C:\Program Files\Java\jdk1.8.0_101\jre\bin\java.dll
0x0000000074e50000 - 0x0000000074e85000 	C:\Program Files\Java\jdk1.8.0_101\jre\bin\jdwp.dll
0x0000000074e40000 - 0x0000000074e48000 	C:\Program Files\Java\jdk1.8.0_101\jre\bin\npt.dll
0x00000000768d0000 - 0x00000000768e6000 	C:\Program Files\Java\jdk1.8.0_101\jre\bin\zip.dll
0x00007ff9ceef0000 - 0x00007ff9d0327000 	C:\WINDOWS\System32\SHELL32.dll
0x00007ff9d16c0000 - 0x00007ff9d176a000 	C:\WINDOWS\System32\shcore.dll
0x00007ff9ce7c0000 - 0x00007ff9ceeb2000 	C:\WINDOWS\System32\windows.storage.dll
0x00007ff9d0770000 - 0x00007ff9d07c1000 	C:\WINDOWS\System32\shlwapi.dll
0x00007ff9cddd0000 - 0x00007ff9cdde1000 	C:\WINDOWS\System32\kernel.appcore.dll
0x00007ff9cde30000 - 0x00007ff9cde7c000 	C:\WINDOWS\System32\powrprof.dll
0x00007ff9cde10000 - 0x00007ff9cde25000 	C:\WINDOWS\System32\profapi.dll
0x0000000074b00000 - 0x0000000074b09000 	C:\Program Files\Java\jdk1.8.0_101\jre\bin\dt_socket.dll
0x00007ff9cd6e0000 - 0x00007ff9cd73c000 	C:\WINDOWS\system32\mswsock.dll
0x00007ff98d5a0000 - 0x00007ff98d68f000 	C:\Program Files\Java\jdk1.8.0_101\jre\bin\msvcr120.dll
0x00007ff9a0290000 - 0x00007ff9a0336000 	C:\Program Files\Java\jdk1.8.0_101\jre\bin\msvcp120.dll
0x0000000074ad0000 - 0x0000000074af2000 	C:\Program Files\Java\jdk1.8.0_101\jre\bin\prism_d3d.dll
0x00007ff98ac30000 - 0x00007ff98adb9000 	C:\WINDOWS\system32\d3d9.dll
0x00007ff9c3910000 - 0x00007ff9c393a000 	C:\WINDOWS\SYSTEM32\dwmapi.dll
0x00007ff9cc4e0000 - 0x00007ff9cc575000 	C:\WINDOWS\system32\uxtheme.dll
0x00007ff9686c0000 - 0x00007ff96abfd000 	C:\WINDOWS\SYSTEM32\igdumdim64.dll
0x00007ff9d1060000 - 0x00007ff9d1120000 	C:\WINDOWS\System32\OLEAUT32.dll
0x00007ff9d1440000 - 0x00007ff9d1585000 	C:\WINDOWS\System32\ole32.dll
0x00007ff9d09d0000 - 0x00007ff9d0e0b000 	C:\WINDOWS\System32\SETUPAPI.dll
0x0000000072ff0000 - 0x0000000073033000 	C:\Program Files\Java\jdk1.8.0_101\jre\bin\glass.dll
0x00007ff9d0800000 - 0x00007ff9d0908000 	C:\WINDOWS\System32\COMDLG32.dll
0x00007ff9d11a0000 - 0x00007ff9d1306000 	C:\WINDOWS\System32\MSCTF.dll
0x00007ff9bc750000 - 0x00007ff9bc7f1000 	C:\Program Files\Common Files\microsoft shared\ink\tiptsf.dll
0x00007ff9ba370000 - 0x00007ff9bb1e3000 	C:\WINDOWS\SYSTEM32\igc64.dll
0x0000000070a60000 - 0x0000000072ff0000 	C:\Program Files\Java\jdk1.8.0_101\jre\bin\jfxwebkit.dll
0x00007ff9cd880000 - 0x00007ff9cd897000 	C:\WINDOWS\SYSTEM32\CRYPTSP.dll
0x00007ff9cd300000 - 0x00007ff9cd334000 	C:\WINDOWS\system32\rsaenh.dll
0x00007ff9cd990000 - 0x00007ff9cd9b5000 	C:\WINDOWS\SYSTEM32\bcrypt.dll
0x00007ff9cd8a0000 - 0x00007ff9cd8ab000 	C:\WINDOWS\SYSTEM32\CRYPTBASE.dll
0x0000000074ab0000 - 0x0000000074ac4000 	C:\Program Files\Java\jdk1.8.0_101\jre\bin\javafx_font.dll
0x00007ff9bcd00000 - 0x00007ff9bcfbf000 	C:\WINDOWS\SYSTEM32\dwrite.dll
0x0000000070a30000 - 0x0000000070a53000 	C:\Program Files\Java\jdk1.8.0_101\jre\bin\javafx_iio.dll
0x00007ff9d0910000 - 0x00007ff9d09ae000 	C:\WINDOWS\System32\clbcatq.dll
0x00007ff9bf7f0000 - 0x00007ff9bf99c000 	C:\WINDOWS\SYSTEM32\WindowsCodecs.dll
0x00007ff9b7330000 - 0x00007ff9b7377000 	C:\WINDOWS\system32\dataexchange.dll
0x00007ff9cafb0000 - 0x00007ff9cb28f000 	C:\WINDOWS\system32\d3d11.dll
0x00007ff9cbd70000 - 0x00007ff9cbe92000 	C:\WINDOWS\system32\dcomp.dll
0x00007ff9ccc40000 - 0x00007ff9ccce4000 	C:\WINDOWS\system32\dxgi.dll
0x00007ff9cc6c0000 - 0x00007ff9cc830000 	C:\WINDOWS\system32\twinapi.appcore.dll
0x00007ff9b5dc0000 - 0x00007ff9b5df1000 	C:\Program Files\Common Files\Microsoft Shared\Ink\rtscom.dll
0x00007ff9c8fe0000 - 0x00007ff9c9062000 	C:\WINDOWS\System32\TextInputFramework.dll
0x00007ff9c2b40000 - 0x00007ff9c2e12000 	C:\WINDOWS\System32\CoreUIComponents.dll
0x00007ff9cbc80000 - 0x00007ff9cbd63000 	C:\WINDOWS\System32\CoreMessaging.dll
0x00007ff9cd130000 - 0x00007ff9cd161000 	C:\WINDOWS\SYSTEM32\ntmarta.dll
0x00007ff9ca1f0000 - 0x00007ff9ca329000 	C:\WINDOWS\SYSTEM32\wintypes.dll
0x00007ff9ca1d0000 - 0x00007ff9ca1e5000 	C:\WINDOWS\SYSTEM32\usermgrcli.dll
0x00007ff9b7720000 - 0x00007ff9b78e5000 	C:\Windows\System32\uiautomationcore.dll
0x00007ff9cdc30000 - 0x00007ff9cdcca000 	C:\WINDOWS\SYSTEM32\sxs.dll
0x00007ff9c0af0000 - 0x00007ff9c0b5b000 	C:\WINDOWS\SYSTEM32\OLEACC.dll
0x0000000074a90000 - 0x0000000074aa1000 	C:\Program Files\Java\jdk1.8.0_101\jre\bin\prism_common.dll
0x0000000070a00000 - 0x0000000070a24000 	C:\Program Files\Java\jdk1.8.0_101\jre\bin\sunec.dll
0x00007ff9cdcd0000 - 0x00007ff9cdcf9000 	C:\WINDOWS\SYSTEM32\USERENV.dll
0x00000000768b0000 - 0x00000000768ca000 	C:\Program Files\Java\jdk1.8.0_101\jre\bin\net.dll
0x00007ff9cd480000 - 0x00007ff9cd4b7000 	C:\WINDOWS\SYSTEM32\IPHLPAPI.DLL
0x00007ff9d07f0000 - 0x00007ff9d07f8000 	C:\WINDOWS\System32\NSI.dll
0x00007ff9c6af0000 - 0x00007ff9c6b06000 	C:\WINDOWS\SYSTEM32\dhcpcsvc6.DLL
0x00007ff9c6ad0000 - 0x00007ff9c6aea000 	C:\WINDOWS\SYSTEM32\dhcpcsvc.DLL
0x0000000076890000 - 0x00000000768a1000 	C:\Program Files\Java\jdk1.8.0_101\jre\bin\nio.dll
0x00000000709f0000 - 0x00000000709fb000 	C:\Program Files\Java\jdk1.8.0_101\jre\bin\sunmscapi.dll
0x00007ff9ce200000 - 0x00007ff9ce3c9000 	C:\WINDOWS\System32\CRYPT32.dll
0x00007ff9cddf0000 - 0x00007ff9cde01000 	C:\WINDOWS\System32\MSASN1.dll
0x00007ff9c8f50000 - 0x00007ff9c8f66000 	C:\WINDOWS\system32\napinsp.dll
0x00007ff9c8f30000 - 0x00007ff9c8f4a000 	C:\WINDOWS\system32\pnrpnsp.dll
0x00007ff9cadd0000 - 0x00007ff9cade8000 	C:\WINDOWS\system32\NLAapi.dll
0x00007ff9cd4c0000 - 0x00007ff9cd564000 	C:\WINDOWS\SYSTEM32\DNSAPI.dll
0x00007ff9c8f20000 - 0x00007ff9c8f2e000 	C:\WINDOWS\System32\winrnr.dll
0x00007ff9c3420000 - 0x00007ff9c342a000 	C:\Windows\System32\rasadhlp.dll
0x00007ff9c6d10000 - 0x00007ff9c6d7b000 	C:\WINDOWS\System32\fwpuclnt.dll
0x00007ff9c9af0000 - 0x00007ff9c9c99000 	C:\WINDOWS\SYSTEM32\dbghelp.dll

VM Arguments:
jvm_args: -Xdebug -Xrunjdwp:transport=dt_socket,server=n,address=62245 -Dglass.disableGrab=true 
java_command: D:\Netbeans\CheeChoo\target/CheeChoo-1.0-SNAPSHOT.jar
java_class_path (initial): D:\Netbeans\CheeChoo\target/CheeChoo-1.0-SNAPSHOT.jar
Launcher Type: SUN_STANDARD

Environment Variables:
JAVA_HOME=C:\Program Files\Java\jdk1.8.0_101
PATH=C:\ProgramData\Oracle\Java\javapath;C:\WINDOWS\system32;C:\WINDOWS;C:\WINDOWS\System32\Wbem;C:\WINDOWS\System32\WindowsPowerShell\v1.0\;C:\Program Files\Microsoft SQL Server\120\Tools\Binn\;C:\Program Files\Microsoft SQL Server\130\Tools\Binn\;C:\Program Files\Microsoft\Web Platform Installer\;C:\Program Files (x86)\Microsoft SQL Server\110\DTS\Binn\;C:\Program Files (x86)\Microsoft SQL Server\120\DTS\Binn\;C:\Program Files (x86)\Microsoft SQL Server\130\DTS\Binn\;C:\Program Files\Microsoft SQL Server\Client SDK\ODBC\130\Tools\Binn\;C:\Program Files (x86)\Microsoft SQL Server\130\Tools\Binn\;C:\Program Files\Microsoft SQL Server\130\DTS\Binn\;C:\Program Files (x86)\Microsoft Emulator Manager\1.0\;C:\Program Files (x86)\Microsoft SQL Server\Client SDK\ODBC\130\Tools\Binn\;C:\Program Files (x86)\Microsoft SQL Server\130\Tools\Binn\ManagementStudio\;C:\Program Files\Intel\WiFi\bin\;C:\Program Files\Common Files\Intel\WirelessCommon\;C:\Program Files (x86)\Heroku\bin;C:\Program Files (x86)\git\cmd;C:\ProgramData\chocolatey\bin;C:\Program Files\Git\cmd;C:\Program Files\MySQL\MySQL Utilities 1.6\;C:\Program Files\Java\jdk1.8.0_101\bin;C:\Program Files\dotnet\;C:\Program Files\nodejs\;C:\Program Files (x86)\Yarn\bin;C:\Anaconda3;C:\Anaconda3\Scripts;C:\Anaconda3\Library\bin;C:\Ruby22-x64\bin;C:\Users\Loh Jing Yen\AppData\Local\Microsoft\WindowsApps;C:\Program Files\Intel\WiFi\bin\;C:\Program Files\Common Files\Intel\WirelessCommon\;C:\Program Files (x86)\Microsoft VS Code\bin;C:\Users\Loh Jing Yen\AppData\Local\Microsoft\WindowsApps;C:\Users\Loh Jing Yen\AppData\Roaming\npm;C:\Users\Loh Jing Yen\AppData\Local\Yarn\bin;C:\Program Files\MongoDB\Server\3.4\bin;C:\tools\neovim\Neovim\bin;
USERNAME=Loh Jing Yen
OS=Windows_NT
PROCESSOR_IDENTIFIER=Intel64 Family 6 Model 78 Stepping 3, GenuineIntel



---------------  S Y S T E M  ---------------

OS: Windows 10.0 , 64 bit Build 15063 (10.0.15063.296)

CPU:total 4 (2 cores per cpu, 2 threads per core) family 6 model 78 stepping 3, cmov, cx8, fxsr, mmx, sse, sse2, sse3, ssse3, sse4.1, sse4.2, popcnt, avx, avx2, aes, clmul, erms, 3dnowpref, lzcnt, ht, tsc, tscinvbit, bmi1, bmi2, adx

Memory: 4k page, physical 8280512k(2129876k free), swap 12736960k(2492200k free)

vm_info: Java HotSpot(TM) 64-Bit Server VM (25.101-b13) for windows-amd64 JRE (1.8.0_101-b13), built on Jun 22 2016 01:21:29 by "java_re" with MS VC++ 10.0 (VS2010)

time: Sat Jul 22 13:24:18 2017
elapsed time: 7 seconds (0d 0h 0m 7s)

