#
# A fatal error has been detected by the Java Runtime Environment:
#
#  EXCEPTION_ACCESS_VIOLATION (0xc0000005) at pc=0x000000006e580670, pid=3244, tid=0x000000000000404c
#
# JRE version: Java(TM) SE Runtime Environment (8.0_101-b13) (build 1.8.0_101-b13)
# Java VM: Java HotSpot(TM) 64-Bit Server VM (25.101-b13 mixed mode windows-amd64 compressed oops)
# Problematic frame:
# C  [jfxwebkit.dll+0xc40670]
#
# Failed to write core dump. Minidumps are not enabled by default on client versions of Windows
#
# If you would like to submit a bug report, please visit:
#   http://bugreport.java.com/bugreport/crash.jsp
# The crash happened outside the Java Virtual Machine in native code.
# See problematic frame for where to report the bug.
#

---------------  T H R E A D  ---------------

Current thread (0x000000001940b000):  JavaThread "JavaFX Application Thread" [_thread_in_native, id=16460, stack(0x0000000019eb0000,0x0000000019fb0000)]

siginfo: ExceptionCode=0xc0000005, reading address 0x0000000000000008

Registers:
RAX=0x0000000000000000, RBX=0x0000000033138200, RCX=0x00000000277e7070, RDX=0x0000000000000000
RSP=0x0000000019fabcb8, RBP=0x00000000ffffffff, RSI=0x0000000000000000, RDI=0x000000002b393670
R8 =0x00000000277e7070, R9 =0x00000000277e7130, R10=0x0000000000000000, R11=0x0000000000000000
R12=0x000000001f67fe00, R13=0x000000001eb5d560, R14=0x0000000000000000, R15=0x000000001f67fda0
RIP=0x000000006e580670, EFLAGS=0x0000000000010246

Top of Stack: (sp=0x0000000019fabcb8)
0x0000000019fabcb8:   000000006e5660b8 fffffffffffffffe
0x0000000019fabcc8:   0000000033138200 0000000033138200
0x0000000019fabcd8:   000000006e66e499 0000000031ca83e0
0x0000000019fabce8:   0000000019fabd40 00000000277e7070
0x0000000019fabcf8:   fffffffffffffffe 000000001eb5d560
0x0000000019fabd08:   00000000ffffffff 0000000000000000
0x0000000019fabd18:   000000002b393670 0000000033138200
0x0000000019fabd28:   000000006e5666de 00000000277e7070
0x0000000019fabd38:   0000000019fabd60 0000000000000000
0x0000000019fabd48:   0000000000000000 0000000000000000
0x0000000019fabd58:   0000000019fabda8 0000000000000000
0x0000000019fabd68:   000000001eb5d578 fffffffffffffffe
0x0000000019fabd78:   0000000033138200 000000002b393670
0x0000000019fabd88:   000000002b49d4b0 0000000019fac8c0
0x0000000019fabd98:   000000006e5715f8 0000000000000000
0x0000000019fabda8:   0000000000000000 0000000019fabea0 

Instructions: (pc=0x000000006e580670)
0x000000006e580650:   48 8b 81 b0 00 00 00 4c 8d 89 c0 00 00 00 4c 8b
0x000000006e580660:   c1 49 3b c1 74 38 45 33 d2 0f 1f 80 00 00 00 00
0x000000006e580670:   48 8b 50 08 4c 89 50 10 4c 89 50 20 48 85 d2 74
0x000000006e580680:   11 48 8b 08 48 89 0a 48 89 51 08 4c 89 50 08 4c 


Register to memory mapping:

RAX=0x0000000000000000 is an unknown value
RBX=0x0000000033138200 is an unknown value
RCX=0x00000000277e7070 is an unknown value
RDX=0x0000000000000000 is an unknown value
RSP=0x0000000019fabcb8 is pointing into the stack for thread: 0x000000001940b000
RBP=0x00000000ffffffff is an unallocated location in the heap
RSI=0x0000000000000000 is an unknown value
RDI=0x000000002b393670 is an unknown value
R8 =0x00000000277e7070 is an unknown value
R9 =0x00000000277e7130 is an unknown value
R10=0x0000000000000000 is an unknown value
R11=0x0000000000000000 is an unknown value
R12=0x000000001f67fe00 is an unknown value
R13=0x000000001eb5d560 is an unknown value
R14=0x0000000000000000 is an unknown value
R15=0x000000001f67fda0 is an unknown value


Stack: [0x0000000019eb0000,0x0000000019fb0000],  sp=0x0000000019fabcb8,  free space=1007k
Native frames: (J=compiled Java code, j=interpreted, Vv=VM code, C=native code)
C  [jfxwebkit.dll+0xc40670]

Java frames: (J=compiled Java code, j=interpreted, Vv=VM code)
j  com.sun.webkit.network.URLLoader.twkDidFinishLoading(J)V+0
j  com.sun.webkit.network.URLLoader.notifyDidFinishLoading()V+44
j  com.sun.webkit.network.URLLoader.lambda$didFinishLoading$98()V+8
j  com.sun.webkit.network.URLLoader$$Lambda$308.run()V+4
J 5144 C1 com.sun.javafx.application.PlatformImpl$$Lambda$50.run()Ljava/lang/Object; (8 bytes) @ 0x0000000003419d14 [0x0000000003419bc0+0x154]
v  ~StubRoutines::call_stub
J 1615  java.security.AccessController.doPrivileged(Ljava/security/PrivilegedAction;Ljava/security/AccessControlContext;)Ljava/lang/Object; (0 bytes) @ 0x0000000002b7f766 [0x0000000002b7f700+0x66]
J 4954 C1 com.sun.javafx.application.PlatformImpl.lambda$runLater$174(Ljava/lang/Runnable;Ljava/security/AccessControlContext;)V (38 bytes) @ 0x0000000002bdbf84 [0x0000000002bdbc00+0x384]
J 4609 C1 com.sun.javafx.application.PlatformImpl$$Lambda$49.run()V (12 bytes) @ 0x0000000003307bcc [0x0000000003307b40+0x8c]
J 5566 C2 com.sun.glass.ui.InvokeLaterDispatcher$Future.run()V (91 bytes) @ 0x0000000003576d28 [0x0000000003576ce0+0x48]
v  ~StubRoutines::call_stub
j  com.sun.glass.ui.win.WinApplication._runLoop(Ljava/lang/Runnable;)V+0
j  com.sun.glass.ui.win.WinApplication.lambda$null$148(ILjava/lang/Runnable;)V+8
j  com.sun.glass.ui.win.WinApplication$$Lambda$38.run()V+12
j  java.lang.Thread.run()V+11
v  ~StubRoutines::call_stub

---------------  P R O C E S S  ---------------

Java Threads: ( => current thread )
  0x0000000022399800 JavaThread "Thread-71" daemon [_thread_blocked, id=6052, stack(0x000000003ad80000,0x000000003ae80000)]
  0x000000002239c000 JavaThread "Thread-70" daemon [_thread_blocked, id=21896, stack(0x000000003ac80000,0x000000003ad80000)]
  0x000000002239e000 JavaThread "Thread-69" daemon [_thread_blocked, id=26720, stack(0x000000003ab80000,0x000000003ac80000)]
  0x000000002239b000 JavaThread "Thread-68" daemon [_thread_blocked, id=21192, stack(0x000000003aa80000,0x000000003ab80000)]
  0x000000002239a800 JavaThread "Thread-67" daemon [_thread_blocked, id=5048, stack(0x000000003a980000,0x000000003aa80000)]
  0x000000002239c800 JavaThread "Thread-66" daemon [_thread_blocked, id=6008, stack(0x000000003a880000,0x000000003a980000)]
  0x000000002239d800 JavaThread "Thread-65" daemon [_thread_blocked, id=9700, stack(0x000000003a780000,0x000000003a880000)]
  0x0000000022390800 JavaThread "Thread-64" daemon [_thread_blocked, id=6852, stack(0x000000003a680000,0x000000003a780000)]
  0x0000000022392000 JavaThread "Thread-63" daemon [_thread_blocked, id=9704, stack(0x000000003a580000,0x000000003a680000)]
  0x0000000022395000 JavaThread "Thread-62" daemon [_thread_blocked, id=25712, stack(0x000000003a480000,0x000000003a580000)]
  0x0000000022396000 JavaThread "Thread-61" daemon [_thread_blocked, id=7780, stack(0x000000003a380000,0x000000003a480000)]
  0x0000000022390000 JavaThread "Thread-60" daemon [_thread_blocked, id=22772, stack(0x000000003a280000,0x000000003a380000)]
  0x0000000022394800 JavaThread "Thread-59" daemon [_thread_blocked, id=26616, stack(0x000000003a180000,0x000000003a280000)]
  0x0000000022391800 JavaThread "Thread-58" daemon [_thread_blocked, id=6320, stack(0x000000003a080000,0x000000003a180000)]
  0x0000000022393800 JavaThread "Thread-57" daemon [_thread_blocked, id=16740, stack(0x0000000039f80000,0x000000003a080000)]
  0x0000000022396800 JavaThread "Thread-56" daemon [_thread_blocked, id=13184, stack(0x0000000039e80000,0x0000000039f80000)]
  0x000000002238f000 JavaThread "Thread-55" daemon [_thread_blocked, id=9352, stack(0x0000000039d80000,0x0000000039e80000)]
  0x0000000022393000 JavaThread "Thread-54" daemon [_thread_blocked, id=12236, stack(0x0000000039c80000,0x0000000039d80000)]
  0x0000000023a37000 JavaThread "Thread-53" daemon [_thread_blocked, id=16456, stack(0x0000000039b80000,0x0000000039c80000)]
  0x0000000023a3b000 JavaThread "Thread-52" daemon [_thread_blocked, id=1632, stack(0x0000000039a80000,0x0000000039b80000)]
  0x0000000023a3e000 JavaThread "Thread-51" daemon [_thread_blocked, id=7264, stack(0x0000000039980000,0x0000000039a80000)]
  0x0000000023a3d000 JavaThread "Thread-50" daemon [_thread_blocked, id=26172, stack(0x0000000039880000,0x0000000039980000)]
  0x0000000023a3b800 JavaThread "Thread-49" daemon [_thread_blocked, id=3772, stack(0x0000000039780000,0x0000000039880000)]
  0x0000000023a39800 JavaThread "URL-Loader-60" daemon [_thread_blocked, id=10744, stack(0x0000000039280000,0x0000000039380000)]
  0x0000000023a38800 JavaThread "URL-Loader-59" daemon [_thread_in_native, id=11764, stack(0x0000000039180000,0x0000000039280000)]
  0x0000000019a30800 JavaThread "URL-Loader-58" daemon [_thread_in_native, id=17000, stack(0x0000000038f80000,0x0000000039080000)]
  0x0000000019a33000 JavaThread "URL-Loader-57" daemon [_thread_in_native, id=22996, stack(0x0000000038e80000,0x0000000038f80000)]
  0x0000000019a32000 JavaThread "URL-Loader-56" daemon [_thread_in_native, id=16404, stack(0x0000000038d80000,0x0000000038e80000)]
  0x0000000019a30000 JavaThread "Keep-Alive-Timer" daemon [_thread_blocked, id=18860, stack(0x0000000038c80000,0x0000000038d80000)]
  0x0000000019a2f000 JavaThread "URL-Loader-55" daemon [_thread_blocked, id=4348, stack(0x0000000038780000,0x0000000038880000)]
  0x0000000019a31800 JavaThread "URL-Loader-54" daemon [_thread_in_native, id=13892, stack(0x0000000038680000,0x0000000038780000)]
  0x0000000019a27000 JavaThread "URL-Loader-53" daemon [_thread_in_native, id=10568, stack(0x0000000038580000,0x0000000038680000)]
  0x0000000019a2d000 JavaThread "URL-Loader-52" daemon [_thread_blocked, id=28376, stack(0x0000000038480000,0x0000000038580000)]
  0x0000000019a2a800 JavaThread "URL-Loader-51" daemon [_thread_blocked, id=5276, stack(0x0000000038380000,0x0000000038480000)]
  0x0000000019a2d800 JavaThread "URL-Loader-50" daemon [_thread_blocked, id=28032, stack(0x0000000038280000,0x0000000038380000)]
  0x0000000019a2c000 JavaThread "URL-Loader-49" daemon [_thread_blocked, id=14776, stack(0x0000000038180000,0x0000000038280000)]
  0x0000000019a2b800 JavaThread "URL-Loader-48" daemon [_thread_in_native, id=10336, stack(0x0000000037f80000,0x0000000038080000)]
  0x0000000019a2a000 JavaThread "URL-Loader-47" daemon [_thread_blocked, id=23612, stack(0x0000000037e80000,0x0000000037f80000)]
  0x0000000019a26000 JavaThread "URL-Loader-46" daemon [_thread_in_native, id=20200, stack(0x0000000037d80000,0x0000000037e80000)]
  0x0000000019a25800 JavaThread "URL-Loader-45" daemon [_thread_in_native, id=16280, stack(0x0000000037c80000,0x0000000037d80000)]
  0x0000000019a29000 JavaThread "URL-Loader-44" daemon [_thread_in_native, id=11356, stack(0x0000000037b80000,0x0000000037c80000)]
  0x0000000019a24000 JavaThread "URL-Loader-43" daemon [_thread_in_native, id=14800, stack(0x0000000037a80000,0x0000000037b80000)]
  0x0000000019a28800 JavaThread "URL-Loader-42" daemon [_thread_in_native, id=9052, stack(0x0000000037980000,0x0000000037a80000)]
  0x0000000019a27800 JavaThread "URL-Loader-41" daemon [_thread_in_native, id=1108, stack(0x0000000037880000,0x0000000037980000)]
  0x0000000019a2e800 JavaThread "Keep-Alive-SocketCleaner" daemon [_thread_blocked, id=11012, stack(0x0000000035b80000,0x0000000035c80000)]
  0x0000000023a3c800 JavaThread "Thread-9" daemon [_thread_in_native, id=19920, stack(0x0000000034280000,0x0000000034380000)]
  0x0000000023a37800 JavaThread "Watchdog-Timer-1" daemon [_thread_blocked, id=5984, stack(0x0000000031480000,0x0000000031580000)]
  0x00000000224fb000 JavaThread "FX Access Thread (Visual Debugger)" daemon [_thread_blocked, id=4524, stack(0x00000000237e0000,0x00000000238e0000)]
  0x0000000019745800 JavaThread "Prism Font Disposer" daemon [_thread_blocked, id=8724, stack(0x000000001fd60000,0x000000001fe60000)]
  0x00000000196db000 JavaThread "Disposer" daemon [_thread_blocked, id=9428, stack(0x000000001f680000,0x000000001f780000)]
  0x00000000194b5000 JavaThread "Thread-3" daemon [_thread_in_native, id=10356, stack(0x000000001e540000,0x000000001e640000)]
  0x00000000194bd800 JavaThread "JavaFX-Launcher" [_thread_blocked, id=22824, stack(0x000000001e640000,0x000000001e740000)]
=>0x000000001940b000 JavaThread "JavaFX Application Thread" [_thread_in_native, id=16460, stack(0x0000000019eb0000,0x0000000019fb0000)]
  0x00000000193ed800 JavaThread "Thread-1" daemon [_thread_blocked, id=20632, stack(0x0000000019db0000,0x0000000019eb0000)]
  0x00000000193d8000 JavaThread "QuantumRenderer-0" daemon [_thread_blocked, id=4660, stack(0x0000000019bb0000,0x0000000019cb0000)]
  0x00000000171a0800 JavaThread "Service Thread" daemon [_thread_blocked, id=7596, stack(0x00000000191b0000,0x00000000192b0000)]
  0x00000000171aa000 JavaThread "C1 CompilerThread2" daemon [_thread_blocked, id=16812, stack(0x0000000018cb0000,0x0000000018db0000)]
  0x00000000171a9800 JavaThread "C2 CompilerThread1" daemon [_thread_in_native, id=9076, stack(0x0000000018bb0000,0x0000000018cb0000)]
  0x00000000171ad000 JavaThread "C2 CompilerThread0" daemon [_thread_blocked, id=20260, stack(0x0000000018ab0000,0x0000000018bb0000)]
  0x0000000017192800 JavaThread "JDWP Command Reader" daemon [_thread_in_native, id=1652, stack(0x00000000189b0000,0x0000000018ab0000)]
  0x000000001718f800 JavaThread "JDWP Event Helper Thread" daemon [_thread_blocked, id=21304, stack(0x00000000188b0000,0x00000000189b0000)]
  0x0000000017180800 JavaThread "JDWP Transport Listener: dt_socket" daemon [_thread_blocked, id=9592, stack(0x00000000187b0000,0x00000000188b0000)]
  0x0000000017170000 JavaThread "Attach Listener" daemon [_thread_blocked, id=20412, stack(0x00000000186b0000,0x00000000187b0000)]
  0x000000001716f000 JavaThread "Signal Dispatcher" daemon [_thread_blocked, id=28348, stack(0x00000000185b0000,0x00000000186b0000)]
  0x0000000017159000 JavaThread "Finalizer" daemon [_thread_blocked, id=21840, stack(0x00000000183c0000,0x00000000184c0000)]
  0x0000000002624000 JavaThread "Reference Handler" daemon [_thread_blocked, id=24804, stack(0x00000000182c0000,0x00000000183c0000)]
  0x0000000002532800 JavaThread "main" [_thread_blocked, id=26236, stack(0x0000000002430000,0x0000000002530000)]

Other Threads:
  0x0000000017137800 VMThread [stack: 0x00000000181c0000,0x00000000182c0000] [id=26160]
  0x0000000018e13800 WatcherThread [stack: 0x00000000192b0000,0x00000000193b0000] [id=14232]

VM state:not at safepoint (normal execution)

VM Mutex/Monitor currently owned by a thread: None

Heap:
 PSYoungGen      total 219648K, used 21146K [0x00000000d5e00000, 0x00000000ec200000, 0x0000000100000000)
  eden space 206848K, 4% used [0x00000000d5e00000,0x00000000d6627df0,0x00000000e2800000)
  from space 12800K, 99% used [0x00000000e2800000,0x00000000e347ea18,0x00000000e3480000)
  to   space 19456K, 0% used [0x00000000eaf00000,0x00000000eaf00000,0x00000000ec200000)
 ParOldGen       total 49664K, used 24099K [0x0000000081a00000, 0x0000000084a80000, 0x00000000d5e00000)
  object space 49664K, 48% used [0x0000000081a00000,0x0000000083188fe0,0x0000000084a80000)
 Metaspace       used 28318K, capacity 29536K, committed 29824K, reserved 1075200K
  class space    used 3662K, capacity 3915K, committed 3968K, reserved 1048576K

Card table byte_map: [0x00000000119f0000,0x0000000011df0000] byte_map_base: 0x00000000115e3000

Marking Bits: (ParMarkBitMap*) 0x000000007385a6d0
 Begin Bits: [0x00000000124a0000, 0x0000000014438000)
 End Bits:   [0x0000000014438000, 0x00000000163d0000)

Polling page: 0x0000000000960000

CodeCache: size=245760Kb used=18077Kb max_used=18276Kb free=227682Kb
 bounds [0x0000000002630000, 0x0000000003850000, 0x0000000011630000]
 total_blobs=6229 nmethods=5425 adapters=721
 compilation: enabled

Compilation events (10 events):
Event: 158.558 Thread 0x00000000171aa000 6494  s    3       java.util.Hashtable::remove (133 bytes)
Event: 158.560 Thread 0x00000000171aa000 nmethod 6494 0x0000000002cf00d0 code [0x0000000002cf0280, 0x0000000002cf0ad8]
Event: 158.561 Thread 0x00000000171aa000 6492       3       com.sun.prism.d3d.D3DTextureData::dispose (34 bytes)
Event: 158.561 Thread 0x00000000171aa000 nmethod 6492 0x0000000002c37510 code [0x0000000002c376a0, 0x0000000002c37a08]
Event: 158.561 Thread 0x00000000171aa000 6493       3       com.sun.prism.d3d.D3DResource$D3DRecord::dispose (41 bytes)
Event: 158.562 Thread 0x00000000171aa000 nmethod 6493 0x0000000003389310 code [0x00000000033894a0, 0x0000000003389898]
Event: 158.571 Thread 0x00000000171aa000 6495       3       java.util.concurrent.Semaphore$NonfairSync::tryAcquireShared (6 bytes)
Event: 158.572 Thread 0x00000000171aa000 nmethod 6495 0x0000000002c3acd0 code [0x0000000002c3ae40, 0x0000000002c3b2f0]
Event: 158.572 Thread 0x00000000171aa000 6496       3       java.util.concurrent.Semaphore$Sync::nonfairTryAcquireShared (27 bytes)
Event: 158.572 Thread 0x00000000171aa000 nmethod 6496 0x0000000002bb9150 code [0x0000000002bb92c0, 0x0000000002bb9690]

GC Heap History (10 events):
Event: 12.405 GC heap before
{Heap before GC invocations=8 (full 1):
 PSYoungGen      total 76800K, used 68494K [0x00000000d5e00000, 0x00000000db480000, 0x0000000100000000)
  eden space 66048K, 99% used [0x00000000d5e00000,0x00000000d9e5d918,0x00000000d9e80000)
  from space 10752K, 24% used [0x00000000daa00000,0x00000000dac86268,0x00000000db480000)
  to   space 11264K, 0% used [0x00000000d9e80000,0x00000000d9e80000,0x00000000da980000)
 ParOldGen       total 49664K, used 8793K [0x0000000081a00000, 0x0000000084a80000, 0x00000000d5e00000)
  object space 49664K, 17% used [0x0000000081a00000,0x00000000822965f8,0x0000000084a80000)
 Metaspace       used 24194K, capacity 25232K, committed 25344K, reserved 1071104K
  class space    used 3340K, capacity 3553K, committed 3584K, reserved 1048576K
Event: 12.408 GC heap after
Heap after GC invocations=8 (full 1):
 PSYoungGen      total 77312K, used 2584K [0x00000000d5e00000, 0x00000000df300000, 0x0000000100000000)
  eden space 66048K, 0% used [0x00000000d5e00000,0x00000000d5e00000,0x00000000d9e80000)
  from space 11264K, 22% used [0x00000000d9e80000,0x00000000da106380,0x00000000da980000)
  to   space 10752K, 0% used [0x00000000de880000,0x00000000de880000,0x00000000df300000)
 ParOldGen       total 49664K, used 8793K [0x0000000081a00000, 0x0000000084a80000, 0x00000000d5e00000)
  object space 49664K, 17% used [0x0000000081a00000,0x00000000822965f8,0x0000000084a80000)
 Metaspace       used 24194K, capacity 25232K, committed 25344K, reserved 1071104K
  class space    used 3340K, capacity 3553K, committed 3584K, reserved 1048576K
}
Event: 12.427 GC heap before
{Heap before GC invocations=9 (full 1):
 PSYoungGen      total 77312K, used 68527K [0x00000000d5e00000, 0x00000000df300000, 0x0000000100000000)
  eden space 66048K, 99% used [0x00000000d5e00000,0x00000000d9e65a40,0x00000000d9e80000)
  from space 11264K, 22% used [0x00000000d9e80000,0x00000000da106380,0x00000000da980000)
  to   space 10752K, 0% used [0x00000000de880000,0x00000000de880000,0x00000000df300000)
 ParOldGen       total 49664K, used 8793K [0x0000000081a00000, 0x0000000084a80000, 0x00000000d5e00000)
  object space 49664K, 17% used [0x0000000081a00000,0x00000000822965f8,0x0000000084a80000)
 Metaspace       used 24194K, capacity 25232K, committed 25344K, reserved 1071104K
  class space    used 3340K, capacity 3553K, committed 3584K, reserved 1048576K
Event: 12.429 GC heap after
Heap after GC invocations=9 (full 1):
 PSYoungGen      total 141824K, used 186K [0x00000000d5e00000, 0x00000000df300000, 0x0000000100000000)
  eden space 131072K, 0% used [0x00000000d5e00000,0x00000000d5e00000,0x00000000dde00000)
  from space 10752K, 1% used [0x00000000de880000,0x00000000de8ae8d0,0x00000000df300000)
  to   space 10752K, 0% used [0x00000000dde00000,0x00000000dde00000,0x00000000de880000)
 ParOldGen       total 49664K, used 11194K [0x0000000081a00000, 0x0000000084a80000, 0x00000000d5e00000)
  object space 49664K, 22% used [0x0000000081a00000,0x00000000824ee970,0x0000000084a80000)
 Metaspace       used 24194K, capacity 25232K, committed 25344K, reserved 1071104K
  class space    used 3340K, capacity 3553K, committed 3584K, reserved 1048576K
}
Event: 26.526 GC heap before
{Heap before GC invocations=10 (full 1):
 PSYoungGen      total 141824K, used 131258K [0x00000000d5e00000, 0x00000000df300000, 0x0000000100000000)
  eden space 131072K, 100% used [0x00000000d5e00000,0x00000000dde00000,0x00000000dde00000)
  from space 10752K, 1% used [0x00000000de880000,0x00000000de8ae8d0,0x00000000df300000)
  to   space 10752K, 0% used [0x00000000dde00000,0x00000000dde00000,0x00000000de880000)
 ParOldGen       total 49664K, used 11194K [0x0000000081a00000, 0x0000000084a80000, 0x00000000d5e00000)
  object space 49664K, 22% used [0x0000000081a00000,0x00000000824ee970,0x0000000084a80000)
 Metaspace       used 25556K, capacity 26640K, committed 26880K, reserved 1073152K
  class space    used 3481K, capacity 3719K, committed 3840K, reserved 1048576K
Event: 26.532 GC heap after
Heap after GC invocations=10 (full 1):
 PSYoungGen      total 141824K, used 8541K [0x00000000d5e00000, 0x00000000e4000000, 0x0000000100000000)
  eden space 131072K, 0% used [0x00000000d5e00000,0x00000000d5e00000,0x00000000dde00000)
  from space 10752K, 79% used [0x00000000dde00000,0x00000000de6576d8,0x00000000de880000)
  to   space 11776K, 0% used [0x00000000e3480000,0x00000000e3480000,0x00000000e4000000)
 ParOldGen       total 49664K, used 11202K [0x0000000081a00000, 0x0000000084a80000, 0x00000000d5e00000)
  object space 49664K, 22% used [0x0000000081a00000,0x00000000824f0970,0x0000000084a80000)
 Metaspace       used 25556K, capacity 26640K, committed 26880K, reserved 1073152K
  class space    used 3481K, capacity 3719K, committed 3840K, reserved 1048576K
}
Event: 40.632 GC heap before
{Heap before GC invocations=11 (full 1):
 PSYoungGen      total 141824K, used 139613K [0x00000000d5e00000, 0x00000000e4000000, 0x0000000100000000)
  eden space 131072K, 100% used [0x00000000d5e00000,0x00000000dde00000,0x00000000dde00000)
  from space 10752K, 79% used [0x00000000dde00000,0x00000000de6576d8,0x00000000de880000)
  to   space 11776K, 0% used [0x00000000e3480000,0x00000000e3480000,0x00000000e4000000)
 ParOldGen       total 49664K, used 11202K [0x0000000081a00000, 0x0000000084a80000, 0x00000000d5e00000)
  object space 49664K, 22% used [0x0000000081a00000,0x00000000824f0970,0x0000000084a80000)
 Metaspace       used 26268K, capacity 27396K, committed 27648K, reserved 1073152K
  class space    used 3573K, capacity 3811K, committed 3840K, reserved 1048576K
Event: 40.636 GC heap after
Heap after GC invocations=11 (full 1):
 PSYoungGen      total 218624K, used 8155K [0x00000000d5e00000, 0x00000000e4180000, 0x0000000100000000)
  eden space 206848K, 0% used [0x00000000d5e00000,0x00000000d5e00000,0x00000000e2800000)
  from space 11776K, 69% used [0x00000000e3480000,0x00000000e3c76da0,0x00000000e4000000)
  to   space 12800K, 0% used [0x00000000e2800000,0x00000000e2800000,0x00000000e3480000)
 ParOldGen       total 49664K, used 11210K [0x0000000081a00000, 0x0000000084a80000, 0x00000000d5e00000)
  object space 49664K, 22% used [0x0000000081a00000,0x00000000824f2970,0x0000000084a80000)
 Metaspace       used 26268K, capacity 27396K, committed 27648K, reserved 1073152K
  class space    used 3573K, capacity 3811K, committed 3840K, reserved 1048576K
}
Event: 158.498 GC heap before
{Heap before GC invocations=12 (full 1):
 PSYoungGen      total 218624K, used 215003K [0x00000000d5e00000, 0x00000000e4180000, 0x0000000100000000)
  eden space 206848K, 100% used [0x00000000d5e00000,0x00000000e2800000,0x00000000e2800000)
  from space 11776K, 69% used [0x00000000e3480000,0x00000000e3c76da0,0x00000000e4000000)
  to   space 12800K, 0% used [0x00000000e2800000,0x00000000e2800000,0x00000000e3480000)
 ParOldGen       total 49664K, used 11210K [0x0000000081a00000, 0x0000000084a80000, 0x00000000d5e00000)
  object space 49664K, 22% used [0x0000000081a00000,0x00000000824f2970,0x0000000084a80000)
 Metaspace       used 28302K, capacity 29536K, committed 29824K, reserved 1075200K
  class space    used 3662K, capacity 3915K, committed 3968K, reserved 1048576K
Event: 158.512 GC heap after
Heap after GC invocations=12 (full 1):
 PSYoungGen      total 219648K, used 12794K [0x00000000d5e00000, 0x00000000ec200000, 0x0000000100000000)
  eden space 206848K, 0% used [0x00000000d5e00000,0x00000000d5e00000,0x00000000e2800000)
  from space 12800K, 99% used [0x00000000e2800000,0x00000000e347ea18,0x00000000e3480000)
  to   space 19456K, 0% used [0x00000000eaf00000,0x00000000eaf00000,0x00000000ec200000)
 ParOldGen       total 49664K, used 24099K [0x0000000081a00000, 0x0000000084a80000, 0x00000000d5e00000)
  object space 49664K, 48% used [0x0000000081a00000,0x0000000083188fe0,0x0000000084a80000)
 Metaspace       used 28302K, capacity 29536K, committed 29824K, reserved 1075200K
  class space    used 3662K, capacity 3915K, committed 3968K, reserved 1048576K
}

Deoptimization events (10 events):
Event: 158.164 Thread 0x00000000193d8000 Uncommon trap: reason=class_check action=maybe_recompile pc=0x000000000345c320 method=com.sun.javafx.sg.prism.NGNode.doRender(Lcom/sun/prism/Graphics;)V @ 319
Event: 158.168 Thread 0x00000000193d8000 Uncommon trap: reason=class_check action=maybe_recompile pc=0x000000000345c320 method=com.sun.javafx.sg.prism.NGNode.doRender(Lcom/sun/prism/Graphics;)V @ 319
Event: 158.172 Thread 0x00000000193d8000 Uncommon trap: reason=unstable_if action=reinterpret pc=0x0000000003657a00 method=com.sun.javafx.sg.prism.NGDefaultCamera.validate(II)V @ 17
Event: 158.184 Thread 0x00000000193d8000 Uncommon trap: reason=class_check action=maybe_recompile pc=0x000000000345c320 method=com.sun.javafx.sg.prism.NGNode.doRender(Lcom/sun/prism/Graphics;)V @ 319
Event: 158.199 Thread 0x00000000193d8000 Uncommon trap: reason=unstable_if action=reinterpret pc=0x00000000033f8fd0 method=com.sun.javafx.geom.transform.AffineBase.translate(DD)V @ 438
Event: 158.199 Thread 0x00000000193d8000 Uncommon trap: reason=unstable_if action=reinterpret pc=0x00000000033b1514 method=com.sun.javafx.geom.transform.AffineBase.updateState2D()V @ 86
Event: 158.199 Thread 0x00000000193d8000 Uncommon trap: reason=unstable_if action=reinterpret pc=0x00000000035258f0 method=com.sun.javafx.geom.transform.AffineBase.updateState2D()V @ 86
Event: 158.199 Thread 0x00000000193d8000 Uncommon trap: reason=unstable_if action=reinterpret pc=0x0000000003223674 method=com.sun.javafx.geom.transform.AffineBase.updateState2D()V @ 86
Event: 158.555 Thread 0x00000000193d8000 Uncommon trap: reason=unstable_if action=reinterpret pc=0x00000000036b0200 method=com.sun.javafx.geom.RectBounds.intersectWith(FFFF)V @ 11
Event: 158.559 Thread 0x00000000193d8000 Uncommon trap: reason=unstable_if action=reinterpret pc=0x000000000373833c method=com.sun.prism.impl.ManagedResource._isgone(Lcom/sun/prism/impl/ManagedResource;)Z @ 1

Internal exceptions (10 events):
Event: 157.839 Thread 0x000000001940b000 Exception <a 'java/lang/ClassNotFoundException': sun/net/www/protocol/about/Handler> (0x00000000df92a170) thrown at [C:\re\workspace\8-2-build-windows-amd64-cygwin\jdk8u101\7261\hotspot\src\share\vm\classfile\systemDictionary.cpp, line 210]
Event: 157.843 Thread 0x000000001940b000 Exception <a 'java/lang/ClassNotFoundException': sun/net/www/protocol/about/Handler> (0x00000000df92eb40) thrown at [C:\re\workspace\8-2-build-windows-amd64-cygwin\jdk8u101\7261\hotspot\src\share\vm\classfile\systemDictionary.cpp, line 210]
Event: 157.869 Thread 0x000000001940b000 Exception <a 'java/lang/ClassNotFoundException': sun/net/www/protocol/about/Handler> (0x00000000df93dc28) thrown at [C:\re\workspace\8-2-build-windows-amd64-cygwin\jdk8u101\7261\hotspot\src\share\vm\classfile\systemDictionary.cpp, line 210]
Event: 157.961 Thread 0x000000001940b000 Exception <a 'java/io/FileNotFoundException'> (0x00000000e13822f8) thrown at [C:\re\workspace\8-2-build-windows-amd64-cygwin\jdk8u101\7261\hotspot\src\share\vm\prims\jni.cpp, line 709]
Event: 157.961 Thread 0x000000001940b000 Exception <a 'java/io/FileNotFoundException'> (0x00000000e1383588) thrown at [C:\re\workspace\8-2-build-windows-amd64-cygwin\jdk8u101\7261\hotspot\src\share\vm\prims\jni.cpp, line 709]
Event: 157.961 Thread 0x000000001940b000 Exception <a 'java/io/FileNotFoundException'> (0x00000000e13848b0) thrown at [C:\re\workspace\8-2-build-windows-amd64-cygwin\jdk8u101\7261\hotspot\src\share\vm\prims\jni.cpp, line 709]
Event: 157.961 Thread 0x000000001940b000 Exception <a 'java/io/FileNotFoundException'> (0x00000000e1385b28) thrown at [C:\re\workspace\8-2-build-windows-amd64-cygwin\jdk8u101\7261\hotspot\src\share\vm\prims\jni.cpp, line 709]
Event: 158.154 Thread 0x00000000193d8000 Implicit null exception at 0x0000000003598eec to 0x0000000003599035
Event: 158.549 Thread 0x000000001940b000 Exception <a 'java/lang/ClassNotFoundException': sun/net/www/protocol/about/Handler> (0x00000000d5e2a6d8) thrown at [C:\re\workspace\8-2-build-windows-amd64-cygwin\jdk8u101\7261\hotspot\src\share\vm\classfile\systemDictionary.cpp, line 210]
Event: 158.559 Thread 0x00000000193d8000 Implicit null exception at 0x00000000037382ac to 0x000000000373832d

Events (10 events):
Event: 158.549 Thread 0x000000001940b000 DEOPT PACKING pc=0x00000000027c199c sp=0x0000000019fabbe0
Event: 158.549 Thread 0x000000001940b000 DEOPT UNPACKING pc=0x000000000267787f sp=0x0000000019fab920 mode 1
Event: 158.549 Thread 0x000000001940b000 DEOPT PACKING pc=0x0000000003218124 sp=0x0000000019fabdb0
Event: 158.549 Thread 0x000000001940b000 DEOPT UNPACKING pc=0x000000000267787f sp=0x0000000019fabac0 mode 1
Event: 158.555 Thread 0x00000000193d8000 Uncommon trap: trap_request=0xffffff65 fr.pc=0x00000000036b0200
Event: 158.555 Thread 0x00000000193d8000 DEOPT PACKING pc=0x00000000036b0200 sp=0x0000000019cad870
Event: 158.555 Thread 0x00000000193d8000 DEOPT UNPACKING pc=0x000000000267582a sp=0x0000000019cad810 mode 2
Event: 158.559 Thread 0x00000000193d8000 Uncommon trap: trap_request=0xffffff65 fr.pc=0x000000000373833c
Event: 158.559 Thread 0x00000000193d8000 DEOPT PACKING pc=0x000000000373833c sp=0x0000000019caf040
Event: 158.559 Thread 0x00000000193d8000 DEOPT UNPACKING pc=0x000000000267582a sp=0x0000000019caefe0 mode 2


Dynamic libraries:
0x00007ff65ea40000 - 0x00007ff65ea77000 	C:\Program Files\Java\jdk1.8.0_101\jre\bin\java.exe
0x00007ff9d1960000 - 0x00007ff9d1b3b000 	C:\WINDOWS\SYSTEM32\ntdll.dll
0x00007ff9d0e10000 - 0x00007ff9d0ebe000 	C:\WINDOWS\System32\KERNEL32.DLL
0x00007ff9cdf90000 - 0x00007ff9ce1d9000 	C:\WINDOWS\System32\KERNELBASE.dll
0x00007ff9d0330000 - 0x00007ff9d03d1000 	C:\WINDOWS\System32\ADVAPI32.dll
0x00007ff9d1770000 - 0x00007ff9d180d000 	C:\WINDOWS\System32\msvcrt.dll
0x00007ff9d13e0000 - 0x00007ff9d1439000 	C:\WINDOWS\System32\sechost.dll
0x00007ff9d1590000 - 0x00007ff9d16b5000 	C:\WINDOWS\System32\RPCRT4.dll
0x00007ff9d1810000 - 0x00007ff9d195a000 	C:\WINDOWS\System32\USER32.dll
0x00007ff9ce1e0000 - 0x00007ff9ce1fe000 	C:\WINDOWS\System32\win32u.dll
0x00007ff9ceec0000 - 0x00007ff9ceee7000 	C:\WINDOWS\System32\GDI32.dll
0x00007ff9ce520000 - 0x00007ff9ce6a8000 	C:\WINDOWS\System32\gdi32full.dll
0x00007ff9ce6b0000 - 0x00007ff9ce74a000 	C:\WINDOWS\System32\msvcp_win.dll
0x00007ff9ce3d0000 - 0x00007ff9ce4c6000 	C:\WINDOWS\System32\ucrtbase.dll
0x00007ff9c0450000 - 0x00007ff9c06b7000 	C:\WINDOWS\WinSxS\amd64_microsoft.windows.common-controls_6595b64144ccf1df_6.0.15063.483_none_26002d27e7c744a2\COMCTL32.dll
0x00007ff9d0470000 - 0x00007ff9d0769000 	C:\WINDOWS\System32\combase.dll
0x00007ff9ce750000 - 0x00007ff9ce7ba000 	C:\WINDOWS\System32\bcryptPrimitives.dll
0x00007ff9d0440000 - 0x00007ff9d046d000 	C:\WINDOWS\System32\IMM32.DLL
0x0000000076860000 - 0x0000000076932000 	C:\Program Files\Java\jdk1.8.0_101\jre\bin\msvcr100.dll
0x0000000073040000 - 0x00000000738da000 	C:\Program Files\Java\jdk1.8.0_101\jre\bin\server\jvm.dll
0x00007ff9d07d0000 - 0x00007ff9d07d8000 	C:\WINDOWS\System32\PSAPI.DLL
0x00007ff9c5340000 - 0x00007ff9c5363000 	C:\WINDOWS\SYSTEM32\WINMM.dll
0x00007ff9c5330000 - 0x00007ff9c533a000 	C:\WINDOWS\SYSTEM32\VERSION.dll
0x00007ff9c9dc0000 - 0x00007ff9c9dc9000 	C:\WINDOWS\SYSTEM32\WSOCK32.dll
0x00007ff9d1310000 - 0x00007ff9d137c000 	C:\WINDOWS\System32\WS2_32.dll
0x00007ff9c5300000 - 0x00007ff9c532b000 	C:\WINDOWS\SYSTEM32\WINMMBASE.dll
0x00007ff9ce4d0000 - 0x00007ff9ce519000 	C:\WINDOWS\System32\cfgmgr32.dll
0x0000000076810000 - 0x000000007681f000 	C:\Program Files\Java\jdk1.8.0_101\jre\bin\verify.dll
0x00000000767e0000 - 0x0000000076809000 	C:\Program Files\Java\jdk1.8.0_101\jre\bin\java.dll
0x00000000743f0000 - 0x0000000074425000 	C:\Program Files\Java\jdk1.8.0_101\jre\bin\jdwp.dll
0x00000000743e0000 - 0x00000000743e8000 	C:\Program Files\Java\jdk1.8.0_101\jre\bin\npt.dll
0x00000000767c0000 - 0x00000000767d6000 	C:\Program Files\Java\jdk1.8.0_101\jre\bin\zip.dll
0x00007ff9ceef0000 - 0x00007ff9d0327000 	C:\WINDOWS\System32\SHELL32.dll
0x00007ff9d16c0000 - 0x00007ff9d176a000 	C:\WINDOWS\System32\shcore.dll
0x00007ff9ce7c0000 - 0x00007ff9ceeb2000 	C:\WINDOWS\System32\windows.storage.dll
0x00007ff9d0770000 - 0x00007ff9d07c1000 	C:\WINDOWS\System32\shlwapi.dll
0x00007ff9cddd0000 - 0x00007ff9cdde1000 	C:\WINDOWS\System32\kernel.appcore.dll
0x00007ff9cde30000 - 0x00007ff9cde7c000 	C:\WINDOWS\System32\powrprof.dll
0x00007ff9cde10000 - 0x00007ff9cde25000 	C:\WINDOWS\System32\profapi.dll
0x00000000743d0000 - 0x00000000743d9000 	C:\Program Files\Java\jdk1.8.0_101\jre\bin\dt_socket.dll
0x00007ff9cd6e0000 - 0x00007ff9cd73c000 	C:\WINDOWS\system32\mswsock.dll
0x00007ff9a9970000 - 0x00007ff9a9a5f000 	C:\Program Files\Java\jdk1.8.0_101\jre\bin\msvcr120.dll
0x00007ff9a9880000 - 0x00007ff9a9926000 	C:\Program Files\Java\jdk1.8.0_101\jre\bin\msvcp120.dll
0x00000000743a0000 - 0x00000000743c2000 	C:\Program Files\Java\jdk1.8.0_101\jre\bin\prism_d3d.dll
0x00007ff97cc10000 - 0x00007ff97cd99000 	C:\WINDOWS\system32\d3d9.dll
0x00007ff9c3910000 - 0x00007ff9c393a000 	C:\WINDOWS\SYSTEM32\dwmapi.dll
0x00007ff9cc4e0000 - 0x00007ff9cc575000 	C:\WINDOWS\system32\uxtheme.dll
0x00007ff971470000 - 0x00007ff9739ad000 	C:\WINDOWS\SYSTEM32\igdumdim64.dll
0x00007ff9d1060000 - 0x00007ff9d1120000 	C:\WINDOWS\System32\OLEAUT32.dll
0x00007ff9d1440000 - 0x00007ff9d1585000 	C:\WINDOWS\System32\ole32.dll
0x00007ff9d09d0000 - 0x00007ff9d0e0b000 	C:\WINDOWS\System32\SETUPAPI.dll
0x0000000074350000 - 0x0000000074393000 	C:\Program Files\Java\jdk1.8.0_101\jre\bin\glass.dll
0x00007ff9d0800000 - 0x00007ff9d0908000 	C:\WINDOWS\System32\COMDLG32.dll
0x00007ff9d11a0000 - 0x00007ff9d1306000 	C:\WINDOWS\System32\MSCTF.dll
0x00007ff9bcdc0000 - 0x00007ff9bce61000 	C:\Program Files\Common Files\microsoft shared\ink\tiptsf.dll
0x00007ff9ba370000 - 0x00007ff9bb1e3000 	C:\WINDOWS\SYSTEM32\igc64.dll
0x0000000074330000 - 0x0000000074344000 	C:\Program Files\Java\jdk1.8.0_101\jre\bin\javafx_font.dll
0x00007ff9bc6d0000 - 0x00007ff9bc98f000 	C:\WINDOWS\SYSTEM32\dwrite.dll
0x000000006d940000 - 0x000000006fed0000 	C:\Program Files\Java\jdk1.8.0_101\jre\bin\jfxwebkit.dll
0x00007ff9cd880000 - 0x00007ff9cd897000 	C:\WINDOWS\SYSTEM32\CRYPTSP.dll
0x00007ff9cd300000 - 0x00007ff9cd334000 	C:\WINDOWS\system32\rsaenh.dll
0x00007ff9cd990000 - 0x00007ff9cd9b5000 	C:\WINDOWS\SYSTEM32\bcrypt.dll
0x00007ff9cd8a0000 - 0x00007ff9cd8ab000 	C:\WINDOWS\SYSTEM32\CRYPTBASE.dll
0x0000000074300000 - 0x0000000074323000 	C:\Program Files\Java\jdk1.8.0_101\jre\bin\javafx_iio.dll
0x00007ff9d0910000 - 0x00007ff9d09ae000 	C:\WINDOWS\System32\clbcatq.dll
0x00007ff9bf7f0000 - 0x00007ff9bf99c000 	C:\WINDOWS\SYSTEM32\WindowsCodecs.dll
0x00007ff9b6e20000 - 0x00007ff9b6e67000 	C:\WINDOWS\system32\dataexchange.dll
0x00007ff9cbd70000 - 0x00007ff9cbe92000 	C:\WINDOWS\system32\dcomp.dll
0x00007ff9cafb0000 - 0x00007ff9cb28f000 	C:\WINDOWS\system32\d3d11.dll
0x00007ff9ccc40000 - 0x00007ff9ccce4000 	C:\WINDOWS\system32\dxgi.dll
0x00007ff9cc6c0000 - 0x00007ff9cc830000 	C:\WINDOWS\system32\twinapi.appcore.dll
0x00007ff9bcf80000 - 0x00007ff9bcfb1000 	C:\Program Files\Common Files\Microsoft Shared\Ink\rtscom.dll
0x00007ff9c8fe0000 - 0x00007ff9c9062000 	C:\WINDOWS\System32\TextInputFramework.dll
0x00007ff9c2b40000 - 0x00007ff9c2e12000 	C:\WINDOWS\System32\CoreUIComponents.dll
0x00007ff9cbc80000 - 0x00007ff9cbd63000 	C:\WINDOWS\System32\CoreMessaging.dll
0x00007ff9cd130000 - 0x00007ff9cd161000 	C:\WINDOWS\SYSTEM32\ntmarta.dll
0x00007ff9ca1d0000 - 0x00007ff9ca1e5000 	C:\WINDOWS\SYSTEM32\usermgrcli.dll
0x00007ff9ca1f0000 - 0x00007ff9ca329000 	C:\WINDOWS\SYSTEM32\wintypes.dll
0x00007ff9b7720000 - 0x00007ff9b78e5000 	C:\Windows\System32\uiautomationcore.dll
0x00007ff9cdc30000 - 0x00007ff9cdcca000 	C:\WINDOWS\SYSTEM32\sxs.dll
0x00007ff9c0af0000 - 0x00007ff9c0b5b000 	C:\WINDOWS\SYSTEM32\OLEACC.dll
0x00000000742e0000 - 0x00000000742f1000 	C:\Program Files\Java\jdk1.8.0_101\jre\bin\prism_common.dll
0x00007ff9cb6d0000 - 0x00007ff9cbc74000 	C:\WINDOWS\SYSTEM32\d2d1.dll
0x00007ff9ce200000 - 0x00007ff9ce3c9000 	C:\WINDOWS\System32\CRYPT32.dll
0x00007ff9cddf0000 - 0x00007ff9cde01000 	C:\WINDOWS\System32\MSASN1.dll
0x00007ff990ba0000 - 0x00007ff990e75000 	C:\WINDOWS\SYSTEM32\D3D10Warp.dll
0x00007ff9ca330000 - 0x00007ff9ca4c6000 	C:\WINDOWS\SYSTEM32\PROPSYS.dll
0x00007ff9ca8e0000 - 0x00007ff9ca8eb000 	C:\WINDOWS\SYSTEM32\atlthunk.dll
0x00007ff99d0f0000 - 0x00007ff99d134000 	C:\WINDOWS\SYSTEM32\edputil.dll
0x00007ff99dd40000 - 0x00007ff99e1c2000 	C:\WINDOWS\system32\explorerframe.dll
0x00007ff9b81d0000 - 0x00007ff9b837b000 	C:\WINDOWS\system32\DUI70.dll
0x00007ff9c8e80000 - 0x00007ff9c8f13000 	C:\WINDOWS\system32\DUser.dll
0x00007ff9b5430000 - 0x00007ff9b5487000 	C:\Windows\System32\thumbcache.dll
0x00007ff9c79a0000 - 0x00007ff9c7a17000 	C:\WINDOWS\SYSTEM32\policymanager.dll
0x00007ff9c7910000 - 0x00007ff9c799f000 	C:\WINDOWS\SYSTEM32\msvcp110_win.dll
0x00007ff9b7e70000 - 0x00007ff9b7ff8000 	C:\Windows\System32\Windows.Globalization.dll
0x00007ff9c3350000 - 0x00007ff9c33b9000 	C:\Windows\System32\Bcp47Langs.dll
0x00007ff9c67d0000 - 0x00007ff9c6800000 	C:\WINDOWS\SYSTEM32\globinputhost.dll
0x00007ff98f560000 - 0x00007ff98f601000 	C:\WINDOWS\System32\StructuredQuery.dll
0x00007ff9c29d0000 - 0x00007ff9c29eb000 	C:\WINDOWS\SYSTEM32\MPR.dll
0x00007ff9caee0000 - 0x00007ff9caeeb000 	C:\WINDOWS\System32\drprov.dll
0x00007ff9ccf30000 - 0x00007ff9ccf85000 	C:\WINDOWS\System32\WINSTA.dll
0x00007ff9caec0000 - 0x00007ff9caed6000 	C:\WINDOWS\System32\ntlanman.dll
0x00007ff9ca4d0000 - 0x00007ff9ca4f0000 	C:\WINDOWS\System32\davclnt.dll
0x00007ff9ca8d0000 - 0x00007ff9ca8dc000 	C:\WINDOWS\System32\DAVHLPR.dll
0x00007ff9c8bd0000 - 0x00007ff9c8be6000 	C:\WINDOWS\System32\wkscli.dll
0x00007ff9b4810000 - 0x00007ff9b4822000 	C:\WINDOWS\SYSTEM32\cscapi.dll
0x00007ff9cd570000 - 0x00007ff9cd57d000 	C:\WINDOWS\System32\netutils.dll
0x00007ff9cc3a0000 - 0x00007ff9cc41e000 	C:\WINDOWS\SYSTEM32\apphelp.dll
0x00007ff9c4dd0000 - 0x00007ff9c4e1a000 	C:\Windows\System32\dlnashext.dll
0x00007ff9a0cf0000 - 0x00007ff9a0d5d000 	C:\Windows\System32\PlayToDevice.dll
0x00007ff9c8e60000 - 0x00007ff9c8e7e000 	C:\Windows\System32\DevDispItemProvider.dll
0x00007ff9c7ad0000 - 0x00007ff9c7b37000 	C:\WINDOWS\System32\MMDevApi.dll
0x00007ff9cc8f0000 - 0x00007ff9cc918000 	C:\WINDOWS\System32\DEVOBJ.dll
0x00007ff9c98a0000 - 0x00007ff9c993c000 	C:\Windows\System32\PortableDeviceApi.dll
0x00007ff9cdf30000 - 0x00007ff9cdf86000 	C:\WINDOWS\System32\WINTRUST.dll
0x00007ff9bcce0000 - 0x00007ff9bcd05000 	C:\Windows\System32\EhStorAPI.dll
0x00007ff9c9da0000 - 0x00007ff9c9db3000 	C:\Windows\System32\WTSAPI32.dll
0x00007ff996b60000 - 0x00007ff996c2a000 	C:\WINDOWS\system32\Windows.Storage.Search.dll
0x00007ff9d1120000 - 0x00007ff9d1191000 	C:\WINDOWS\System32\coml2.dll
0x00007ff9b7930000 - 0x00007ff9b7e61000 	C:\Windows\System32\OneCoreUAPCommonProxyStub.dll
0x00007ff9c9510000 - 0x00007ff9c9520000 	C:\WINDOWS\SYSTEM32\LINKINFO.dll
0x00007ff9c30b0000 - 0x00007ff9c3132000 	C:\Windows\System32\twinapi.dll
0x00007ff9a5880000 - 0x00007ff9a58ff000 	C:\Program Files (x86)\Adobe\Adobe Creative Cloud\CoreSyncExtension\CoreSync_x64.dll
0x00007ff9a05e0000 - 0x00007ff9a0861000 	C:\Users\Loh Jing Yen\AppData\Local\Microsoft\OneDrive\17.3.6917.0607\amd64\FileSyncShell64.dll
0x00007ff9bfa50000 - 0x00007ff9bfd7e000 	C:\WINDOWS\SYSTEM32\WININET.dll
0x00007ff99b870000 - 0x00007ff99b894000 	C:\WINDOWS\system32\mssprxy.dll
0x00007ff9a1700000 - 0x00007ff9a1827000 	C:\WINDOWS\system32\NetworkExplorer.dll

VM Arguments:
jvm_args: -Xdebug -Xrunjdwp:transport=dt_socket,server=n,address=56208 -Dglass.disableGrab=true 
java_command: D:\Netbeans\CheeChoo\target/CheeChoo-1.0-SNAPSHOT.jar
java_class_path (initial): D:\Netbeans\CheeChoo\target/CheeChoo-1.0-SNAPSHOT.jar
Launcher Type: SUN_STANDARD

Environment Variables:
JAVA_HOME=C:\Program Files\Java\jdk1.8.0_101
PATH=C:\ProgramData\Oracle\Java\javapath;C:\WINDOWS\system32;C:\WINDOWS;C:\WINDOWS\System32\Wbem;C:\WINDOWS\System32\WindowsPowerShell\v1.0\;C:\Program Files\Microsoft SQL Server\120\Tools\Binn\;C:\Program Files\Microsoft SQL Server\130\Tools\Binn\;C:\Program Files\Microsoft\Web Platform Installer\;C:\Program Files (x86)\Microsoft SQL Server\110\DTS\Binn\;C:\Program Files (x86)\Microsoft SQL Server\120\DTS\Binn\;C:\Program Files (x86)\Microsoft SQL Server\130\DTS\Binn\;C:\Program Files\Microsoft SQL Server\Client SDK\ODBC\130\Tools\Binn\;C:\Program Files (x86)\Microsoft SQL Server\130\Tools\Binn\;C:\Program Files\Microsoft SQL Server\130\DTS\Binn\;C:\Program Files (x86)\Microsoft Emulator Manager\1.0\;C:\Program Files (x86)\Microsoft SQL Server\Client SDK\ODBC\130\Tools\Binn\;C:\Program Files (x86)\Microsoft SQL Server\130\Tools\Binn\ManagementStudio\;C:\Program Files\Intel\WiFi\bin\;C:\Program Files\Common Files\Intel\WirelessCommon\;C:\Program Files (x86)\Heroku\bin;C:\Program Files (x86)\git\cmd;C:\ProgramData\chocolatey\bin;C:\Program Files\Git\cmd;C:\Program Files\MySQL\MySQL Utilities 1.6\;C:\Program Files\Java\jdk1.8.0_101\bin;C:\Program Files\dotnet\;C:\Program Files\nodejs\;C:\Program Files (x86)\Yarn\bin;C:\Anaconda3;C:\Anaconda3\Scripts;C:\Anaconda3\Library\bin;C:\Ruby22-x64\bin;C:\Users\Loh Jing Yen\AppData\Local\Microsoft\WindowsApps;C:\Program Files\Intel\WiFi\bin\;C:\Program Files\Common Files\Intel\WirelessCommon\;C:\Program Files (x86)\Microsoft VS Code\bin;C:\Users\Loh Jing Yen\AppData\Local\Microsoft\WindowsApps;C:\Users\Loh Jing Yen\AppData\Roaming\npm;C:\Users\Loh Jing Yen\AppData\Local\Yarn\bin;C:\Program Files\MongoDB\Server\3.4\bin;C:\tools\neovim\Neovim\bin;C:\Users\Loh Jing Yen\AppData\Local\Pandoc\
USERNAME=Loh Jing Yen
OS=Windows_NT
PROCESSOR_IDENTIFIER=Intel64 Family 6 Model 78 Stepping 3, GenuineIntel



---------------  S Y S T E M  ---------------

OS: Windows 10.0 , 64 bit Build 15063 (10.0.15063.296)

CPU:total 4 (2 cores per cpu, 2 threads per core) family 6 model 78 stepping 3, cmov, cx8, fxsr, mmx, sse, sse2, sse3, ssse3, sse4.1, sse4.2, popcnt, avx, avx2, aes, clmul, erms, 3dnowpref, lzcnt, ht, tsc, tscinvbit, bmi1, bmi2, adx

Memory: 4k page, physical 8280512k(1243812k free), swap 14534156k(2238568k free)

vm_info: Java HotSpot(TM) 64-Bit Server VM (25.101-b13) for windows-amd64 JRE (1.8.0_101-b13), built on Jun 22 2016 01:21:29 by "java_re" with MS VC++ 10.0 (VS2010)

time: Tue Jul 25 17:33:53 2017
elapsed time: 158 seconds (0d 0h 2m 38s)

