#
# A fatal error has been detected by the Java Runtime Environment:
#
#  EXCEPTION_ACCESS_VIOLATION (0xc0000005) at pc=0x0000000071a20670, pid=25936, tid=0x0000000000000910
#
# JRE version: Java(TM) SE Runtime Environment (8.0_101-b13) (build 1.8.0_101-b13)
# Java VM: Java HotSpot(TM) 64-Bit Server VM (25.101-b13 mixed mode windows-amd64 compressed oops)
# Problematic frame:
# C  [jfxwebkit.dll+0xc40670]
#
# Failed to write core dump. Minidumps are not enabled by default on client versions of Windows
#
# If you would like to submit a bug report, please visit:
#   http://bugreport.java.com/bugreport/crash.jsp
# The crash happened outside the Java Virtual Machine in native code.
# See problematic frame for where to report the bug.
#

---------------  T H R E A D  ---------------

Current thread (0x0000000019ad1800):  JavaThread "JavaFX Application Thread" [_thread_in_native, id=2320, stack(0x000000001a690000,0x000000001a790000)]

siginfo: ExceptionCode=0xc0000005, reading address 0x0000000000000008

Registers:
RAX=0x0000000000000000, RBX=0x0000000029326550, RCX=0x000000002701c470, RDX=0x0000000000000000
RSP=0x000000001a78bcb8, RBP=0x00000000ffffffff, RSI=0x0000000000000000, RDI=0x00000000250c2970
R8 =0x000000002701c470, R9 =0x000000002701c530, R10=0x0000000000000000, R11=0x0000000000000000
R12=0x000000001fc5fe00, R13=0x000000001f25e710, R14=0x0000000000000000, R15=0x000000001fc5fda0
RIP=0x0000000071a20670, EFLAGS=0x0000000000010246

Top of Stack: (sp=0x000000001a78bcb8)
0x000000001a78bcb8:   0000000071a060b8 fffffffffffffffe
0x000000001a78bcc8:   0000000029326550 0000000029326550
0x000000001a78bcd8:   0000000071b0e499 0000000028c885c0
0x000000001a78bce8:   000000001a78bd40 000000002701c470
0x000000001a78bcf8:   fffffffffffffffe 000000001f25e710
0x000000001a78bd08:   00000000ffffffff 0000000000000000
0x000000001a78bd18:   00000000250c2970 0000000029326550
0x000000001a78bd28:   0000000071a066de 000000002701c470
0x000000001a78bd38:   000000001a78bd60 0000000000000000
0x000000001a78bd48:   0000000000000000 0000000000000000
0x000000001a78bd58:   000000001a78bda8 0000000000000000
0x000000001a78bd68:   000000001f25e728 fffffffffffffffe
0x000000001a78bd78:   0000000029326550 00000000250c2970
0x000000001a78bd88:   00000000239dc8b0 000000001a78c8c0
0x000000001a78bd98:   0000000071a115f8 0000000000000000
0x000000001a78bda8:   0000000000000000 000000001a78bea0 

Instructions: (pc=0x0000000071a20670)
0x0000000071a20650:   48 8b 81 b0 00 00 00 4c 8d 89 c0 00 00 00 4c 8b
0x0000000071a20660:   c1 49 3b c1 74 38 45 33 d2 0f 1f 80 00 00 00 00
0x0000000071a20670:   48 8b 50 08 4c 89 50 10 4c 89 50 20 48 85 d2 74
0x0000000071a20680:   11 48 8b 08 48 89 0a 48 89 51 08 4c 89 50 08 4c 


Register to memory mapping:

RAX=0x0000000000000000 is an unknown value
RBX=0x0000000029326550 is an unknown value
RCX=0x000000002701c470 is an unknown value
RDX=0x0000000000000000 is an unknown value
RSP=0x000000001a78bcb8 is pointing into the stack for thread: 0x0000000019ad1800
RBP=0x00000000ffffffff is an unallocated location in the heap
RSI=0x0000000000000000 is an unknown value
RDI=0x00000000250c2970 is an unknown value
R8 =0x000000002701c470 is an unknown value
R9 =0x000000002701c530 is an unknown value
R10=0x0000000000000000 is an unknown value
R11=0x0000000000000000 is an unknown value
R12=0x000000001fc5fe00 is an unknown value
R13=0x000000001f25e710 is an unknown value
R14=0x0000000000000000 is an unknown value
R15=0x000000001fc5fda0 is an unknown value


Stack: [0x000000001a690000,0x000000001a790000],  sp=0x000000001a78bcb8,  free space=1007k
Native frames: (J=compiled Java code, j=interpreted, Vv=VM code, C=native code)
C  [jfxwebkit.dll+0xc40670]

Java frames: (J=compiled Java code, j=interpreted, Vv=VM code)
j  com.sun.webkit.network.URLLoader.twkDidFinishLoading(J)V+0
j  com.sun.webkit.network.URLLoader.notifyDidFinishLoading()V+44
j  com.sun.webkit.network.URLLoader.lambda$didFinishLoading$98()V+8
j  com.sun.webkit.network.URLLoader$$Lambda$285.run()V+4
j  com.sun.javafx.application.PlatformImpl.lambda$null$173(Ljava/lang/Runnable;)Ljava/lang/Void;+1
j  com.sun.javafx.application.PlatformImpl$$Lambda$50.run()Ljava/lang/Object;+4
v  ~StubRoutines::call_stub
J 1214  java.security.AccessController.doPrivileged(Ljava/security/PrivilegedAction;Ljava/security/AccessControlContext;)Ljava/lang/Object; (0 bytes) @ 0x0000000003156626 [0x00000000031565c0+0x66]
j  com.sun.javafx.application.PlatformImpl.lambda$runLater$174(Ljava/lang/Runnable;Ljava/security/AccessControlContext;)V+7
j  com.sun.javafx.application.PlatformImpl$$Lambda$49.run()V+8
j  com.sun.glass.ui.InvokeLaterDispatcher$Future.run()V+4
v  ~StubRoutines::call_stub
j  com.sun.glass.ui.win.WinApplication._runLoop(Ljava/lang/Runnable;)V+0
j  com.sun.glass.ui.win.WinApplication.lambda$null$148(ILjava/lang/Runnable;)V+8
j  com.sun.glass.ui.win.WinApplication$$Lambda$38.run()V+12
j  java.lang.Thread.run()V+11
v  ~StubRoutines::call_stub

---------------  P R O C E S S  ---------------

Java Threads: ( => current thread )
  0x0000000023ffc800 JavaThread "Thread-10" daemon [_thread_blocked, id=16084, stack(0x000000002b990000,0x000000002ba90000)]
  0x0000000023ffb800 JavaThread "Thread-9" daemon [_thread_blocked, id=24888, stack(0x000000002b890000,0x000000002b990000)]
  0x0000000023ffb000 JavaThread "Thread-8" daemon [_thread_blocked, id=27276, stack(0x000000002b750000,0x000000002b850000)]
  0x0000000023ff3800 JavaThread "Thread-7" daemon [_thread_blocked, id=10164, stack(0x000000002b650000,0x000000002b750000)]
  0x0000000023ffa000 JavaThread "Thread-6" daemon [_thread_blocked, id=12096, stack(0x000000002b550000,0x000000002b650000)]
  0x0000000023ff6800 JavaThread "URL-Loader-20" daemon [_thread_in_native, id=23304, stack(0x000000002b430000,0x000000002b530000)]
  0x0000000023ff9800 JavaThread "URL-Loader-19" daemon [_thread_in_native, id=10432, stack(0x000000002b330000,0x000000002b430000)]
  0x0000000023ff5000 JavaThread "URL-Loader-18" daemon [_thread_in_native, id=14308, stack(0x000000002b110000,0x000000002b210000)]
  0x0000000023ff7000 JavaThread "URL-Loader-17" daemon [_thread_blocked, id=18208, stack(0x000000002b010000,0x000000002b110000)]
  0x0000000023ff2800 JavaThread "Thread-5" daemon [_thread_in_native, id=22692, stack(0x000000002a7d0000,0x000000002a8d0000)]
  0x0000000023ff8800 JavaThread "URL-Loader-16" daemon [_thread_blocked, id=9156, stack(0x0000000028310000,0x0000000028410000)]
  0x0000000023fee000 JavaThread "URL-Loader-15" daemon [_thread_in_native, id=25100, stack(0x0000000028210000,0x0000000028310000)]
  0x0000000023fef000 JavaThread "URL-Loader-14" daemon [_thread_in_native, id=14456, stack(0x0000000028110000,0x0000000028210000)]
  0x0000000023ff4000 JavaThread "URL-Loader-13" daemon [_thread_blocked, id=12016, stack(0x0000000028010000,0x0000000028110000)]
  0x0000000023ff2000 JavaThread "URL-Loader-12" daemon [_thread_in_native, id=18212, stack(0x0000000027f10000,0x0000000028010000)]
  0x0000000023ff1000 JavaThread "URL-Loader-11" daemon [_thread_blocked, id=13860, stack(0x0000000027e10000,0x0000000027f10000)]
  0x0000000023ff0800 JavaThread "URL-Loader-10" daemon [_thread_blocked, id=20904, stack(0x0000000027510000,0x0000000027610000)]
  0x0000000023fef800 JavaThread "URL-Loader-9" daemon [_thread_in_native, id=17028, stack(0x0000000027310000,0x0000000027410000)]
  0x0000000019e2c000 JavaThread "URL-Loader-8" daemon [_thread_in_native, id=9096, stack(0x0000000027210000,0x0000000027310000)]
  0x0000000019e2b000 JavaThread "URL-Loader-7" daemon [_thread_in_native, id=24316, stack(0x0000000027110000,0x0000000027210000)]
  0x0000000019e2a800 JavaThread "URL-Loader-6" daemon [_thread_in_native, id=18672, stack(0x0000000026dd0000,0x0000000026ed0000)]
  0x0000000019e29800 JavaThread "URL-Loader-5" daemon [_thread_blocked, id=17440, stack(0x00000000268d0000,0x00000000269d0000)]
  0x0000000019e26800 JavaThread "URL-Loader-4" daemon [_thread_in_native, id=7864, stack(0x00000000267d0000,0x00000000268d0000)]
  0x0000000019e26000 JavaThread "URL-Loader-3" daemon [_thread_blocked, id=5840, stack(0x00000000266d0000,0x00000000267d0000)]
  0x0000000019e28000 JavaThread "URL-Loader-2" daemon [_thread_blocked, id=16400, stack(0x00000000265d0000,0x00000000266d0000)]
  0x0000000019e27800 JavaThread "Watchdog-Timer-1" daemon [_thread_blocked, id=24172, stack(0x00000000264d0000,0x00000000265d0000)]
  0x0000000019e29000 JavaThread "URL-Loader-1" daemon [_thread_in_native, id=10968, stack(0x0000000025400000,0x0000000025500000)]
  0x0000000019e25000 JavaThread "Keep-Alive-Timer" daemon [_thread_blocked, id=18696, stack(0x0000000025100000,0x0000000025200000)]
  0x000000001a132000 JavaThread "FX Access Thread (Visual Debugger)" daemon [_thread_blocked, id=364, stack(0x0000000022ee0000,0x0000000022fe0000)]
  0x0000000019e8c800 JavaThread "Prism Font Disposer" daemon [_thread_blocked, id=20852, stack(0x0000000021fb0000,0x00000000220b0000)]
  0x0000000019ceb800 JavaThread "Disposer" daemon [_thread_blocked, id=20684, stack(0x000000001fca0000,0x000000001fda0000)]
  0x0000000019b59800 JavaThread "Thread-3" daemon [_thread_in_native, id=13088, stack(0x000000001ec20000,0x000000001ed20000)]
  0x0000000019b4b000 JavaThread "JavaFX-Launcher" [_thread_blocked, id=6756, stack(0x000000001ed20000,0x000000001ee20000)]
=>0x0000000019ad1800 JavaThread "JavaFX Application Thread" [_thread_in_native, id=2320, stack(0x000000001a690000,0x000000001a790000)]
  0x0000000019ad0800 JavaThread "Thread-1" daemon [_thread_blocked, id=14288, stack(0x000000001a590000,0x000000001a690000)]
  0x0000000019ab4000 JavaThread "QuantumRenderer-0" daemon [_thread_blocked, id=15432, stack(0x000000001a2a0000,0x000000001a3a0000)]
  0x00000000178ae800 JavaThread "Service Thread" daemon [_thread_blocked, id=11448, stack(0x00000000198a0000,0x00000000199a0000)]
  0x000000001787d000 JavaThread "C1 CompilerThread2" daemon [_thread_blocked, id=27192, stack(0x00000000193a0000,0x00000000194a0000)]
  0x0000000017876800 JavaThread "C2 CompilerThread1" daemon [_thread_blocked, id=12932, stack(0x00000000192a0000,0x00000000193a0000)]
  0x0000000017883800 JavaThread "C2 CompilerThread0" daemon [_thread_blocked, id=17912, stack(0x00000000191a0000,0x00000000192a0000)]
  0x000000001786a800 JavaThread "JDWP Command Reader" daemon [_thread_in_native, id=26860, stack(0x00000000190a0000,0x00000000191a0000)]
  0x0000000017867800 JavaThread "JDWP Event Helper Thread" daemon [_thread_blocked, id=19140, stack(0x0000000018fa0000,0x00000000190a0000)]
  0x0000000017858800 JavaThread "JDWP Transport Listener: dt_socket" daemon [_thread_blocked, id=22772, stack(0x0000000018ea0000,0x0000000018fa0000)]
  0x000000001784f000 JavaThread "Attach Listener" daemon [_thread_blocked, id=20172, stack(0x0000000018da0000,0x0000000018ea0000)]
  0x000000001784e000 JavaThread "Signal Dispatcher" daemon [_thread_blocked, id=19168, stack(0x0000000018ca0000,0x0000000018da0000)]
  0x0000000017839000 JavaThread "Finalizer" daemon [_thread_blocked, id=3784, stack(0x0000000018ab0000,0x0000000018bb0000)]
  0x0000000002d04000 JavaThread "Reference Handler" daemon [_thread_blocked, id=12368, stack(0x00000000189b0000,0x0000000018ab0000)]
  0x0000000002c12800 JavaThread "main" [_thread_blocked, id=6604, stack(0x0000000002a70000,0x0000000002b70000)]

Other Threads:
  0x0000000017817800 VMThread [stack: 0x00000000188b0000,0x00000000189b0000] [id=26720]
  0x0000000019501800 WatcherThread [stack: 0x00000000199a0000,0x0000000019aa0000] [id=24372]

VM state:not at safepoint (normal execution)

VM Mutex/Monitor currently owned by a thread: None

Heap:
 PSYoungGen      total 173056K, used 24801K [0x00000000d5e00000, 0x00000000e1500000, 0x0000000100000000)
  eden space 161792K, 9% used [0x00000000d5e00000,0x00000000d6db58b0,0x00000000dfc00000)
  from space 11264K, 77% used [0x00000000e0a00000,0x00000000e1282c18,0x00000000e1500000)
  to   space 12800K, 0% used [0x00000000dfc00000,0x00000000dfc00000,0x00000000e0880000)
 ParOldGen       total 73728K, used 10940K [0x0000000081a00000, 0x0000000086200000, 0x00000000d5e00000)
  object space 73728K, 14% used [0x0000000081a00000,0x00000000824af010,0x0000000086200000)
 Metaspace       used 24819K, capacity 25924K, committed 25984K, reserved 1071104K
  class space    used 3399K, capacity 3671K, committed 3712K, reserved 1048576K

Card table byte_map: [0x00000000120d0000,0x00000000124d0000] byte_map_base: 0x0000000011cc3000

Marking Bits: (ParMarkBitMap*) 0x0000000073b8a6d0
 Begin Bits: [0x0000000012b80000, 0x0000000014b18000)
 End Bits:   [0x0000000014b18000, 0x0000000016ab0000)

Polling page: 0x0000000000c50000

CodeCache: size=245760Kb used=9074Kb max_used=9563Kb free=236685Kb
 bounds [0x0000000002d10000, 0x0000000003670000, 0x0000000011d10000]
 total_blobs=3558 nmethods=2788 adapters=689
 compilation: enabled

Compilation events (10 events):
Event: 8.092 Thread 0x000000001787d000 3186       3       com.sun.javafx.geom.Rectangle::<init> (21 bytes)
Event: 8.093 Thread 0x000000001787d000 nmethod 3186 0x000000000339d8d0 code [0x000000000339da40, 0x000000000339dc70]
Event: 8.093 Thread 0x000000001787d000 3185       3       com.sun.javafx.font.PrismMetrics::getAscent (5 bytes)
Event: 8.095 Thread 0x000000001787d000 nmethod 3185 0x0000000002f7e3d0 code [0x0000000002f7e520, 0x0000000002f7e670]
Event: 8.096 Thread 0x000000001787d000 3187       3       java.util.concurrent.LinkedBlockingDeque::addLast (19 bytes)
Event: 8.096 Thread 0x000000001787d000 nmethod 3187 0x0000000003067650 code [0x00000000030677e0, 0x0000000003067a98]
Event: 8.097 Thread 0x000000001787d000 3188   !   3       java.util.concurrent.LinkedBlockingDeque::offerLast (53 bytes)
Event: 8.097 Thread 0x000000001787d000 nmethod 3188 0x0000000002f65b50 code [0x0000000002f65d40, 0x0000000002f66628]
Event: 8.098 Thread 0x000000001787d000 3189       3       java.util.concurrent.LinkedBlockingDeque$Node::<init> (10 bytes)
Event: 8.098 Thread 0x000000001787d000 nmethod 3189 0x00000000030a9650 code [0x00000000030a97a0, 0x00000000030a9970]

GC Heap History (10 events):
Event: 3.611 GC heap before
{Heap before GC invocations=5 (full 1):
 PSYoungGen      total 38400K, used 36041K [0x00000000d5e00000, 0x00000000d9580000, 0x0000000100000000)
  eden space 33280K, 99% used [0x00000000d5e00000,0x00000000d7e7b120,0x00000000d7e80000)
  from space 5120K, 54% used [0x00000000d7e80000,0x00000000d81374b8,0x00000000d8380000)
  to   space 5120K, 0% used [0x00000000d9080000,0x00000000d9080000,0x00000000d9580000)
 ParOldGen       total 73728K, used 9656K [0x0000000081a00000, 0x0000000086200000, 0x00000000d5e00000)
  object space 73728K, 13% used [0x0000000081a00000,0x000000008236e018,0x0000000086200000)
 Metaspace       used 22642K, capacity 23602K, committed 23936K, reserved 1069056K
  class space    used 3158K, capacity 3408K, committed 3456K, reserved 1048576K
Event: 3.613 GC heap after
Heap after GC invocations=5 (full 1):
 PSYoungGen      total 51712K, used 1522K [0x00000000d5e00000, 0x00000000da200000, 0x0000000100000000)
  eden space 46592K, 0% used [0x00000000d5e00000,0x00000000d5e00000,0x00000000d8b80000)
  from space 5120K, 29% used [0x00000000d9080000,0x00000000d91fca78,0x00000000d9580000)
  to   space 5120K, 0% used [0x00000000d8b80000,0x00000000d8b80000,0x00000000d9080000)
 ParOldGen       total 73728K, used 9664K [0x0000000081a00000, 0x0000000086200000, 0x00000000d5e00000)
  object space 73728K, 13% used [0x0000000081a00000,0x0000000082370018,0x0000000086200000)
 Metaspace       used 22642K, capacity 23602K, committed 23936K, reserved 1069056K
  class space    used 3158K, capacity 3408K, committed 3456K, reserved 1048576K
}
Event: 3.628 GC heap before
{Heap before GC invocations=6 (full 1):
 PSYoungGen      total 51712K, used 47997K [0x00000000d5e00000, 0x00000000da200000, 0x0000000100000000)
  eden space 46592K, 99% used [0x00000000d5e00000,0x00000000d8b62c20,0x00000000d8b80000)
  from space 5120K, 29% used [0x00000000d9080000,0x00000000d91fca78,0x00000000d9580000)
  to   space 5120K, 0% used [0x00000000d8b80000,0x00000000d8b80000,0x00000000d9080000)
 ParOldGen       total 73728K, used 9664K [0x0000000081a00000, 0x0000000086200000, 0x00000000d5e00000)
  object space 73728K, 13% used [0x0000000081a00000,0x0000000082370018,0x0000000086200000)
 Metaspace       used 22642K, capacity 23602K, committed 23936K, reserved 1069056K
  class space    used 3158K, capacity 3408K, committed 3456K, reserved 1048576K
Event: 3.630 GC heap after
Heap after GC invocations=6 (full 1):
 PSYoungGen      total 51712K, used 1569K [0x00000000d5e00000, 0x00000000dcb80000, 0x0000000100000000)
  eden space 46592K, 0% used [0x00000000d5e00000,0x00000000d5e00000,0x00000000d8b80000)
  from space 5120K, 30% used [0x00000000d8b80000,0x00000000d8d08768,0x00000000d9080000)
  to   space 12800K, 0% used [0x00000000dbf00000,0x00000000dbf00000,0x00000000dcb80000)
 ParOldGen       total 73728K, used 9664K [0x0000000081a00000, 0x0000000086200000, 0x00000000d5e00000)
  object space 73728K, 13% used [0x0000000081a00000,0x0000000082370018,0x0000000086200000)
 Metaspace       used 22642K, capacity 23602K, committed 23936K, reserved 1069056K
  class space    used 3158K, capacity 3408K, committed 3456K, reserved 1048576K
}
Event: 3.641 GC heap before
{Heap before GC invocations=7 (full 1):
 PSYoungGen      total 51712K, used 48056K [0x00000000d5e00000, 0x00000000dcb80000, 0x0000000100000000)
  eden space 46592K, 99% used [0x00000000d5e00000,0x00000000d8b65a28,0x00000000d8b80000)
  from space 5120K, 30% used [0x00000000d8b80000,0x00000000d8d08768,0x00000000d9080000)
  to   space 12800K, 0% used [0x00000000dbf00000,0x00000000dbf00000,0x00000000dcb80000)
 ParOldGen       total 73728K, used 9664K [0x0000000081a00000, 0x0000000086200000, 0x00000000d5e00000)
  object space 73728K, 13% used [0x0000000081a00000,0x0000000082370018,0x0000000086200000)
 Metaspace       used 22642K, capacity 23602K, committed 23936K, reserved 1069056K
  class space    used 3158K, capacity 3408K, committed 3456K, reserved 1048576K
Event: 3.643 GC heap after
Heap after GC invocations=7 (full 1):
 PSYoungGen      total 99840K, used 1626K [0x00000000d5e00000, 0x00000000dcc00000, 0x0000000100000000)
  eden space 87040K, 0% used [0x00000000d5e00000,0x00000000d5e00000,0x00000000db300000)
  from space 12800K, 12% used [0x00000000dbf00000,0x00000000dc096af8,0x00000000dcb80000)
  to   space 12288K, 0% used [0x00000000db300000,0x00000000db300000,0x00000000dbf00000)
 ParOldGen       total 73728K, used 9664K [0x0000000081a00000, 0x0000000086200000, 0x00000000d5e00000)
  object space 73728K, 13% used [0x0000000081a00000,0x0000000082370018,0x0000000086200000)
 Metaspace       used 22642K, capacity 23602K, committed 23936K, reserved 1069056K
  class space    used 3158K, capacity 3408K, committed 3456K, reserved 1048576K
}
Event: 3.670 GC heap before
{Heap before GC invocations=8 (full 1):
 PSYoungGen      total 99840K, used 88500K [0x00000000d5e00000, 0x00000000dcc00000, 0x0000000100000000)
  eden space 87040K, 99% used [0x00000000d5e00000,0x00000000db2d6718,0x00000000db300000)
  from space 12800K, 12% used [0x00000000dbf00000,0x00000000dc096af8,0x00000000dcb80000)
  to   space 12288K, 0% used [0x00000000db300000,0x00000000db300000,0x00000000dbf00000)
 ParOldGen       total 73728K, used 9664K [0x0000000081a00000, 0x0000000086200000, 0x00000000d5e00000)
  object space 73728K, 13% used [0x0000000081a00000,0x0000000082370018,0x0000000086200000)
 Metaspace       used 22643K, capacity 23602K, committed 23936K, reserved 1069056K
  class space    used 3158K, capacity 3408K, committed 3456K, reserved 1048576K
Event: 3.673 GC heap after
Heap after GC invocations=8 (full 1):
 PSYoungGen      total 99328K, used 1582K [0x00000000d5e00000, 0x00000000e1580000, 0x0000000100000000)
  eden space 87040K, 0% used [0x00000000d5e00000,0x00000000d5e00000,0x00000000db300000)
  from space 12288K, 12% used [0x00000000db300000,0x00000000db48b8e8,0x00000000dbf00000)
  to   space 11776K, 0% used [0x00000000e0a00000,0x00000000e0a00000,0x00000000e1580000)
 ParOldGen       total 73728K, used 9664K [0x0000000081a00000, 0x0000000086200000, 0x00000000d5e00000)
  object space 73728K, 13% used [0x0000000081a00000,0x0000000082370018,0x0000000086200000)
 Metaspace       used 22643K, capacity 23602K, committed 23936K, reserved 1069056K
  class space    used 3158K, capacity 3408K, committed 3456K, reserved 1048576K
}
Event: 8.071 GC heap before
{Heap before GC invocations=9 (full 1):
 PSYoungGen      total 99328K, used 88622K [0x00000000d5e00000, 0x00000000e1580000, 0x0000000100000000)
  eden space 87040K, 100% used [0x00000000d5e00000,0x00000000db300000,0x00000000db300000)
  from space 12288K, 12% used [0x00000000db300000,0x00000000db48b8e8,0x00000000dbf00000)
  to   space 11776K, 0% used [0x00000000e0a00000,0x00000000e0a00000,0x00000000e1580000)
 ParOldGen       total 73728K, used 9664K [0x0000000081a00000, 0x0000000086200000, 0x00000000d5e00000)
  object space 73728K, 13% used [0x0000000081a00000,0x0000000082370018,0x0000000086200000)
 Metaspace       used 24802K, capacity 25924K, committed 25984K, reserved 1071104K
  class space    used 3398K, capacity 3671K, committed 3712K, reserved 1048576K
Event: 8.079 GC heap after
Heap after GC invocations=9 (full 1):
 PSYoungGen      total 173056K, used 8715K [0x00000000d5e00000, 0x00000000e1500000, 0x0000000100000000)
  eden space 161792K, 0% used [0x00000000d5e00000,0x00000000d5e00000,0x00000000dfc00000)
  from space 11264K, 77% used [0x00000000e0a00000,0x00000000e1282c18,0x00000000e1500000)
  to   space 12800K, 0% used [0x00000000dfc00000,0x00000000dfc00000,0x00000000e0880000)
 ParOldGen       total 73728K, used 10940K [0x0000000081a00000, 0x0000000086200000, 0x00000000d5e00000)
  object space 73728K, 14% used [0x0000000081a00000,0x00000000824af010,0x0000000086200000)
 Metaspace       used 24802K, capacity 25924K, committed 25984K, reserved 1071104K
  class space    used 3398K, capacity 3671K, committed 3712K, reserved 1048576K
}

Deoptimization events (10 events):
Event: 7.115 Thread 0x0000000019ad1800 Uncommon trap: reason=unstable_if action=reinterpret pc=0x0000000002f32fb8 method=java.lang.AbstractStringBuilder.append(Ljava/lang/String;)Ljava/lang/AbstractStringBuilder; @ 1
Event: 7.177 Thread 0x0000000019e29800 Uncommon trap: reason=unstable_if action=reinterpret pc=0x00000000032db1f8 method=java.io.ByteArrayInputStream.read([BII)I @ 70
Event: 7.245 Thread 0x0000000019e29800 Uncommon trap: reason=unstable_if action=reinterpret pc=0x00000000034f8748 method=com.sun.crypto.provider.GaloisCounterMode.increment32([B)V @ 39
Event: 7.437 Thread 0x0000000019e26800 Uncommon trap: reason=bimorphic action=maybe_recompile pc=0x00000000032b2058 method=java.util.HashMap.putVal(ILjava/lang/Object;Ljava/lang/Object;ZZ)Ljava/lang/Object; @ 203
Event: 7.478 Thread 0x0000000023ff0800 Uncommon trap: reason=class_check action=maybe_recompile pc=0x0000000003535040 method=java.lang.AbstractStringBuilder.append(Ljava/lang/CharSequence;)Ljava/lang/AbstractStringBuilder; @ 10
Event: 7.479 Thread 0x0000000023ff0800 Uncommon trap: reason=class_check action=maybe_recompile pc=0x0000000003095a6c method=java.io.FilterInputStream.read()I @ 4
Event: 7.479 Thread 0x0000000023ff0800 Uncommon trap: reason=class_check action=maybe_recompile pc=0x0000000003095a6c method=java.io.FilterInputStream.read()I @ 4
Event: 7.642 Thread 0x0000000019ad1800 Uncommon trap: reason=bimorphic action=maybe_recompile pc=0x00000000032b2058 method=java.util.HashMap.putVal(ILjava/lang/Object;Ljava/lang/Object;ZZ)Ljava/lang/Object; @ 203
Event: 7.642 Thread 0x0000000019ad1800 Uncommon trap: reason=bimorphic action=maybe_recompile pc=0x00000000032b2058 method=java.util.HashMap.putVal(ILjava/lang/Object;Ljava/lang/Object;ZZ)Ljava/lang/Object; @ 203
Event: 7.642 Thread 0x0000000019ad1800 Uncommon trap: reason=bimorphic action=maybe_recompile pc=0x00000000032b2058 method=java.util.HashMap.putVal(ILjava/lang/Object;Ljava/lang/Object;ZZ)Ljava/lang/Object; @ 203

Internal exceptions (10 events):
Event: 7.515 Thread 0x0000000019ad1800 Exception <a 'java/lang/ClassNotFoundException': sun/net/www/protocol/about/Handler> (0x00000000d8dd64c8) thrown at [C:\re\workspace\8-2-build-windows-amd64-cygwin\jdk8u101\7261\hotspot\src\share\vm\classfile\systemDictionary.cpp, line 210]
Event: 7.516 Thread 0x0000000019ad1800 Exception <a 'java/lang/ClassNotFoundException': sun/net/www/protocol/about/Handler> (0x00000000d8dd8f38) thrown at [C:\re\workspace\8-2-build-windows-amd64-cygwin\jdk8u101\7261\hotspot\src\share\vm\classfile\systemDictionary.cpp, line 210]
Event: 7.520 Thread 0x0000000019ad1800 Exception <a 'java/lang/ClassNotFoundException': sun/net/www/protocol/about/Handler> (0x00000000d8dde7f8) thrown at [C:\re\workspace\8-2-build-windows-amd64-cygwin\jdk8u101\7261\hotspot\src\share\vm\classfile\systemDictionary.cpp, line 210]
Event: 7.545 Thread 0x0000000019ad1800 Exception <a 'java/lang/ClassNotFoundException': sun/net/www/protocol/about/Handler> (0x00000000d8df0448) thrown at [C:\re\workspace\8-2-build-windows-amd64-cygwin\jdk8u101\7261\hotspot\src\share\vm\classfile\systemDictionary.cpp, line 210]
Event: 7.669 Thread 0x0000000019ad1800 Exception <a 'java/io/FileNotFoundException'> (0x00000000da3ccf38) thrown at [C:\re\workspace\8-2-build-windows-amd64-cygwin\jdk8u101\7261\hotspot\src\share\vm\prims\jni.cpp, line 709]
Event: 7.669 Thread 0x0000000019ad1800 Exception <a 'java/io/FileNotFoundException'> (0x00000000da3ce058) thrown at [C:\re\workspace\8-2-build-windows-amd64-cygwin\jdk8u101\7261\hotspot\src\share\vm\prims\jni.cpp, line 709]
Event: 7.669 Thread 0x0000000019ad1800 Exception <a 'java/io/FileNotFoundException'> (0x00000000da3d39a8) thrown at [C:\re\workspace\8-2-build-windows-amd64-cygwin\jdk8u101\7261\hotspot\src\share\vm\prims\jni.cpp, line 709]
Event: 7.669 Thread 0x0000000019ad1800 Exception <a 'java/io/FileNotFoundException'> (0x00000000da3d4a38) thrown at [C:\re\workspace\8-2-build-windows-amd64-cygwin\jdk8u101\7261\hotspot\src\share\vm\prims\jni.cpp, line 709]
Event: 7.714 Thread 0x0000000023ff2800 Exception <a 'sun/nio/fs/WindowsException'> (0x00000000da5f18f8) thrown at [C:\re\workspace\8-2-build-windows-amd64-cygwin\jdk8u101\7261\hotspot\src\share\vm\prims\jni.cpp, line 709]
Event: 8.062 Thread 0x0000000019ad1800 Exception <a 'java/lang/ClassNotFoundException': sun/net/www/protocol/about/Handler> (0x00000000dabc4878) thrown at [C:\re\workspace\8-2-build-windows-amd64-cygwin\jdk8u101\7261\hotspot\src\share\vm\classfile\systemDictionary.cpp, line 210]

Events (10 events):
Event: 8.089 Executing VM operation: RevokeBias
Event: 8.090 Executing VM operation: RevokeBias done
Event: 8.093 Thread 0x000000001787d000 flushing nmethod 0x0000000002f65810
Event: 8.093 Thread 0x000000001787d000 flushing nmethod 0x0000000002f75b10
Event: 8.093 Thread 0x000000001787d000 flushing nmethod 0x0000000002f7e290
Event: 8.093 Thread 0x000000001787d000 flushing nmethod 0x0000000002f8b210
Event: 8.096 Thread 0x000000001787d000 flushing nmethod 0x0000000003067310
Event: 8.097 Thread 0x000000001787d000 flushing nmethod 0x0000000003095190
Event: 8.097 Thread 0x000000001787d000 flushing nmethod 0x00000000030a9650
Event: 8.098 Thread 0x000000001787d000 flushing nmethod 0x0000000003153b10


Dynamic libraries:
0x00007ff7b9b80000 - 0x00007ff7b9bb7000 	C:\Program Files\Java\jdk1.8.0_101\jre\bin\java.exe
0x00007ff9d1960000 - 0x00007ff9d1b3b000 	C:\WINDOWS\SYSTEM32\ntdll.dll
0x00007ff9d0e10000 - 0x00007ff9d0ebe000 	C:\WINDOWS\System32\KERNEL32.DLL
0x00007ff9cdf90000 - 0x00007ff9ce1d9000 	C:\WINDOWS\System32\KERNELBASE.dll
0x00007ff9d0330000 - 0x00007ff9d03d1000 	C:\WINDOWS\System32\ADVAPI32.dll
0x00007ff9d1770000 - 0x00007ff9d180d000 	C:\WINDOWS\System32\msvcrt.dll
0x00007ff9d13e0000 - 0x00007ff9d1439000 	C:\WINDOWS\System32\sechost.dll
0x00007ff9d1590000 - 0x00007ff9d16b5000 	C:\WINDOWS\System32\RPCRT4.dll
0x00007ff9d1810000 - 0x00007ff9d195a000 	C:\WINDOWS\System32\USER32.dll
0x00007ff9ce1e0000 - 0x00007ff9ce1fe000 	C:\WINDOWS\System32\win32u.dll
0x00007ff9ceec0000 - 0x00007ff9ceee7000 	C:\WINDOWS\System32\GDI32.dll
0x00007ff9ce520000 - 0x00007ff9ce6a8000 	C:\WINDOWS\System32\gdi32full.dll
0x00007ff9ce6b0000 - 0x00007ff9ce74a000 	C:\WINDOWS\System32\msvcp_win.dll
0x00007ff9ce3d0000 - 0x00007ff9ce4c6000 	C:\WINDOWS\System32\ucrtbase.dll
0x00007ff9c0450000 - 0x00007ff9c06b7000 	C:\WINDOWS\WinSxS\amd64_microsoft.windows.common-controls_6595b64144ccf1df_6.0.15063.483_none_26002d27e7c744a2\COMCTL32.dll
0x00007ff9d0470000 - 0x00007ff9d0769000 	C:\WINDOWS\System32\combase.dll
0x00007ff9ce750000 - 0x00007ff9ce7ba000 	C:\WINDOWS\System32\bcryptPrimitives.dll
0x00007ff9d0440000 - 0x00007ff9d046d000 	C:\WINDOWS\System32\IMM32.DLL
0x0000000076970000 - 0x0000000076a42000 	C:\Program Files\Java\jdk1.8.0_101\jre\bin\msvcr100.dll
0x0000000073370000 - 0x0000000073c0a000 	C:\Program Files\Java\jdk1.8.0_101\jre\bin\server\jvm.dll
0x00007ff9d07d0000 - 0x00007ff9d07d8000 	C:\WINDOWS\System32\PSAPI.DLL
0x00007ff9c5340000 - 0x00007ff9c5363000 	C:\WINDOWS\SYSTEM32\WINMM.dll
0x00007ff9c9dc0000 - 0x00007ff9c9dc9000 	C:\WINDOWS\SYSTEM32\WSOCK32.dll
0x00007ff9c5330000 - 0x00007ff9c533a000 	C:\WINDOWS\SYSTEM32\VERSION.dll
0x00007ff9d1310000 - 0x00007ff9d137c000 	C:\WINDOWS\System32\WS2_32.dll
0x00007ff9c5300000 - 0x00007ff9c532b000 	C:\WINDOWS\SYSTEM32\winmmbase.dll
0x00007ff9ce4d0000 - 0x00007ff9ce519000 	C:\WINDOWS\System32\cfgmgr32.dll
0x0000000076920000 - 0x000000007692f000 	C:\Program Files\Java\jdk1.8.0_101\jre\bin\verify.dll
0x00000000768f0000 - 0x0000000076919000 	C:\Program Files\Java\jdk1.8.0_101\jre\bin\java.dll
0x0000000074e50000 - 0x0000000074e85000 	C:\Program Files\Java\jdk1.8.0_101\jre\bin\jdwp.dll
0x0000000074e40000 - 0x0000000074e48000 	C:\Program Files\Java\jdk1.8.0_101\jre\bin\npt.dll
0x00000000768d0000 - 0x00000000768e6000 	C:\Program Files\Java\jdk1.8.0_101\jre\bin\zip.dll
0x00007ff9ceef0000 - 0x00007ff9d0327000 	C:\WINDOWS\System32\SHELL32.dll
0x00007ff9d16c0000 - 0x00007ff9d176a000 	C:\WINDOWS\System32\shcore.dll
0x00007ff9ce7c0000 - 0x00007ff9ceeb2000 	C:\WINDOWS\System32\windows.storage.dll
0x00007ff9d0770000 - 0x00007ff9d07c1000 	C:\WINDOWS\System32\shlwapi.dll
0x00007ff9cddd0000 - 0x00007ff9cdde1000 	C:\WINDOWS\System32\kernel.appcore.dll
0x00007ff9cde30000 - 0x00007ff9cde7c000 	C:\WINDOWS\System32\powrprof.dll
0x00007ff9cde10000 - 0x00007ff9cde25000 	C:\WINDOWS\System32\profapi.dll
0x0000000074c10000 - 0x0000000074c19000 	C:\Program Files\Java\jdk1.8.0_101\jre\bin\dt_socket.dll
0x00007ff9cd6e0000 - 0x00007ff9cd73c000 	C:\WINDOWS\system32\mswsock.dll
0x00007ff99c860000 - 0x00007ff99c94f000 	C:\Program Files\Java\jdk1.8.0_101\jre\bin\msvcr120.dll
0x00007ff99db10000 - 0x00007ff99dbb6000 	C:\Program Files\Java\jdk1.8.0_101\jre\bin\msvcp120.dll
0x0000000074be0000 - 0x0000000074c02000 	C:\Program Files\Java\jdk1.8.0_101\jre\bin\prism_d3d.dll
0x00007ff98ac30000 - 0x00007ff98adb9000 	C:\WINDOWS\system32\d3d9.dll
0x00007ff9c3910000 - 0x00007ff9c393a000 	C:\WINDOWS\SYSTEM32\dwmapi.dll
0x00007ff9cc4e0000 - 0x00007ff9cc575000 	C:\WINDOWS\system32\uxtheme.dll
0x00007ff967a00000 - 0x00007ff969f3d000 	C:\WINDOWS\SYSTEM32\igdumdim64.dll
0x00007ff9d1060000 - 0x00007ff9d1120000 	C:\WINDOWS\System32\OLEAUT32.dll
0x00007ff9d1440000 - 0x00007ff9d1585000 	C:\WINDOWS\System32\ole32.dll
0x00007ff9d09d0000 - 0x00007ff9d0e0b000 	C:\WINDOWS\System32\SETUPAPI.dll
0x0000000074b90000 - 0x0000000074bd3000 	C:\Program Files\Java\jdk1.8.0_101\jre\bin\glass.dll
0x00007ff9d0800000 - 0x00007ff9d0908000 	C:\WINDOWS\System32\COMDLG32.dll
0x00007ff9d11a0000 - 0x00007ff9d1306000 	C:\WINDOWS\System32\MSCTF.dll
0x00007ff9bc750000 - 0x00007ff9bc7f1000 	C:\Program Files\Common Files\microsoft shared\ink\tiptsf.dll
0x00007ff9ba370000 - 0x00007ff9bb1e3000 	C:\WINDOWS\SYSTEM32\igc64.dll
0x0000000070de0000 - 0x0000000073370000 	C:\Program Files\Java\jdk1.8.0_101\jre\bin\jfxwebkit.dll
0x00007ff9cd880000 - 0x00007ff9cd897000 	C:\WINDOWS\SYSTEM32\CRYPTSP.dll
0x00007ff9cd300000 - 0x00007ff9cd334000 	C:\WINDOWS\system32\rsaenh.dll
0x00007ff9cd990000 - 0x00007ff9cd9b5000 	C:\WINDOWS\SYSTEM32\bcrypt.dll
0x00007ff9cd8a0000 - 0x00007ff9cd8ab000 	C:\WINDOWS\SYSTEM32\CRYPTBASE.dll
0x0000000074b70000 - 0x0000000074b84000 	C:\Program Files\Java\jdk1.8.0_101\jre\bin\javafx_font.dll
0x00007ff9bcd00000 - 0x00007ff9bcfbf000 	C:\WINDOWS\SYSTEM32\dwrite.dll
0x0000000074b40000 - 0x0000000074b63000 	C:\Program Files\Java\jdk1.8.0_101\jre\bin\javafx_iio.dll
0x00007ff9d0910000 - 0x00007ff9d09ae000 	C:\WINDOWS\System32\clbcatq.dll
0x00007ff9bf7f0000 - 0x00007ff9bf99c000 	C:\WINDOWS\SYSTEM32\WindowsCodecs.dll
0x00007ff9b7330000 - 0x00007ff9b7377000 	C:\WINDOWS\system32\dataexchange.dll
0x00007ff9cafb0000 - 0x00007ff9cb28f000 	C:\WINDOWS\system32\d3d11.dll
0x00007ff9cbd70000 - 0x00007ff9cbe92000 	C:\WINDOWS\system32\dcomp.dll
0x00007ff9ccc40000 - 0x00007ff9ccce4000 	C:\WINDOWS\system32\dxgi.dll
0x00007ff9cc6c0000 - 0x00007ff9cc830000 	C:\WINDOWS\system32\twinapi.appcore.dll
0x00007ff9a9480000 - 0x00007ff9a94b1000 	C:\Program Files\Common Files\Microsoft Shared\Ink\rtscom.dll
0x00007ff9c8fe0000 - 0x00007ff9c9062000 	C:\WINDOWS\System32\TextInputFramework.dll
0x00007ff9c2b40000 - 0x00007ff9c2e12000 	C:\WINDOWS\System32\CoreUIComponents.dll
0x00007ff9cbc80000 - 0x00007ff9cbd63000 	C:\WINDOWS\System32\CoreMessaging.dll
0x00007ff9cd130000 - 0x00007ff9cd161000 	C:\WINDOWS\SYSTEM32\ntmarta.dll
0x00007ff9ca1d0000 - 0x00007ff9ca1e5000 	C:\WINDOWS\SYSTEM32\usermgrcli.dll
0x00007ff9ca1f0000 - 0x00007ff9ca329000 	C:\WINDOWS\SYSTEM32\wintypes.dll
0x00007ff9b7720000 - 0x00007ff9b78e5000 	C:\Windows\System32\uiautomationcore.dll
0x00007ff9cdc30000 - 0x00007ff9cdcca000 	C:\WINDOWS\SYSTEM32\sxs.dll
0x00007ff9c0af0000 - 0x00007ff9c0b5b000 	C:\WINDOWS\SYSTEM32\OLEACC.dll
0x0000000074b20000 - 0x0000000074b31000 	C:\Program Files\Java\jdk1.8.0_101\jre\bin\prism_common.dll
0x0000000074af0000 - 0x0000000074b14000 	C:\Program Files\Java\jdk1.8.0_101\jre\bin\sunec.dll
0x00007ff9cdcd0000 - 0x00007ff9cdcf9000 	C:\WINDOWS\SYSTEM32\USERENV.dll
0x00000000768b0000 - 0x00000000768ca000 	C:\Program Files\Java\jdk1.8.0_101\jre\bin\net.dll
0x00007ff9cd480000 - 0x00007ff9cd4b7000 	C:\WINDOWS\SYSTEM32\IPHLPAPI.DLL
0x00007ff9d07f0000 - 0x00007ff9d07f8000 	C:\WINDOWS\System32\NSI.dll
0x00007ff9c6af0000 - 0x00007ff9c6b06000 	C:\WINDOWS\SYSTEM32\dhcpcsvc6.DLL
0x00007ff9c6ad0000 - 0x00007ff9c6aea000 	C:\WINDOWS\SYSTEM32\dhcpcsvc.DLL
0x0000000076890000 - 0x00000000768a1000 	C:\Program Files\Java\jdk1.8.0_101\jre\bin\nio.dll
0x0000000074ae0000 - 0x0000000074aeb000 	C:\Program Files\Java\jdk1.8.0_101\jre\bin\sunmscapi.dll
0x00007ff9ce200000 - 0x00007ff9ce3c9000 	C:\WINDOWS\System32\CRYPT32.dll
0x00007ff9cddf0000 - 0x00007ff9cde01000 	C:\WINDOWS\System32\MSASN1.dll
0x00007ff9c8f50000 - 0x00007ff9c8f66000 	C:\WINDOWS\system32\napinsp.dll
0x00007ff9c8f30000 - 0x00007ff9c8f4a000 	C:\WINDOWS\system32\pnrpnsp.dll
0x00007ff9cadd0000 - 0x00007ff9cade8000 	C:\WINDOWS\system32\NLAapi.dll
0x00007ff9cd4c0000 - 0x00007ff9cd564000 	C:\WINDOWS\SYSTEM32\DNSAPI.dll
0x00007ff9c8f20000 - 0x00007ff9c8f2e000 	C:\WINDOWS\System32\winrnr.dll
0x00007ff9c3420000 - 0x00007ff9c342a000 	C:\Windows\System32\rasadhlp.dll
0x00007ff9c6d10000 - 0x00007ff9c6d7b000 	C:\WINDOWS\System32\fwpuclnt.dll
0x00007ff9c9af0000 - 0x00007ff9c9c99000 	C:\WINDOWS\SYSTEM32\dbghelp.dll

VM Arguments:
jvm_args: -Xdebug -Xrunjdwp:transport=dt_socket,server=n,address=62762 -Dglass.disableGrab=true 
java_command: D:\Netbeans\CheeChoo\target/CheeChoo-1.0-SNAPSHOT.jar
java_class_path (initial): D:\Netbeans\CheeChoo\target/CheeChoo-1.0-SNAPSHOT.jar
Launcher Type: SUN_STANDARD

Environment Variables:
JAVA_HOME=C:\Program Files\Java\jdk1.8.0_101
PATH=C:\ProgramData\Oracle\Java\javapath;C:\WINDOWS\system32;C:\WINDOWS;C:\WINDOWS\System32\Wbem;C:\WINDOWS\System32\WindowsPowerShell\v1.0\;C:\Program Files\Microsoft SQL Server\120\Tools\Binn\;C:\Program Files\Microsoft SQL Server\130\Tools\Binn\;C:\Program Files\Microsoft\Web Platform Installer\;C:\Program Files (x86)\Microsoft SQL Server\110\DTS\Binn\;C:\Program Files (x86)\Microsoft SQL Server\120\DTS\Binn\;C:\Program Files (x86)\Microsoft SQL Server\130\DTS\Binn\;C:\Program Files\Microsoft SQL Server\Client SDK\ODBC\130\Tools\Binn\;C:\Program Files (x86)\Microsoft SQL Server\130\Tools\Binn\;C:\Program Files\Microsoft SQL Server\130\DTS\Binn\;C:\Program Files (x86)\Microsoft Emulator Manager\1.0\;C:\Program Files (x86)\Microsoft SQL Server\Client SDK\ODBC\130\Tools\Binn\;C:\Program Files (x86)\Microsoft SQL Server\130\Tools\Binn\ManagementStudio\;C:\Program Files\Intel\WiFi\bin\;C:\Program Files\Common Files\Intel\WirelessCommon\;C:\Program Files (x86)\Heroku\bin;C:\Program Files (x86)\git\cmd;C:\ProgramData\chocolatey\bin;C:\Program Files\Git\cmd;C:\Program Files\MySQL\MySQL Utilities 1.6\;C:\Program Files\Java\jdk1.8.0_101\bin;C:\Program Files\dotnet\;C:\Program Files\nodejs\;C:\Program Files (x86)\Yarn\bin;C:\Anaconda3;C:\Anaconda3\Scripts;C:\Anaconda3\Library\bin;C:\Ruby22-x64\bin;C:\Users\Loh Jing Yen\AppData\Local\Microsoft\WindowsApps;C:\Program Files\Intel\WiFi\bin\;C:\Program Files\Common Files\Intel\WirelessCommon\;C:\Program Files (x86)\Microsoft VS Code\bin;C:\Users\Loh Jing Yen\AppData\Local\Microsoft\WindowsApps;C:\Users\Loh Jing Yen\AppData\Roaming\npm;C:\Users\Loh Jing Yen\AppData\Local\Yarn\bin;C:\Program Files\MongoDB\Server\3.4\bin;C:\tools\neovim\Neovim\bin;
USERNAME=Loh Jing Yen
OS=Windows_NT
PROCESSOR_IDENTIFIER=Intel64 Family 6 Model 78 Stepping 3, GenuineIntel



---------------  S Y S T E M  ---------------

OS: Windows 10.0 , 64 bit Build 15063 (10.0.15063.296)

CPU:total 4 (2 cores per cpu, 2 threads per core) family 6 model 78 stepping 3, cmov, cx8, fxsr, mmx, sse, sse2, sse3, ssse3, sse4.1, sse4.2, popcnt, avx, avx2, aes, clmul, erms, 3dnowpref, lzcnt, ht, tsc, tscinvbit, bmi1, bmi2, adx

Memory: 4k page, physical 8280512k(2158124k free), swap 12736960k(2518152k free)

vm_info: Java HotSpot(TM) 64-Bit Server VM (25.101-b13) for windows-amd64 JRE (1.8.0_101-b13), built on Jun 22 2016 01:21:29 by "java_re" with MS VC++ 10.0 (VS2010)

time: Sat Jul 22 13:56:52 2017
elapsed time: 8 seconds (0d 0h 0m 8s)

